[2023-08-30T08:20:42.498+0000] {taskinstance.py:1103} INFO - Dependencies all met for dep_context=non-requeueable deps ti=<TaskInstance: process_sale_data.insert_result manual__2023-08-30T08:20:37.704790+00:00 [queued]>
[2023-08-30T08:20:42.507+0000] {taskinstance.py:1103} INFO - Dependencies all met for dep_context=requeueable deps ti=<TaskInstance: process_sale_data.insert_result manual__2023-08-30T08:20:37.704790+00:00 [queued]>
[2023-08-30T08:20:42.507+0000] {taskinstance.py:1308} INFO - Starting attempt 1 of 1
[2023-08-30T08:20:42.520+0000] {taskinstance.py:1327} INFO - Executing <Task(PythonOperator): insert_result> on 2023-08-30 08:20:37.704790+00:00
[2023-08-30T08:20:42.523+0000] {standard_task_runner.py:57} INFO - Started process 179 to run task
[2023-08-30T08:20:42.526+0000] {standard_task_runner.py:84} INFO - Running: ['***', 'tasks', 'run', 'process_sale_data', 'insert_result', 'manual__2023-08-30T08:20:37.704790+00:00', '--job-id', '77', '--raw', '--subdir', 'DAGS_FOLDER/dags.py', '--cfg-path', '/tmp/tmpdjtix7qq']
[2023-08-30T08:20:42.528+0000] {standard_task_runner.py:85} INFO - Job 77: Subtask insert_result
[2023-08-30T08:20:42.579+0000] {task_command.py:410} INFO - Running <TaskInstance: process_sale_data.insert_result manual__2023-08-30T08:20:37.704790+00:00 [running]> on host 888526fa4a36
[2023-08-30T08:20:42.657+0000] {taskinstance.py:1547} INFO - Exporting env vars: AIRFLOW_CTX_DAG_OWNER='***' AIRFLOW_CTX_DAG_ID='process_sale_data' AIRFLOW_CTX_TASK_ID='insert_result' AIRFLOW_CTX_EXECUTION_DATE='2023-08-30T08:20:37.704790+00:00' AIRFLOW_CTX_TRY_NUMBER='1' AIRFLOW_CTX_DAG_RUN_ID='manual__2023-08-30T08:20:37.704790+00:00'
[2023-08-30T08:20:42.725+0000] {base.py:73} INFO - Using connection ID 'postgres' for task execution.
[2023-08-30T08:20:42.908+0000] {taskinstance.py:1824} ERROR - Task failed with exception
Traceback (most recent call last):
  File "/home/airflow/.local/lib/python3.7/site-packages/airflow/operators/python.py", line 181, in execute
    return_value = self.execute_callable()
  File "/home/airflow/.local/lib/python3.7/site-packages/airflow/operators/python.py", line 198, in execute_callable
    return self.python_callable(*self.op_args, **self.op_kwargs)
  File "/opt/airflow/dags/py_callables.py", line 58, in insert_result
    pg_hook.copy_export("COPY {alcoholic_tbl_name} FROM '{alcoholic_file_name} DELIMITER ',' CSV HEADER;"
AttributeError: 'PostgresHook' object has no attribute 'copy_export'
[2023-08-30T08:20:42.921+0000] {taskinstance.py:1350} INFO - Marking task as FAILED. dag_id=process_sale_data, task_id=insert_result, execution_date=20230830T082037, start_date=20230830T082042, end_date=20230830T082042
[2023-08-30T08:20:42.931+0000] {standard_task_runner.py:109} ERROR - Failed to execute job 77 for task insert_result ('PostgresHook' object has no attribute 'copy_export'; 179)
[2023-08-30T08:20:42.939+0000] {local_task_job_runner.py:225} INFO - Task exited with return code 1
[2023-08-30T08:20:42.955+0000] {taskinstance.py:2653} INFO - 0 downstream tasks scheduled from follow-on schedule check
