[2023-08-29T07:26:24.753+0000] {taskinstance.py:1103} INFO - Dependencies all met for dep_context=non-requeueable deps ti=<TaskInstance: process_sale_data.mark_task_fail manual__2023-08-29T07:11:19.048077+00:00 [queued]>
[2023-08-29T07:26:24.766+0000] {taskinstance.py:1103} INFO - Dependencies all met for dep_context=requeueable deps ti=<TaskInstance: process_sale_data.mark_task_fail manual__2023-08-29T07:11:19.048077+00:00 [queued]>
[2023-08-29T07:26:24.767+0000] {taskinstance.py:1308} INFO - Starting attempt 1 of 1
[2023-08-29T07:26:24.780+0000] {taskinstance.py:1327} INFO - Executing <Task(PythonOperator): mark_task_fail> on 2023-08-29 07:11:19.048077+00:00
[2023-08-29T07:26:24.785+0000] {standard_task_runner.py:57} INFO - Started process 905 to run task
[2023-08-29T07:26:24.787+0000] {standard_task_runner.py:84} INFO - Running: ['***', 'tasks', 'run', 'process_sale_data', 'mark_task_fail', 'manual__2023-08-29T07:11:19.048077+00:00', '--job-id', '15', '--raw', '--subdir', 'DAGS_FOLDER/dags.py', '--cfg-path', '/tmp/tmpdpb7qxg1']
[2023-08-29T07:26:24.789+0000] {standard_task_runner.py:85} INFO - Job 15: Subtask mark_task_fail
[2023-08-29T07:26:24.826+0000] {task_command.py:410} INFO - Running <TaskInstance: process_sale_data.mark_task_fail manual__2023-08-29T07:11:19.048077+00:00 [running]> on host 888526fa4a36
[2023-08-29T07:26:24.885+0000] {taskinstance.py:1547} INFO - Exporting env vars: AIRFLOW_CTX_DAG_OWNER='***' AIRFLOW_CTX_DAG_ID='process_sale_data' AIRFLOW_CTX_TASK_ID='mark_task_fail' AIRFLOW_CTX_EXECUTION_DATE='2023-08-29T07:11:19.048077+00:00' AIRFLOW_CTX_TRY_NUMBER='1' AIRFLOW_CTX_DAG_RUN_ID='manual__2023-08-29T07:11:19.048077+00:00'
[2023-08-29T07:26:24.886+0000] {taskinstance.py:1824} ERROR - Task failed with exception
Traceback (most recent call last):
  File "/home/airflow/.local/lib/python3.7/site-packages/airflow/operators/python.py", line 181, in execute
    return_value = self.execute_callable()
  File "/home/airflow/.local/lib/python3.7/site-packages/airflow/operators/python.py", line 198, in execute_callable
    return self.python_callable(*self.op_args, **self.op_kwargs)
  File "/opt/airflow/dags/py_callables.py", line 48, in mark_task_fail
    raise AirflowFailException("File not found")
airflow.exceptions.AirflowFailException: File not found
[2023-08-29T07:26:24.899+0000] {taskinstance.py:1350} INFO - Immediate failure requested. Marking task as FAILED. dag_id=process_sale_data, task_id=mark_task_fail, execution_date=20230829T071119, start_date=20230829T072624, end_date=20230829T072624
[2023-08-29T07:26:24.911+0000] {standard_task_runner.py:109} ERROR - Failed to execute job 15 for task mark_task_fail (File not found; 905)
[2023-08-29T07:26:24.919+0000] {local_task_job_runner.py:225} INFO - Task exited with return code 1
[2023-08-29T07:26:24.934+0000] {taskinstance.py:2653} INFO - 0 downstream tasks scheduled from follow-on schedule check
