[2023-08-31T03:51:43.725+0000] {taskinstance.py:1103} INFO - Dependencies all met for dep_context=non-requeueable deps ti=<TaskInstance: process_sale_data.log_info manual__2023-08-31T03:51:36.077851+00:00 [queued]>
[2023-08-31T03:51:43.733+0000] {taskinstance.py:1103} INFO - Dependencies all met for dep_context=requeueable deps ti=<TaskInstance: process_sale_data.log_info manual__2023-08-31T03:51:36.077851+00:00 [queued]>
[2023-08-31T03:51:43.734+0000] {taskinstance.py:1308} INFO - Starting attempt 1 of 1
[2023-08-31T03:51:43.748+0000] {taskinstance.py:1327} INFO - Executing <Task(PythonOperator): log_info> on 2023-08-31 03:51:36.077851+00:00
[2023-08-31T03:51:43.754+0000] {standard_task_runner.py:57} INFO - Started process 5607 to run task
[2023-08-31T03:51:43.756+0000] {standard_task_runner.py:84} INFO - Running: ['***', 'tasks', 'run', 'process_sale_data', 'log_info', 'manual__2023-08-31T03:51:36.077851+00:00', '--job-id', '161', '--raw', '--subdir', 'DAGS_FOLDER/dags.py', '--cfg-path', '/tmp/tmp_ty94a8o']
[2023-08-31T03:51:43.758+0000] {standard_task_runner.py:85} INFO - Job 161: Subtask log_info
[2023-08-31T03:51:43.800+0000] {task_command.py:410} INFO - Running <TaskInstance: process_sale_data.log_info manual__2023-08-31T03:51:36.077851+00:00 [running]> on host 888526fa4a36
[2023-08-31T03:51:43.876+0000] {taskinstance.py:1547} INFO - Exporting env vars: AIRFLOW_CTX_DAG_OWNER='***' AIRFLOW_CTX_DAG_ID='process_sale_data' AIRFLOW_CTX_TASK_ID='log_info' AIRFLOW_CTX_EXECUTION_DATE='2023-08-31T03:51:36.077851+00:00' AIRFLOW_CTX_TRY_NUMBER='1' AIRFLOW_CTX_DAG_RUN_ID='manual__2023-08-31T03:51:36.077851+00:00'
[2023-08-31T03:51:43.877+0000] {taskinstance.py:1824} ERROR - Task failed with exception
Traceback (most recent call last):
  File "/home/airflow/.local/lib/python3.7/site-packages/airflow/operators/python.py", line 181, in execute
    return_value = self.execute_callable()
  File "/home/airflow/.local/lib/python3.7/site-packages/airflow/operators/python.py", line 198, in execute_callable
    return self.python_callable(*self.op_args, **self.op_kwargs)
  File "/opt/airflow/dags/py_callables.py", line 89, in log_task_info
    total_duration = datetime.strptime(end_date, "%Y/%m/%d %H:%M:%S") - datetime.strptime(exec_date, "%Y/%m/%d %H:%M:%S")
AttributeError: module 'datetime' has no attribute 'strptime'
[2023-08-31T03:51:43.891+0000] {taskinstance.py:1350} INFO - Marking task as FAILED. dag_id=process_sale_data, task_id=log_info, execution_date=20230831T035136, start_date=20230831T035143, end_date=20230831T035143
[2023-08-31T03:51:44.049+0000] {standard_task_runner.py:109} ERROR - Failed to execute job 161 for task log_info (module 'datetime' has no attribute 'strptime'; 5607)
[2023-08-31T03:51:44.090+0000] {local_task_job_runner.py:225} INFO - Task exited with return code 1
[2023-08-31T03:51:44.107+0000] {taskinstance.py:2653} INFO - 0 downstream tasks scheduled from follow-on schedule check
