[2023-08-29T02:59:01.636+0000] {processor.py:157} INFO - Started process (PID=41) to work on /home/airflow/.local/lib/python3.7/site-packages/airflow/example_dags/example_params_ui_tutorial.py
[2023-08-29T02:59:01.637+0000] {processor.py:826} INFO - Processing file /home/airflow/.local/lib/python3.7/site-packages/airflow/example_dags/example_params_ui_tutorial.py for tasks to queue
[2023-08-29T02:59:01.638+0000] {logging_mixin.py:149} INFO - [2023-08-29T02:59:01.638+0000] {dagbag.py:541} INFO - Filling up the DagBag from /home/airflow/.local/lib/python3.7/site-packages/airflow/example_dags/example_params_ui_tutorial.py
[2023-08-29T02:59:01.790+0000] {processor.py:836} INFO - DAG(s) dict_keys(['example_params_ui_tutorial']) retrieved from /home/airflow/.local/lib/python3.7/site-packages/airflow/example_dags/example_params_ui_tutorial.py
[2023-08-29T02:59:02.110+0000] {logging_mixin.py:149} INFO - [2023-08-29T02:59:02.109+0000] {manager.py:504} INFO - Created Permission View: can edit on DAG:example_params_ui_tutorial
[2023-08-29T02:59:02.145+0000] {logging_mixin.py:149} INFO - [2023-08-29T02:59:02.144+0000] {manager.py:504} INFO - Created Permission View: can read on DAG:example_params_ui_tutorial
[2023-08-29T02:59:02.175+0000] {logging_mixin.py:149} INFO - [2023-08-29T02:59:02.174+0000] {manager.py:504} INFO - Created Permission View: can delete on DAG:example_params_ui_tutorial
[2023-08-29T02:59:02.221+0000] {logging_mixin.py:149} INFO - [2023-08-29T02:59:02.221+0000] {dag.py:2726} INFO - Sync 1 DAGs
[2023-08-29T02:59:02.253+0000] {logging_mixin.py:149} INFO - [2023-08-29T02:59:02.252+0000] {dag.py:2747} INFO - Creating ORM DAG for example_params_ui_tutorial
[2023-08-29T02:59:02.278+0000] {logging_mixin.py:149} INFO - [2023-08-29T02:59:02.278+0000] {dag.py:3490} INFO - Setting next_dagrun for example_params_ui_tutorial to None, run_after=None
[2023-08-29T02:59:02.342+0000] {processor.py:179} INFO - Processing /home/airflow/.local/lib/python3.7/site-packages/airflow/example_dags/example_params_ui_tutorial.py took 0.709 seconds
[2023-08-29T02:59:33.177+0000] {processor.py:157} INFO - Started process (PID=119) to work on /home/airflow/.local/lib/python3.7/site-packages/airflow/example_dags/example_params_ui_tutorial.py
[2023-08-29T02:59:33.179+0000] {processor.py:826} INFO - Processing file /home/airflow/.local/lib/python3.7/site-packages/airflow/example_dags/example_params_ui_tutorial.py for tasks to queue
[2023-08-29T02:59:33.180+0000] {logging_mixin.py:149} INFO - [2023-08-29T02:59:33.180+0000] {dagbag.py:541} INFO - Filling up the DagBag from /home/airflow/.local/lib/python3.7/site-packages/airflow/example_dags/example_params_ui_tutorial.py
[2023-08-29T02:59:33.215+0000] {processor.py:836} INFO - DAG(s) dict_keys(['example_params_ui_tutorial']) retrieved from /home/airflow/.local/lib/python3.7/site-packages/airflow/example_dags/example_params_ui_tutorial.py
[2023-08-29T02:59:33.273+0000] {logging_mixin.py:149} INFO - [2023-08-29T02:59:33.273+0000] {dag.py:2726} INFO - Sync 1 DAGs
[2023-08-29T02:59:33.293+0000] {logging_mixin.py:149} INFO - [2023-08-29T02:59:33.293+0000] {dag.py:3490} INFO - Setting next_dagrun for example_params_ui_tutorial to None, run_after=None
[2023-08-29T02:59:33.309+0000] {processor.py:179} INFO - Processing /home/airflow/.local/lib/python3.7/site-packages/airflow/example_dags/example_params_ui_tutorial.py took 0.135 seconds
[2023-08-29T04:07:06.520+0000] {processor.py:157} INFO - Started process (PID=33) to work on /home/airflow/.local/lib/python3.7/site-packages/airflow/example_dags/example_params_ui_tutorial.py
[2023-08-29T04:07:06.522+0000] {processor.py:826} INFO - Processing file /home/airflow/.local/lib/python3.7/site-packages/airflow/example_dags/example_params_ui_tutorial.py for tasks to queue
[2023-08-29T04:07:06.522+0000] {logging_mixin.py:149} INFO - [2023-08-29T04:07:06.522+0000] {dagbag.py:541} INFO - Filling up the DagBag from /home/airflow/.local/lib/python3.7/site-packages/airflow/example_dags/example_params_ui_tutorial.py
[2023-08-29T04:07:06.563+0000] {processor.py:836} INFO - DAG(s) dict_keys(['example_params_ui_tutorial']) retrieved from /home/airflow/.local/lib/python3.7/site-packages/airflow/example_dags/example_params_ui_tutorial.py
[2023-08-29T04:07:06.579+0000] {logging_mixin.py:149} INFO - [2023-08-29T04:07:06.578+0000] {dag.py:2726} INFO - Sync 1 DAGs
[2023-08-29T04:07:06.615+0000] {logging_mixin.py:149} INFO - [2023-08-29T04:07:06.614+0000] {dag.py:3490} INFO - Setting next_dagrun for example_params_ui_tutorial to None, run_after=None
[2023-08-29T04:07:06.642+0000] {processor.py:179} INFO - Processing /home/airflow/.local/lib/python3.7/site-packages/airflow/example_dags/example_params_ui_tutorial.py took 0.125 seconds
[2023-08-29T04:07:37.537+0000] {processor.py:157} INFO - Started process (PID=118) to work on /home/airflow/.local/lib/python3.7/site-packages/airflow/example_dags/example_params_ui_tutorial.py
[2023-08-29T04:07:37.541+0000] {processor.py:826} INFO - Processing file /home/airflow/.local/lib/python3.7/site-packages/airflow/example_dags/example_params_ui_tutorial.py for tasks to queue
[2023-08-29T04:07:37.543+0000] {logging_mixin.py:149} INFO - [2023-08-29T04:07:37.542+0000] {dagbag.py:541} INFO - Filling up the DagBag from /home/airflow/.local/lib/python3.7/site-packages/airflow/example_dags/example_params_ui_tutorial.py
[2023-08-29T04:07:37.824+0000] {processor.py:836} INFO - DAG(s) dict_keys(['example_params_ui_tutorial']) retrieved from /home/airflow/.local/lib/python3.7/site-packages/airflow/example_dags/example_params_ui_tutorial.py
[2023-08-29T04:07:37.912+0000] {logging_mixin.py:149} INFO - [2023-08-29T04:07:37.911+0000] {dag.py:2726} INFO - Sync 1 DAGs
[2023-08-29T04:07:37.949+0000] {logging_mixin.py:149} INFO - [2023-08-29T04:07:37.949+0000] {dag.py:3490} INFO - Setting next_dagrun for example_params_ui_tutorial to None, run_after=None
[2023-08-29T04:07:37.981+0000] {processor.py:179} INFO - Processing /home/airflow/.local/lib/python3.7/site-packages/airflow/example_dags/example_params_ui_tutorial.py took 0.449 seconds
[2023-08-29T04:08:08.376+0000] {processor.py:157} INFO - Started process (PID=194) to work on /home/airflow/.local/lib/python3.7/site-packages/airflow/example_dags/example_params_ui_tutorial.py
[2023-08-29T04:08:08.381+0000] {processor.py:826} INFO - Processing file /home/airflow/.local/lib/python3.7/site-packages/airflow/example_dags/example_params_ui_tutorial.py for tasks to queue
[2023-08-29T04:08:08.385+0000] {logging_mixin.py:149} INFO - [2023-08-29T04:08:08.384+0000] {dagbag.py:541} INFO - Filling up the DagBag from /home/airflow/.local/lib/python3.7/site-packages/airflow/example_dags/example_params_ui_tutorial.py
[2023-08-29T04:08:08.531+0000] {processor.py:836} INFO - DAG(s) dict_keys(['example_params_ui_tutorial']) retrieved from /home/airflow/.local/lib/python3.7/site-packages/airflow/example_dags/example_params_ui_tutorial.py
[2023-08-29T04:08:08.662+0000] {logging_mixin.py:149} INFO - [2023-08-29T04:08:08.661+0000] {dag.py:2726} INFO - Sync 1 DAGs
[2023-08-29T04:08:08.691+0000] {logging_mixin.py:149} INFO - [2023-08-29T04:08:08.691+0000] {dag.py:3490} INFO - Setting next_dagrun for example_params_ui_tutorial to None, run_after=None
[2023-08-29T04:08:08.716+0000] {processor.py:179} INFO - Processing /home/airflow/.local/lib/python3.7/site-packages/airflow/example_dags/example_params_ui_tutorial.py took 0.351 seconds
[2023-08-29T04:08:38.884+0000] {processor.py:157} INFO - Started process (PID=279) to work on /home/airflow/.local/lib/python3.7/site-packages/airflow/example_dags/example_params_ui_tutorial.py
[2023-08-29T04:08:38.886+0000] {processor.py:826} INFO - Processing file /home/airflow/.local/lib/python3.7/site-packages/airflow/example_dags/example_params_ui_tutorial.py for tasks to queue
[2023-08-29T04:08:38.887+0000] {logging_mixin.py:149} INFO - [2023-08-29T04:08:38.887+0000] {dagbag.py:541} INFO - Filling up the DagBag from /home/airflow/.local/lib/python3.7/site-packages/airflow/example_dags/example_params_ui_tutorial.py
[2023-08-29T04:08:38.941+0000] {processor.py:836} INFO - DAG(s) dict_keys(['example_params_ui_tutorial']) retrieved from /home/airflow/.local/lib/python3.7/site-packages/airflow/example_dags/example_params_ui_tutorial.py
[2023-08-29T04:08:39.030+0000] {logging_mixin.py:149} INFO - [2023-08-29T04:08:39.030+0000] {dag.py:2726} INFO - Sync 1 DAGs
[2023-08-29T04:08:39.058+0000] {logging_mixin.py:149} INFO - [2023-08-29T04:08:39.058+0000] {dag.py:3490} INFO - Setting next_dagrun for example_params_ui_tutorial to None, run_after=None
[2023-08-29T04:08:39.081+0000] {processor.py:179} INFO - Processing /home/airflow/.local/lib/python3.7/site-packages/airflow/example_dags/example_params_ui_tutorial.py took 0.201 seconds
[2023-08-29T04:09:09.531+0000] {processor.py:157} INFO - Started process (PID=356) to work on /home/airflow/.local/lib/python3.7/site-packages/airflow/example_dags/example_params_ui_tutorial.py
[2023-08-29T04:09:09.532+0000] {processor.py:826} INFO - Processing file /home/airflow/.local/lib/python3.7/site-packages/airflow/example_dags/example_params_ui_tutorial.py for tasks to queue
[2023-08-29T04:09:09.533+0000] {logging_mixin.py:149} INFO - [2023-08-29T04:09:09.533+0000] {dagbag.py:541} INFO - Filling up the DagBag from /home/airflow/.local/lib/python3.7/site-packages/airflow/example_dags/example_params_ui_tutorial.py
[2023-08-29T04:09:09.569+0000] {processor.py:836} INFO - DAG(s) dict_keys(['example_params_ui_tutorial']) retrieved from /home/airflow/.local/lib/python3.7/site-packages/airflow/example_dags/example_params_ui_tutorial.py
[2023-08-29T04:09:09.626+0000] {logging_mixin.py:149} INFO - [2023-08-29T04:09:09.626+0000] {dag.py:2726} INFO - Sync 1 DAGs
[2023-08-29T04:09:09.647+0000] {logging_mixin.py:149} INFO - [2023-08-29T04:09:09.646+0000] {dag.py:3490} INFO - Setting next_dagrun for example_params_ui_tutorial to None, run_after=None
[2023-08-29T04:09:09.662+0000] {processor.py:179} INFO - Processing /home/airflow/.local/lib/python3.7/site-packages/airflow/example_dags/example_params_ui_tutorial.py took 0.134 seconds
[2023-08-29T04:09:40.008+0000] {processor.py:157} INFO - Started process (PID=432) to work on /home/airflow/.local/lib/python3.7/site-packages/airflow/example_dags/example_params_ui_tutorial.py
[2023-08-29T04:09:40.009+0000] {processor.py:826} INFO - Processing file /home/airflow/.local/lib/python3.7/site-packages/airflow/example_dags/example_params_ui_tutorial.py for tasks to queue
[2023-08-29T04:09:40.010+0000] {logging_mixin.py:149} INFO - [2023-08-29T04:09:40.010+0000] {dagbag.py:541} INFO - Filling up the DagBag from /home/airflow/.local/lib/python3.7/site-packages/airflow/example_dags/example_params_ui_tutorial.py
[2023-08-29T04:09:40.044+0000] {processor.py:836} INFO - DAG(s) dict_keys(['example_params_ui_tutorial']) retrieved from /home/airflow/.local/lib/python3.7/site-packages/airflow/example_dags/example_params_ui_tutorial.py
[2023-08-29T04:09:40.101+0000] {logging_mixin.py:149} INFO - [2023-08-29T04:09:40.101+0000] {dag.py:2726} INFO - Sync 1 DAGs
[2023-08-29T04:09:40.121+0000] {logging_mixin.py:149} INFO - [2023-08-29T04:09:40.121+0000] {dag.py:3490} INFO - Setting next_dagrun for example_params_ui_tutorial to None, run_after=None
[2023-08-29T04:09:40.136+0000] {processor.py:179} INFO - Processing /home/airflow/.local/lib/python3.7/site-packages/airflow/example_dags/example_params_ui_tutorial.py took 0.130 seconds
[2023-08-29T06:21:04.140+0000] {processor.py:157} INFO - Started process (PID=33) to work on /home/airflow/.local/lib/python3.7/site-packages/airflow/example_dags/example_params_ui_tutorial.py
[2023-08-29T06:21:04.141+0000] {processor.py:826} INFO - Processing file /home/airflow/.local/lib/python3.7/site-packages/airflow/example_dags/example_params_ui_tutorial.py for tasks to queue
[2023-08-29T06:21:04.143+0000] {logging_mixin.py:149} INFO - [2023-08-29T06:21:04.143+0000] {dagbag.py:541} INFO - Filling up the DagBag from /home/airflow/.local/lib/python3.7/site-packages/airflow/example_dags/example_params_ui_tutorial.py
[2023-08-29T06:21:04.199+0000] {processor.py:836} INFO - DAG(s) dict_keys(['example_params_ui_tutorial']) retrieved from /home/airflow/.local/lib/python3.7/site-packages/airflow/example_dags/example_params_ui_tutorial.py
[2023-08-29T06:21:04.295+0000] {logging_mixin.py:149} INFO - [2023-08-29T06:21:04.295+0000] {dag.py:2726} INFO - Sync 1 DAGs
[2023-08-29T06:21:04.462+0000] {logging_mixin.py:149} INFO - [2023-08-29T06:21:04.462+0000] {dag.py:3490} INFO - Setting next_dagrun for example_params_ui_tutorial to None, run_after=None
[2023-08-29T06:21:04.491+0000] {processor.py:179} INFO - Processing /home/airflow/.local/lib/python3.7/site-packages/airflow/example_dags/example_params_ui_tutorial.py took 0.356 seconds
[2023-08-29T06:21:32.624+0000] {processor.py:157} INFO - Started process (PID=33) to work on /home/airflow/.local/lib/python3.7/site-packages/airflow/example_dags/example_params_ui_tutorial.py
[2023-08-29T06:21:32.627+0000] {processor.py:826} INFO - Processing file /home/airflow/.local/lib/python3.7/site-packages/airflow/example_dags/example_params_ui_tutorial.py for tasks to queue
[2023-08-29T06:21:32.629+0000] {logging_mixin.py:149} INFO - [2023-08-29T06:21:32.628+0000] {dagbag.py:541} INFO - Filling up the DagBag from /home/airflow/.local/lib/python3.7/site-packages/airflow/example_dags/example_params_ui_tutorial.py
[2023-08-29T06:21:32.783+0000] {processor.py:836} INFO - DAG(s) dict_keys(['example_params_ui_tutorial']) retrieved from /home/airflow/.local/lib/python3.7/site-packages/airflow/example_dags/example_params_ui_tutorial.py
[2023-08-29T06:21:32.851+0000] {logging_mixin.py:149} INFO - [2023-08-29T06:21:32.850+0000] {dag.py:2726} INFO - Sync 1 DAGs
[2023-08-29T06:21:32.961+0000] {logging_mixin.py:149} INFO - [2023-08-29T06:21:32.960+0000] {dag.py:3490} INFO - Setting next_dagrun for example_params_ui_tutorial to None, run_after=None
[2023-08-29T06:21:33.045+0000] {processor.py:179} INFO - Processing /home/airflow/.local/lib/python3.7/site-packages/airflow/example_dags/example_params_ui_tutorial.py took 0.428 seconds
[2023-08-29T06:22:03.707+0000] {processor.py:157} INFO - Started process (PID=118) to work on /home/airflow/.local/lib/python3.7/site-packages/airflow/example_dags/example_params_ui_tutorial.py
[2023-08-29T06:22:03.708+0000] {processor.py:826} INFO - Processing file /home/airflow/.local/lib/python3.7/site-packages/airflow/example_dags/example_params_ui_tutorial.py for tasks to queue
[2023-08-29T06:22:03.709+0000] {logging_mixin.py:149} INFO - [2023-08-29T06:22:03.709+0000] {dagbag.py:541} INFO - Filling up the DagBag from /home/airflow/.local/lib/python3.7/site-packages/airflow/example_dags/example_params_ui_tutorial.py
[2023-08-29T06:22:03.853+0000] {processor.py:836} INFO - DAG(s) dict_keys(['example_params_ui_tutorial']) retrieved from /home/airflow/.local/lib/python3.7/site-packages/airflow/example_dags/example_params_ui_tutorial.py
[2023-08-29T06:22:03.914+0000] {logging_mixin.py:149} INFO - [2023-08-29T06:22:03.913+0000] {dag.py:2726} INFO - Sync 1 DAGs
[2023-08-29T06:22:03.936+0000] {logging_mixin.py:149} INFO - [2023-08-29T06:22:03.936+0000] {dag.py:3490} INFO - Setting next_dagrun for example_params_ui_tutorial to None, run_after=None
[2023-08-29T06:22:03.959+0000] {processor.py:179} INFO - Processing /home/airflow/.local/lib/python3.7/site-packages/airflow/example_dags/example_params_ui_tutorial.py took 0.254 seconds
[2023-08-29T06:22:34.267+0000] {processor.py:157} INFO - Started process (PID=194) to work on /home/airflow/.local/lib/python3.7/site-packages/airflow/example_dags/example_params_ui_tutorial.py
[2023-08-29T06:22:34.271+0000] {processor.py:826} INFO - Processing file /home/airflow/.local/lib/python3.7/site-packages/airflow/example_dags/example_params_ui_tutorial.py for tasks to queue
[2023-08-29T06:22:34.274+0000] {logging_mixin.py:149} INFO - [2023-08-29T06:22:34.274+0000] {dagbag.py:541} INFO - Filling up the DagBag from /home/airflow/.local/lib/python3.7/site-packages/airflow/example_dags/example_params_ui_tutorial.py
[2023-08-29T06:22:34.326+0000] {processor.py:836} INFO - DAG(s) dict_keys(['example_params_ui_tutorial']) retrieved from /home/airflow/.local/lib/python3.7/site-packages/airflow/example_dags/example_params_ui_tutorial.py
[2023-08-29T06:22:34.425+0000] {logging_mixin.py:149} INFO - [2023-08-29T06:22:34.425+0000] {dag.py:2726} INFO - Sync 1 DAGs
[2023-08-29T06:22:34.459+0000] {logging_mixin.py:149} INFO - [2023-08-29T06:22:34.459+0000] {dag.py:3490} INFO - Setting next_dagrun for example_params_ui_tutorial to None, run_after=None
[2023-08-29T06:22:34.494+0000] {processor.py:179} INFO - Processing /home/airflow/.local/lib/python3.7/site-packages/airflow/example_dags/example_params_ui_tutorial.py took 0.231 seconds
[2023-08-29T06:23:04.562+0000] {processor.py:157} INFO - Started process (PID=279) to work on /home/airflow/.local/lib/python3.7/site-packages/airflow/example_dags/example_params_ui_tutorial.py
[2023-08-29T06:23:04.564+0000] {processor.py:826} INFO - Processing file /home/airflow/.local/lib/python3.7/site-packages/airflow/example_dags/example_params_ui_tutorial.py for tasks to queue
[2023-08-29T06:23:04.565+0000] {logging_mixin.py:149} INFO - [2023-08-29T06:23:04.565+0000] {dagbag.py:541} INFO - Filling up the DagBag from /home/airflow/.local/lib/python3.7/site-packages/airflow/example_dags/example_params_ui_tutorial.py
[2023-08-29T06:23:04.625+0000] {processor.py:836} INFO - DAG(s) dict_keys(['example_params_ui_tutorial']) retrieved from /home/airflow/.local/lib/python3.7/site-packages/airflow/example_dags/example_params_ui_tutorial.py
[2023-08-29T06:23:04.732+0000] {logging_mixin.py:149} INFO - [2023-08-29T06:23:04.731+0000] {dag.py:2726} INFO - Sync 1 DAGs
[2023-08-29T06:23:04.788+0000] {logging_mixin.py:149} INFO - [2023-08-29T06:23:04.788+0000] {dag.py:3490} INFO - Setting next_dagrun for example_params_ui_tutorial to None, run_after=None
[2023-08-29T06:23:04.825+0000] {processor.py:179} INFO - Processing /home/airflow/.local/lib/python3.7/site-packages/airflow/example_dags/example_params_ui_tutorial.py took 0.268 seconds
[2023-08-29T06:23:35.055+0000] {processor.py:157} INFO - Started process (PID=355) to work on /home/airflow/.local/lib/python3.7/site-packages/airflow/example_dags/example_params_ui_tutorial.py
[2023-08-29T06:23:35.057+0000] {processor.py:826} INFO - Processing file /home/airflow/.local/lib/python3.7/site-packages/airflow/example_dags/example_params_ui_tutorial.py for tasks to queue
[2023-08-29T06:23:35.058+0000] {logging_mixin.py:149} INFO - [2023-08-29T06:23:35.058+0000] {dagbag.py:541} INFO - Filling up the DagBag from /home/airflow/.local/lib/python3.7/site-packages/airflow/example_dags/example_params_ui_tutorial.py
[2023-08-29T06:23:35.097+0000] {processor.py:836} INFO - DAG(s) dict_keys(['example_params_ui_tutorial']) retrieved from /home/airflow/.local/lib/python3.7/site-packages/airflow/example_dags/example_params_ui_tutorial.py
[2023-08-29T06:23:35.159+0000] {logging_mixin.py:149} INFO - [2023-08-29T06:23:35.158+0000] {dag.py:2726} INFO - Sync 1 DAGs
[2023-08-29T06:23:35.179+0000] {logging_mixin.py:149} INFO - [2023-08-29T06:23:35.179+0000] {dag.py:3490} INFO - Setting next_dagrun for example_params_ui_tutorial to None, run_after=None
[2023-08-29T06:23:35.197+0000] {processor.py:179} INFO - Processing /home/airflow/.local/lib/python3.7/site-packages/airflow/example_dags/example_params_ui_tutorial.py took 0.149 seconds
[2023-08-29T06:24:05.612+0000] {processor.py:157} INFO - Started process (PID=431) to work on /home/airflow/.local/lib/python3.7/site-packages/airflow/example_dags/example_params_ui_tutorial.py
[2023-08-29T06:24:05.613+0000] {processor.py:826} INFO - Processing file /home/airflow/.local/lib/python3.7/site-packages/airflow/example_dags/example_params_ui_tutorial.py for tasks to queue
[2023-08-29T06:24:05.614+0000] {logging_mixin.py:149} INFO - [2023-08-29T06:24:05.614+0000] {dagbag.py:541} INFO - Filling up the DagBag from /home/airflow/.local/lib/python3.7/site-packages/airflow/example_dags/example_params_ui_tutorial.py
[2023-08-29T06:24:05.655+0000] {processor.py:836} INFO - DAG(s) dict_keys(['example_params_ui_tutorial']) retrieved from /home/airflow/.local/lib/python3.7/site-packages/airflow/example_dags/example_params_ui_tutorial.py
[2023-08-29T06:24:05.717+0000] {logging_mixin.py:149} INFO - [2023-08-29T06:24:05.717+0000] {dag.py:2726} INFO - Sync 1 DAGs
[2023-08-29T06:24:05.744+0000] {logging_mixin.py:149} INFO - [2023-08-29T06:24:05.744+0000] {dag.py:3490} INFO - Setting next_dagrun for example_params_ui_tutorial to None, run_after=None
[2023-08-29T06:24:05.765+0000] {processor.py:179} INFO - Processing /home/airflow/.local/lib/python3.7/site-packages/airflow/example_dags/example_params_ui_tutorial.py took 0.156 seconds
