[2023-08-29T02:59:11.229+0000] {processor.py:157} INFO - Started process (PID=80) to work on /home/airflow/.local/lib/python3.7/site-packages/airflow/example_dags/example_short_circuit_decorator.py
[2023-08-29T02:59:11.230+0000] {processor.py:826} INFO - Processing file /home/airflow/.local/lib/python3.7/site-packages/airflow/example_dags/example_short_circuit_decorator.py for tasks to queue
[2023-08-29T02:59:11.231+0000] {logging_mixin.py:149} INFO - [2023-08-29T02:59:11.231+0000] {dagbag.py:541} INFO - Filling up the DagBag from /home/airflow/.local/lib/python3.7/site-packages/airflow/example_dags/example_short_circuit_decorator.py
[2023-08-29T02:59:11.243+0000] {processor.py:836} INFO - DAG(s) dict_keys(['example_short_circuit_decorator']) retrieved from /home/airflow/.local/lib/python3.7/site-packages/airflow/example_dags/example_short_circuit_decorator.py
[2023-08-29T02:59:11.406+0000] {logging_mixin.py:149} INFO - [2023-08-29T02:59:11.406+0000] {manager.py:504} INFO - Created Permission View: can edit on DAG:example_short_circuit_decorator
[2023-08-29T02:59:11.420+0000] {logging_mixin.py:149} INFO - [2023-08-29T02:59:11.419+0000] {manager.py:504} INFO - Created Permission View: can read on DAG:example_short_circuit_decorator
[2023-08-29T02:59:11.429+0000] {logging_mixin.py:149} INFO - [2023-08-29T02:59:11.429+0000] {manager.py:504} INFO - Created Permission View: can delete on DAG:example_short_circuit_decorator
[2023-08-29T02:59:11.445+0000] {logging_mixin.py:149} INFO - [2023-08-29T02:59:11.444+0000] {dag.py:2726} INFO - Sync 1 DAGs
[2023-08-29T02:59:11.465+0000] {logging_mixin.py:149} INFO - [2023-08-29T02:59:11.465+0000] {dag.py:2747} INFO - Creating ORM DAG for example_short_circuit_decorator
[2023-08-29T02:59:11.482+0000] {logging_mixin.py:149} INFO - [2023-08-29T02:59:11.482+0000] {dag.py:3490} INFO - Setting next_dagrun for example_short_circuit_decorator to 2023-08-28T02:59:11.481684+00:00, run_after=2023-08-29T02:59:11.481684+00:00
[2023-08-29T02:59:11.511+0000] {processor.py:179} INFO - Processing /home/airflow/.local/lib/python3.7/site-packages/airflow/example_dags/example_short_circuit_decorator.py took 0.286 seconds
[2023-08-29T02:59:41.617+0000] {processor.py:157} INFO - Started process (PID=165) to work on /home/airflow/.local/lib/python3.7/site-packages/airflow/example_dags/example_short_circuit_decorator.py
[2023-08-29T02:59:41.619+0000] {processor.py:826} INFO - Processing file /home/airflow/.local/lib/python3.7/site-packages/airflow/example_dags/example_short_circuit_decorator.py for tasks to queue
[2023-08-29T02:59:41.621+0000] {logging_mixin.py:149} INFO - [2023-08-29T02:59:41.620+0000] {dagbag.py:541} INFO - Filling up the DagBag from /home/airflow/.local/lib/python3.7/site-packages/airflow/example_dags/example_short_circuit_decorator.py
[2023-08-29T02:59:41.632+0000] {processor.py:836} INFO - DAG(s) dict_keys(['example_short_circuit_decorator']) retrieved from /home/airflow/.local/lib/python3.7/site-packages/airflow/example_dags/example_short_circuit_decorator.py
[2023-08-29T02:59:41.661+0000] {logging_mixin.py:149} INFO - [2023-08-29T02:59:41.660+0000] {dag.py:2726} INFO - Sync 1 DAGs
[2023-08-29T02:59:41.691+0000] {logging_mixin.py:149} INFO - [2023-08-29T02:59:41.691+0000] {dag.py:3490} INFO - Setting next_dagrun for example_short_circuit_decorator to 2023-08-28T02:59:41.690759+00:00, run_after=2023-08-29T02:59:41.690759+00:00
[2023-08-29T02:59:41.730+0000] {processor.py:179} INFO - Processing /home/airflow/.local/lib/python3.7/site-packages/airflow/example_dags/example_short_circuit_decorator.py took 0.116 seconds
[2023-08-29T04:07:12.076+0000] {processor.py:157} INFO - Started process (PID=79) to work on /home/airflow/.local/lib/python3.7/site-packages/airflow/example_dags/example_short_circuit_decorator.py
[2023-08-29T04:07:12.078+0000] {processor.py:826} INFO - Processing file /home/airflow/.local/lib/python3.7/site-packages/airflow/example_dags/example_short_circuit_decorator.py for tasks to queue
[2023-08-29T04:07:12.079+0000] {logging_mixin.py:149} INFO - [2023-08-29T04:07:12.079+0000] {dagbag.py:541} INFO - Filling up the DagBag from /home/airflow/.local/lib/python3.7/site-packages/airflow/example_dags/example_short_circuit_decorator.py
[2023-08-29T04:07:12.091+0000] {processor.py:836} INFO - DAG(s) dict_keys(['example_short_circuit_decorator']) retrieved from /home/airflow/.local/lib/python3.7/site-packages/airflow/example_dags/example_short_circuit_decorator.py
[2023-08-29T04:07:12.110+0000] {logging_mixin.py:149} INFO - [2023-08-29T04:07:12.110+0000] {dag.py:2726} INFO - Sync 1 DAGs
[2023-08-29T04:07:12.321+0000] {logging_mixin.py:149} INFO - [2023-08-29T04:07:12.321+0000] {dag.py:3490} INFO - Setting next_dagrun for example_short_circuit_decorator to 2023-08-28T04:07:12.321146+00:00, run_after=2023-08-29T04:07:12.321146+00:00
[2023-08-29T04:07:12.348+0000] {processor.py:179} INFO - Processing /home/airflow/.local/lib/python3.7/site-packages/airflow/example_dags/example_short_circuit_decorator.py took 0.276 seconds
[2023-08-29T04:07:43.159+0000] {processor.py:157} INFO - Started process (PID=155) to work on /home/airflow/.local/lib/python3.7/site-packages/airflow/example_dags/example_short_circuit_decorator.py
[2023-08-29T04:07:43.160+0000] {processor.py:826} INFO - Processing file /home/airflow/.local/lib/python3.7/site-packages/airflow/example_dags/example_short_circuit_decorator.py for tasks to queue
[2023-08-29T04:07:43.161+0000] {logging_mixin.py:149} INFO - [2023-08-29T04:07:43.160+0000] {dagbag.py:541} INFO - Filling up the DagBag from /home/airflow/.local/lib/python3.7/site-packages/airflow/example_dags/example_short_circuit_decorator.py
[2023-08-29T04:07:43.169+0000] {processor.py:836} INFO - DAG(s) dict_keys(['example_short_circuit_decorator']) retrieved from /home/airflow/.local/lib/python3.7/site-packages/airflow/example_dags/example_short_circuit_decorator.py
[2023-08-29T04:07:43.195+0000] {logging_mixin.py:149} INFO - [2023-08-29T04:07:43.195+0000] {dag.py:2726} INFO - Sync 1 DAGs
[2023-08-29T04:07:43.219+0000] {logging_mixin.py:149} INFO - [2023-08-29T04:07:43.218+0000] {dag.py:3490} INFO - Setting next_dagrun for example_short_circuit_decorator to 2023-08-28T04:07:43.218747+00:00, run_after=2023-08-29T04:07:43.218747+00:00
[2023-08-29T04:07:43.238+0000] {processor.py:179} INFO - Processing /home/airflow/.local/lib/python3.7/site-packages/airflow/example_dags/example_short_circuit_decorator.py took 0.084 seconds
[2023-08-29T04:08:13.665+0000] {processor.py:157} INFO - Started process (PID=238) to work on /home/airflow/.local/lib/python3.7/site-packages/airflow/example_dags/example_short_circuit_decorator.py
[2023-08-29T04:08:13.666+0000] {processor.py:826} INFO - Processing file /home/airflow/.local/lib/python3.7/site-packages/airflow/example_dags/example_short_circuit_decorator.py for tasks to queue
[2023-08-29T04:08:13.667+0000] {logging_mixin.py:149} INFO - [2023-08-29T04:08:13.667+0000] {dagbag.py:541} INFO - Filling up the DagBag from /home/airflow/.local/lib/python3.7/site-packages/airflow/example_dags/example_short_circuit_decorator.py
[2023-08-29T04:08:13.681+0000] {processor.py:836} INFO - DAG(s) dict_keys(['example_short_circuit_decorator']) retrieved from /home/airflow/.local/lib/python3.7/site-packages/airflow/example_dags/example_short_circuit_decorator.py
[2023-08-29T04:08:13.726+0000] {logging_mixin.py:149} INFO - [2023-08-29T04:08:13.725+0000] {dag.py:2726} INFO - Sync 1 DAGs
[2023-08-29T04:08:13.798+0000] {logging_mixin.py:149} INFO - [2023-08-29T04:08:13.798+0000] {dag.py:3490} INFO - Setting next_dagrun for example_short_circuit_decorator to 2023-08-28T04:08:13.798072+00:00, run_after=2023-08-29T04:08:13.798072+00:00
[2023-08-29T04:08:13.852+0000] {processor.py:179} INFO - Processing /home/airflow/.local/lib/python3.7/site-packages/airflow/example_dags/example_short_circuit_decorator.py took 0.190 seconds
[2023-08-29T04:08:44.011+0000] {processor.py:157} INFO - Started process (PID=316) to work on /home/airflow/.local/lib/python3.7/site-packages/airflow/example_dags/example_short_circuit_decorator.py
[2023-08-29T04:08:44.013+0000] {processor.py:826} INFO - Processing file /home/airflow/.local/lib/python3.7/site-packages/airflow/example_dags/example_short_circuit_decorator.py for tasks to queue
[2023-08-29T04:08:44.015+0000] {logging_mixin.py:149} INFO - [2023-08-29T04:08:44.014+0000] {dagbag.py:541} INFO - Filling up the DagBag from /home/airflow/.local/lib/python3.7/site-packages/airflow/example_dags/example_short_circuit_decorator.py
[2023-08-29T04:08:44.027+0000] {processor.py:836} INFO - DAG(s) dict_keys(['example_short_circuit_decorator']) retrieved from /home/airflow/.local/lib/python3.7/site-packages/airflow/example_dags/example_short_circuit_decorator.py
[2023-08-29T04:08:44.169+0000] {logging_mixin.py:149} INFO - [2023-08-29T04:08:44.169+0000] {dag.py:2726} INFO - Sync 1 DAGs
[2023-08-29T04:08:44.200+0000] {logging_mixin.py:149} INFO - [2023-08-29T04:08:44.200+0000] {dag.py:3490} INFO - Setting next_dagrun for example_short_circuit_decorator to 2023-08-28T04:08:44.199930+00:00, run_after=2023-08-29T04:08:44.199930+00:00
[2023-08-29T04:08:44.223+0000] {processor.py:179} INFO - Processing /home/airflow/.local/lib/python3.7/site-packages/airflow/example_dags/example_short_circuit_decorator.py took 0.217 seconds
[2023-08-29T04:09:15.103+0000] {processor.py:157} INFO - Started process (PID=400) to work on /home/airflow/.local/lib/python3.7/site-packages/airflow/example_dags/example_short_circuit_decorator.py
[2023-08-29T04:09:15.105+0000] {processor.py:826} INFO - Processing file /home/airflow/.local/lib/python3.7/site-packages/airflow/example_dags/example_short_circuit_decorator.py for tasks to queue
[2023-08-29T04:09:15.106+0000] {logging_mixin.py:149} INFO - [2023-08-29T04:09:15.106+0000] {dagbag.py:541} INFO - Filling up the DagBag from /home/airflow/.local/lib/python3.7/site-packages/airflow/example_dags/example_short_circuit_decorator.py
[2023-08-29T04:09:15.114+0000] {processor.py:836} INFO - DAG(s) dict_keys(['example_short_circuit_decorator']) retrieved from /home/airflow/.local/lib/python3.7/site-packages/airflow/example_dags/example_short_circuit_decorator.py
[2023-08-29T04:09:15.140+0000] {logging_mixin.py:149} INFO - [2023-08-29T04:09:15.139+0000] {dag.py:2726} INFO - Sync 1 DAGs
[2023-08-29T04:09:15.178+0000] {logging_mixin.py:149} INFO - [2023-08-29T04:09:15.178+0000] {dag.py:3490} INFO - Setting next_dagrun for example_short_circuit_decorator to 2023-08-28T04:09:15.178092+00:00, run_after=2023-08-29T04:09:15.178092+00:00
[2023-08-29T04:09:15.206+0000] {processor.py:179} INFO - Processing /home/airflow/.local/lib/python3.7/site-packages/airflow/example_dags/example_short_circuit_decorator.py took 0.106 seconds
[2023-08-29T04:09:45.507+0000] {processor.py:157} INFO - Started process (PID=478) to work on /home/airflow/.local/lib/python3.7/site-packages/airflow/example_dags/example_short_circuit_decorator.py
[2023-08-29T04:09:45.508+0000] {processor.py:826} INFO - Processing file /home/airflow/.local/lib/python3.7/site-packages/airflow/example_dags/example_short_circuit_decorator.py for tasks to queue
[2023-08-29T04:09:45.509+0000] {logging_mixin.py:149} INFO - [2023-08-29T04:09:45.509+0000] {dagbag.py:541} INFO - Filling up the DagBag from /home/airflow/.local/lib/python3.7/site-packages/airflow/example_dags/example_short_circuit_decorator.py
[2023-08-29T04:09:45.517+0000] {processor.py:836} INFO - DAG(s) dict_keys(['example_short_circuit_decorator']) retrieved from /home/airflow/.local/lib/python3.7/site-packages/airflow/example_dags/example_short_circuit_decorator.py
[2023-08-29T04:09:45.558+0000] {logging_mixin.py:149} INFO - [2023-08-29T04:09:45.557+0000] {dag.py:2726} INFO - Sync 1 DAGs
[2023-08-29T04:09:45.584+0000] {logging_mixin.py:149} INFO - [2023-08-29T04:09:45.583+0000] {dag.py:3490} INFO - Setting next_dagrun for example_short_circuit_decorator to 2023-08-28T04:09:45.583768+00:00, run_after=2023-08-29T04:09:45.583768+00:00
[2023-08-29T04:09:45.602+0000] {processor.py:179} INFO - Processing /home/airflow/.local/lib/python3.7/site-packages/airflow/example_dags/example_short_circuit_decorator.py took 0.097 seconds
[2023-08-29T06:21:38.032+0000] {processor.py:157} INFO - Started process (PID=79) to work on /home/airflow/.local/lib/python3.7/site-packages/airflow/example_dags/example_short_circuit_decorator.py
[2023-08-29T06:21:38.035+0000] {processor.py:826} INFO - Processing file /home/airflow/.local/lib/python3.7/site-packages/airflow/example_dags/example_short_circuit_decorator.py for tasks to queue
[2023-08-29T06:21:38.037+0000] {logging_mixin.py:149} INFO - [2023-08-29T06:21:38.037+0000] {dagbag.py:541} INFO - Filling up the DagBag from /home/airflow/.local/lib/python3.7/site-packages/airflow/example_dags/example_short_circuit_decorator.py
[2023-08-29T06:21:38.047+0000] {processor.py:836} INFO - DAG(s) dict_keys(['example_short_circuit_decorator']) retrieved from /home/airflow/.local/lib/python3.7/site-packages/airflow/example_dags/example_short_circuit_decorator.py
[2023-08-29T06:21:38.067+0000] {logging_mixin.py:149} INFO - [2023-08-29T06:21:38.067+0000] {dag.py:2726} INFO - Sync 1 DAGs
[2023-08-29T06:21:38.309+0000] {logging_mixin.py:149} INFO - [2023-08-29T06:21:38.309+0000] {dag.py:3490} INFO - Setting next_dagrun for example_short_circuit_decorator to 2023-08-28T06:21:38.308875+00:00, run_after=2023-08-29T06:21:38.308875+00:00
[2023-08-29T06:21:38.333+0000] {processor.py:179} INFO - Processing /home/airflow/.local/lib/python3.7/site-packages/airflow/example_dags/example_short_circuit_decorator.py took 0.305 seconds
[2023-08-29T06:22:08.389+0000] {processor.py:157} INFO - Started process (PID=155) to work on /home/airflow/.local/lib/python3.7/site-packages/airflow/example_dags/example_short_circuit_decorator.py
[2023-08-29T06:22:08.390+0000] {processor.py:826} INFO - Processing file /home/airflow/.local/lib/python3.7/site-packages/airflow/example_dags/example_short_circuit_decorator.py for tasks to queue
[2023-08-29T06:22:08.391+0000] {logging_mixin.py:149} INFO - [2023-08-29T06:22:08.391+0000] {dagbag.py:541} INFO - Filling up the DagBag from /home/airflow/.local/lib/python3.7/site-packages/airflow/example_dags/example_short_circuit_decorator.py
[2023-08-29T06:22:08.399+0000] {processor.py:836} INFO - DAG(s) dict_keys(['example_short_circuit_decorator']) retrieved from /home/airflow/.local/lib/python3.7/site-packages/airflow/example_dags/example_short_circuit_decorator.py
[2023-08-29T06:22:08.422+0000] {logging_mixin.py:149} INFO - [2023-08-29T06:22:08.422+0000] {dag.py:2726} INFO - Sync 1 DAGs
[2023-08-29T06:22:08.441+0000] {logging_mixin.py:149} INFO - [2023-08-29T06:22:08.441+0000] {dag.py:3490} INFO - Setting next_dagrun for example_short_circuit_decorator to 2023-08-28T06:22:08.441646+00:00, run_after=2023-08-29T06:22:08.441646+00:00
[2023-08-29T06:22:08.458+0000] {processor.py:179} INFO - Processing /home/airflow/.local/lib/python3.7/site-packages/airflow/example_dags/example_short_circuit_decorator.py took 0.072 seconds
[2023-08-29T06:22:39.699+0000] {processor.py:157} INFO - Started process (PID=240) to work on /home/airflow/.local/lib/python3.7/site-packages/airflow/example_dags/example_short_circuit_decorator.py
[2023-08-29T06:22:39.704+0000] {processor.py:826} INFO - Processing file /home/airflow/.local/lib/python3.7/site-packages/airflow/example_dags/example_short_circuit_decorator.py for tasks to queue
[2023-08-29T06:22:39.708+0000] {logging_mixin.py:149} INFO - [2023-08-29T06:22:39.707+0000] {dagbag.py:541} INFO - Filling up the DagBag from /home/airflow/.local/lib/python3.7/site-packages/airflow/example_dags/example_short_circuit_decorator.py
[2023-08-29T06:22:39.727+0000] {processor.py:836} INFO - DAG(s) dict_keys(['example_short_circuit_decorator']) retrieved from /home/airflow/.local/lib/python3.7/site-packages/airflow/example_dags/example_short_circuit_decorator.py
[2023-08-29T06:22:39.781+0000] {logging_mixin.py:149} INFO - [2023-08-29T06:22:39.781+0000] {dag.py:2726} INFO - Sync 1 DAGs
[2023-08-29T06:22:39.846+0000] {logging_mixin.py:149} INFO - [2023-08-29T06:22:39.845+0000] {dag.py:3490} INFO - Setting next_dagrun for example_short_circuit_decorator to 2023-08-28T06:22:39.845226+00:00, run_after=2023-08-29T06:22:39.845226+00:00
[2023-08-29T06:22:39.913+0000] {processor.py:179} INFO - Processing /home/airflow/.local/lib/python3.7/site-packages/airflow/example_dags/example_short_circuit_decorator.py took 0.220 seconds
[2023-08-29T06:23:10.548+0000] {processor.py:157} INFO - Started process (PID=317) to work on /home/airflow/.local/lib/python3.7/site-packages/airflow/example_dags/example_short_circuit_decorator.py
[2023-08-29T06:23:10.549+0000] {processor.py:826} INFO - Processing file /home/airflow/.local/lib/python3.7/site-packages/airflow/example_dags/example_short_circuit_decorator.py for tasks to queue
[2023-08-29T06:23:10.550+0000] {logging_mixin.py:149} INFO - [2023-08-29T06:23:10.550+0000] {dagbag.py:541} INFO - Filling up the DagBag from /home/airflow/.local/lib/python3.7/site-packages/airflow/example_dags/example_short_circuit_decorator.py
[2023-08-29T06:23:10.559+0000] {processor.py:836} INFO - DAG(s) dict_keys(['example_short_circuit_decorator']) retrieved from /home/airflow/.local/lib/python3.7/site-packages/airflow/example_dags/example_short_circuit_decorator.py
[2023-08-29T06:23:10.587+0000] {logging_mixin.py:149} INFO - [2023-08-29T06:23:10.586+0000] {dag.py:2726} INFO - Sync 1 DAGs
[2023-08-29T06:23:10.612+0000] {logging_mixin.py:149} INFO - [2023-08-29T06:23:10.612+0000] {dag.py:3490} INFO - Setting next_dagrun for example_short_circuit_decorator to 2023-08-28T06:23:10.612530+00:00, run_after=2023-08-29T06:23:10.612530+00:00
[2023-08-29T06:23:10.632+0000] {processor.py:179} INFO - Processing /home/airflow/.local/lib/python3.7/site-packages/airflow/example_dags/example_short_circuit_decorator.py took 0.087 seconds
[2023-08-29T06:23:40.912+0000] {processor.py:157} INFO - Started process (PID=392) to work on /home/airflow/.local/lib/python3.7/site-packages/airflow/example_dags/example_short_circuit_decorator.py
[2023-08-29T06:23:40.914+0000] {processor.py:826} INFO - Processing file /home/airflow/.local/lib/python3.7/site-packages/airflow/example_dags/example_short_circuit_decorator.py for tasks to queue
[2023-08-29T06:23:40.918+0000] {logging_mixin.py:149} INFO - [2023-08-29T06:23:40.917+0000] {dagbag.py:541} INFO - Filling up the DagBag from /home/airflow/.local/lib/python3.7/site-packages/airflow/example_dags/example_short_circuit_decorator.py
[2023-08-29T06:23:40.938+0000] {processor.py:836} INFO - DAG(s) dict_keys(['example_short_circuit_decorator']) retrieved from /home/airflow/.local/lib/python3.7/site-packages/airflow/example_dags/example_short_circuit_decorator.py
[2023-08-29T06:23:40.978+0000] {logging_mixin.py:149} INFO - [2023-08-29T06:23:40.978+0000] {dag.py:2726} INFO - Sync 1 DAGs
[2023-08-29T06:23:41.040+0000] {logging_mixin.py:149} INFO - [2023-08-29T06:23:41.040+0000] {dag.py:3490} INFO - Setting next_dagrun for example_short_circuit_decorator to 2023-08-28T06:23:41.040317+00:00, run_after=2023-08-29T06:23:41.040317+00:00
[2023-08-29T06:23:41.081+0000] {processor.py:179} INFO - Processing /home/airflow/.local/lib/python3.7/site-packages/airflow/example_dags/example_short_circuit_decorator.py took 0.173 seconds
[2023-08-29T06:24:11.161+0000] {processor.py:157} INFO - Started process (PID=477) to work on /home/airflow/.local/lib/python3.7/site-packages/airflow/example_dags/example_short_circuit_decorator.py
[2023-08-29T06:24:11.163+0000] {processor.py:826} INFO - Processing file /home/airflow/.local/lib/python3.7/site-packages/airflow/example_dags/example_short_circuit_decorator.py for tasks to queue
[2023-08-29T06:24:11.164+0000] {logging_mixin.py:149} INFO - [2023-08-29T06:24:11.164+0000] {dagbag.py:541} INFO - Filling up the DagBag from /home/airflow/.local/lib/python3.7/site-packages/airflow/example_dags/example_short_circuit_decorator.py
[2023-08-29T06:24:11.175+0000] {processor.py:836} INFO - DAG(s) dict_keys(['example_short_circuit_decorator']) retrieved from /home/airflow/.local/lib/python3.7/site-packages/airflow/example_dags/example_short_circuit_decorator.py
[2023-08-29T06:24:11.201+0000] {logging_mixin.py:149} INFO - [2023-08-29T06:24:11.201+0000] {dag.py:2726} INFO - Sync 1 DAGs
[2023-08-29T06:24:11.225+0000] {logging_mixin.py:149} INFO - [2023-08-29T06:24:11.224+0000] {dag.py:3490} INFO - Setting next_dagrun for example_short_circuit_decorator to 2023-08-28T06:24:11.224750+00:00, run_after=2023-08-29T06:24:11.224750+00:00
[2023-08-29T06:24:11.243+0000] {processor.py:179} INFO - Processing /home/airflow/.local/lib/python3.7/site-packages/airflow/example_dags/example_short_circuit_decorator.py took 0.087 seconds
