[2023-08-29T02:59:08.571+0000] {processor.py:157} INFO - Started process (PID=64) to work on /home/airflow/.local/lib/python3.7/site-packages/airflow/example_dags/example_dynamic_task_mapping_with_no_taskflow_operators.py
[2023-08-29T02:59:08.572+0000] {processor.py:826} INFO - Processing file /home/airflow/.local/lib/python3.7/site-packages/airflow/example_dags/example_dynamic_task_mapping_with_no_taskflow_operators.py for tasks to queue
[2023-08-29T02:59:08.573+0000] {logging_mixin.py:149} INFO - [2023-08-29T02:59:08.573+0000] {dagbag.py:541} INFO - Filling up the DagBag from /home/airflow/.local/lib/python3.7/site-packages/airflow/example_dags/example_dynamic_task_mapping_with_no_taskflow_operators.py
[2023-08-29T02:59:08.582+0000] {processor.py:836} INFO - DAG(s) dict_keys(['example_dynamic_task_mapping_with_no_taskflow_operators']) retrieved from /home/airflow/.local/lib/python3.7/site-packages/airflow/example_dags/example_dynamic_task_mapping_with_no_taskflow_operators.py
[2023-08-29T02:59:08.779+0000] {logging_mixin.py:149} INFO - [2023-08-29T02:59:08.778+0000] {manager.py:504} INFO - Created Permission View: can edit on DAG:example_dynamic_task_mapping_with_no_taskflow_operators
[2023-08-29T02:59:08.795+0000] {logging_mixin.py:149} INFO - [2023-08-29T02:59:08.795+0000] {manager.py:504} INFO - Created Permission View: can read on DAG:example_dynamic_task_mapping_with_no_taskflow_operators
[2023-08-29T02:59:08.806+0000] {logging_mixin.py:149} INFO - [2023-08-29T02:59:08.806+0000] {manager.py:504} INFO - Created Permission View: can delete on DAG:example_dynamic_task_mapping_with_no_taskflow_operators
[2023-08-29T02:59:08.829+0000] {logging_mixin.py:149} INFO - [2023-08-29T02:59:08.829+0000] {dag.py:2726} INFO - Sync 1 DAGs
[2023-08-29T02:59:08.851+0000] {logging_mixin.py:149} INFO - [2023-08-29T02:59:08.850+0000] {dag.py:2747} INFO - Creating ORM DAG for example_dynamic_task_mapping_with_no_taskflow_operators
[2023-08-29T02:59:08.868+0000] {logging_mixin.py:149} INFO - [2023-08-29T02:59:08.868+0000] {dag.py:3490} INFO - Setting next_dagrun for example_dynamic_task_mapping_with_no_taskflow_operators to 2023-08-28T02:59:08.867670+00:00, run_after=2023-08-29T02:59:08.867670+00:00
[2023-08-29T02:59:08.892+0000] {processor.py:179} INFO - Processing /home/airflow/.local/lib/python3.7/site-packages/airflow/example_dags/example_dynamic_task_mapping_with_no_taskflow_operators.py took 0.325 seconds
[2023-08-29T02:59:39.407+0000] {processor.py:157} INFO - Started process (PID=140) to work on /home/airflow/.local/lib/python3.7/site-packages/airflow/example_dags/example_dynamic_task_mapping_with_no_taskflow_operators.py
[2023-08-29T02:59:39.408+0000] {processor.py:826} INFO - Processing file /home/airflow/.local/lib/python3.7/site-packages/airflow/example_dags/example_dynamic_task_mapping_with_no_taskflow_operators.py for tasks to queue
[2023-08-29T02:59:39.410+0000] {logging_mixin.py:149} INFO - [2023-08-29T02:59:39.410+0000] {dagbag.py:541} INFO - Filling up the DagBag from /home/airflow/.local/lib/python3.7/site-packages/airflow/example_dags/example_dynamic_task_mapping_with_no_taskflow_operators.py
[2023-08-29T02:59:39.420+0000] {processor.py:836} INFO - DAG(s) dict_keys(['example_dynamic_task_mapping_with_no_taskflow_operators']) retrieved from /home/airflow/.local/lib/python3.7/site-packages/airflow/example_dags/example_dynamic_task_mapping_with_no_taskflow_operators.py
[2023-08-29T02:59:39.450+0000] {logging_mixin.py:149} INFO - [2023-08-29T02:59:39.450+0000] {dag.py:2726} INFO - Sync 1 DAGs
[2023-08-29T02:59:39.477+0000] {logging_mixin.py:149} INFO - [2023-08-29T02:59:39.477+0000] {dag.py:3490} INFO - Setting next_dagrun for example_dynamic_task_mapping_with_no_taskflow_operators to 2023-08-28T02:59:39.477239+00:00, run_after=2023-08-29T02:59:39.477239+00:00
[2023-08-29T02:59:39.499+0000] {processor.py:179} INFO - Processing /home/airflow/.local/lib/python3.7/site-packages/airflow/example_dags/example_dynamic_task_mapping_with_no_taskflow_operators.py took 0.097 seconds
[2023-08-29T04:07:09.082+0000] {processor.py:157} INFO - Started process (PID=54) to work on /home/airflow/.local/lib/python3.7/site-packages/airflow/example_dags/example_dynamic_task_mapping_with_no_taskflow_operators.py
[2023-08-29T04:07:09.084+0000] {processor.py:826} INFO - Processing file /home/airflow/.local/lib/python3.7/site-packages/airflow/example_dags/example_dynamic_task_mapping_with_no_taskflow_operators.py for tasks to queue
[2023-08-29T04:07:09.085+0000] {logging_mixin.py:149} INFO - [2023-08-29T04:07:09.085+0000] {dagbag.py:541} INFO - Filling up the DagBag from /home/airflow/.local/lib/python3.7/site-packages/airflow/example_dags/example_dynamic_task_mapping_with_no_taskflow_operators.py
[2023-08-29T04:07:09.093+0000] {processor.py:836} INFO - DAG(s) dict_keys(['example_dynamic_task_mapping_with_no_taskflow_operators']) retrieved from /home/airflow/.local/lib/python3.7/site-packages/airflow/example_dags/example_dynamic_task_mapping_with_no_taskflow_operators.py
[2023-08-29T04:07:09.106+0000] {logging_mixin.py:149} INFO - [2023-08-29T04:07:09.106+0000] {dag.py:2726} INFO - Sync 1 DAGs
[2023-08-29T04:07:09.251+0000] {logging_mixin.py:149} INFO - [2023-08-29T04:07:09.251+0000] {dag.py:3490} INFO - Setting next_dagrun for example_dynamic_task_mapping_with_no_taskflow_operators to 2023-08-28T04:07:09.251495+00:00, run_after=2023-08-29T04:07:09.251495+00:00
[2023-08-29T04:07:09.267+0000] {processor.py:179} INFO - Processing /home/airflow/.local/lib/python3.7/site-packages/airflow/example_dags/example_dynamic_task_mapping_with_no_taskflow_operators.py took 0.188 seconds
[2023-08-29T04:07:40.281+0000] {processor.py:157} INFO - Started process (PID=139) to work on /home/airflow/.local/lib/python3.7/site-packages/airflow/example_dags/example_dynamic_task_mapping_with_no_taskflow_operators.py
[2023-08-29T04:07:40.283+0000] {processor.py:826} INFO - Processing file /home/airflow/.local/lib/python3.7/site-packages/airflow/example_dags/example_dynamic_task_mapping_with_no_taskflow_operators.py for tasks to queue
[2023-08-29T04:07:40.284+0000] {logging_mixin.py:149} INFO - [2023-08-29T04:07:40.284+0000] {dagbag.py:541} INFO - Filling up the DagBag from /home/airflow/.local/lib/python3.7/site-packages/airflow/example_dags/example_dynamic_task_mapping_with_no_taskflow_operators.py
[2023-08-29T04:07:40.290+0000] {processor.py:836} INFO - DAG(s) dict_keys(['example_dynamic_task_mapping_with_no_taskflow_operators']) retrieved from /home/airflow/.local/lib/python3.7/site-packages/airflow/example_dags/example_dynamic_task_mapping_with_no_taskflow_operators.py
[2023-08-29T04:07:40.312+0000] {logging_mixin.py:149} INFO - [2023-08-29T04:07:40.312+0000] {dag.py:2726} INFO - Sync 1 DAGs
[2023-08-29T04:07:40.335+0000] {logging_mixin.py:149} INFO - [2023-08-29T04:07:40.335+0000] {dag.py:3490} INFO - Setting next_dagrun for example_dynamic_task_mapping_with_no_taskflow_operators to 2023-08-28T04:07:40.335542+00:00, run_after=2023-08-29T04:07:40.335542+00:00
[2023-08-29T04:07:40.356+0000] {processor.py:179} INFO - Processing /home/airflow/.local/lib/python3.7/site-packages/airflow/example_dags/example_dynamic_task_mapping_with_no_taskflow_operators.py took 0.078 seconds
[2023-08-29T04:08:12.024+0000] {processor.py:157} INFO - Started process (PID=215) to work on /home/airflow/.local/lib/python3.7/site-packages/airflow/example_dags/example_dynamic_task_mapping_with_no_taskflow_operators.py
[2023-08-29T04:08:12.026+0000] {processor.py:826} INFO - Processing file /home/airflow/.local/lib/python3.7/site-packages/airflow/example_dags/example_dynamic_task_mapping_with_no_taskflow_operators.py for tasks to queue
[2023-08-29T04:08:12.027+0000] {logging_mixin.py:149} INFO - [2023-08-29T04:08:12.027+0000] {dagbag.py:541} INFO - Filling up the DagBag from /home/airflow/.local/lib/python3.7/site-packages/airflow/example_dags/example_dynamic_task_mapping_with_no_taskflow_operators.py
[2023-08-29T04:08:12.039+0000] {processor.py:836} INFO - DAG(s) dict_keys(['example_dynamic_task_mapping_with_no_taskflow_operators']) retrieved from /home/airflow/.local/lib/python3.7/site-packages/airflow/example_dags/example_dynamic_task_mapping_with_no_taskflow_operators.py
[2023-08-29T04:08:12.064+0000] {logging_mixin.py:149} INFO - [2023-08-29T04:08:12.064+0000] {dag.py:2726} INFO - Sync 1 DAGs
[2023-08-29T04:08:12.109+0000] {logging_mixin.py:149} INFO - [2023-08-29T04:08:12.108+0000] {dag.py:3490} INFO - Setting next_dagrun for example_dynamic_task_mapping_with_no_taskflow_operators to 2023-08-28T04:08:12.108352+00:00, run_after=2023-08-29T04:08:12.108352+00:00
[2023-08-29T04:08:12.164+0000] {processor.py:179} INFO - Processing /home/airflow/.local/lib/python3.7/site-packages/airflow/example_dags/example_dynamic_task_mapping_with_no_taskflow_operators.py took 0.147 seconds
[2023-08-29T04:08:42.608+0000] {processor.py:157} INFO - Started process (PID=300) to work on /home/airflow/.local/lib/python3.7/site-packages/airflow/example_dags/example_dynamic_task_mapping_with_no_taskflow_operators.py
[2023-08-29T04:08:42.610+0000] {processor.py:826} INFO - Processing file /home/airflow/.local/lib/python3.7/site-packages/airflow/example_dags/example_dynamic_task_mapping_with_no_taskflow_operators.py for tasks to queue
[2023-08-29T04:08:42.611+0000] {logging_mixin.py:149} INFO - [2023-08-29T04:08:42.611+0000] {dagbag.py:541} INFO - Filling up the DagBag from /home/airflow/.local/lib/python3.7/site-packages/airflow/example_dags/example_dynamic_task_mapping_with_no_taskflow_operators.py
[2023-08-29T04:08:42.619+0000] {processor.py:836} INFO - DAG(s) dict_keys(['example_dynamic_task_mapping_with_no_taskflow_operators']) retrieved from /home/airflow/.local/lib/python3.7/site-packages/airflow/example_dags/example_dynamic_task_mapping_with_no_taskflow_operators.py
[2023-08-29T04:08:42.645+0000] {logging_mixin.py:149} INFO - [2023-08-29T04:08:42.645+0000] {dag.py:2726} INFO - Sync 1 DAGs
[2023-08-29T04:08:42.667+0000] {logging_mixin.py:149} INFO - [2023-08-29T04:08:42.667+0000] {dag.py:3490} INFO - Setting next_dagrun for example_dynamic_task_mapping_with_no_taskflow_operators to 2023-08-28T04:08:42.667583+00:00, run_after=2023-08-29T04:08:42.667583+00:00
[2023-08-29T04:08:42.684+0000] {processor.py:179} INFO - Processing /home/airflow/.local/lib/python3.7/site-packages/airflow/example_dags/example_dynamic_task_mapping_with_no_taskflow_operators.py took 0.080 seconds
[2023-08-29T04:09:12.995+0000] {processor.py:157} INFO - Started process (PID=377) to work on /home/airflow/.local/lib/python3.7/site-packages/airflow/example_dags/example_dynamic_task_mapping_with_no_taskflow_operators.py
[2023-08-29T04:09:12.996+0000] {processor.py:826} INFO - Processing file /home/airflow/.local/lib/python3.7/site-packages/airflow/example_dags/example_dynamic_task_mapping_with_no_taskflow_operators.py for tasks to queue
[2023-08-29T04:09:12.997+0000] {logging_mixin.py:149} INFO - [2023-08-29T04:09:12.997+0000] {dagbag.py:541} INFO - Filling up the DagBag from /home/airflow/.local/lib/python3.7/site-packages/airflow/example_dags/example_dynamic_task_mapping_with_no_taskflow_operators.py
[2023-08-29T04:09:13.003+0000] {processor.py:836} INFO - DAG(s) dict_keys(['example_dynamic_task_mapping_with_no_taskflow_operators']) retrieved from /home/airflow/.local/lib/python3.7/site-packages/airflow/example_dags/example_dynamic_task_mapping_with_no_taskflow_operators.py
[2023-08-29T04:09:13.022+0000] {logging_mixin.py:149} INFO - [2023-08-29T04:09:13.022+0000] {dag.py:2726} INFO - Sync 1 DAGs
[2023-08-29T04:09:13.044+0000] {logging_mixin.py:149} INFO - [2023-08-29T04:09:13.044+0000] {dag.py:3490} INFO - Setting next_dagrun for example_dynamic_task_mapping_with_no_taskflow_operators to 2023-08-28T04:09:13.044078+00:00, run_after=2023-08-29T04:09:13.044078+00:00
[2023-08-29T04:09:13.060+0000] {processor.py:179} INFO - Processing /home/airflow/.local/lib/python3.7/site-packages/airflow/example_dags/example_dynamic_task_mapping_with_no_taskflow_operators.py took 0.068 seconds
[2023-08-29T04:09:43.531+0000] {processor.py:157} INFO - Started process (PID=462) to work on /home/airflow/.local/lib/python3.7/site-packages/airflow/example_dags/example_dynamic_task_mapping_with_no_taskflow_operators.py
[2023-08-29T04:09:43.532+0000] {processor.py:826} INFO - Processing file /home/airflow/.local/lib/python3.7/site-packages/airflow/example_dags/example_dynamic_task_mapping_with_no_taskflow_operators.py for tasks to queue
[2023-08-29T04:09:43.533+0000] {logging_mixin.py:149} INFO - [2023-08-29T04:09:43.533+0000] {dagbag.py:541} INFO - Filling up the DagBag from /home/airflow/.local/lib/python3.7/site-packages/airflow/example_dags/example_dynamic_task_mapping_with_no_taskflow_operators.py
[2023-08-29T04:09:43.540+0000] {processor.py:836} INFO - DAG(s) dict_keys(['example_dynamic_task_mapping_with_no_taskflow_operators']) retrieved from /home/airflow/.local/lib/python3.7/site-packages/airflow/example_dags/example_dynamic_task_mapping_with_no_taskflow_operators.py
[2023-08-29T04:09:43.572+0000] {logging_mixin.py:149} INFO - [2023-08-29T04:09:43.572+0000] {dag.py:2726} INFO - Sync 1 DAGs
[2023-08-29T04:09:43.601+0000] {logging_mixin.py:149} INFO - [2023-08-29T04:09:43.600+0000] {dag.py:3490} INFO - Setting next_dagrun for example_dynamic_task_mapping_with_no_taskflow_operators to 2023-08-28T04:09:43.600655+00:00, run_after=2023-08-29T04:09:43.600655+00:00
[2023-08-29T04:09:43.619+0000] {processor.py:179} INFO - Processing /home/airflow/.local/lib/python3.7/site-packages/airflow/example_dags/example_dynamic_task_mapping_with_no_taskflow_operators.py took 0.092 seconds
[2023-08-29T06:21:35.503+0000] {processor.py:157} INFO - Started process (PID=54) to work on /home/airflow/.local/lib/python3.7/site-packages/airflow/example_dags/example_dynamic_task_mapping_with_no_taskflow_operators.py
[2023-08-29T06:21:35.505+0000] {processor.py:826} INFO - Processing file /home/airflow/.local/lib/python3.7/site-packages/airflow/example_dags/example_dynamic_task_mapping_with_no_taskflow_operators.py for tasks to queue
[2023-08-29T06:21:35.506+0000] {logging_mixin.py:149} INFO - [2023-08-29T06:21:35.506+0000] {dagbag.py:541} INFO - Filling up the DagBag from /home/airflow/.local/lib/python3.7/site-packages/airflow/example_dags/example_dynamic_task_mapping_with_no_taskflow_operators.py
[2023-08-29T06:21:35.514+0000] {processor.py:836} INFO - DAG(s) dict_keys(['example_dynamic_task_mapping_with_no_taskflow_operators']) retrieved from /home/airflow/.local/lib/python3.7/site-packages/airflow/example_dags/example_dynamic_task_mapping_with_no_taskflow_operators.py
[2023-08-29T06:21:35.529+0000] {logging_mixin.py:149} INFO - [2023-08-29T06:21:35.529+0000] {dag.py:2726} INFO - Sync 1 DAGs
[2023-08-29T06:21:35.752+0000] {logging_mixin.py:149} INFO - [2023-08-29T06:21:35.751+0000] {dag.py:3490} INFO - Setting next_dagrun for example_dynamic_task_mapping_with_no_taskflow_operators to 2023-08-28T06:21:35.751705+00:00, run_after=2023-08-29T06:21:35.751705+00:00
[2023-08-29T06:21:35.776+0000] {processor.py:179} INFO - Processing /home/airflow/.local/lib/python3.7/site-packages/airflow/example_dags/example_dynamic_task_mapping_with_no_taskflow_operators.py took 0.276 seconds
[2023-08-29T06:22:06.407+0000] {processor.py:157} INFO - Started process (PID=139) to work on /home/airflow/.local/lib/python3.7/site-packages/airflow/example_dags/example_dynamic_task_mapping_with_no_taskflow_operators.py
[2023-08-29T06:22:06.408+0000] {processor.py:826} INFO - Processing file /home/airflow/.local/lib/python3.7/site-packages/airflow/example_dags/example_dynamic_task_mapping_with_no_taskflow_operators.py for tasks to queue
[2023-08-29T06:22:06.409+0000] {logging_mixin.py:149} INFO - [2023-08-29T06:22:06.409+0000] {dagbag.py:541} INFO - Filling up the DagBag from /home/airflow/.local/lib/python3.7/site-packages/airflow/example_dags/example_dynamic_task_mapping_with_no_taskflow_operators.py
[2023-08-29T06:22:06.414+0000] {processor.py:836} INFO - DAG(s) dict_keys(['example_dynamic_task_mapping_with_no_taskflow_operators']) retrieved from /home/airflow/.local/lib/python3.7/site-packages/airflow/example_dags/example_dynamic_task_mapping_with_no_taskflow_operators.py
[2023-08-29T06:22:06.434+0000] {logging_mixin.py:149} INFO - [2023-08-29T06:22:06.434+0000] {dag.py:2726} INFO - Sync 1 DAGs
[2023-08-29T06:22:06.453+0000] {logging_mixin.py:149} INFO - [2023-08-29T06:22:06.453+0000] {dag.py:3490} INFO - Setting next_dagrun for example_dynamic_task_mapping_with_no_taskflow_operators to 2023-08-28T06:22:06.453522+00:00, run_after=2023-08-29T06:22:06.453522+00:00
[2023-08-29T06:22:06.471+0000] {processor.py:179} INFO - Processing /home/airflow/.local/lib/python3.7/site-packages/airflow/example_dags/example_dynamic_task_mapping_with_no_taskflow_operators.py took 0.066 seconds
[2023-08-29T06:22:37.032+0000] {processor.py:157} INFO - Started process (PID=215) to work on /home/airflow/.local/lib/python3.7/site-packages/airflow/example_dags/example_dynamic_task_mapping_with_no_taskflow_operators.py
[2023-08-29T06:22:37.033+0000] {processor.py:826} INFO - Processing file /home/airflow/.local/lib/python3.7/site-packages/airflow/example_dags/example_dynamic_task_mapping_with_no_taskflow_operators.py for tasks to queue
[2023-08-29T06:22:37.036+0000] {logging_mixin.py:149} INFO - [2023-08-29T06:22:37.035+0000] {dagbag.py:541} INFO - Filling up the DagBag from /home/airflow/.local/lib/python3.7/site-packages/airflow/example_dags/example_dynamic_task_mapping_with_no_taskflow_operators.py
[2023-08-29T06:22:37.046+0000] {processor.py:836} INFO - DAG(s) dict_keys(['example_dynamic_task_mapping_with_no_taskflow_operators']) retrieved from /home/airflow/.local/lib/python3.7/site-packages/airflow/example_dags/example_dynamic_task_mapping_with_no_taskflow_operators.py
[2023-08-29T06:22:37.078+0000] {logging_mixin.py:149} INFO - [2023-08-29T06:22:37.077+0000] {dag.py:2726} INFO - Sync 1 DAGs
[2023-08-29T06:22:37.112+0000] {logging_mixin.py:149} INFO - [2023-08-29T06:22:37.112+0000] {dag.py:3490} INFO - Setting next_dagrun for example_dynamic_task_mapping_with_no_taskflow_operators to 2023-08-28T06:22:37.112209+00:00, run_after=2023-08-29T06:22:37.112209+00:00
[2023-08-29T06:22:37.148+0000] {processor.py:179} INFO - Processing /home/airflow/.local/lib/python3.7/site-packages/airflow/example_dags/example_dynamic_task_mapping_with_no_taskflow_operators.py took 0.120 seconds
[2023-08-29T06:23:07.549+0000] {processor.py:157} INFO - Started process (PID=300) to work on /home/airflow/.local/lib/python3.7/site-packages/airflow/example_dags/example_dynamic_task_mapping_with_no_taskflow_operators.py
[2023-08-29T06:23:07.551+0000] {processor.py:826} INFO - Processing file /home/airflow/.local/lib/python3.7/site-packages/airflow/example_dags/example_dynamic_task_mapping_with_no_taskflow_operators.py for tasks to queue
[2023-08-29T06:23:07.552+0000] {logging_mixin.py:149} INFO - [2023-08-29T06:23:07.552+0000] {dagbag.py:541} INFO - Filling up the DagBag from /home/airflow/.local/lib/python3.7/site-packages/airflow/example_dags/example_dynamic_task_mapping_with_no_taskflow_operators.py
[2023-08-29T06:23:07.558+0000] {processor.py:836} INFO - DAG(s) dict_keys(['example_dynamic_task_mapping_with_no_taskflow_operators']) retrieved from /home/airflow/.local/lib/python3.7/site-packages/airflow/example_dags/example_dynamic_task_mapping_with_no_taskflow_operators.py
[2023-08-29T06:23:07.578+0000] {logging_mixin.py:149} INFO - [2023-08-29T06:23:07.578+0000] {dag.py:2726} INFO - Sync 1 DAGs
[2023-08-29T06:23:07.600+0000] {logging_mixin.py:149} INFO - [2023-08-29T06:23:07.600+0000] {dag.py:3490} INFO - Setting next_dagrun for example_dynamic_task_mapping_with_no_taskflow_operators to 2023-08-28T06:23:07.599977+00:00, run_after=2023-08-29T06:23:07.599977+00:00
[2023-08-29T06:23:07.618+0000] {processor.py:179} INFO - Processing /home/airflow/.local/lib/python3.7/site-packages/airflow/example_dags/example_dynamic_task_mapping_with_no_taskflow_operators.py took 0.071 seconds
[2023-08-29T06:23:38.669+0000] {processor.py:157} INFO - Started process (PID=376) to work on /home/airflow/.local/lib/python3.7/site-packages/airflow/example_dags/example_dynamic_task_mapping_with_no_taskflow_operators.py
[2023-08-29T06:23:38.671+0000] {processor.py:826} INFO - Processing file /home/airflow/.local/lib/python3.7/site-packages/airflow/example_dags/example_dynamic_task_mapping_with_no_taskflow_operators.py for tasks to queue
[2023-08-29T06:23:38.672+0000] {logging_mixin.py:149} INFO - [2023-08-29T06:23:38.672+0000] {dagbag.py:541} INFO - Filling up the DagBag from /home/airflow/.local/lib/python3.7/site-packages/airflow/example_dags/example_dynamic_task_mapping_with_no_taskflow_operators.py
[2023-08-29T06:23:38.677+0000] {processor.py:836} INFO - DAG(s) dict_keys(['example_dynamic_task_mapping_with_no_taskflow_operators']) retrieved from /home/airflow/.local/lib/python3.7/site-packages/airflow/example_dags/example_dynamic_task_mapping_with_no_taskflow_operators.py
[2023-08-29T06:23:38.697+0000] {logging_mixin.py:149} INFO - [2023-08-29T06:23:38.696+0000] {dag.py:2726} INFO - Sync 1 DAGs
[2023-08-29T06:23:38.721+0000] {logging_mixin.py:149} INFO - [2023-08-29T06:23:38.721+0000] {dag.py:3490} INFO - Setting next_dagrun for example_dynamic_task_mapping_with_no_taskflow_operators to 2023-08-28T06:23:38.721318+00:00, run_after=2023-08-29T06:23:38.721318+00:00
[2023-08-29T06:23:38.745+0000] {processor.py:179} INFO - Processing /home/airflow/.local/lib/python3.7/site-packages/airflow/example_dags/example_dynamic_task_mapping_with_no_taskflow_operators.py took 0.079 seconds
[2023-08-29T06:24:09.749+0000] {processor.py:157} INFO - Started process (PID=461) to work on /home/airflow/.local/lib/python3.7/site-packages/airflow/example_dags/example_dynamic_task_mapping_with_no_taskflow_operators.py
[2023-08-29T06:24:09.751+0000] {processor.py:826} INFO - Processing file /home/airflow/.local/lib/python3.7/site-packages/airflow/example_dags/example_dynamic_task_mapping_with_no_taskflow_operators.py for tasks to queue
[2023-08-29T06:24:09.754+0000] {logging_mixin.py:149} INFO - [2023-08-29T06:24:09.754+0000] {dagbag.py:541} INFO - Filling up the DagBag from /home/airflow/.local/lib/python3.7/site-packages/airflow/example_dags/example_dynamic_task_mapping_with_no_taskflow_operators.py
[2023-08-29T06:24:09.762+0000] {processor.py:836} INFO - DAG(s) dict_keys(['example_dynamic_task_mapping_with_no_taskflow_operators']) retrieved from /home/airflow/.local/lib/python3.7/site-packages/airflow/example_dags/example_dynamic_task_mapping_with_no_taskflow_operators.py
[2023-08-29T06:24:09.796+0000] {logging_mixin.py:149} INFO - [2023-08-29T06:24:09.795+0000] {dag.py:2726} INFO - Sync 1 DAGs
[2023-08-29T06:24:09.842+0000] {logging_mixin.py:149} INFO - [2023-08-29T06:24:09.841+0000] {dag.py:3490} INFO - Setting next_dagrun for example_dynamic_task_mapping_with_no_taskflow_operators to 2023-08-28T06:24:09.841542+00:00, run_after=2023-08-29T06:24:09.841542+00:00
[2023-08-29T06:24:09.879+0000] {processor.py:179} INFO - Processing /home/airflow/.local/lib/python3.7/site-packages/airflow/example_dags/example_dynamic_task_mapping_with_no_taskflow_operators.py took 0.134 seconds
