[2023-08-29T02:59:05.136+0000] {processor.py:157} INFO - Started process (PID=55) to work on /home/airflow/.local/lib/python3.7/site-packages/airflow/example_dags/example_nested_branch_dag.py
[2023-08-29T02:59:05.137+0000] {processor.py:826} INFO - Processing file /home/airflow/.local/lib/python3.7/site-packages/airflow/example_dags/example_nested_branch_dag.py for tasks to queue
[2023-08-29T02:59:05.139+0000] {logging_mixin.py:149} INFO - [2023-08-29T02:59:05.139+0000] {dagbag.py:541} INFO - Filling up the DagBag from /home/airflow/.local/lib/python3.7/site-packages/airflow/example_dags/example_nested_branch_dag.py
[2023-08-29T02:59:05.152+0000] {processor.py:836} INFO - DAG(s) dict_keys(['example_nested_branch_dag']) retrieved from /home/airflow/.local/lib/python3.7/site-packages/airflow/example_dags/example_nested_branch_dag.py
[2023-08-29T02:59:05.353+0000] {logging_mixin.py:149} INFO - [2023-08-29T02:59:05.353+0000] {manager.py:504} INFO - Created Permission View: can edit on DAG:example_nested_branch_dag
[2023-08-29T02:59:05.373+0000] {logging_mixin.py:149} INFO - [2023-08-29T02:59:05.373+0000] {manager.py:504} INFO - Created Permission View: can read on DAG:example_nested_branch_dag
[2023-08-29T02:59:05.383+0000] {logging_mixin.py:149} INFO - [2023-08-29T02:59:05.383+0000] {manager.py:504} INFO - Created Permission View: can delete on DAG:example_nested_branch_dag
[2023-08-29T02:59:05.407+0000] {logging_mixin.py:149} INFO - [2023-08-29T02:59:05.407+0000] {dag.py:2726} INFO - Sync 1 DAGs
[2023-08-29T02:59:05.430+0000] {logging_mixin.py:149} INFO - [2023-08-29T02:59:05.429+0000] {dag.py:2747} INFO - Creating ORM DAG for example_nested_branch_dag
[2023-08-29T02:59:05.452+0000] {logging_mixin.py:149} INFO - [2023-08-29T02:59:05.451+0000] {dag.py:3490} INFO - Setting next_dagrun for example_nested_branch_dag to 2023-08-28T00:00:00+00:00, run_after=2023-08-29T00:00:00+00:00
[2023-08-29T02:59:05.487+0000] {processor.py:179} INFO - Processing /home/airflow/.local/lib/python3.7/site-packages/airflow/example_dags/example_nested_branch_dag.py took 0.355 seconds
[2023-08-29T02:59:35.842+0000] {processor.py:157} INFO - Started process (PID=131) to work on /home/airflow/.local/lib/python3.7/site-packages/airflow/example_dags/example_nested_branch_dag.py
[2023-08-29T02:59:35.843+0000] {processor.py:826} INFO - Processing file /home/airflow/.local/lib/python3.7/site-packages/airflow/example_dags/example_nested_branch_dag.py for tasks to queue
[2023-08-29T02:59:35.844+0000] {logging_mixin.py:149} INFO - [2023-08-29T02:59:35.844+0000] {dagbag.py:541} INFO - Filling up the DagBag from /home/airflow/.local/lib/python3.7/site-packages/airflow/example_dags/example_nested_branch_dag.py
[2023-08-29T02:59:35.852+0000] {processor.py:836} INFO - DAG(s) dict_keys(['example_nested_branch_dag']) retrieved from /home/airflow/.local/lib/python3.7/site-packages/airflow/example_dags/example_nested_branch_dag.py
[2023-08-29T02:59:35.873+0000] {logging_mixin.py:149} INFO - [2023-08-29T02:59:35.873+0000] {dag.py:2726} INFO - Sync 1 DAGs
[2023-08-29T02:59:35.893+0000] {logging_mixin.py:149} INFO - [2023-08-29T02:59:35.893+0000] {dag.py:3490} INFO - Setting next_dagrun for example_nested_branch_dag to 2023-08-28T00:00:00+00:00, run_after=2023-08-29T00:00:00+00:00
[2023-08-29T02:59:35.910+0000] {processor.py:179} INFO - Processing /home/airflow/.local/lib/python3.7/site-packages/airflow/example_dags/example_nested_branch_dag.py took 0.070 seconds
[2023-08-29T04:07:07.230+0000] {processor.py:157} INFO - Started process (PID=45) to work on /home/airflow/.local/lib/python3.7/site-packages/airflow/example_dags/example_nested_branch_dag.py
[2023-08-29T04:07:07.231+0000] {processor.py:826} INFO - Processing file /home/airflow/.local/lib/python3.7/site-packages/airflow/example_dags/example_nested_branch_dag.py for tasks to queue
[2023-08-29T04:07:07.233+0000] {logging_mixin.py:149} INFO - [2023-08-29T04:07:07.233+0000] {dagbag.py:541} INFO - Filling up the DagBag from /home/airflow/.local/lib/python3.7/site-packages/airflow/example_dags/example_nested_branch_dag.py
[2023-08-29T04:07:07.242+0000] {processor.py:836} INFO - DAG(s) dict_keys(['example_nested_branch_dag']) retrieved from /home/airflow/.local/lib/python3.7/site-packages/airflow/example_dags/example_nested_branch_dag.py
[2023-08-29T04:07:07.257+0000] {logging_mixin.py:149} INFO - [2023-08-29T04:07:07.256+0000] {dag.py:2726} INFO - Sync 1 DAGs
[2023-08-29T04:07:07.285+0000] {logging_mixin.py:149} INFO - [2023-08-29T04:07:07.285+0000] {dag.py:3490} INFO - Setting next_dagrun for example_nested_branch_dag to 2023-08-28T00:00:00+00:00, run_after=2023-08-29T00:00:00+00:00
[2023-08-29T04:07:07.309+0000] {processor.py:179} INFO - Processing /home/airflow/.local/lib/python3.7/site-packages/airflow/example_dags/example_nested_branch_dag.py took 0.082 seconds
[2023-08-29T04:07:39.577+0000] {processor.py:157} INFO - Started process (PID=130) to work on /home/airflow/.local/lib/python3.7/site-packages/airflow/example_dags/example_nested_branch_dag.py
[2023-08-29T04:07:39.578+0000] {processor.py:826} INFO - Processing file /home/airflow/.local/lib/python3.7/site-packages/airflow/example_dags/example_nested_branch_dag.py for tasks to queue
[2023-08-29T04:07:39.579+0000] {logging_mixin.py:149} INFO - [2023-08-29T04:07:39.579+0000] {dagbag.py:541} INFO - Filling up the DagBag from /home/airflow/.local/lib/python3.7/site-packages/airflow/example_dags/example_nested_branch_dag.py
[2023-08-29T04:07:39.588+0000] {processor.py:836} INFO - DAG(s) dict_keys(['example_nested_branch_dag']) retrieved from /home/airflow/.local/lib/python3.7/site-packages/airflow/example_dags/example_nested_branch_dag.py
[2023-08-29T04:07:39.609+0000] {logging_mixin.py:149} INFO - [2023-08-29T04:07:39.609+0000] {dag.py:2726} INFO - Sync 1 DAGs
[2023-08-29T04:07:39.636+0000] {logging_mixin.py:149} INFO - [2023-08-29T04:07:39.636+0000] {dag.py:3490} INFO - Setting next_dagrun for example_nested_branch_dag to 2023-08-28T00:00:00+00:00, run_after=2023-08-29T00:00:00+00:00
[2023-08-29T04:07:39.653+0000] {processor.py:179} INFO - Processing /home/airflow/.local/lib/python3.7/site-packages/airflow/example_dags/example_nested_branch_dag.py took 0.079 seconds
[2023-08-29T04:08:10.807+0000] {processor.py:157} INFO - Started process (PID=206) to work on /home/airflow/.local/lib/python3.7/site-packages/airflow/example_dags/example_nested_branch_dag.py
[2023-08-29T04:08:10.809+0000] {processor.py:826} INFO - Processing file /home/airflow/.local/lib/python3.7/site-packages/airflow/example_dags/example_nested_branch_dag.py for tasks to queue
[2023-08-29T04:08:10.811+0000] {logging_mixin.py:149} INFO - [2023-08-29T04:08:10.810+0000] {dagbag.py:541} INFO - Filling up the DagBag from /home/airflow/.local/lib/python3.7/site-packages/airflow/example_dags/example_nested_branch_dag.py
[2023-08-29T04:08:10.828+0000] {processor.py:836} INFO - DAG(s) dict_keys(['example_nested_branch_dag']) retrieved from /home/airflow/.local/lib/python3.7/site-packages/airflow/example_dags/example_nested_branch_dag.py
[2023-08-29T04:08:10.868+0000] {logging_mixin.py:149} INFO - [2023-08-29T04:08:10.868+0000] {dag.py:2726} INFO - Sync 1 DAGs
[2023-08-29T04:08:10.904+0000] {logging_mixin.py:149} INFO - [2023-08-29T04:08:10.903+0000] {dag.py:3490} INFO - Setting next_dagrun for example_nested_branch_dag to 2023-08-28T00:00:00+00:00, run_after=2023-08-29T00:00:00+00:00
[2023-08-29T04:08:10.941+0000] {processor.py:179} INFO - Processing /home/airflow/.local/lib/python3.7/site-packages/airflow/example_dags/example_nested_branch_dag.py took 0.141 seconds
[2023-08-29T04:08:41.082+0000] {processor.py:157} INFO - Started process (PID=291) to work on /home/airflow/.local/lib/python3.7/site-packages/airflow/example_dags/example_nested_branch_dag.py
[2023-08-29T04:08:41.084+0000] {processor.py:826} INFO - Processing file /home/airflow/.local/lib/python3.7/site-packages/airflow/example_dags/example_nested_branch_dag.py for tasks to queue
[2023-08-29T04:08:41.085+0000] {logging_mixin.py:149} INFO - [2023-08-29T04:08:41.085+0000] {dagbag.py:541} INFO - Filling up the DagBag from /home/airflow/.local/lib/python3.7/site-packages/airflow/example_dags/example_nested_branch_dag.py
[2023-08-29T04:08:41.096+0000] {processor.py:836} INFO - DAG(s) dict_keys(['example_nested_branch_dag']) retrieved from /home/airflow/.local/lib/python3.7/site-packages/airflow/example_dags/example_nested_branch_dag.py
[2023-08-29T04:08:41.124+0000] {logging_mixin.py:149} INFO - [2023-08-29T04:08:41.123+0000] {dag.py:2726} INFO - Sync 1 DAGs
[2023-08-29T04:08:41.159+0000] {logging_mixin.py:149} INFO - [2023-08-29T04:08:41.159+0000] {dag.py:3490} INFO - Setting next_dagrun for example_nested_branch_dag to 2023-08-28T00:00:00+00:00, run_after=2023-08-29T00:00:00+00:00
[2023-08-29T04:08:41.182+0000] {processor.py:179} INFO - Processing /home/airflow/.local/lib/python3.7/site-packages/airflow/example_dags/example_nested_branch_dag.py took 0.103 seconds
[2023-08-29T04:09:11.336+0000] {processor.py:157} INFO - Started process (PID=368) to work on /home/airflow/.local/lib/python3.7/site-packages/airflow/example_dags/example_nested_branch_dag.py
[2023-08-29T04:09:11.337+0000] {processor.py:826} INFO - Processing file /home/airflow/.local/lib/python3.7/site-packages/airflow/example_dags/example_nested_branch_dag.py for tasks to queue
[2023-08-29T04:09:11.338+0000] {logging_mixin.py:149} INFO - [2023-08-29T04:09:11.337+0000] {dagbag.py:541} INFO - Filling up the DagBag from /home/airflow/.local/lib/python3.7/site-packages/airflow/example_dags/example_nested_branch_dag.py
[2023-08-29T04:09:11.346+0000] {processor.py:836} INFO - DAG(s) dict_keys(['example_nested_branch_dag']) retrieved from /home/airflow/.local/lib/python3.7/site-packages/airflow/example_dags/example_nested_branch_dag.py
[2023-08-29T04:09:11.370+0000] {logging_mixin.py:149} INFO - [2023-08-29T04:09:11.370+0000] {dag.py:2726} INFO - Sync 1 DAGs
[2023-08-29T04:09:11.393+0000] {logging_mixin.py:149} INFO - [2023-08-29T04:09:11.393+0000] {dag.py:3490} INFO - Setting next_dagrun for example_nested_branch_dag to 2023-08-28T00:00:00+00:00, run_after=2023-08-29T00:00:00+00:00
[2023-08-29T04:09:11.409+0000] {processor.py:179} INFO - Processing /home/airflow/.local/lib/python3.7/site-packages/airflow/example_dags/example_nested_branch_dag.py took 0.076 seconds
[2023-08-29T04:09:41.905+0000] {processor.py:157} INFO - Started process (PID=453) to work on /home/airflow/.local/lib/python3.7/site-packages/airflow/example_dags/example_nested_branch_dag.py
[2023-08-29T04:09:41.907+0000] {processor.py:826} INFO - Processing file /home/airflow/.local/lib/python3.7/site-packages/airflow/example_dags/example_nested_branch_dag.py for tasks to queue
[2023-08-29T04:09:41.908+0000] {logging_mixin.py:149} INFO - [2023-08-29T04:09:41.907+0000] {dagbag.py:541} INFO - Filling up the DagBag from /home/airflow/.local/lib/python3.7/site-packages/airflow/example_dags/example_nested_branch_dag.py
[2023-08-29T04:09:41.917+0000] {processor.py:836} INFO - DAG(s) dict_keys(['example_nested_branch_dag']) retrieved from /home/airflow/.local/lib/python3.7/site-packages/airflow/example_dags/example_nested_branch_dag.py
[2023-08-29T04:09:41.942+0000] {logging_mixin.py:149} INFO - [2023-08-29T04:09:41.942+0000] {dag.py:2726} INFO - Sync 1 DAGs
[2023-08-29T04:09:41.975+0000] {logging_mixin.py:149} INFO - [2023-08-29T04:09:41.975+0000] {dag.py:3490} INFO - Setting next_dagrun for example_nested_branch_dag to 2023-08-28T00:00:00+00:00, run_after=2023-08-29T00:00:00+00:00
[2023-08-29T04:09:42.001+0000] {processor.py:179} INFO - Processing /home/airflow/.local/lib/python3.7/site-packages/airflow/example_dags/example_nested_branch_dag.py took 0.100 seconds
[2023-08-29T06:21:33.761+0000] {processor.py:157} INFO - Started process (PID=45) to work on /home/airflow/.local/lib/python3.7/site-packages/airflow/example_dags/example_nested_branch_dag.py
[2023-08-29T06:21:33.762+0000] {processor.py:826} INFO - Processing file /home/airflow/.local/lib/python3.7/site-packages/airflow/example_dags/example_nested_branch_dag.py for tasks to queue
[2023-08-29T06:21:33.763+0000] {logging_mixin.py:149} INFO - [2023-08-29T06:21:33.763+0000] {dagbag.py:541} INFO - Filling up the DagBag from /home/airflow/.local/lib/python3.7/site-packages/airflow/example_dags/example_nested_branch_dag.py
[2023-08-29T06:21:33.776+0000] {processor.py:836} INFO - DAG(s) dict_keys(['example_nested_branch_dag']) retrieved from /home/airflow/.local/lib/python3.7/site-packages/airflow/example_dags/example_nested_branch_dag.py
[2023-08-29T06:21:33.792+0000] {logging_mixin.py:149} INFO - [2023-08-29T06:21:33.791+0000] {dag.py:2726} INFO - Sync 1 DAGs
[2023-08-29T06:21:33.826+0000] {logging_mixin.py:149} INFO - [2023-08-29T06:21:33.825+0000] {dag.py:3490} INFO - Setting next_dagrun for example_nested_branch_dag to 2023-08-28T00:00:00+00:00, run_after=2023-08-29T00:00:00+00:00
[2023-08-29T06:21:33.861+0000] {processor.py:179} INFO - Processing /home/airflow/.local/lib/python3.7/site-packages/airflow/example_dags/example_nested_branch_dag.py took 0.103 seconds
[2023-08-29T06:22:04.806+0000] {processor.py:157} INFO - Started process (PID=130) to work on /home/airflow/.local/lib/python3.7/site-packages/airflow/example_dags/example_nested_branch_dag.py
[2023-08-29T06:22:04.807+0000] {processor.py:826} INFO - Processing file /home/airflow/.local/lib/python3.7/site-packages/airflow/example_dags/example_nested_branch_dag.py for tasks to queue
[2023-08-29T06:22:04.808+0000] {logging_mixin.py:149} INFO - [2023-08-29T06:22:04.808+0000] {dagbag.py:541} INFO - Filling up the DagBag from /home/airflow/.local/lib/python3.7/site-packages/airflow/example_dags/example_nested_branch_dag.py
[2023-08-29T06:22:04.816+0000] {processor.py:836} INFO - DAG(s) dict_keys(['example_nested_branch_dag']) retrieved from /home/airflow/.local/lib/python3.7/site-packages/airflow/example_dags/example_nested_branch_dag.py
[2023-08-29T06:22:04.838+0000] {logging_mixin.py:149} INFO - [2023-08-29T06:22:04.838+0000] {dag.py:2726} INFO - Sync 1 DAGs
[2023-08-29T06:22:04.859+0000] {logging_mixin.py:149} INFO - [2023-08-29T06:22:04.859+0000] {dag.py:3490} INFO - Setting next_dagrun for example_nested_branch_dag to 2023-08-28T00:00:00+00:00, run_after=2023-08-29T00:00:00+00:00
[2023-08-29T06:22:04.877+0000] {processor.py:179} INFO - Processing /home/airflow/.local/lib/python3.7/site-packages/airflow/example_dags/example_nested_branch_dag.py took 0.073 seconds
[2023-08-29T06:22:35.693+0000] {processor.py:157} INFO - Started process (PID=205) to work on /home/airflow/.local/lib/python3.7/site-packages/airflow/example_dags/example_nested_branch_dag.py
[2023-08-29T06:22:35.694+0000] {processor.py:826} INFO - Processing file /home/airflow/.local/lib/python3.7/site-packages/airflow/example_dags/example_nested_branch_dag.py for tasks to queue
[2023-08-29T06:22:35.695+0000] {logging_mixin.py:149} INFO - [2023-08-29T06:22:35.695+0000] {dagbag.py:541} INFO - Filling up the DagBag from /home/airflow/.local/lib/python3.7/site-packages/airflow/example_dags/example_nested_branch_dag.py
[2023-08-29T06:22:35.708+0000] {processor.py:836} INFO - DAG(s) dict_keys(['example_nested_branch_dag']) retrieved from /home/airflow/.local/lib/python3.7/site-packages/airflow/example_dags/example_nested_branch_dag.py
[2023-08-29T06:22:35.743+0000] {logging_mixin.py:149} INFO - [2023-08-29T06:22:35.743+0000] {dag.py:2726} INFO - Sync 1 DAGs
[2023-08-29T06:22:35.784+0000] {logging_mixin.py:149} INFO - [2023-08-29T06:22:35.783+0000] {dag.py:3490} INFO - Setting next_dagrun for example_nested_branch_dag to 2023-08-28T00:00:00+00:00, run_after=2023-08-29T00:00:00+00:00
[2023-08-29T06:22:35.829+0000] {processor.py:179} INFO - Processing /home/airflow/.local/lib/python3.7/site-packages/airflow/example_dags/example_nested_branch_dag.py took 0.141 seconds
[2023-08-29T06:23:06.789+0000] {processor.py:157} INFO - Started process (PID=291) to work on /home/airflow/.local/lib/python3.7/site-packages/airflow/example_dags/example_nested_branch_dag.py
[2023-08-29T06:23:06.790+0000] {processor.py:826} INFO - Processing file /home/airflow/.local/lib/python3.7/site-packages/airflow/example_dags/example_nested_branch_dag.py for tasks to queue
[2023-08-29T06:23:06.791+0000] {logging_mixin.py:149} INFO - [2023-08-29T06:23:06.791+0000] {dagbag.py:541} INFO - Filling up the DagBag from /home/airflow/.local/lib/python3.7/site-packages/airflow/example_dags/example_nested_branch_dag.py
[2023-08-29T06:23:06.802+0000] {processor.py:836} INFO - DAG(s) dict_keys(['example_nested_branch_dag']) retrieved from /home/airflow/.local/lib/python3.7/site-packages/airflow/example_dags/example_nested_branch_dag.py
[2023-08-29T06:23:06.829+0000] {logging_mixin.py:149} INFO - [2023-08-29T06:23:06.829+0000] {dag.py:2726} INFO - Sync 1 DAGs
[2023-08-29T06:23:06.859+0000] {logging_mixin.py:149} INFO - [2023-08-29T06:23:06.859+0000] {dag.py:3490} INFO - Setting next_dagrun for example_nested_branch_dag to 2023-08-28T00:00:00+00:00, run_after=2023-08-29T00:00:00+00:00
[2023-08-29T06:23:06.884+0000] {processor.py:179} INFO - Processing /home/airflow/.local/lib/python3.7/site-packages/airflow/example_dags/example_nested_branch_dag.py took 0.098 seconds
[2023-08-29T06:23:37.671+0000] {processor.py:157} INFO - Started process (PID=367) to work on /home/airflow/.local/lib/python3.7/site-packages/airflow/example_dags/example_nested_branch_dag.py
[2023-08-29T06:23:37.673+0000] {processor.py:826} INFO - Processing file /home/airflow/.local/lib/python3.7/site-packages/airflow/example_dags/example_nested_branch_dag.py for tasks to queue
[2023-08-29T06:23:37.673+0000] {logging_mixin.py:149} INFO - [2023-08-29T06:23:37.673+0000] {dagbag.py:541} INFO - Filling up the DagBag from /home/airflow/.local/lib/python3.7/site-packages/airflow/example_dags/example_nested_branch_dag.py
[2023-08-29T06:23:37.681+0000] {processor.py:836} INFO - DAG(s) dict_keys(['example_nested_branch_dag']) retrieved from /home/airflow/.local/lib/python3.7/site-packages/airflow/example_dags/example_nested_branch_dag.py
[2023-08-29T06:23:37.703+0000] {logging_mixin.py:149} INFO - [2023-08-29T06:23:37.703+0000] {dag.py:2726} INFO - Sync 1 DAGs
[2023-08-29T06:23:37.724+0000] {logging_mixin.py:149} INFO - [2023-08-29T06:23:37.724+0000] {dag.py:3490} INFO - Setting next_dagrun for example_nested_branch_dag to 2023-08-28T00:00:00+00:00, run_after=2023-08-29T00:00:00+00:00
[2023-08-29T06:23:37.745+0000] {processor.py:179} INFO - Processing /home/airflow/.local/lib/python3.7/site-packages/airflow/example_dags/example_nested_branch_dag.py took 0.076 seconds
[2023-08-29T06:24:08.471+0000] {processor.py:157} INFO - Started process (PID=452) to work on /home/airflow/.local/lib/python3.7/site-packages/airflow/example_dags/example_nested_branch_dag.py
[2023-08-29T06:24:08.473+0000] {processor.py:826} INFO - Processing file /home/airflow/.local/lib/python3.7/site-packages/airflow/example_dags/example_nested_branch_dag.py for tasks to queue
[2023-08-29T06:24:08.475+0000] {logging_mixin.py:149} INFO - [2023-08-29T06:24:08.475+0000] {dagbag.py:541} INFO - Filling up the DagBag from /home/airflow/.local/lib/python3.7/site-packages/airflow/example_dags/example_nested_branch_dag.py
[2023-08-29T06:24:08.487+0000] {processor.py:836} INFO - DAG(s) dict_keys(['example_nested_branch_dag']) retrieved from /home/airflow/.local/lib/python3.7/site-packages/airflow/example_dags/example_nested_branch_dag.py
[2023-08-29T06:24:08.542+0000] {logging_mixin.py:149} INFO - [2023-08-29T06:24:08.542+0000] {dag.py:2726} INFO - Sync 1 DAGs
[2023-08-29T06:24:08.576+0000] {logging_mixin.py:149} INFO - [2023-08-29T06:24:08.576+0000] {dag.py:3490} INFO - Setting next_dagrun for example_nested_branch_dag to 2023-08-28T00:00:00+00:00, run_after=2023-08-29T00:00:00+00:00
[2023-08-29T06:24:08.609+0000] {processor.py:179} INFO - Processing /home/airflow/.local/lib/python3.7/site-packages/airflow/example_dags/example_nested_branch_dag.py took 0.144 seconds
