[2023-08-29T02:59:05.958+0000] {processor.py:157} INFO - Started process (PID=58) to work on /home/airflow/.local/lib/python3.7/site-packages/airflow/example_dags/example_trigger_controller_dag.py
[2023-08-29T02:59:05.959+0000] {processor.py:826} INFO - Processing file /home/airflow/.local/lib/python3.7/site-packages/airflow/example_dags/example_trigger_controller_dag.py for tasks to queue
[2023-08-29T02:59:05.962+0000] {logging_mixin.py:149} INFO - [2023-08-29T02:59:05.961+0000] {dagbag.py:541} INFO - Filling up the DagBag from /home/airflow/.local/lib/python3.7/site-packages/airflow/example_dags/example_trigger_controller_dag.py
[2023-08-29T02:59:05.975+0000] {processor.py:836} INFO - DAG(s) dict_keys(['example_trigger_controller_dag']) retrieved from /home/airflow/.local/lib/python3.7/site-packages/airflow/example_dags/example_trigger_controller_dag.py
[2023-08-29T02:59:06.234+0000] {logging_mixin.py:149} INFO - [2023-08-29T02:59:06.233+0000] {manager.py:504} INFO - Created Permission View: can edit on DAG:example_trigger_controller_dag
[2023-08-29T02:59:06.274+0000] {logging_mixin.py:149} INFO - [2023-08-29T02:59:06.274+0000] {manager.py:504} INFO - Created Permission View: can read on DAG:example_trigger_controller_dag
[2023-08-29T02:59:06.303+0000] {logging_mixin.py:149} INFO - [2023-08-29T02:59:06.302+0000] {manager.py:504} INFO - Created Permission View: can delete on DAG:example_trigger_controller_dag
[2023-08-29T02:59:06.345+0000] {logging_mixin.py:149} INFO - [2023-08-29T02:59:06.345+0000] {dag.py:2726} INFO - Sync 1 DAGs
[2023-08-29T02:59:06.384+0000] {logging_mixin.py:149} INFO - [2023-08-29T02:59:06.383+0000] {dag.py:2747} INFO - Creating ORM DAG for example_trigger_controller_dag
[2023-08-29T02:59:06.413+0000] {logging_mixin.py:149} INFO - [2023-08-29T02:59:06.412+0000] {dag.py:3490} INFO - Setting next_dagrun for example_trigger_controller_dag to 2021-01-01T00:00:00+00:00, run_after=2021-01-01T00:00:00+00:00
[2023-08-29T02:59:06.472+0000] {processor.py:179} INFO - Processing /home/airflow/.local/lib/python3.7/site-packages/airflow/example_dags/example_trigger_controller_dag.py took 0.525 seconds
[2023-08-29T02:59:37.056+0000] {processor.py:157} INFO - Started process (PID=134) to work on /home/airflow/.local/lib/python3.7/site-packages/airflow/example_dags/example_trigger_controller_dag.py
[2023-08-29T02:59:37.057+0000] {processor.py:826} INFO - Processing file /home/airflow/.local/lib/python3.7/site-packages/airflow/example_dags/example_trigger_controller_dag.py for tasks to queue
[2023-08-29T02:59:37.057+0000] {logging_mixin.py:149} INFO - [2023-08-29T02:59:37.057+0000] {dagbag.py:541} INFO - Filling up the DagBag from /home/airflow/.local/lib/python3.7/site-packages/airflow/example_dags/example_trigger_controller_dag.py
[2023-08-29T02:59:37.061+0000] {processor.py:836} INFO - DAG(s) dict_keys(['example_trigger_controller_dag']) retrieved from /home/airflow/.local/lib/python3.7/site-packages/airflow/example_dags/example_trigger_controller_dag.py
[2023-08-29T02:59:37.080+0000] {logging_mixin.py:149} INFO - [2023-08-29T02:59:37.080+0000] {dag.py:2726} INFO - Sync 1 DAGs
[2023-08-29T02:59:37.100+0000] {logging_mixin.py:149} INFO - [2023-08-29T02:59:37.099+0000] {dag.py:3490} INFO - Setting next_dagrun for example_trigger_controller_dag to 2021-01-01T00:00:00+00:00, run_after=2021-01-01T00:00:00+00:00
[2023-08-29T02:59:37.115+0000] {processor.py:179} INFO - Processing /home/airflow/.local/lib/python3.7/site-packages/airflow/example_dags/example_trigger_controller_dag.py took 0.062 seconds
[2023-08-29T04:07:07.656+0000] {processor.py:157} INFO - Started process (PID=48) to work on /home/airflow/.local/lib/python3.7/site-packages/airflow/example_dags/example_trigger_controller_dag.py
[2023-08-29T04:07:07.660+0000] {processor.py:826} INFO - Processing file /home/airflow/.local/lib/python3.7/site-packages/airflow/example_dags/example_trigger_controller_dag.py for tasks to queue
[2023-08-29T04:07:07.662+0000] {logging_mixin.py:149} INFO - [2023-08-29T04:07:07.662+0000] {dagbag.py:541} INFO - Filling up the DagBag from /home/airflow/.local/lib/python3.7/site-packages/airflow/example_dags/example_trigger_controller_dag.py
[2023-08-29T04:07:07.667+0000] {processor.py:836} INFO - DAG(s) dict_keys(['example_trigger_controller_dag']) retrieved from /home/airflow/.local/lib/python3.7/site-packages/airflow/example_dags/example_trigger_controller_dag.py
[2023-08-29T04:07:07.688+0000] {logging_mixin.py:149} INFO - [2023-08-29T04:07:07.687+0000] {dag.py:2726} INFO - Sync 1 DAGs
[2023-08-29T04:07:07.747+0000] {logging_mixin.py:149} INFO - [2023-08-29T04:07:07.747+0000] {dag.py:3490} INFO - Setting next_dagrun for example_trigger_controller_dag to 2021-01-01T00:00:00+00:00, run_after=2021-01-01T00:00:00+00:00
[2023-08-29T04:07:08.005+0000] {processor.py:179} INFO - Processing /home/airflow/.local/lib/python3.7/site-packages/airflow/example_dags/example_trigger_controller_dag.py took 0.353 seconds
[2023-08-29T04:07:39.841+0000] {processor.py:157} INFO - Started process (PID=133) to work on /home/airflow/.local/lib/python3.7/site-packages/airflow/example_dags/example_trigger_controller_dag.py
[2023-08-29T04:07:39.842+0000] {processor.py:826} INFO - Processing file /home/airflow/.local/lib/python3.7/site-packages/airflow/example_dags/example_trigger_controller_dag.py for tasks to queue
[2023-08-29T04:07:39.843+0000] {logging_mixin.py:149} INFO - [2023-08-29T04:07:39.843+0000] {dagbag.py:541} INFO - Filling up the DagBag from /home/airflow/.local/lib/python3.7/site-packages/airflow/example_dags/example_trigger_controller_dag.py
[2023-08-29T04:07:39.846+0000] {processor.py:836} INFO - DAG(s) dict_keys(['example_trigger_controller_dag']) retrieved from /home/airflow/.local/lib/python3.7/site-packages/airflow/example_dags/example_trigger_controller_dag.py
[2023-08-29T04:07:39.866+0000] {logging_mixin.py:149} INFO - [2023-08-29T04:07:39.866+0000] {dag.py:2726} INFO - Sync 1 DAGs
[2023-08-29T04:07:39.889+0000] {logging_mixin.py:149} INFO - [2023-08-29T04:07:39.889+0000] {dag.py:3490} INFO - Setting next_dagrun for example_trigger_controller_dag to 2021-01-01T00:00:00+00:00, run_after=2021-01-01T00:00:00+00:00
[2023-08-29T04:07:39.906+0000] {processor.py:179} INFO - Processing /home/airflow/.local/lib/python3.7/site-packages/airflow/example_dags/example_trigger_controller_dag.py took 0.067 seconds
[2023-08-29T04:08:11.009+0000] {processor.py:157} INFO - Started process (PID=209) to work on /home/airflow/.local/lib/python3.7/site-packages/airflow/example_dags/example_trigger_controller_dag.py
[2023-08-29T04:08:11.010+0000] {processor.py:826} INFO - Processing file /home/airflow/.local/lib/python3.7/site-packages/airflow/example_dags/example_trigger_controller_dag.py for tasks to queue
[2023-08-29T04:08:11.011+0000] {logging_mixin.py:149} INFO - [2023-08-29T04:08:11.011+0000] {dagbag.py:541} INFO - Filling up the DagBag from /home/airflow/.local/lib/python3.7/site-packages/airflow/example_dags/example_trigger_controller_dag.py
[2023-08-29T04:08:11.016+0000] {processor.py:836} INFO - DAG(s) dict_keys(['example_trigger_controller_dag']) retrieved from /home/airflow/.local/lib/python3.7/site-packages/airflow/example_dags/example_trigger_controller_dag.py
[2023-08-29T04:08:11.060+0000] {logging_mixin.py:149} INFO - [2023-08-29T04:08:11.060+0000] {dag.py:2726} INFO - Sync 1 DAGs
[2023-08-29T04:08:11.108+0000] {logging_mixin.py:149} INFO - [2023-08-29T04:08:11.105+0000] {dag.py:3490} INFO - Setting next_dagrun for example_trigger_controller_dag to 2021-01-01T00:00:00+00:00, run_after=2021-01-01T00:00:00+00:00
[2023-08-29T04:08:11.132+0000] {processor.py:179} INFO - Processing /home/airflow/.local/lib/python3.7/site-packages/airflow/example_dags/example_trigger_controller_dag.py took 0.127 seconds
[2023-08-29T04:08:41.235+0000] {processor.py:157} INFO - Started process (PID=294) to work on /home/airflow/.local/lib/python3.7/site-packages/airflow/example_dags/example_trigger_controller_dag.py
[2023-08-29T04:08:41.236+0000] {processor.py:826} INFO - Processing file /home/airflow/.local/lib/python3.7/site-packages/airflow/example_dags/example_trigger_controller_dag.py for tasks to queue
[2023-08-29T04:08:41.238+0000] {logging_mixin.py:149} INFO - [2023-08-29T04:08:41.238+0000] {dagbag.py:541} INFO - Filling up the DagBag from /home/airflow/.local/lib/python3.7/site-packages/airflow/example_dags/example_trigger_controller_dag.py
[2023-08-29T04:08:41.241+0000] {processor.py:836} INFO - DAG(s) dict_keys(['example_trigger_controller_dag']) retrieved from /home/airflow/.local/lib/python3.7/site-packages/airflow/example_dags/example_trigger_controller_dag.py
[2023-08-29T04:08:41.262+0000] {logging_mixin.py:149} INFO - [2023-08-29T04:08:41.262+0000] {dag.py:2726} INFO - Sync 1 DAGs
[2023-08-29T04:08:41.286+0000] {logging_mixin.py:149} INFO - [2023-08-29T04:08:41.286+0000] {dag.py:3490} INFO - Setting next_dagrun for example_trigger_controller_dag to 2021-01-01T00:00:00+00:00, run_after=2021-01-01T00:00:00+00:00
[2023-08-29T04:08:41.313+0000] {processor.py:179} INFO - Processing /home/airflow/.local/lib/python3.7/site-packages/airflow/example_dags/example_trigger_controller_dag.py took 0.082 seconds
[2023-08-29T04:09:11.546+0000] {processor.py:157} INFO - Started process (PID=371) to work on /home/airflow/.local/lib/python3.7/site-packages/airflow/example_dags/example_trigger_controller_dag.py
[2023-08-29T04:09:11.547+0000] {processor.py:826} INFO - Processing file /home/airflow/.local/lib/python3.7/site-packages/airflow/example_dags/example_trigger_controller_dag.py for tasks to queue
[2023-08-29T04:09:11.548+0000] {logging_mixin.py:149} INFO - [2023-08-29T04:09:11.548+0000] {dagbag.py:541} INFO - Filling up the DagBag from /home/airflow/.local/lib/python3.7/site-packages/airflow/example_dags/example_trigger_controller_dag.py
[2023-08-29T04:09:11.551+0000] {processor.py:836} INFO - DAG(s) dict_keys(['example_trigger_controller_dag']) retrieved from /home/airflow/.local/lib/python3.7/site-packages/airflow/example_dags/example_trigger_controller_dag.py
[2023-08-29T04:09:11.576+0000] {logging_mixin.py:149} INFO - [2023-08-29T04:09:11.576+0000] {dag.py:2726} INFO - Sync 1 DAGs
[2023-08-29T04:09:11.597+0000] {logging_mixin.py:149} INFO - [2023-08-29T04:09:11.596+0000] {dag.py:3490} INFO - Setting next_dagrun for example_trigger_controller_dag to 2021-01-01T00:00:00+00:00, run_after=2021-01-01T00:00:00+00:00
[2023-08-29T04:09:11.613+0000] {processor.py:179} INFO - Processing /home/airflow/.local/lib/python3.7/site-packages/airflow/example_dags/example_trigger_controller_dag.py took 0.070 seconds
[2023-08-29T04:09:42.083+0000] {processor.py:157} INFO - Started process (PID=456) to work on /home/airflow/.local/lib/python3.7/site-packages/airflow/example_dags/example_trigger_controller_dag.py
[2023-08-29T04:09:42.084+0000] {processor.py:826} INFO - Processing file /home/airflow/.local/lib/python3.7/site-packages/airflow/example_dags/example_trigger_controller_dag.py for tasks to queue
[2023-08-29T04:09:42.085+0000] {logging_mixin.py:149} INFO - [2023-08-29T04:09:42.085+0000] {dagbag.py:541} INFO - Filling up the DagBag from /home/airflow/.local/lib/python3.7/site-packages/airflow/example_dags/example_trigger_controller_dag.py
[2023-08-29T04:09:42.089+0000] {processor.py:836} INFO - DAG(s) dict_keys(['example_trigger_controller_dag']) retrieved from /home/airflow/.local/lib/python3.7/site-packages/airflow/example_dags/example_trigger_controller_dag.py
[2023-08-29T04:09:42.120+0000] {logging_mixin.py:149} INFO - [2023-08-29T04:09:42.120+0000] {dag.py:2726} INFO - Sync 1 DAGs
[2023-08-29T04:09:42.153+0000] {logging_mixin.py:149} INFO - [2023-08-29T04:09:42.153+0000] {dag.py:3490} INFO - Setting next_dagrun for example_trigger_controller_dag to 2021-01-01T00:00:00+00:00, run_after=2021-01-01T00:00:00+00:00
[2023-08-29T04:09:42.182+0000] {processor.py:179} INFO - Processing /home/airflow/.local/lib/python3.7/site-packages/airflow/example_dags/example_trigger_controller_dag.py took 0.102 seconds
[2023-08-29T06:21:34.194+0000] {processor.py:157} INFO - Started process (PID=48) to work on /home/airflow/.local/lib/python3.7/site-packages/airflow/example_dags/example_trigger_controller_dag.py
[2023-08-29T06:21:34.195+0000] {processor.py:826} INFO - Processing file /home/airflow/.local/lib/python3.7/site-packages/airflow/example_dags/example_trigger_controller_dag.py for tasks to queue
[2023-08-29T06:21:34.196+0000] {logging_mixin.py:149} INFO - [2023-08-29T06:21:34.196+0000] {dagbag.py:541} INFO - Filling up the DagBag from /home/airflow/.local/lib/python3.7/site-packages/airflow/example_dags/example_trigger_controller_dag.py
[2023-08-29T06:21:34.200+0000] {processor.py:836} INFO - DAG(s) dict_keys(['example_trigger_controller_dag']) retrieved from /home/airflow/.local/lib/python3.7/site-packages/airflow/example_dags/example_trigger_controller_dag.py
[2023-08-29T06:21:34.216+0000] {logging_mixin.py:149} INFO - [2023-08-29T06:21:34.216+0000] {dag.py:2726} INFO - Sync 1 DAGs
[2023-08-29T06:21:34.263+0000] {logging_mixin.py:149} INFO - [2023-08-29T06:21:34.263+0000] {dag.py:3490} INFO - Setting next_dagrun for example_trigger_controller_dag to 2021-01-01T00:00:00+00:00, run_after=2021-01-01T00:00:00+00:00
[2023-08-29T06:21:34.533+0000] {processor.py:179} INFO - Processing /home/airflow/.local/lib/python3.7/site-packages/airflow/example_dags/example_trigger_controller_dag.py took 0.342 seconds
[2023-08-29T06:22:05.010+0000] {processor.py:157} INFO - Started process (PID=133) to work on /home/airflow/.local/lib/python3.7/site-packages/airflow/example_dags/example_trigger_controller_dag.py
[2023-08-29T06:22:05.011+0000] {processor.py:826} INFO - Processing file /home/airflow/.local/lib/python3.7/site-packages/airflow/example_dags/example_trigger_controller_dag.py for tasks to queue
[2023-08-29T06:22:05.012+0000] {logging_mixin.py:149} INFO - [2023-08-29T06:22:05.012+0000] {dagbag.py:541} INFO - Filling up the DagBag from /home/airflow/.local/lib/python3.7/site-packages/airflow/example_dags/example_trigger_controller_dag.py
[2023-08-29T06:22:05.015+0000] {processor.py:836} INFO - DAG(s) dict_keys(['example_trigger_controller_dag']) retrieved from /home/airflow/.local/lib/python3.7/site-packages/airflow/example_dags/example_trigger_controller_dag.py
[2023-08-29T06:22:05.036+0000] {logging_mixin.py:149} INFO - [2023-08-29T06:22:05.036+0000] {dag.py:2726} INFO - Sync 1 DAGs
[2023-08-29T06:22:05.058+0000] {logging_mixin.py:149} INFO - [2023-08-29T06:22:05.058+0000] {dag.py:3490} INFO - Setting next_dagrun for example_trigger_controller_dag to 2021-01-01T00:00:00+00:00, run_after=2021-01-01T00:00:00+00:00
[2023-08-29T06:22:05.077+0000] {processor.py:179} INFO - Processing /home/airflow/.local/lib/python3.7/site-packages/airflow/example_dags/example_trigger_controller_dag.py took 0.069 seconds
[2023-08-29T06:22:36.141+0000] {processor.py:157} INFO - Started process (PID=209) to work on /home/airflow/.local/lib/python3.7/site-packages/airflow/example_dags/example_trigger_controller_dag.py
[2023-08-29T06:22:36.144+0000] {processor.py:826} INFO - Processing file /home/airflow/.local/lib/python3.7/site-packages/airflow/example_dags/example_trigger_controller_dag.py for tasks to queue
[2023-08-29T06:22:36.146+0000] {logging_mixin.py:149} INFO - [2023-08-29T06:22:36.146+0000] {dagbag.py:541} INFO - Filling up the DagBag from /home/airflow/.local/lib/python3.7/site-packages/airflow/example_dags/example_trigger_controller_dag.py
[2023-08-29T06:22:36.149+0000] {processor.py:836} INFO - DAG(s) dict_keys(['example_trigger_controller_dag']) retrieved from /home/airflow/.local/lib/python3.7/site-packages/airflow/example_dags/example_trigger_controller_dag.py
[2023-08-29T06:22:36.181+0000] {logging_mixin.py:149} INFO - [2023-08-29T06:22:36.181+0000] {dag.py:2726} INFO - Sync 1 DAGs
[2023-08-29T06:22:36.213+0000] {logging_mixin.py:149} INFO - [2023-08-29T06:22:36.213+0000] {dag.py:3490} INFO - Setting next_dagrun for example_trigger_controller_dag to 2021-01-01T00:00:00+00:00, run_after=2021-01-01T00:00:00+00:00
[2023-08-29T06:22:36.245+0000] {processor.py:179} INFO - Processing /home/airflow/.local/lib/python3.7/site-packages/airflow/example_dags/example_trigger_controller_dag.py took 0.110 seconds
[2023-08-29T06:23:07.091+0000] {processor.py:157} INFO - Started process (PID=294) to work on /home/airflow/.local/lib/python3.7/site-packages/airflow/example_dags/example_trigger_controller_dag.py
[2023-08-29T06:23:07.092+0000] {processor.py:826} INFO - Processing file /home/airflow/.local/lib/python3.7/site-packages/airflow/example_dags/example_trigger_controller_dag.py for tasks to queue
[2023-08-29T06:23:07.093+0000] {logging_mixin.py:149} INFO - [2023-08-29T06:23:07.093+0000] {dagbag.py:541} INFO - Filling up the DagBag from /home/airflow/.local/lib/python3.7/site-packages/airflow/example_dags/example_trigger_controller_dag.py
[2023-08-29T06:23:07.098+0000] {processor.py:836} INFO - DAG(s) dict_keys(['example_trigger_controller_dag']) retrieved from /home/airflow/.local/lib/python3.7/site-packages/airflow/example_dags/example_trigger_controller_dag.py
[2023-08-29T06:23:07.128+0000] {logging_mixin.py:149} INFO - [2023-08-29T06:23:07.127+0000] {dag.py:2726} INFO - Sync 1 DAGs
[2023-08-29T06:23:07.152+0000] {logging_mixin.py:149} INFO - [2023-08-29T06:23:07.152+0000] {dag.py:3490} INFO - Setting next_dagrun for example_trigger_controller_dag to 2021-01-01T00:00:00+00:00, run_after=2021-01-01T00:00:00+00:00
[2023-08-29T06:23:07.168+0000] {processor.py:179} INFO - Processing /home/airflow/.local/lib/python3.7/site-packages/airflow/example_dags/example_trigger_controller_dag.py took 0.080 seconds
[2023-08-29T06:23:37.923+0000] {processor.py:157} INFO - Started process (PID=370) to work on /home/airflow/.local/lib/python3.7/site-packages/airflow/example_dags/example_trigger_controller_dag.py
[2023-08-29T06:23:37.924+0000] {processor.py:826} INFO - Processing file /home/airflow/.local/lib/python3.7/site-packages/airflow/example_dags/example_trigger_controller_dag.py for tasks to queue
[2023-08-29T06:23:37.925+0000] {logging_mixin.py:149} INFO - [2023-08-29T06:23:37.925+0000] {dagbag.py:541} INFO - Filling up the DagBag from /home/airflow/.local/lib/python3.7/site-packages/airflow/example_dags/example_trigger_controller_dag.py
[2023-08-29T06:23:37.928+0000] {processor.py:836} INFO - DAG(s) dict_keys(['example_trigger_controller_dag']) retrieved from /home/airflow/.local/lib/python3.7/site-packages/airflow/example_dags/example_trigger_controller_dag.py
[2023-08-29T06:23:37.950+0000] {logging_mixin.py:149} INFO - [2023-08-29T06:23:37.949+0000] {dag.py:2726} INFO - Sync 1 DAGs
[2023-08-29T06:23:37.970+0000] {logging_mixin.py:149} INFO - [2023-08-29T06:23:37.970+0000] {dag.py:3490} INFO - Setting next_dagrun for example_trigger_controller_dag to 2021-01-01T00:00:00+00:00, run_after=2021-01-01T00:00:00+00:00
[2023-08-29T06:23:37.988+0000] {processor.py:179} INFO - Processing /home/airflow/.local/lib/python3.7/site-packages/airflow/example_dags/example_trigger_controller_dag.py took 0.068 seconds
[2023-08-29T06:24:08.832+0000] {processor.py:157} INFO - Started process (PID=455) to work on /home/airflow/.local/lib/python3.7/site-packages/airflow/example_dags/example_trigger_controller_dag.py
[2023-08-29T06:24:08.838+0000] {processor.py:826} INFO - Processing file /home/airflow/.local/lib/python3.7/site-packages/airflow/example_dags/example_trigger_controller_dag.py for tasks to queue
[2023-08-29T06:24:08.843+0000] {logging_mixin.py:149} INFO - [2023-08-29T06:24:08.843+0000] {dagbag.py:541} INFO - Filling up the DagBag from /home/airflow/.local/lib/python3.7/site-packages/airflow/example_dags/example_trigger_controller_dag.py
[2023-08-29T06:24:08.852+0000] {processor.py:836} INFO - DAG(s) dict_keys(['example_trigger_controller_dag']) retrieved from /home/airflow/.local/lib/python3.7/site-packages/airflow/example_dags/example_trigger_controller_dag.py
[2023-08-29T06:24:08.887+0000] {logging_mixin.py:149} INFO - [2023-08-29T06:24:08.887+0000] {dag.py:2726} INFO - Sync 1 DAGs
[2023-08-29T06:24:08.914+0000] {logging_mixin.py:149} INFO - [2023-08-29T06:24:08.913+0000] {dag.py:3490} INFO - Setting next_dagrun for example_trigger_controller_dag to 2021-01-01T00:00:00+00:00, run_after=2021-01-01T00:00:00+00:00
[2023-08-29T06:24:08.943+0000] {processor.py:179} INFO - Processing /home/airflow/.local/lib/python3.7/site-packages/airflow/example_dags/example_trigger_controller_dag.py took 0.120 seconds
