[2023-08-29T02:59:00.550+0000] {processor.py:157} INFO - Started process (PID=32) to work on /home/airflow/.local/lib/python3.7/site-packages/airflow/example_dags/example_task_group_decorator.py
[2023-08-29T02:59:00.551+0000] {processor.py:826} INFO - Processing file /home/airflow/.local/lib/python3.7/site-packages/airflow/example_dags/example_task_group_decorator.py for tasks to queue
[2023-08-29T02:59:00.553+0000] {logging_mixin.py:149} INFO - [2023-08-29T02:59:00.553+0000] {dagbag.py:541} INFO - Filling up the DagBag from /home/airflow/.local/lib/python3.7/site-packages/airflow/example_dags/example_task_group_decorator.py
[2023-08-29T02:59:00.588+0000] {processor.py:836} INFO - DAG(s) dict_keys(['example_task_group_decorator']) retrieved from /home/airflow/.local/lib/python3.7/site-packages/airflow/example_dags/example_task_group_decorator.py
[2023-08-29T02:59:00.969+0000] {logging_mixin.py:149} INFO - [2023-08-29T02:59:00.968+0000] {manager.py:504} INFO - Created Permission View: can edit on DAG:example_task_group_decorator
[2023-08-29T02:59:00.992+0000] {logging_mixin.py:149} INFO - [2023-08-29T02:59:00.991+0000] {manager.py:504} INFO - Created Permission View: can read on DAG:example_task_group_decorator
[2023-08-29T02:59:01.009+0000] {logging_mixin.py:149} INFO - [2023-08-29T02:59:01.008+0000] {manager.py:504} INFO - Created Permission View: can delete on DAG:example_task_group_decorator
[2023-08-29T02:59:01.039+0000] {logging_mixin.py:149} INFO - [2023-08-29T02:59:01.038+0000] {dag.py:2726} INFO - Sync 1 DAGs
[2023-08-29T02:59:01.066+0000] {logging_mixin.py:149} INFO - [2023-08-29T02:59:01.066+0000] {dag.py:2747} INFO - Creating ORM DAG for example_task_group_decorator
[2023-08-29T02:59:01.092+0000] {logging_mixin.py:149} INFO - [2023-08-29T02:59:01.092+0000] {dag.py:3490} INFO - Setting next_dagrun for example_task_group_decorator to 2023-08-28T02:59:01.091665+00:00, run_after=2023-08-29T02:59:01.091665+00:00
[2023-08-29T02:59:01.154+0000] {processor.py:179} INFO - Processing /home/airflow/.local/lib/python3.7/site-packages/airflow/example_dags/example_task_group_decorator.py took 0.608 seconds
[2023-08-29T02:59:32.072+0000] {processor.py:157} INFO - Started process (PID=117) to work on /home/airflow/.local/lib/python3.7/site-packages/airflow/example_dags/example_task_group_decorator.py
[2023-08-29T02:59:32.073+0000] {processor.py:826} INFO - Processing file /home/airflow/.local/lib/python3.7/site-packages/airflow/example_dags/example_task_group_decorator.py for tasks to queue
[2023-08-29T02:59:32.074+0000] {logging_mixin.py:149} INFO - [2023-08-29T02:59:32.074+0000] {dagbag.py:541} INFO - Filling up the DagBag from /home/airflow/.local/lib/python3.7/site-packages/airflow/example_dags/example_task_group_decorator.py
[2023-08-29T02:59:32.086+0000] {processor.py:836} INFO - DAG(s) dict_keys(['example_task_group_decorator']) retrieved from /home/airflow/.local/lib/python3.7/site-packages/airflow/example_dags/example_task_group_decorator.py
[2023-08-29T02:59:32.109+0000] {logging_mixin.py:149} INFO - [2023-08-29T02:59:32.109+0000] {dag.py:2726} INFO - Sync 1 DAGs
[2023-08-29T02:59:32.129+0000] {logging_mixin.py:149} INFO - [2023-08-29T02:59:32.129+0000] {dag.py:3490} INFO - Setting next_dagrun for example_task_group_decorator to 2023-08-28T02:59:32.129270+00:00, run_after=2023-08-29T02:59:32.129270+00:00
[2023-08-29T02:59:32.146+0000] {processor.py:179} INFO - Processing /home/airflow/.local/lib/python3.7/site-packages/airflow/example_dags/example_task_group_decorator.py took 0.077 seconds
[2023-08-29T04:07:06.398+0000] {processor.py:157} INFO - Started process (PID=31) to work on /home/airflow/.local/lib/python3.7/site-packages/airflow/example_dags/example_task_group_decorator.py
[2023-08-29T04:07:06.399+0000] {processor.py:826} INFO - Processing file /home/airflow/.local/lib/python3.7/site-packages/airflow/example_dags/example_task_group_decorator.py for tasks to queue
[2023-08-29T04:07:06.400+0000] {logging_mixin.py:149} INFO - [2023-08-29T04:07:06.400+0000] {dagbag.py:541} INFO - Filling up the DagBag from /home/airflow/.local/lib/python3.7/site-packages/airflow/example_dags/example_task_group_decorator.py
[2023-08-29T04:07:06.420+0000] {processor.py:836} INFO - DAG(s) dict_keys(['example_task_group_decorator']) retrieved from /home/airflow/.local/lib/python3.7/site-packages/airflow/example_dags/example_task_group_decorator.py
[2023-08-29T04:07:06.442+0000] {logging_mixin.py:149} INFO - [2023-08-29T04:07:06.442+0000] {dag.py:2726} INFO - Sync 1 DAGs
[2023-08-29T04:07:06.469+0000] {logging_mixin.py:149} INFO - [2023-08-29T04:07:06.469+0000] {dag.py:3490} INFO - Setting next_dagrun for example_task_group_decorator to 2023-08-28T04:07:06.469530+00:00, run_after=2023-08-29T04:07:06.469530+00:00
[2023-08-29T04:07:06.490+0000] {processor.py:179} INFO - Processing /home/airflow/.local/lib/python3.7/site-packages/airflow/example_dags/example_task_group_decorator.py took 0.096 seconds
[2023-08-29T04:07:36.560+0000] {processor.py:157} INFO - Started process (PID=116) to work on /home/airflow/.local/lib/python3.7/site-packages/airflow/example_dags/example_task_group_decorator.py
[2023-08-29T04:07:36.562+0000] {processor.py:826} INFO - Processing file /home/airflow/.local/lib/python3.7/site-packages/airflow/example_dags/example_task_group_decorator.py for tasks to queue
[2023-08-29T04:07:36.563+0000] {logging_mixin.py:149} INFO - [2023-08-29T04:07:36.563+0000] {dagbag.py:541} INFO - Filling up the DagBag from /home/airflow/.local/lib/python3.7/site-packages/airflow/example_dags/example_task_group_decorator.py
[2023-08-29T04:07:36.893+0000] {processor.py:836} INFO - DAG(s) dict_keys(['example_task_group_decorator']) retrieved from /home/airflow/.local/lib/python3.7/site-packages/airflow/example_dags/example_task_group_decorator.py
[2023-08-29T04:07:36.952+0000] {logging_mixin.py:149} INFO - [2023-08-29T04:07:36.952+0000] {dag.py:2726} INFO - Sync 1 DAGs
[2023-08-29T04:07:37.027+0000] {logging_mixin.py:149} INFO - [2023-08-29T04:07:37.027+0000] {dag.py:3490} INFO - Setting next_dagrun for example_task_group_decorator to 2023-08-28T04:07:37.026805+00:00, run_after=2023-08-29T04:07:37.026805+00:00
[2023-08-29T04:07:37.071+0000] {processor.py:179} INFO - Processing /home/airflow/.local/lib/python3.7/site-packages/airflow/example_dags/example_task_group_decorator.py took 0.518 seconds
[2023-08-29T04:08:07.199+0000] {processor.py:157} INFO - Started process (PID=192) to work on /home/airflow/.local/lib/python3.7/site-packages/airflow/example_dags/example_task_group_decorator.py
[2023-08-29T04:08:07.200+0000] {processor.py:826} INFO - Processing file /home/airflow/.local/lib/python3.7/site-packages/airflow/example_dags/example_task_group_decorator.py for tasks to queue
[2023-08-29T04:08:07.201+0000] {logging_mixin.py:149} INFO - [2023-08-29T04:08:07.201+0000] {dagbag.py:541} INFO - Filling up the DagBag from /home/airflow/.local/lib/python3.7/site-packages/airflow/example_dags/example_task_group_decorator.py
[2023-08-29T04:08:07.216+0000] {processor.py:836} INFO - DAG(s) dict_keys(['example_task_group_decorator']) retrieved from /home/airflow/.local/lib/python3.7/site-packages/airflow/example_dags/example_task_group_decorator.py
[2023-08-29T04:08:07.246+0000] {logging_mixin.py:149} INFO - [2023-08-29T04:08:07.246+0000] {dag.py:2726} INFO - Sync 1 DAGs
[2023-08-29T04:08:07.269+0000] {logging_mixin.py:149} INFO - [2023-08-29T04:08:07.269+0000] {dag.py:3490} INFO - Setting next_dagrun for example_task_group_decorator to 2023-08-28T04:08:07.269280+00:00, run_after=2023-08-29T04:08:07.269280+00:00
[2023-08-29T04:08:07.292+0000] {processor.py:179} INFO - Processing /home/airflow/.local/lib/python3.7/site-packages/airflow/example_dags/example_task_group_decorator.py took 0.095 seconds
[2023-08-29T04:08:37.870+0000] {processor.py:157} INFO - Started process (PID=268) to work on /home/airflow/.local/lib/python3.7/site-packages/airflow/example_dags/example_task_group_decorator.py
[2023-08-29T04:08:37.872+0000] {processor.py:826} INFO - Processing file /home/airflow/.local/lib/python3.7/site-packages/airflow/example_dags/example_task_group_decorator.py for tasks to queue
[2023-08-29T04:08:37.873+0000] {logging_mixin.py:149} INFO - [2023-08-29T04:08:37.872+0000] {dagbag.py:541} INFO - Filling up the DagBag from /home/airflow/.local/lib/python3.7/site-packages/airflow/example_dags/example_task_group_decorator.py
[2023-08-29T04:08:37.885+0000] {processor.py:836} INFO - DAG(s) dict_keys(['example_task_group_decorator']) retrieved from /home/airflow/.local/lib/python3.7/site-packages/airflow/example_dags/example_task_group_decorator.py
[2023-08-29T04:08:37.912+0000] {logging_mixin.py:149} INFO - [2023-08-29T04:08:37.912+0000] {dag.py:2726} INFO - Sync 1 DAGs
[2023-08-29T04:08:37.933+0000] {logging_mixin.py:149} INFO - [2023-08-29T04:08:37.932+0000] {dag.py:3490} INFO - Setting next_dagrun for example_task_group_decorator to 2023-08-28T04:08:37.932785+00:00, run_after=2023-08-29T04:08:37.932785+00:00
[2023-08-29T04:08:37.951+0000] {processor.py:179} INFO - Processing /home/airflow/.local/lib/python3.7/site-packages/airflow/example_dags/example_task_group_decorator.py took 0.084 seconds
[2023-08-29T04:09:08.523+0000] {processor.py:157} INFO - Started process (PID=354) to work on /home/airflow/.local/lib/python3.7/site-packages/airflow/example_dags/example_task_group_decorator.py
[2023-08-29T04:09:08.524+0000] {processor.py:826} INFO - Processing file /home/airflow/.local/lib/python3.7/site-packages/airflow/example_dags/example_task_group_decorator.py for tasks to queue
[2023-08-29T04:09:08.525+0000] {logging_mixin.py:149} INFO - [2023-08-29T04:09:08.525+0000] {dagbag.py:541} INFO - Filling up the DagBag from /home/airflow/.local/lib/python3.7/site-packages/airflow/example_dags/example_task_group_decorator.py
[2023-08-29T04:09:08.537+0000] {processor.py:836} INFO - DAG(s) dict_keys(['example_task_group_decorator']) retrieved from /home/airflow/.local/lib/python3.7/site-packages/airflow/example_dags/example_task_group_decorator.py
[2023-08-29T04:09:08.564+0000] {logging_mixin.py:149} INFO - [2023-08-29T04:09:08.564+0000] {dag.py:2726} INFO - Sync 1 DAGs
[2023-08-29T04:09:08.584+0000] {logging_mixin.py:149} INFO - [2023-08-29T04:09:08.584+0000] {dag.py:3490} INFO - Setting next_dagrun for example_task_group_decorator to 2023-08-28T04:09:08.584014+00:00, run_after=2023-08-29T04:09:08.584014+00:00
[2023-08-29T04:09:08.600+0000] {processor.py:179} INFO - Processing /home/airflow/.local/lib/python3.7/site-packages/airflow/example_dags/example_task_group_decorator.py took 0.080 seconds
[2023-08-29T04:09:38.903+0000] {processor.py:157} INFO - Started process (PID=430) to work on /home/airflow/.local/lib/python3.7/site-packages/airflow/example_dags/example_task_group_decorator.py
[2023-08-29T04:09:38.904+0000] {processor.py:826} INFO - Processing file /home/airflow/.local/lib/python3.7/site-packages/airflow/example_dags/example_task_group_decorator.py for tasks to queue
[2023-08-29T04:09:38.905+0000] {logging_mixin.py:149} INFO - [2023-08-29T04:09:38.905+0000] {dagbag.py:541} INFO - Filling up the DagBag from /home/airflow/.local/lib/python3.7/site-packages/airflow/example_dags/example_task_group_decorator.py
[2023-08-29T04:09:38.916+0000] {processor.py:836} INFO - DAG(s) dict_keys(['example_task_group_decorator']) retrieved from /home/airflow/.local/lib/python3.7/site-packages/airflow/example_dags/example_task_group_decorator.py
[2023-08-29T04:09:38.942+0000] {logging_mixin.py:149} INFO - [2023-08-29T04:09:38.942+0000] {dag.py:2726} INFO - Sync 1 DAGs
[2023-08-29T04:09:38.965+0000] {logging_mixin.py:149} INFO - [2023-08-29T04:09:38.965+0000] {dag.py:3490} INFO - Setting next_dagrun for example_task_group_decorator to 2023-08-28T04:09:38.965060+00:00, run_after=2023-08-29T04:09:38.965060+00:00
[2023-08-29T04:09:38.982+0000] {processor.py:179} INFO - Processing /home/airflow/.local/lib/python3.7/site-packages/airflow/example_dags/example_task_group_decorator.py took 0.082 seconds
[2023-08-29T06:21:03.795+0000] {processor.py:157} INFO - Started process (PID=31) to work on /home/airflow/.local/lib/python3.7/site-packages/airflow/example_dags/example_task_group_decorator.py
[2023-08-29T06:21:03.797+0000] {processor.py:826} INFO - Processing file /home/airflow/.local/lib/python3.7/site-packages/airflow/example_dags/example_task_group_decorator.py for tasks to queue
[2023-08-29T06:21:03.799+0000] {logging_mixin.py:149} INFO - [2023-08-29T06:21:03.799+0000] {dagbag.py:541} INFO - Filling up the DagBag from /home/airflow/.local/lib/python3.7/site-packages/airflow/example_dags/example_task_group_decorator.py
[2023-08-29T06:21:03.828+0000] {processor.py:836} INFO - DAG(s) dict_keys(['example_task_group_decorator']) retrieved from /home/airflow/.local/lib/python3.7/site-packages/airflow/example_dags/example_task_group_decorator.py
[2023-08-29T06:21:03.880+0000] {logging_mixin.py:149} INFO - [2023-08-29T06:21:03.880+0000] {dag.py:2726} INFO - Sync 1 DAGs
[2023-08-29T06:21:03.903+0000] {logging_mixin.py:149} INFO - [2023-08-29T06:21:03.903+0000] {dag.py:3490} INFO - Setting next_dagrun for example_task_group_decorator to 2023-08-28T06:21:03.903226+00:00, run_after=2023-08-29T06:21:03.903226+00:00
[2023-08-29T06:21:03.930+0000] {processor.py:179} INFO - Processing /home/airflow/.local/lib/python3.7/site-packages/airflow/example_dags/example_task_group_decorator.py took 0.141 seconds
[2023-08-29T06:21:32.255+0000] {processor.py:157} INFO - Started process (PID=31) to work on /home/airflow/.local/lib/python3.7/site-packages/airflow/example_dags/example_task_group_decorator.py
[2023-08-29T06:21:32.256+0000] {processor.py:826} INFO - Processing file /home/airflow/.local/lib/python3.7/site-packages/airflow/example_dags/example_task_group_decorator.py for tasks to queue
[2023-08-29T06:21:32.258+0000] {logging_mixin.py:149} INFO - [2023-08-29T06:21:32.257+0000] {dagbag.py:541} INFO - Filling up the DagBag from /home/airflow/.local/lib/python3.7/site-packages/airflow/example_dags/example_task_group_decorator.py
[2023-08-29T06:21:32.274+0000] {processor.py:836} INFO - DAG(s) dict_keys(['example_task_group_decorator']) retrieved from /home/airflow/.local/lib/python3.7/site-packages/airflow/example_dags/example_task_group_decorator.py
[2023-08-29T06:21:32.299+0000] {logging_mixin.py:149} INFO - [2023-08-29T06:21:32.298+0000] {dag.py:2726} INFO - Sync 1 DAGs
[2023-08-29T06:21:32.329+0000] {logging_mixin.py:149} INFO - [2023-08-29T06:21:32.329+0000] {dag.py:3490} INFO - Setting next_dagrun for example_task_group_decorator to 2023-08-28T06:21:32.329413+00:00, run_after=2023-08-29T06:21:32.329413+00:00
[2023-08-29T06:21:32.355+0000] {processor.py:179} INFO - Processing /home/airflow/.local/lib/python3.7/site-packages/airflow/example_dags/example_task_group_decorator.py took 0.104 seconds
[2023-08-29T06:22:02.440+0000] {processor.py:157} INFO - Started process (PID=116) to work on /home/airflow/.local/lib/python3.7/site-packages/airflow/example_dags/example_task_group_decorator.py
[2023-08-29T06:22:02.442+0000] {processor.py:826} INFO - Processing file /home/airflow/.local/lib/python3.7/site-packages/airflow/example_dags/example_task_group_decorator.py for tasks to queue
[2023-08-29T06:22:02.444+0000] {logging_mixin.py:149} INFO - [2023-08-29T06:22:02.444+0000] {dagbag.py:541} INFO - Filling up the DagBag from /home/airflow/.local/lib/python3.7/site-packages/airflow/example_dags/example_task_group_decorator.py
[2023-08-29T06:22:02.604+0000] {processor.py:836} INFO - DAG(s) dict_keys(['example_task_group_decorator']) retrieved from /home/airflow/.local/lib/python3.7/site-packages/airflow/example_dags/example_task_group_decorator.py
[2023-08-29T06:22:02.627+0000] {logging_mixin.py:149} INFO - [2023-08-29T06:22:02.627+0000] {dag.py:2726} INFO - Sync 1 DAGs
[2023-08-29T06:22:02.647+0000] {logging_mixin.py:149} INFO - [2023-08-29T06:22:02.647+0000] {dag.py:3490} INFO - Setting next_dagrun for example_task_group_decorator to 2023-08-28T06:22:02.647576+00:00, run_after=2023-08-29T06:22:02.647576+00:00
[2023-08-29T06:22:02.669+0000] {processor.py:179} INFO - Processing /home/airflow/.local/lib/python3.7/site-packages/airflow/example_dags/example_task_group_decorator.py took 0.233 seconds
[2023-08-29T06:22:33.071+0000] {processor.py:157} INFO - Started process (PID=192) to work on /home/airflow/.local/lib/python3.7/site-packages/airflow/example_dags/example_task_group_decorator.py
[2023-08-29T06:22:33.074+0000] {processor.py:826} INFO - Processing file /home/airflow/.local/lib/python3.7/site-packages/airflow/example_dags/example_task_group_decorator.py for tasks to queue
[2023-08-29T06:22:33.078+0000] {logging_mixin.py:149} INFO - [2023-08-29T06:22:33.077+0000] {dagbag.py:541} INFO - Filling up the DagBag from /home/airflow/.local/lib/python3.7/site-packages/airflow/example_dags/example_task_group_decorator.py
[2023-08-29T06:22:33.096+0000] {processor.py:836} INFO - DAG(s) dict_keys(['example_task_group_decorator']) retrieved from /home/airflow/.local/lib/python3.7/site-packages/airflow/example_dags/example_task_group_decorator.py
[2023-08-29T06:22:33.133+0000] {logging_mixin.py:149} INFO - [2023-08-29T06:22:33.132+0000] {dag.py:2726} INFO - Sync 1 DAGs
[2023-08-29T06:22:33.175+0000] {logging_mixin.py:149} INFO - [2023-08-29T06:22:33.174+0000] {dag.py:3490} INFO - Setting next_dagrun for example_task_group_decorator to 2023-08-28T06:22:33.173255+00:00, run_after=2023-08-29T06:22:33.173255+00:00
[2023-08-29T06:22:33.204+0000] {processor.py:179} INFO - Processing /home/airflow/.local/lib/python3.7/site-packages/airflow/example_dags/example_task_group_decorator.py took 0.138 seconds
[2023-08-29T06:23:03.412+0000] {processor.py:157} INFO - Started process (PID=268) to work on /home/airflow/.local/lib/python3.7/site-packages/airflow/example_dags/example_task_group_decorator.py
[2023-08-29T06:23:03.414+0000] {processor.py:826} INFO - Processing file /home/airflow/.local/lib/python3.7/site-packages/airflow/example_dags/example_task_group_decorator.py for tasks to queue
[2023-08-29T06:23:03.414+0000] {logging_mixin.py:149} INFO - [2023-08-29T06:23:03.414+0000] {dagbag.py:541} INFO - Filling up the DagBag from /home/airflow/.local/lib/python3.7/site-packages/airflow/example_dags/example_task_group_decorator.py
[2023-08-29T06:23:03.429+0000] {processor.py:836} INFO - DAG(s) dict_keys(['example_task_group_decorator']) retrieved from /home/airflow/.local/lib/python3.7/site-packages/airflow/example_dags/example_task_group_decorator.py
[2023-08-29T06:23:03.459+0000] {logging_mixin.py:149} INFO - [2023-08-29T06:23:03.459+0000] {dag.py:2726} INFO - Sync 1 DAGs
[2023-08-29T06:23:03.485+0000] {logging_mixin.py:149} INFO - [2023-08-29T06:23:03.485+0000] {dag.py:3490} INFO - Setting next_dagrun for example_task_group_decorator to 2023-08-28T06:23:03.485508+00:00, run_after=2023-08-29T06:23:03.485508+00:00
[2023-08-29T06:23:03.506+0000] {processor.py:179} INFO - Processing /home/airflow/.local/lib/python3.7/site-packages/airflow/example_dags/example_task_group_decorator.py took 0.096 seconds
[2023-08-29T06:23:33.916+0000] {processor.py:157} INFO - Started process (PID=353) to work on /home/airflow/.local/lib/python3.7/site-packages/airflow/example_dags/example_task_group_decorator.py
[2023-08-29T06:23:33.917+0000] {processor.py:826} INFO - Processing file /home/airflow/.local/lib/python3.7/site-packages/airflow/example_dags/example_task_group_decorator.py for tasks to queue
[2023-08-29T06:23:33.918+0000] {logging_mixin.py:149} INFO - [2023-08-29T06:23:33.918+0000] {dagbag.py:541} INFO - Filling up the DagBag from /home/airflow/.local/lib/python3.7/site-packages/airflow/example_dags/example_task_group_decorator.py
[2023-08-29T06:23:33.930+0000] {processor.py:836} INFO - DAG(s) dict_keys(['example_task_group_decorator']) retrieved from /home/airflow/.local/lib/python3.7/site-packages/airflow/example_dags/example_task_group_decorator.py
[2023-08-29T06:23:33.959+0000] {logging_mixin.py:149} INFO - [2023-08-29T06:23:33.959+0000] {dag.py:2726} INFO - Sync 1 DAGs
[2023-08-29T06:23:33.984+0000] {logging_mixin.py:149} INFO - [2023-08-29T06:23:33.984+0000] {dag.py:3490} INFO - Setting next_dagrun for example_task_group_decorator to 2023-08-28T06:23:33.984398+00:00, run_after=2023-08-29T06:23:33.984398+00:00
[2023-08-29T06:23:34.006+0000] {processor.py:179} INFO - Processing /home/airflow/.local/lib/python3.7/site-packages/airflow/example_dags/example_task_group_decorator.py took 0.093 seconds
[2023-08-29T06:24:04.488+0000] {processor.py:157} INFO - Started process (PID=429) to work on /home/airflow/.local/lib/python3.7/site-packages/airflow/example_dags/example_task_group_decorator.py
[2023-08-29T06:24:04.489+0000] {processor.py:826} INFO - Processing file /home/airflow/.local/lib/python3.7/site-packages/airflow/example_dags/example_task_group_decorator.py for tasks to queue
[2023-08-29T06:24:04.492+0000] {logging_mixin.py:149} INFO - [2023-08-29T06:24:04.492+0000] {dagbag.py:541} INFO - Filling up the DagBag from /home/airflow/.local/lib/python3.7/site-packages/airflow/example_dags/example_task_group_decorator.py
[2023-08-29T06:24:04.505+0000] {processor.py:836} INFO - DAG(s) dict_keys(['example_task_group_decorator']) retrieved from /home/airflow/.local/lib/python3.7/site-packages/airflow/example_dags/example_task_group_decorator.py
[2023-08-29T06:24:04.530+0000] {logging_mixin.py:149} INFO - [2023-08-29T06:24:04.530+0000] {dag.py:2726} INFO - Sync 1 DAGs
[2023-08-29T06:24:04.550+0000] {logging_mixin.py:149} INFO - [2023-08-29T06:24:04.550+0000] {dag.py:3490} INFO - Setting next_dagrun for example_task_group_decorator to 2023-08-28T06:24:04.550451+00:00, run_after=2023-08-29T06:24:04.550451+00:00
[2023-08-29T06:24:04.571+0000] {processor.py:179} INFO - Processing /home/airflow/.local/lib/python3.7/site-packages/airflow/example_dags/example_task_group_decorator.py took 0.086 seconds
