[2023-08-29T02:59:07.875+0000] {processor.py:157} INFO - Started process (PID=62) to work on /home/airflow/.local/lib/python3.7/site-packages/airflow/example_dags/example_branch_day_of_week_operator.py
[2023-08-29T02:59:07.880+0000] {processor.py:826} INFO - Processing file /home/airflow/.local/lib/python3.7/site-packages/airflow/example_dags/example_branch_day_of_week_operator.py for tasks to queue
[2023-08-29T02:59:07.882+0000] {logging_mixin.py:149} INFO - [2023-08-29T02:59:07.882+0000] {dagbag.py:541} INFO - Filling up the DagBag from /home/airflow/.local/lib/python3.7/site-packages/airflow/example_dags/example_branch_day_of_week_operator.py
[2023-08-29T02:59:07.908+0000] {processor.py:836} INFO - DAG(s) dict_keys(['example_weekday_branch_operator']) retrieved from /home/airflow/.local/lib/python3.7/site-packages/airflow/example_dags/example_branch_day_of_week_operator.py
[2023-08-29T02:59:08.135+0000] {logging_mixin.py:149} INFO - [2023-08-29T02:59:08.135+0000] {manager.py:504} INFO - Created Permission View: can edit on DAG:example_weekday_branch_operator
[2023-08-29T02:59:08.156+0000] {logging_mixin.py:149} INFO - [2023-08-29T02:59:08.155+0000] {manager.py:504} INFO - Created Permission View: can read on DAG:example_weekday_branch_operator
[2023-08-29T02:59:08.164+0000] {logging_mixin.py:149} INFO - [2023-08-29T02:59:08.164+0000] {manager.py:504} INFO - Created Permission View: can delete on DAG:example_weekday_branch_operator
[2023-08-29T02:59:08.183+0000] {logging_mixin.py:149} INFO - [2023-08-29T02:59:08.183+0000] {dag.py:2726} INFO - Sync 1 DAGs
[2023-08-29T02:59:08.205+0000] {logging_mixin.py:149} INFO - [2023-08-29T02:59:08.205+0000] {dag.py:2747} INFO - Creating ORM DAG for example_weekday_branch_operator
[2023-08-29T02:59:08.225+0000] {logging_mixin.py:149} INFO - [2023-08-29T02:59:08.224+0000] {dag.py:3490} INFO - Setting next_dagrun for example_weekday_branch_operator to 2023-08-28T00:00:00+00:00, run_after=2023-08-29T00:00:00+00:00
[2023-08-29T02:59:08.253+0000] {processor.py:179} INFO - Processing /home/airflow/.local/lib/python3.7/site-packages/airflow/example_dags/example_branch_day_of_week_operator.py took 0.396 seconds
[2023-08-29T02:59:39.155+0000] {processor.py:157} INFO - Started process (PID=138) to work on /home/airflow/.local/lib/python3.7/site-packages/airflow/example_dags/example_branch_day_of_week_operator.py
[2023-08-29T02:59:39.156+0000] {processor.py:826} INFO - Processing file /home/airflow/.local/lib/python3.7/site-packages/airflow/example_dags/example_branch_day_of_week_operator.py for tasks to queue
[2023-08-29T02:59:39.157+0000] {logging_mixin.py:149} INFO - [2023-08-29T02:59:39.157+0000] {dagbag.py:541} INFO - Filling up the DagBag from /home/airflow/.local/lib/python3.7/site-packages/airflow/example_dags/example_branch_day_of_week_operator.py
[2023-08-29T02:59:39.166+0000] {processor.py:836} INFO - DAG(s) dict_keys(['example_weekday_branch_operator']) retrieved from /home/airflow/.local/lib/python3.7/site-packages/airflow/example_dags/example_branch_day_of_week_operator.py
[2023-08-29T02:59:39.189+0000] {logging_mixin.py:149} INFO - [2023-08-29T02:59:39.188+0000] {dag.py:2726} INFO - Sync 1 DAGs
[2023-08-29T02:59:39.214+0000] {logging_mixin.py:149} INFO - [2023-08-29T02:59:39.214+0000] {dag.py:3490} INFO - Setting next_dagrun for example_weekday_branch_operator to 2023-08-28T00:00:00+00:00, run_after=2023-08-29T00:00:00+00:00
[2023-08-29T02:59:39.234+0000] {processor.py:179} INFO - Processing /home/airflow/.local/lib/python3.7/site-packages/airflow/example_dags/example_branch_day_of_week_operator.py took 0.082 seconds
[2023-08-29T04:07:08.701+0000] {processor.py:157} INFO - Started process (PID=52) to work on /home/airflow/.local/lib/python3.7/site-packages/airflow/example_dags/example_branch_day_of_week_operator.py
[2023-08-29T04:07:08.702+0000] {processor.py:826} INFO - Processing file /home/airflow/.local/lib/python3.7/site-packages/airflow/example_dags/example_branch_day_of_week_operator.py for tasks to queue
[2023-08-29T04:07:08.705+0000] {logging_mixin.py:149} INFO - [2023-08-29T04:07:08.704+0000] {dagbag.py:541} INFO - Filling up the DagBag from /home/airflow/.local/lib/python3.7/site-packages/airflow/example_dags/example_branch_day_of_week_operator.py
[2023-08-29T04:07:08.715+0000] {processor.py:836} INFO - DAG(s) dict_keys(['example_weekday_branch_operator']) retrieved from /home/airflow/.local/lib/python3.7/site-packages/airflow/example_dags/example_branch_day_of_week_operator.py
[2023-08-29T04:07:08.736+0000] {logging_mixin.py:149} INFO - [2023-08-29T04:07:08.736+0000] {dag.py:2726} INFO - Sync 1 DAGs
[2023-08-29T04:07:08.994+0000] {logging_mixin.py:149} INFO - [2023-08-29T04:07:08.994+0000] {dag.py:3490} INFO - Setting next_dagrun for example_weekday_branch_operator to 2023-08-28T00:00:00+00:00, run_after=2023-08-29T00:00:00+00:00
[2023-08-29T04:07:09.030+0000] {processor.py:179} INFO - Processing /home/airflow/.local/lib/python3.7/site-packages/airflow/example_dags/example_branch_day_of_week_operator.py took 0.332 seconds
[2023-08-29T04:07:40.191+0000] {processor.py:157} INFO - Started process (PID=137) to work on /home/airflow/.local/lib/python3.7/site-packages/airflow/example_dags/example_branch_day_of_week_operator.py
[2023-08-29T04:07:40.193+0000] {processor.py:826} INFO - Processing file /home/airflow/.local/lib/python3.7/site-packages/airflow/example_dags/example_branch_day_of_week_operator.py for tasks to queue
[2023-08-29T04:07:40.194+0000] {logging_mixin.py:149} INFO - [2023-08-29T04:07:40.194+0000] {dagbag.py:541} INFO - Filling up the DagBag from /home/airflow/.local/lib/python3.7/site-packages/airflow/example_dags/example_branch_day_of_week_operator.py
[2023-08-29T04:07:40.200+0000] {processor.py:836} INFO - DAG(s) dict_keys(['example_weekday_branch_operator']) retrieved from /home/airflow/.local/lib/python3.7/site-packages/airflow/example_dags/example_branch_day_of_week_operator.py
[2023-08-29T04:07:40.221+0000] {logging_mixin.py:149} INFO - [2023-08-29T04:07:40.221+0000] {dag.py:2726} INFO - Sync 1 DAGs
[2023-08-29T04:07:40.243+0000] {logging_mixin.py:149} INFO - [2023-08-29T04:07:40.243+0000] {dag.py:3490} INFO - Setting next_dagrun for example_weekday_branch_operator to 2023-08-28T00:00:00+00:00, run_after=2023-08-29T00:00:00+00:00
[2023-08-29T04:07:40.260+0000] {processor.py:179} INFO - Processing /home/airflow/.local/lib/python3.7/site-packages/airflow/example_dags/example_branch_day_of_week_operator.py took 0.071 seconds
[2023-08-29T04:08:11.869+0000] {processor.py:157} INFO - Started process (PID=213) to work on /home/airflow/.local/lib/python3.7/site-packages/airflow/example_dags/example_branch_day_of_week_operator.py
[2023-08-29T04:08:11.873+0000] {processor.py:826} INFO - Processing file /home/airflow/.local/lib/python3.7/site-packages/airflow/example_dags/example_branch_day_of_week_operator.py for tasks to queue
[2023-08-29T04:08:11.875+0000] {logging_mixin.py:149} INFO - [2023-08-29T04:08:11.875+0000] {dagbag.py:541} INFO - Filling up the DagBag from /home/airflow/.local/lib/python3.7/site-packages/airflow/example_dags/example_branch_day_of_week_operator.py
[2023-08-29T04:08:11.884+0000] {processor.py:836} INFO - DAG(s) dict_keys(['example_weekday_branch_operator']) retrieved from /home/airflow/.local/lib/python3.7/site-packages/airflow/example_dags/example_branch_day_of_week_operator.py
[2023-08-29T04:08:11.917+0000] {logging_mixin.py:149} INFO - [2023-08-29T04:08:11.917+0000] {dag.py:2726} INFO - Sync 1 DAGs
[2023-08-29T04:08:11.948+0000] {logging_mixin.py:149} INFO - [2023-08-29T04:08:11.948+0000] {dag.py:3490} INFO - Setting next_dagrun for example_weekday_branch_operator to 2023-08-28T00:00:00+00:00, run_after=2023-08-29T00:00:00+00:00
[2023-08-29T04:08:11.981+0000] {processor.py:179} INFO - Processing /home/airflow/.local/lib/python3.7/site-packages/airflow/example_dags/example_branch_day_of_week_operator.py took 0.116 seconds
[2023-08-29T04:08:42.480+0000] {processor.py:157} INFO - Started process (PID=298) to work on /home/airflow/.local/lib/python3.7/site-packages/airflow/example_dags/example_branch_day_of_week_operator.py
[2023-08-29T04:08:42.481+0000] {processor.py:826} INFO - Processing file /home/airflow/.local/lib/python3.7/site-packages/airflow/example_dags/example_branch_day_of_week_operator.py for tasks to queue
[2023-08-29T04:08:42.482+0000] {logging_mixin.py:149} INFO - [2023-08-29T04:08:42.482+0000] {dagbag.py:541} INFO - Filling up the DagBag from /home/airflow/.local/lib/python3.7/site-packages/airflow/example_dags/example_branch_day_of_week_operator.py
[2023-08-29T04:08:42.490+0000] {processor.py:836} INFO - DAG(s) dict_keys(['example_weekday_branch_operator']) retrieved from /home/airflow/.local/lib/python3.7/site-packages/airflow/example_dags/example_branch_day_of_week_operator.py
[2023-08-29T04:08:42.513+0000] {logging_mixin.py:149} INFO - [2023-08-29T04:08:42.513+0000] {dag.py:2726} INFO - Sync 1 DAGs
[2023-08-29T04:08:42.546+0000] {logging_mixin.py:149} INFO - [2023-08-29T04:08:42.546+0000] {dag.py:3490} INFO - Setting next_dagrun for example_weekday_branch_operator to 2023-08-28T00:00:00+00:00, run_after=2023-08-29T00:00:00+00:00
[2023-08-29T04:08:42.569+0000] {processor.py:179} INFO - Processing /home/airflow/.local/lib/python3.7/site-packages/airflow/example_dags/example_branch_day_of_week_operator.py took 0.091 seconds
[2023-08-29T04:09:12.901+0000] {processor.py:157} INFO - Started process (PID=375) to work on /home/airflow/.local/lib/python3.7/site-packages/airflow/example_dags/example_branch_day_of_week_operator.py
[2023-08-29T04:09:12.902+0000] {processor.py:826} INFO - Processing file /home/airflow/.local/lib/python3.7/site-packages/airflow/example_dags/example_branch_day_of_week_operator.py for tasks to queue
[2023-08-29T04:09:12.902+0000] {logging_mixin.py:149} INFO - [2023-08-29T04:09:12.902+0000] {dagbag.py:541} INFO - Filling up the DagBag from /home/airflow/.local/lib/python3.7/site-packages/airflow/example_dags/example_branch_day_of_week_operator.py
[2023-08-29T04:09:12.909+0000] {processor.py:836} INFO - DAG(s) dict_keys(['example_weekday_branch_operator']) retrieved from /home/airflow/.local/lib/python3.7/site-packages/airflow/example_dags/example_branch_day_of_week_operator.py
[2023-08-29T04:09:12.931+0000] {logging_mixin.py:149} INFO - [2023-08-29T04:09:12.931+0000] {dag.py:2726} INFO - Sync 1 DAGs
[2023-08-29T04:09:12.954+0000] {logging_mixin.py:149} INFO - [2023-08-29T04:09:12.954+0000] {dag.py:3490} INFO - Setting next_dagrun for example_weekday_branch_operator to 2023-08-28T00:00:00+00:00, run_after=2023-08-29T00:00:00+00:00
[2023-08-29T04:09:12.972+0000] {processor.py:179} INFO - Processing /home/airflow/.local/lib/python3.7/site-packages/airflow/example_dags/example_branch_day_of_week_operator.py took 0.075 seconds
[2023-08-29T04:09:43.436+0000] {processor.py:157} INFO - Started process (PID=460) to work on /home/airflow/.local/lib/python3.7/site-packages/airflow/example_dags/example_branch_day_of_week_operator.py
[2023-08-29T04:09:43.437+0000] {processor.py:826} INFO - Processing file /home/airflow/.local/lib/python3.7/site-packages/airflow/example_dags/example_branch_day_of_week_operator.py for tasks to queue
[2023-08-29T04:09:43.438+0000] {logging_mixin.py:149} INFO - [2023-08-29T04:09:43.438+0000] {dagbag.py:541} INFO - Filling up the DagBag from /home/airflow/.local/lib/python3.7/site-packages/airflow/example_dags/example_branch_day_of_week_operator.py
[2023-08-29T04:09:43.444+0000] {processor.py:836} INFO - DAG(s) dict_keys(['example_weekday_branch_operator']) retrieved from /home/airflow/.local/lib/python3.7/site-packages/airflow/example_dags/example_branch_day_of_week_operator.py
[2023-08-29T04:09:43.466+0000] {logging_mixin.py:149} INFO - [2023-08-29T04:09:43.466+0000] {dag.py:2726} INFO - Sync 1 DAGs
[2023-08-29T04:09:43.489+0000] {logging_mixin.py:149} INFO - [2023-08-29T04:09:43.488+0000] {dag.py:3490} INFO - Setting next_dagrun for example_weekday_branch_operator to 2023-08-28T00:00:00+00:00, run_after=2023-08-29T00:00:00+00:00
[2023-08-29T04:09:43.505+0000] {processor.py:179} INFO - Processing /home/airflow/.local/lib/python3.7/site-packages/airflow/example_dags/example_branch_day_of_week_operator.py took 0.072 seconds
[2023-08-29T06:21:35.219+0000] {processor.py:157} INFO - Started process (PID=52) to work on /home/airflow/.local/lib/python3.7/site-packages/airflow/example_dags/example_branch_day_of_week_operator.py
[2023-08-29T06:21:35.221+0000] {processor.py:826} INFO - Processing file /home/airflow/.local/lib/python3.7/site-packages/airflow/example_dags/example_branch_day_of_week_operator.py for tasks to queue
[2023-08-29T06:21:35.222+0000] {logging_mixin.py:149} INFO - [2023-08-29T06:21:35.222+0000] {dagbag.py:541} INFO - Filling up the DagBag from /home/airflow/.local/lib/python3.7/site-packages/airflow/example_dags/example_branch_day_of_week_operator.py
[2023-08-29T06:21:35.235+0000] {processor.py:836} INFO - DAG(s) dict_keys(['example_weekday_branch_operator']) retrieved from /home/airflow/.local/lib/python3.7/site-packages/airflow/example_dags/example_branch_day_of_week_operator.py
[2023-08-29T06:21:35.253+0000] {logging_mixin.py:149} INFO - [2023-08-29T06:21:35.253+0000] {dag.py:2726} INFO - Sync 1 DAGs
[2023-08-29T06:21:35.441+0000] {logging_mixin.py:149} INFO - [2023-08-29T06:21:35.440+0000] {dag.py:3490} INFO - Setting next_dagrun for example_weekday_branch_operator to 2023-08-28T00:00:00+00:00, run_after=2023-08-29T00:00:00+00:00
[2023-08-29T06:21:35.466+0000] {processor.py:179} INFO - Processing /home/airflow/.local/lib/python3.7/site-packages/airflow/example_dags/example_branch_day_of_week_operator.py took 0.250 seconds
[2023-08-29T06:22:06.210+0000] {processor.py:157} INFO - Started process (PID=137) to work on /home/airflow/.local/lib/python3.7/site-packages/airflow/example_dags/example_branch_day_of_week_operator.py
[2023-08-29T06:22:06.211+0000] {processor.py:826} INFO - Processing file /home/airflow/.local/lib/python3.7/site-packages/airflow/example_dags/example_branch_day_of_week_operator.py for tasks to queue
[2023-08-29T06:22:06.212+0000] {logging_mixin.py:149} INFO - [2023-08-29T06:22:06.212+0000] {dagbag.py:541} INFO - Filling up the DagBag from /home/airflow/.local/lib/python3.7/site-packages/airflow/example_dags/example_branch_day_of_week_operator.py
[2023-08-29T06:22:06.218+0000] {processor.py:836} INFO - DAG(s) dict_keys(['example_weekday_branch_operator']) retrieved from /home/airflow/.local/lib/python3.7/site-packages/airflow/example_dags/example_branch_day_of_week_operator.py
[2023-08-29T06:22:06.239+0000] {logging_mixin.py:149} INFO - [2023-08-29T06:22:06.239+0000] {dag.py:2726} INFO - Sync 1 DAGs
[2023-08-29T06:22:06.261+0000] {logging_mixin.py:149} INFO - [2023-08-29T06:22:06.261+0000] {dag.py:3490} INFO - Setting next_dagrun for example_weekday_branch_operator to 2023-08-28T00:00:00+00:00, run_after=2023-08-29T00:00:00+00:00
[2023-08-29T06:22:06.279+0000] {processor.py:179} INFO - Processing /home/airflow/.local/lib/python3.7/site-packages/airflow/example_dags/example_branch_day_of_week_operator.py took 0.072 seconds
[2023-08-29T06:22:36.745+0000] {processor.py:157} INFO - Started process (PID=213) to work on /home/airflow/.local/lib/python3.7/site-packages/airflow/example_dags/example_branch_day_of_week_operator.py
[2023-08-29T06:22:36.747+0000] {processor.py:826} INFO - Processing file /home/airflow/.local/lib/python3.7/site-packages/airflow/example_dags/example_branch_day_of_week_operator.py for tasks to queue
[2023-08-29T06:22:36.749+0000] {logging_mixin.py:149} INFO - [2023-08-29T06:22:36.749+0000] {dagbag.py:541} INFO - Filling up the DagBag from /home/airflow/.local/lib/python3.7/site-packages/airflow/example_dags/example_branch_day_of_week_operator.py
[2023-08-29T06:22:36.766+0000] {processor.py:836} INFO - DAG(s) dict_keys(['example_weekday_branch_operator']) retrieved from /home/airflow/.local/lib/python3.7/site-packages/airflow/example_dags/example_branch_day_of_week_operator.py
[2023-08-29T06:22:36.800+0000] {logging_mixin.py:149} INFO - [2023-08-29T06:22:36.800+0000] {dag.py:2726} INFO - Sync 1 DAGs
[2023-08-29T06:22:36.835+0000] {logging_mixin.py:149} INFO - [2023-08-29T06:22:36.835+0000] {dag.py:3490} INFO - Setting next_dagrun for example_weekday_branch_operator to 2023-08-28T00:00:00+00:00, run_after=2023-08-29T00:00:00+00:00
[2023-08-29T06:22:36.864+0000] {processor.py:179} INFO - Processing /home/airflow/.local/lib/python3.7/site-packages/airflow/example_dags/example_branch_day_of_week_operator.py took 0.127 seconds
[2023-08-29T06:23:07.352+0000] {processor.py:157} INFO - Started process (PID=298) to work on /home/airflow/.local/lib/python3.7/site-packages/airflow/example_dags/example_branch_day_of_week_operator.py
[2023-08-29T06:23:07.353+0000] {processor.py:826} INFO - Processing file /home/airflow/.local/lib/python3.7/site-packages/airflow/example_dags/example_branch_day_of_week_operator.py for tasks to queue
[2023-08-29T06:23:07.354+0000] {logging_mixin.py:149} INFO - [2023-08-29T06:23:07.354+0000] {dagbag.py:541} INFO - Filling up the DagBag from /home/airflow/.local/lib/python3.7/site-packages/airflow/example_dags/example_branch_day_of_week_operator.py
[2023-08-29T06:23:07.361+0000] {processor.py:836} INFO - DAG(s) dict_keys(['example_weekday_branch_operator']) retrieved from /home/airflow/.local/lib/python3.7/site-packages/airflow/example_dags/example_branch_day_of_week_operator.py
[2023-08-29T06:23:07.390+0000] {logging_mixin.py:149} INFO - [2023-08-29T06:23:07.390+0000] {dag.py:2726} INFO - Sync 1 DAGs
[2023-08-29T06:23:07.413+0000] {logging_mixin.py:149} INFO - [2023-08-29T06:23:07.413+0000] {dag.py:3490} INFO - Setting next_dagrun for example_weekday_branch_operator to 2023-08-28T00:00:00+00:00, run_after=2023-08-29T00:00:00+00:00
[2023-08-29T06:23:07.431+0000] {processor.py:179} INFO - Processing /home/airflow/.local/lib/python3.7/site-packages/airflow/example_dags/example_branch_day_of_week_operator.py took 0.083 seconds
[2023-08-29T06:23:38.259+0000] {processor.py:157} INFO - Started process (PID=373) to work on /home/airflow/.local/lib/python3.7/site-packages/airflow/example_dags/example_branch_day_of_week_operator.py
[2023-08-29T06:23:38.261+0000] {processor.py:826} INFO - Processing file /home/airflow/.local/lib/python3.7/site-packages/airflow/example_dags/example_branch_day_of_week_operator.py for tasks to queue
[2023-08-29T06:23:38.262+0000] {logging_mixin.py:149} INFO - [2023-08-29T06:23:38.261+0000] {dagbag.py:541} INFO - Filling up the DagBag from /home/airflow/.local/lib/python3.7/site-packages/airflow/example_dags/example_branch_day_of_week_operator.py
[2023-08-29T06:23:38.268+0000] {processor.py:836} INFO - DAG(s) dict_keys(['example_weekday_branch_operator']) retrieved from /home/airflow/.local/lib/python3.7/site-packages/airflow/example_dags/example_branch_day_of_week_operator.py
[2023-08-29T06:23:38.289+0000] {logging_mixin.py:149} INFO - [2023-08-29T06:23:38.289+0000] {dag.py:2726} INFO - Sync 1 DAGs
[2023-08-29T06:23:38.312+0000] {logging_mixin.py:149} INFO - [2023-08-29T06:23:38.311+0000] {dag.py:3490} INFO - Setting next_dagrun for example_weekday_branch_operator to 2023-08-28T00:00:00+00:00, run_after=2023-08-29T00:00:00+00:00
[2023-08-29T06:23:38.343+0000] {processor.py:179} INFO - Processing /home/airflow/.local/lib/python3.7/site-packages/airflow/example_dags/example_branch_day_of_week_operator.py took 0.086 seconds
[2023-08-29T06:24:09.575+0000] {processor.py:157} INFO - Started process (PID=459) to work on /home/airflow/.local/lib/python3.7/site-packages/airflow/example_dags/example_branch_day_of_week_operator.py
[2023-08-29T06:24:09.576+0000] {processor.py:826} INFO - Processing file /home/airflow/.local/lib/python3.7/site-packages/airflow/example_dags/example_branch_day_of_week_operator.py for tasks to queue
[2023-08-29T06:24:09.577+0000] {logging_mixin.py:149} INFO - [2023-08-29T06:24:09.577+0000] {dagbag.py:541} INFO - Filling up the DagBag from /home/airflow/.local/lib/python3.7/site-packages/airflow/example_dags/example_branch_day_of_week_operator.py
[2023-08-29T06:24:09.590+0000] {processor.py:836} INFO - DAG(s) dict_keys(['example_weekday_branch_operator']) retrieved from /home/airflow/.local/lib/python3.7/site-packages/airflow/example_dags/example_branch_day_of_week_operator.py
[2023-08-29T06:24:09.625+0000] {logging_mixin.py:149} INFO - [2023-08-29T06:24:09.625+0000] {dag.py:2726} INFO - Sync 1 DAGs
[2023-08-29T06:24:09.666+0000] {logging_mixin.py:149} INFO - [2023-08-29T06:24:09.666+0000] {dag.py:3490} INFO - Setting next_dagrun for example_weekday_branch_operator to 2023-08-28T00:00:00+00:00, run_after=2023-08-29T00:00:00+00:00
[2023-08-29T06:24:09.710+0000] {processor.py:179} INFO - Processing /home/airflow/.local/lib/python3.7/site-packages/airflow/example_dags/example_branch_day_of_week_operator.py took 0.139 seconds
