[2023-08-29T02:59:07.429+0000] {processor.py:157} INFO - Started process (PID=61) to work on /home/airflow/.local/lib/python3.7/site-packages/airflow/example_dags/example_time_delta_sensor_async.py
[2023-08-29T02:59:07.434+0000] {processor.py:826} INFO - Processing file /home/airflow/.local/lib/python3.7/site-packages/airflow/example_dags/example_time_delta_sensor_async.py for tasks to queue
[2023-08-29T02:59:07.436+0000] {logging_mixin.py:149} INFO - [2023-08-29T02:59:07.436+0000] {dagbag.py:541} INFO - Filling up the DagBag from /home/airflow/.local/lib/python3.7/site-packages/airflow/example_dags/example_time_delta_sensor_async.py
[2023-08-29T02:59:07.446+0000] {processor.py:836} INFO - DAG(s) dict_keys(['example_time_delta_sensor_async']) retrieved from /home/airflow/.local/lib/python3.7/site-packages/airflow/example_dags/example_time_delta_sensor_async.py
[2023-08-29T02:59:07.678+0000] {logging_mixin.py:149} INFO - [2023-08-29T02:59:07.677+0000] {manager.py:504} INFO - Created Permission View: can edit on DAG:example_time_delta_sensor_async
[2023-08-29T02:59:07.694+0000] {logging_mixin.py:149} INFO - [2023-08-29T02:59:07.693+0000] {manager.py:504} INFO - Created Permission View: can read on DAG:example_time_delta_sensor_async
[2023-08-29T02:59:07.704+0000] {logging_mixin.py:149} INFO - [2023-08-29T02:59:07.703+0000] {manager.py:504} INFO - Created Permission View: can delete on DAG:example_time_delta_sensor_async
[2023-08-29T02:59:07.720+0000] {logging_mixin.py:149} INFO - [2023-08-29T02:59:07.719+0000] {dag.py:2726} INFO - Sync 1 DAGs
[2023-08-29T02:59:07.745+0000] {logging_mixin.py:149} INFO - [2023-08-29T02:59:07.744+0000] {dag.py:2747} INFO - Creating ORM DAG for example_time_delta_sensor_async
[2023-08-29T02:59:07.776+0000] {logging_mixin.py:149} INFO - [2023-08-29T02:59:07.776+0000] {dag.py:3490} INFO - Setting next_dagrun for example_time_delta_sensor_async to None, run_after=None
[2023-08-29T02:59:07.808+0000] {processor.py:179} INFO - Processing /home/airflow/.local/lib/python3.7/site-packages/airflow/example_dags/example_time_delta_sensor_async.py took 0.386 seconds
[2023-08-29T02:59:38.060+0000] {processor.py:157} INFO - Started process (PID=136) to work on /home/airflow/.local/lib/python3.7/site-packages/airflow/example_dags/example_time_delta_sensor_async.py
[2023-08-29T02:59:38.060+0000] {processor.py:826} INFO - Processing file /home/airflow/.local/lib/python3.7/site-packages/airflow/example_dags/example_time_delta_sensor_async.py for tasks to queue
[2023-08-29T02:59:38.061+0000] {logging_mixin.py:149} INFO - [2023-08-29T02:59:38.061+0000] {dagbag.py:541} INFO - Filling up the DagBag from /home/airflow/.local/lib/python3.7/site-packages/airflow/example_dags/example_time_delta_sensor_async.py
[2023-08-29T02:59:38.065+0000] {processor.py:836} INFO - DAG(s) dict_keys(['example_time_delta_sensor_async']) retrieved from /home/airflow/.local/lib/python3.7/site-packages/airflow/example_dags/example_time_delta_sensor_async.py
[2023-08-29T02:59:38.085+0000] {logging_mixin.py:149} INFO - [2023-08-29T02:59:38.084+0000] {dag.py:2726} INFO - Sync 1 DAGs
[2023-08-29T02:59:38.104+0000] {logging_mixin.py:149} INFO - [2023-08-29T02:59:38.104+0000] {dag.py:3490} INFO - Setting next_dagrun for example_time_delta_sensor_async to None, run_after=None
[2023-08-29T02:59:38.120+0000] {processor.py:179} INFO - Processing /home/airflow/.local/lib/python3.7/site-packages/airflow/example_dags/example_time_delta_sensor_async.py took 0.063 seconds
[2023-08-29T04:07:08.335+0000] {processor.py:157} INFO - Started process (PID=51) to work on /home/airflow/.local/lib/python3.7/site-packages/airflow/example_dags/example_time_delta_sensor_async.py
[2023-08-29T04:07:08.337+0000] {processor.py:826} INFO - Processing file /home/airflow/.local/lib/python3.7/site-packages/airflow/example_dags/example_time_delta_sensor_async.py for tasks to queue
[2023-08-29T04:07:08.343+0000] {logging_mixin.py:149} INFO - [2023-08-29T04:07:08.342+0000] {dagbag.py:541} INFO - Filling up the DagBag from /home/airflow/.local/lib/python3.7/site-packages/airflow/example_dags/example_time_delta_sensor_async.py
[2023-08-29T04:07:08.349+0000] {processor.py:836} INFO - DAG(s) dict_keys(['example_time_delta_sensor_async']) retrieved from /home/airflow/.local/lib/python3.7/site-packages/airflow/example_dags/example_time_delta_sensor_async.py
[2023-08-29T04:07:08.367+0000] {logging_mixin.py:149} INFO - [2023-08-29T04:07:08.367+0000] {dag.py:2726} INFO - Sync 1 DAGs
[2023-08-29T04:07:08.414+0000] {logging_mixin.py:149} INFO - [2023-08-29T04:07:08.414+0000] {dag.py:3490} INFO - Setting next_dagrun for example_time_delta_sensor_async to None, run_after=None
[2023-08-29T04:07:08.652+0000] {processor.py:179} INFO - Processing /home/airflow/.local/lib/python3.7/site-packages/airflow/example_dags/example_time_delta_sensor_async.py took 0.321 seconds
[2023-08-29T04:07:40.107+0000] {processor.py:157} INFO - Started process (PID=136) to work on /home/airflow/.local/lib/python3.7/site-packages/airflow/example_dags/example_time_delta_sensor_async.py
[2023-08-29T04:07:40.108+0000] {processor.py:826} INFO - Processing file /home/airflow/.local/lib/python3.7/site-packages/airflow/example_dags/example_time_delta_sensor_async.py for tasks to queue
[2023-08-29T04:07:40.109+0000] {logging_mixin.py:149} INFO - [2023-08-29T04:07:40.109+0000] {dagbag.py:541} INFO - Filling up the DagBag from /home/airflow/.local/lib/python3.7/site-packages/airflow/example_dags/example_time_delta_sensor_async.py
[2023-08-29T04:07:40.112+0000] {processor.py:836} INFO - DAG(s) dict_keys(['example_time_delta_sensor_async']) retrieved from /home/airflow/.local/lib/python3.7/site-packages/airflow/example_dags/example_time_delta_sensor_async.py
[2023-08-29T04:07:40.132+0000] {logging_mixin.py:149} INFO - [2023-08-29T04:07:40.132+0000] {dag.py:2726} INFO - Sync 1 DAGs
[2023-08-29T04:07:40.152+0000] {logging_mixin.py:149} INFO - [2023-08-29T04:07:40.152+0000] {dag.py:3490} INFO - Setting next_dagrun for example_time_delta_sensor_async to None, run_after=None
[2023-08-29T04:07:40.169+0000] {processor.py:179} INFO - Processing /home/airflow/.local/lib/python3.7/site-packages/airflow/example_dags/example_time_delta_sensor_async.py took 0.065 seconds
[2023-08-29T04:08:11.701+0000] {processor.py:157} INFO - Started process (PID=212) to work on /home/airflow/.local/lib/python3.7/site-packages/airflow/example_dags/example_time_delta_sensor_async.py
[2023-08-29T04:08:11.703+0000] {processor.py:826} INFO - Processing file /home/airflow/.local/lib/python3.7/site-packages/airflow/example_dags/example_time_delta_sensor_async.py for tasks to queue
[2023-08-29T04:08:11.707+0000] {logging_mixin.py:149} INFO - [2023-08-29T04:08:11.706+0000] {dagbag.py:541} INFO - Filling up the DagBag from /home/airflow/.local/lib/python3.7/site-packages/airflow/example_dags/example_time_delta_sensor_async.py
[2023-08-29T04:08:11.715+0000] {processor.py:836} INFO - DAG(s) dict_keys(['example_time_delta_sensor_async']) retrieved from /home/airflow/.local/lib/python3.7/site-packages/airflow/example_dags/example_time_delta_sensor_async.py
[2023-08-29T04:08:11.767+0000] {logging_mixin.py:149} INFO - [2023-08-29T04:08:11.767+0000] {dag.py:2726} INFO - Sync 1 DAGs
[2023-08-29T04:08:11.802+0000] {logging_mixin.py:149} INFO - [2023-08-29T04:08:11.802+0000] {dag.py:3490} INFO - Setting next_dagrun for example_time_delta_sensor_async to None, run_after=None
[2023-08-29T04:08:11.841+0000] {processor.py:179} INFO - Processing /home/airflow/.local/lib/python3.7/site-packages/airflow/example_dags/example_time_delta_sensor_async.py took 0.144 seconds
[2023-08-29T04:08:42.396+0000] {processor.py:157} INFO - Started process (PID=297) to work on /home/airflow/.local/lib/python3.7/site-packages/airflow/example_dags/example_time_delta_sensor_async.py
[2023-08-29T04:08:42.397+0000] {processor.py:826} INFO - Processing file /home/airflow/.local/lib/python3.7/site-packages/airflow/example_dags/example_time_delta_sensor_async.py for tasks to queue
[2023-08-29T04:08:42.398+0000] {logging_mixin.py:149} INFO - [2023-08-29T04:08:42.398+0000] {dagbag.py:541} INFO - Filling up the DagBag from /home/airflow/.local/lib/python3.7/site-packages/airflow/example_dags/example_time_delta_sensor_async.py
[2023-08-29T04:08:42.401+0000] {processor.py:836} INFO - DAG(s) dict_keys(['example_time_delta_sensor_async']) retrieved from /home/airflow/.local/lib/python3.7/site-packages/airflow/example_dags/example_time_delta_sensor_async.py
[2023-08-29T04:08:42.422+0000] {logging_mixin.py:149} INFO - [2023-08-29T04:08:42.421+0000] {dag.py:2726} INFO - Sync 1 DAGs
[2023-08-29T04:08:42.444+0000] {logging_mixin.py:149} INFO - [2023-08-29T04:08:42.444+0000] {dag.py:3490} INFO - Setting next_dagrun for example_time_delta_sensor_async to None, run_after=None
[2023-08-29T04:08:42.459+0000] {processor.py:179} INFO - Processing /home/airflow/.local/lib/python3.7/site-packages/airflow/example_dags/example_time_delta_sensor_async.py took 0.066 seconds
[2023-08-29T04:09:12.804+0000] {processor.py:157} INFO - Started process (PID=374) to work on /home/airflow/.local/lib/python3.7/site-packages/airflow/example_dags/example_time_delta_sensor_async.py
[2023-08-29T04:09:12.805+0000] {processor.py:826} INFO - Processing file /home/airflow/.local/lib/python3.7/site-packages/airflow/example_dags/example_time_delta_sensor_async.py for tasks to queue
[2023-08-29T04:09:12.806+0000] {logging_mixin.py:149} INFO - [2023-08-29T04:09:12.806+0000] {dagbag.py:541} INFO - Filling up the DagBag from /home/airflow/.local/lib/python3.7/site-packages/airflow/example_dags/example_time_delta_sensor_async.py
[2023-08-29T04:09:12.809+0000] {processor.py:836} INFO - DAG(s) dict_keys(['example_time_delta_sensor_async']) retrieved from /home/airflow/.local/lib/python3.7/site-packages/airflow/example_dags/example_time_delta_sensor_async.py
[2023-08-29T04:09:12.830+0000] {logging_mixin.py:149} INFO - [2023-08-29T04:09:12.830+0000] {dag.py:2726} INFO - Sync 1 DAGs
[2023-08-29T04:09:12.856+0000] {logging_mixin.py:149} INFO - [2023-08-29T04:09:12.855+0000] {dag.py:3490} INFO - Setting next_dagrun for example_time_delta_sensor_async to None, run_after=None
[2023-08-29T04:09:12.877+0000] {processor.py:179} INFO - Processing /home/airflow/.local/lib/python3.7/site-packages/airflow/example_dags/example_time_delta_sensor_async.py took 0.076 seconds
[2023-08-29T04:09:43.352+0000] {processor.py:157} INFO - Started process (PID=459) to work on /home/airflow/.local/lib/python3.7/site-packages/airflow/example_dags/example_time_delta_sensor_async.py
[2023-08-29T04:09:43.353+0000] {processor.py:826} INFO - Processing file /home/airflow/.local/lib/python3.7/site-packages/airflow/example_dags/example_time_delta_sensor_async.py for tasks to queue
[2023-08-29T04:09:43.354+0000] {logging_mixin.py:149} INFO - [2023-08-29T04:09:43.353+0000] {dagbag.py:541} INFO - Filling up the DagBag from /home/airflow/.local/lib/python3.7/site-packages/airflow/example_dags/example_time_delta_sensor_async.py
[2023-08-29T04:09:43.357+0000] {processor.py:836} INFO - DAG(s) dict_keys(['example_time_delta_sensor_async']) retrieved from /home/airflow/.local/lib/python3.7/site-packages/airflow/example_dags/example_time_delta_sensor_async.py
[2023-08-29T04:09:43.378+0000] {logging_mixin.py:149} INFO - [2023-08-29T04:09:43.377+0000] {dag.py:2726} INFO - Sync 1 DAGs
[2023-08-29T04:09:43.398+0000] {logging_mixin.py:149} INFO - [2023-08-29T04:09:43.398+0000] {dag.py:3490} INFO - Setting next_dagrun for example_time_delta_sensor_async to None, run_after=None
[2023-08-29T04:09:43.414+0000] {processor.py:179} INFO - Processing /home/airflow/.local/lib/python3.7/site-packages/airflow/example_dags/example_time_delta_sensor_async.py took 0.065 seconds
[2023-08-29T06:21:34.946+0000] {processor.py:157} INFO - Started process (PID=51) to work on /home/airflow/.local/lib/python3.7/site-packages/airflow/example_dags/example_time_delta_sensor_async.py
[2023-08-29T06:21:34.948+0000] {processor.py:826} INFO - Processing file /home/airflow/.local/lib/python3.7/site-packages/airflow/example_dags/example_time_delta_sensor_async.py for tasks to queue
[2023-08-29T06:21:34.950+0000] {logging_mixin.py:149} INFO - [2023-08-29T06:21:34.949+0000] {dagbag.py:541} INFO - Filling up the DagBag from /home/airflow/.local/lib/python3.7/site-packages/airflow/example_dags/example_time_delta_sensor_async.py
[2023-08-29T06:21:34.962+0000] {processor.py:836} INFO - DAG(s) dict_keys(['example_time_delta_sensor_async']) retrieved from /home/airflow/.local/lib/python3.7/site-packages/airflow/example_dags/example_time_delta_sensor_async.py
[2023-08-29T06:21:34.981+0000] {logging_mixin.py:149} INFO - [2023-08-29T06:21:34.981+0000] {dag.py:2726} INFO - Sync 1 DAGs
[2023-08-29T06:21:35.015+0000] {logging_mixin.py:149} INFO - [2023-08-29T06:21:35.015+0000] {dag.py:3490} INFO - Setting next_dagrun for example_time_delta_sensor_async to None, run_after=None
[2023-08-29T06:21:35.198+0000] {processor.py:179} INFO - Processing /home/airflow/.local/lib/python3.7/site-packages/airflow/example_dags/example_time_delta_sensor_async.py took 0.256 seconds
[2023-08-29T06:22:06.122+0000] {processor.py:157} INFO - Started process (PID=136) to work on /home/airflow/.local/lib/python3.7/site-packages/airflow/example_dags/example_time_delta_sensor_async.py
[2023-08-29T06:22:06.123+0000] {processor.py:826} INFO - Processing file /home/airflow/.local/lib/python3.7/site-packages/airflow/example_dags/example_time_delta_sensor_async.py for tasks to queue
[2023-08-29T06:22:06.124+0000] {logging_mixin.py:149} INFO - [2023-08-29T06:22:06.124+0000] {dagbag.py:541} INFO - Filling up the DagBag from /home/airflow/.local/lib/python3.7/site-packages/airflow/example_dags/example_time_delta_sensor_async.py
[2023-08-29T06:22:06.127+0000] {processor.py:836} INFO - DAG(s) dict_keys(['example_time_delta_sensor_async']) retrieved from /home/airflow/.local/lib/python3.7/site-packages/airflow/example_dags/example_time_delta_sensor_async.py
[2023-08-29T06:22:06.148+0000] {logging_mixin.py:149} INFO - [2023-08-29T06:22:06.148+0000] {dag.py:2726} INFO - Sync 1 DAGs
[2023-08-29T06:22:06.168+0000] {logging_mixin.py:149} INFO - [2023-08-29T06:22:06.167+0000] {dag.py:3490} INFO - Setting next_dagrun for example_time_delta_sensor_async to None, run_after=None
[2023-08-29T06:22:06.186+0000] {processor.py:179} INFO - Processing /home/airflow/.local/lib/python3.7/site-packages/airflow/example_dags/example_time_delta_sensor_async.py took 0.067 seconds
[2023-08-29T06:22:36.582+0000] {processor.py:157} INFO - Started process (PID=212) to work on /home/airflow/.local/lib/python3.7/site-packages/airflow/example_dags/example_time_delta_sensor_async.py
[2023-08-29T06:22:36.584+0000] {processor.py:826} INFO - Processing file /home/airflow/.local/lib/python3.7/site-packages/airflow/example_dags/example_time_delta_sensor_async.py for tasks to queue
[2023-08-29T06:22:36.587+0000] {logging_mixin.py:149} INFO - [2023-08-29T06:22:36.587+0000] {dagbag.py:541} INFO - Filling up the DagBag from /home/airflow/.local/lib/python3.7/site-packages/airflow/example_dags/example_time_delta_sensor_async.py
[2023-08-29T06:22:36.594+0000] {processor.py:836} INFO - DAG(s) dict_keys(['example_time_delta_sensor_async']) retrieved from /home/airflow/.local/lib/python3.7/site-packages/airflow/example_dags/example_time_delta_sensor_async.py
[2023-08-29T06:22:36.627+0000] {logging_mixin.py:149} INFO - [2023-08-29T06:22:36.627+0000] {dag.py:2726} INFO - Sync 1 DAGs
[2023-08-29T06:22:36.665+0000] {logging_mixin.py:149} INFO - [2023-08-29T06:22:36.665+0000] {dag.py:3490} INFO - Setting next_dagrun for example_time_delta_sensor_async to None, run_after=None
[2023-08-29T06:22:36.695+0000] {processor.py:179} INFO - Processing /home/airflow/.local/lib/python3.7/site-packages/airflow/example_dags/example_time_delta_sensor_async.py took 0.116 seconds
[2023-08-29T06:23:07.206+0000] {processor.py:157} INFO - Started process (PID=296) to work on /home/airflow/.local/lib/python3.7/site-packages/airflow/example_dags/example_time_delta_sensor_async.py
[2023-08-29T06:23:07.207+0000] {processor.py:826} INFO - Processing file /home/airflow/.local/lib/python3.7/site-packages/airflow/example_dags/example_time_delta_sensor_async.py for tasks to queue
[2023-08-29T06:23:07.208+0000] {logging_mixin.py:149} INFO - [2023-08-29T06:23:07.208+0000] {dagbag.py:541} INFO - Filling up the DagBag from /home/airflow/.local/lib/python3.7/site-packages/airflow/example_dags/example_time_delta_sensor_async.py
[2023-08-29T06:23:07.211+0000] {processor.py:836} INFO - DAG(s) dict_keys(['example_time_delta_sensor_async']) retrieved from /home/airflow/.local/lib/python3.7/site-packages/airflow/example_dags/example_time_delta_sensor_async.py
[2023-08-29T06:23:07.232+0000] {logging_mixin.py:149} INFO - [2023-08-29T06:23:07.232+0000] {dag.py:2726} INFO - Sync 1 DAGs
[2023-08-29T06:23:07.252+0000] {logging_mixin.py:149} INFO - [2023-08-29T06:23:07.252+0000] {dag.py:3490} INFO - Setting next_dagrun for example_time_delta_sensor_async to None, run_after=None
[2023-08-29T06:23:07.269+0000] {processor.py:179} INFO - Processing /home/airflow/.local/lib/python3.7/site-packages/airflow/example_dags/example_time_delta_sensor_async.py took 0.066 seconds
[2023-08-29T06:23:38.259+0000] {processor.py:157} INFO - Started process (PID=372) to work on /home/airflow/.local/lib/python3.7/site-packages/airflow/example_dags/example_time_delta_sensor_async.py
[2023-08-29T06:23:38.261+0000] {processor.py:826} INFO - Processing file /home/airflow/.local/lib/python3.7/site-packages/airflow/example_dags/example_time_delta_sensor_async.py for tasks to queue
[2023-08-29T06:23:38.261+0000] {logging_mixin.py:149} INFO - [2023-08-29T06:23:38.261+0000] {dagbag.py:541} INFO - Filling up the DagBag from /home/airflow/.local/lib/python3.7/site-packages/airflow/example_dags/example_time_delta_sensor_async.py
[2023-08-29T06:23:38.265+0000] {processor.py:836} INFO - DAG(s) dict_keys(['example_time_delta_sensor_async']) retrieved from /home/airflow/.local/lib/python3.7/site-packages/airflow/example_dags/example_time_delta_sensor_async.py
[2023-08-29T06:23:38.286+0000] {logging_mixin.py:149} INFO - [2023-08-29T06:23:38.286+0000] {dag.py:2726} INFO - Sync 1 DAGs
[2023-08-29T06:23:38.307+0000] {logging_mixin.py:149} INFO - [2023-08-29T06:23:38.307+0000] {dag.py:3490} INFO - Setting next_dagrun for example_time_delta_sensor_async to None, run_after=None
[2023-08-29T06:23:38.330+0000] {processor.py:179} INFO - Processing /home/airflow/.local/lib/python3.7/site-packages/airflow/example_dags/example_time_delta_sensor_async.py took 0.074 seconds
[2023-08-29T06:24:09.391+0000] {processor.py:157} INFO - Started process (PID=458) to work on /home/airflow/.local/lib/python3.7/site-packages/airflow/example_dags/example_time_delta_sensor_async.py
[2023-08-29T06:24:09.393+0000] {processor.py:826} INFO - Processing file /home/airflow/.local/lib/python3.7/site-packages/airflow/example_dags/example_time_delta_sensor_async.py for tasks to queue
[2023-08-29T06:24:09.394+0000] {logging_mixin.py:149} INFO - [2023-08-29T06:24:09.394+0000] {dagbag.py:541} INFO - Filling up the DagBag from /home/airflow/.local/lib/python3.7/site-packages/airflow/example_dags/example_time_delta_sensor_async.py
[2023-08-29T06:24:09.399+0000] {processor.py:836} INFO - DAG(s) dict_keys(['example_time_delta_sensor_async']) retrieved from /home/airflow/.local/lib/python3.7/site-packages/airflow/example_dags/example_time_delta_sensor_async.py
[2023-08-29T06:24:09.429+0000] {logging_mixin.py:149} INFO - [2023-08-29T06:24:09.429+0000] {dag.py:2726} INFO - Sync 1 DAGs
[2023-08-29T06:24:09.466+0000] {logging_mixin.py:149} INFO - [2023-08-29T06:24:09.466+0000] {dag.py:3490} INFO - Setting next_dagrun for example_time_delta_sensor_async to None, run_after=None
[2023-08-29T06:24:09.531+0000] {processor.py:179} INFO - Processing /home/airflow/.local/lib/python3.7/site-packages/airflow/example_dags/example_time_delta_sensor_async.py took 0.143 seconds
