[2023-08-29T02:59:05.136+0000] {processor.py:157} INFO - Started process (PID=54) to work on /home/airflow/.local/lib/python3.7/site-packages/airflow/example_dags/example_external_task_marker_dag.py
[2023-08-29T02:59:05.137+0000] {processor.py:826} INFO - Processing file /home/airflow/.local/lib/python3.7/site-packages/airflow/example_dags/example_external_task_marker_dag.py for tasks to queue
[2023-08-29T02:59:05.139+0000] {logging_mixin.py:149} INFO - [2023-08-29T02:59:05.139+0000] {dagbag.py:541} INFO - Filling up the DagBag from /home/airflow/.local/lib/python3.7/site-packages/airflow/example_dags/example_external_task_marker_dag.py
[2023-08-29T02:59:05.147+0000] {processor.py:836} INFO - DAG(s) dict_keys(['example_external_task_marker_child', 'example_external_task_marker_parent']) retrieved from /home/airflow/.local/lib/python3.7/site-packages/airflow/example_dags/example_external_task_marker_dag.py
[2023-08-29T02:59:05.342+0000] {logging_mixin.py:149} INFO - [2023-08-29T02:59:05.342+0000] {manager.py:504} INFO - Created Permission View: can edit on DAG:example_external_task_marker_child
[2023-08-29T02:59:05.363+0000] {logging_mixin.py:149} INFO - [2023-08-29T02:59:05.363+0000] {manager.py:504} INFO - Created Permission View: can read on DAG:example_external_task_marker_child
[2023-08-29T02:59:05.376+0000] {logging_mixin.py:149} INFO - [2023-08-29T02:59:05.376+0000] {manager.py:504} INFO - Created Permission View: can delete on DAG:example_external_task_marker_child
[2023-08-29T02:59:05.417+0000] {logging_mixin.py:149} INFO - [2023-08-29T02:59:05.417+0000] {manager.py:504} INFO - Created Permission View: can edit on DAG:example_external_task_marker_parent
[2023-08-29T02:59:05.431+0000] {logging_mixin.py:149} INFO - [2023-08-29T02:59:05.431+0000] {manager.py:504} INFO - Created Permission View: can read on DAG:example_external_task_marker_parent
[2023-08-29T02:59:05.446+0000] {logging_mixin.py:149} INFO - [2023-08-29T02:59:05.446+0000] {manager.py:504} INFO - Created Permission View: can delete on DAG:example_external_task_marker_parent
[2023-08-29T02:59:05.460+0000] {logging_mixin.py:149} INFO - [2023-08-29T02:59:05.460+0000] {dag.py:2726} INFO - Sync 2 DAGs
[2023-08-29T02:59:05.481+0000] {logging_mixin.py:149} INFO - [2023-08-29T02:59:05.481+0000] {dag.py:2747} INFO - Creating ORM DAG for example_external_task_marker_child
[2023-08-29T02:59:05.483+0000] {logging_mixin.py:149} INFO - [2023-08-29T02:59:05.483+0000] {dag.py:2747} INFO - Creating ORM DAG for example_external_task_marker_parent
[2023-08-29T02:59:05.502+0000] {logging_mixin.py:149} INFO - [2023-08-29T02:59:05.501+0000] {dag.py:3490} INFO - Setting next_dagrun for example_external_task_marker_child to None, run_after=None
[2023-08-29T02:59:05.504+0000] {logging_mixin.py:149} INFO - [2023-08-29T02:59:05.503+0000] {dag.py:3490} INFO - Setting next_dagrun for example_external_task_marker_parent to None, run_after=None
[2023-08-29T02:59:05.543+0000] {processor.py:179} INFO - Processing /home/airflow/.local/lib/python3.7/site-packages/airflow/example_dags/example_external_task_marker_dag.py took 0.411 seconds
[2023-08-29T02:59:35.742+0000] {processor.py:157} INFO - Started process (PID=130) to work on /home/airflow/.local/lib/python3.7/site-packages/airflow/example_dags/example_external_task_marker_dag.py
[2023-08-29T02:59:35.743+0000] {processor.py:826} INFO - Processing file /home/airflow/.local/lib/python3.7/site-packages/airflow/example_dags/example_external_task_marker_dag.py for tasks to queue
[2023-08-29T02:59:35.744+0000] {logging_mixin.py:149} INFO - [2023-08-29T02:59:35.744+0000] {dagbag.py:541} INFO - Filling up the DagBag from /home/airflow/.local/lib/python3.7/site-packages/airflow/example_dags/example_external_task_marker_dag.py
[2023-08-29T02:59:35.751+0000] {processor.py:836} INFO - DAG(s) dict_keys(['example_external_task_marker_child', 'example_external_task_marker_parent']) retrieved from /home/airflow/.local/lib/python3.7/site-packages/airflow/example_dags/example_external_task_marker_dag.py
[2023-08-29T02:59:35.777+0000] {logging_mixin.py:149} INFO - [2023-08-29T02:59:35.777+0000] {dag.py:2726} INFO - Sync 2 DAGs
[2023-08-29T02:59:35.797+0000] {logging_mixin.py:149} INFO - [2023-08-29T02:59:35.797+0000] {dag.py:3490} INFO - Setting next_dagrun for example_external_task_marker_child to None, run_after=None
[2023-08-29T02:59:35.800+0000] {logging_mixin.py:149} INFO - [2023-08-29T02:59:35.800+0000] {dag.py:3490} INFO - Setting next_dagrun for example_external_task_marker_parent to None, run_after=None
[2023-08-29T02:59:35.815+0000] {processor.py:179} INFO - Processing /home/airflow/.local/lib/python3.7/site-packages/airflow/example_dags/example_external_task_marker_dag.py took 0.075 seconds
[2023-08-29T04:07:07.211+0000] {processor.py:157} INFO - Started process (PID=44) to work on /home/airflow/.local/lib/python3.7/site-packages/airflow/example_dags/example_external_task_marker_dag.py
[2023-08-29T04:07:07.212+0000] {processor.py:826} INFO - Processing file /home/airflow/.local/lib/python3.7/site-packages/airflow/example_dags/example_external_task_marker_dag.py for tasks to queue
[2023-08-29T04:07:07.213+0000] {logging_mixin.py:149} INFO - [2023-08-29T04:07:07.213+0000] {dagbag.py:541} INFO - Filling up the DagBag from /home/airflow/.local/lib/python3.7/site-packages/airflow/example_dags/example_external_task_marker_dag.py
[2023-08-29T04:07:07.218+0000] {processor.py:836} INFO - DAG(s) dict_keys(['example_external_task_marker_parent', 'example_external_task_marker_child']) retrieved from /home/airflow/.local/lib/python3.7/site-packages/airflow/example_dags/example_external_task_marker_dag.py
[2023-08-29T04:07:07.232+0000] {logging_mixin.py:149} INFO - [2023-08-29T04:07:07.232+0000] {dag.py:2726} INFO - Sync 2 DAGs
[2023-08-29T04:07:07.260+0000] {logging_mixin.py:149} INFO - [2023-08-29T04:07:07.260+0000] {dag.py:3490} INFO - Setting next_dagrun for example_external_task_marker_child to None, run_after=None
[2023-08-29T04:07:07.265+0000] {logging_mixin.py:149} INFO - [2023-08-29T04:07:07.265+0000] {dag.py:3490} INFO - Setting next_dagrun for example_external_task_marker_parent to None, run_after=None
[2023-08-29T04:07:07.287+0000] {processor.py:179} INFO - Processing /home/airflow/.local/lib/python3.7/site-packages/airflow/example_dags/example_external_task_marker_dag.py took 0.079 seconds
[2023-08-29T04:07:39.495+0000] {processor.py:157} INFO - Started process (PID=129) to work on /home/airflow/.local/lib/python3.7/site-packages/airflow/example_dags/example_external_task_marker_dag.py
[2023-08-29T04:07:39.496+0000] {processor.py:826} INFO - Processing file /home/airflow/.local/lib/python3.7/site-packages/airflow/example_dags/example_external_task_marker_dag.py for tasks to queue
[2023-08-29T04:07:39.497+0000] {logging_mixin.py:149} INFO - [2023-08-29T04:07:39.497+0000] {dagbag.py:541} INFO - Filling up the DagBag from /home/airflow/.local/lib/python3.7/site-packages/airflow/example_dags/example_external_task_marker_dag.py
[2023-08-29T04:07:39.503+0000] {processor.py:836} INFO - DAG(s) dict_keys(['example_external_task_marker_parent', 'example_external_task_marker_child']) retrieved from /home/airflow/.local/lib/python3.7/site-packages/airflow/example_dags/example_external_task_marker_dag.py
[2023-08-29T04:07:39.621+0000] {logging_mixin.py:149} INFO - [2023-08-29T04:07:39.621+0000] {dag.py:2726} INFO - Sync 2 DAGs
[2023-08-29T04:07:39.647+0000] {logging_mixin.py:149} INFO - [2023-08-29T04:07:39.647+0000] {dag.py:3490} INFO - Setting next_dagrun for example_external_task_marker_child to None, run_after=None
[2023-08-29T04:07:39.651+0000] {logging_mixin.py:149} INFO - [2023-08-29T04:07:39.651+0000] {dag.py:3490} INFO - Setting next_dagrun for example_external_task_marker_parent to None, run_after=None
[2023-08-29T04:07:39.666+0000] {processor.py:179} INFO - Processing /home/airflow/.local/lib/python3.7/site-packages/airflow/example_dags/example_external_task_marker_dag.py took 0.175 seconds
[2023-08-29T04:08:10.638+0000] {processor.py:157} INFO - Started process (PID=205) to work on /home/airflow/.local/lib/python3.7/site-packages/airflow/example_dags/example_external_task_marker_dag.py
[2023-08-29T04:08:10.640+0000] {processor.py:826} INFO - Processing file /home/airflow/.local/lib/python3.7/site-packages/airflow/example_dags/example_external_task_marker_dag.py for tasks to queue
[2023-08-29T04:08:10.643+0000] {logging_mixin.py:149} INFO - [2023-08-29T04:08:10.642+0000] {dagbag.py:541} INFO - Filling up the DagBag from /home/airflow/.local/lib/python3.7/site-packages/airflow/example_dags/example_external_task_marker_dag.py
[2023-08-29T04:08:10.654+0000] {processor.py:836} INFO - DAG(s) dict_keys(['example_external_task_marker_child', 'example_external_task_marker_parent']) retrieved from /home/airflow/.local/lib/python3.7/site-packages/airflow/example_dags/example_external_task_marker_dag.py
[2023-08-29T04:08:10.699+0000] {logging_mixin.py:149} INFO - [2023-08-29T04:08:10.698+0000] {dag.py:2726} INFO - Sync 2 DAGs
[2023-08-29T04:08:10.742+0000] {logging_mixin.py:149} INFO - [2023-08-29T04:08:10.741+0000] {dag.py:3490} INFO - Setting next_dagrun for example_external_task_marker_child to None, run_after=None
[2023-08-29T04:08:10.747+0000] {logging_mixin.py:149} INFO - [2023-08-29T04:08:10.747+0000] {dag.py:3490} INFO - Setting next_dagrun for example_external_task_marker_parent to None, run_after=None
[2023-08-29T04:08:10.776+0000] {processor.py:179} INFO - Processing /home/airflow/.local/lib/python3.7/site-packages/airflow/example_dags/example_external_task_marker_dag.py took 0.143 seconds
[2023-08-29T04:08:40.948+0000] {processor.py:157} INFO - Started process (PID=290) to work on /home/airflow/.local/lib/python3.7/site-packages/airflow/example_dags/example_external_task_marker_dag.py
[2023-08-29T04:08:40.949+0000] {processor.py:826} INFO - Processing file /home/airflow/.local/lib/python3.7/site-packages/airflow/example_dags/example_external_task_marker_dag.py for tasks to queue
[2023-08-29T04:08:40.950+0000] {logging_mixin.py:149} INFO - [2023-08-29T04:08:40.950+0000] {dagbag.py:541} INFO - Filling up the DagBag from /home/airflow/.local/lib/python3.7/site-packages/airflow/example_dags/example_external_task_marker_dag.py
[2023-08-29T04:08:40.955+0000] {processor.py:836} INFO - DAG(s) dict_keys(['example_external_task_marker_parent', 'example_external_task_marker_child']) retrieved from /home/airflow/.local/lib/python3.7/site-packages/airflow/example_dags/example_external_task_marker_dag.py
[2023-08-29T04:08:40.985+0000] {logging_mixin.py:149} INFO - [2023-08-29T04:08:40.985+0000] {dag.py:2726} INFO - Sync 2 DAGs
[2023-08-29T04:08:41.005+0000] {logging_mixin.py:149} INFO - [2023-08-29T04:08:41.005+0000] {dag.py:3490} INFO - Setting next_dagrun for example_external_task_marker_child to None, run_after=None
[2023-08-29T04:08:41.009+0000] {logging_mixin.py:149} INFO - [2023-08-29T04:08:41.009+0000] {dag.py:3490} INFO - Setting next_dagrun for example_external_task_marker_parent to None, run_after=None
[2023-08-29T04:08:41.028+0000] {processor.py:179} INFO - Processing /home/airflow/.local/lib/python3.7/site-packages/airflow/example_dags/example_external_task_marker_dag.py took 0.082 seconds
[2023-08-29T04:09:11.335+0000] {processor.py:157} INFO - Started process (PID=367) to work on /home/airflow/.local/lib/python3.7/site-packages/airflow/example_dags/example_external_task_marker_dag.py
[2023-08-29T04:09:11.337+0000] {processor.py:826} INFO - Processing file /home/airflow/.local/lib/python3.7/site-packages/airflow/example_dags/example_external_task_marker_dag.py for tasks to queue
[2023-08-29T04:09:11.338+0000] {logging_mixin.py:149} INFO - [2023-08-29T04:09:11.337+0000] {dagbag.py:541} INFO - Filling up the DagBag from /home/airflow/.local/lib/python3.7/site-packages/airflow/example_dags/example_external_task_marker_dag.py
[2023-08-29T04:09:11.342+0000] {processor.py:836} INFO - DAG(s) dict_keys(['example_external_task_marker_child', 'example_external_task_marker_parent']) retrieved from /home/airflow/.local/lib/python3.7/site-packages/airflow/example_dags/example_external_task_marker_dag.py
[2023-08-29T04:09:11.368+0000] {logging_mixin.py:149} INFO - [2023-08-29T04:09:11.367+0000] {dag.py:2726} INFO - Sync 2 DAGs
[2023-08-29T04:09:11.390+0000] {logging_mixin.py:149} INFO - [2023-08-29T04:09:11.389+0000] {dag.py:3490} INFO - Setting next_dagrun for example_external_task_marker_child to None, run_after=None
[2023-08-29T04:09:11.393+0000] {logging_mixin.py:149} INFO - [2023-08-29T04:09:11.393+0000] {dag.py:3490} INFO - Setting next_dagrun for example_external_task_marker_parent to None, run_after=None
[2023-08-29T04:09:11.408+0000] {processor.py:179} INFO - Processing /home/airflow/.local/lib/python3.7/site-packages/airflow/example_dags/example_external_task_marker_dag.py took 0.076 seconds
[2023-08-29T04:09:41.805+0000] {processor.py:157} INFO - Started process (PID=452) to work on /home/airflow/.local/lib/python3.7/site-packages/airflow/example_dags/example_external_task_marker_dag.py
[2023-08-29T04:09:41.806+0000] {processor.py:826} INFO - Processing file /home/airflow/.local/lib/python3.7/site-packages/airflow/example_dags/example_external_task_marker_dag.py for tasks to queue
[2023-08-29T04:09:41.807+0000] {logging_mixin.py:149} INFO - [2023-08-29T04:09:41.807+0000] {dagbag.py:541} INFO - Filling up the DagBag from /home/airflow/.local/lib/python3.7/site-packages/airflow/example_dags/example_external_task_marker_dag.py
[2023-08-29T04:09:41.813+0000] {processor.py:836} INFO - DAG(s) dict_keys(['example_external_task_marker_child', 'example_external_task_marker_parent']) retrieved from /home/airflow/.local/lib/python3.7/site-packages/airflow/example_dags/example_external_task_marker_dag.py
[2023-08-29T04:09:41.842+0000] {logging_mixin.py:149} INFO - [2023-08-29T04:09:41.842+0000] {dag.py:2726} INFO - Sync 2 DAGs
[2023-08-29T04:09:41.871+0000] {logging_mixin.py:149} INFO - [2023-08-29T04:09:41.871+0000] {dag.py:3490} INFO - Setting next_dagrun for example_external_task_marker_child to None, run_after=None
[2023-08-29T04:09:41.875+0000] {logging_mixin.py:149} INFO - [2023-08-29T04:09:41.875+0000] {dag.py:3490} INFO - Setting next_dagrun for example_external_task_marker_parent to None, run_after=None
[2023-08-29T04:09:41.897+0000] {processor.py:179} INFO - Processing /home/airflow/.local/lib/python3.7/site-packages/airflow/example_dags/example_external_task_marker_dag.py took 0.097 seconds
[2023-08-29T06:21:33.728+0000] {processor.py:157} INFO - Started process (PID=44) to work on /home/airflow/.local/lib/python3.7/site-packages/airflow/example_dags/example_external_task_marker_dag.py
[2023-08-29T06:21:33.729+0000] {processor.py:826} INFO - Processing file /home/airflow/.local/lib/python3.7/site-packages/airflow/example_dags/example_external_task_marker_dag.py for tasks to queue
[2023-08-29T06:21:33.731+0000] {logging_mixin.py:149} INFO - [2023-08-29T06:21:33.730+0000] {dagbag.py:541} INFO - Filling up the DagBag from /home/airflow/.local/lib/python3.7/site-packages/airflow/example_dags/example_external_task_marker_dag.py
[2023-08-29T06:21:33.740+0000] {processor.py:836} INFO - DAG(s) dict_keys(['example_external_task_marker_child', 'example_external_task_marker_parent']) retrieved from /home/airflow/.local/lib/python3.7/site-packages/airflow/example_dags/example_external_task_marker_dag.py
[2023-08-29T06:21:33.757+0000] {logging_mixin.py:149} INFO - [2023-08-29T06:21:33.757+0000] {dag.py:2726} INFO - Sync 2 DAGs
[2023-08-29T06:21:33.789+0000] {logging_mixin.py:149} INFO - [2023-08-29T06:21:33.789+0000] {dag.py:3490} INFO - Setting next_dagrun for example_external_task_marker_child to None, run_after=None
[2023-08-29T06:21:33.794+0000] {logging_mixin.py:149} INFO - [2023-08-29T06:21:33.794+0000] {dag.py:3490} INFO - Setting next_dagrun for example_external_task_marker_parent to None, run_after=None
[2023-08-29T06:21:33.820+0000] {processor.py:179} INFO - Processing /home/airflow/.local/lib/python3.7/site-packages/airflow/example_dags/example_external_task_marker_dag.py took 0.094 seconds
[2023-08-29T06:22:04.785+0000] {processor.py:157} INFO - Started process (PID=129) to work on /home/airflow/.local/lib/python3.7/site-packages/airflow/example_dags/example_external_task_marker_dag.py
[2023-08-29T06:22:04.786+0000] {processor.py:826} INFO - Processing file /home/airflow/.local/lib/python3.7/site-packages/airflow/example_dags/example_external_task_marker_dag.py for tasks to queue
[2023-08-29T06:22:04.787+0000] {logging_mixin.py:149} INFO - [2023-08-29T06:22:04.787+0000] {dagbag.py:541} INFO - Filling up the DagBag from /home/airflow/.local/lib/python3.7/site-packages/airflow/example_dags/example_external_task_marker_dag.py
[2023-08-29T06:22:04.792+0000] {processor.py:836} INFO - DAG(s) dict_keys(['example_external_task_marker_parent', 'example_external_task_marker_child']) retrieved from /home/airflow/.local/lib/python3.7/site-packages/airflow/example_dags/example_external_task_marker_dag.py
[2023-08-29T06:22:04.894+0000] {logging_mixin.py:149} INFO - [2023-08-29T06:22:04.894+0000] {dag.py:2726} INFO - Sync 2 DAGs
[2023-08-29T06:22:04.914+0000] {logging_mixin.py:149} INFO - [2023-08-29T06:22:04.914+0000] {dag.py:3490} INFO - Setting next_dagrun for example_external_task_marker_child to None, run_after=None
[2023-08-29T06:22:04.918+0000] {logging_mixin.py:149} INFO - [2023-08-29T06:22:04.918+0000] {dag.py:3490} INFO - Setting next_dagrun for example_external_task_marker_parent to None, run_after=None
[2023-08-29T06:22:04.935+0000] {processor.py:179} INFO - Processing /home/airflow/.local/lib/python3.7/site-packages/airflow/example_dags/example_external_task_marker_dag.py took 0.153 seconds
[2023-08-29T06:22:35.929+0000] {processor.py:157} INFO - Started process (PID=206) to work on /home/airflow/.local/lib/python3.7/site-packages/airflow/example_dags/example_external_task_marker_dag.py
[2023-08-29T06:22:35.930+0000] {processor.py:826} INFO - Processing file /home/airflow/.local/lib/python3.7/site-packages/airflow/example_dags/example_external_task_marker_dag.py for tasks to queue
[2023-08-29T06:22:35.931+0000] {logging_mixin.py:149} INFO - [2023-08-29T06:22:35.931+0000] {dagbag.py:541} INFO - Filling up the DagBag from /home/airflow/.local/lib/python3.7/site-packages/airflow/example_dags/example_external_task_marker_dag.py
[2023-08-29T06:22:35.944+0000] {processor.py:836} INFO - DAG(s) dict_keys(['example_external_task_marker_child', 'example_external_task_marker_parent']) retrieved from /home/airflow/.local/lib/python3.7/site-packages/airflow/example_dags/example_external_task_marker_dag.py
[2023-08-29T06:22:35.980+0000] {logging_mixin.py:149} INFO - [2023-08-29T06:22:35.980+0000] {dag.py:2726} INFO - Sync 2 DAGs
[2023-08-29T06:22:36.036+0000] {logging_mixin.py:149} INFO - [2023-08-29T06:22:36.036+0000] {dag.py:3490} INFO - Setting next_dagrun for example_external_task_marker_child to None, run_after=None
[2023-08-29T06:22:36.045+0000] {logging_mixin.py:149} INFO - [2023-08-29T06:22:36.045+0000] {dag.py:3490} INFO - Setting next_dagrun for example_external_task_marker_parent to None, run_after=None
[2023-08-29T06:22:36.079+0000] {processor.py:179} INFO - Processing /home/airflow/.local/lib/python3.7/site-packages/airflow/example_dags/example_external_task_marker_dag.py took 0.155 seconds
[2023-08-29T06:23:06.789+0000] {processor.py:157} INFO - Started process (PID=290) to work on /home/airflow/.local/lib/python3.7/site-packages/airflow/example_dags/example_external_task_marker_dag.py
[2023-08-29T06:23:06.790+0000] {processor.py:826} INFO - Processing file /home/airflow/.local/lib/python3.7/site-packages/airflow/example_dags/example_external_task_marker_dag.py for tasks to queue
[2023-08-29T06:23:06.791+0000] {logging_mixin.py:149} INFO - [2023-08-29T06:23:06.791+0000] {dagbag.py:541} INFO - Filling up the DagBag from /home/airflow/.local/lib/python3.7/site-packages/airflow/example_dags/example_external_task_marker_dag.py
[2023-08-29T06:23:06.797+0000] {processor.py:836} INFO - DAG(s) dict_keys(['example_external_task_marker_child', 'example_external_task_marker_parent']) retrieved from /home/airflow/.local/lib/python3.7/site-packages/airflow/example_dags/example_external_task_marker_dag.py
[2023-08-29T06:23:06.827+0000] {logging_mixin.py:149} INFO - [2023-08-29T06:23:06.827+0000] {dag.py:2726} INFO - Sync 2 DAGs
[2023-08-29T06:23:06.858+0000] {logging_mixin.py:149} INFO - [2023-08-29T06:23:06.858+0000] {dag.py:3490} INFO - Setting next_dagrun for example_external_task_marker_child to None, run_after=None
[2023-08-29T06:23:06.863+0000] {logging_mixin.py:149} INFO - [2023-08-29T06:23:06.863+0000] {dag.py:3490} INFO - Setting next_dagrun for example_external_task_marker_parent to None, run_after=None
[2023-08-29T06:23:06.885+0000] {processor.py:179} INFO - Processing /home/airflow/.local/lib/python3.7/site-packages/airflow/example_dags/example_external_task_marker_dag.py took 0.099 seconds
[2023-08-29T06:23:37.671+0000] {processor.py:157} INFO - Started process (PID=366) to work on /home/airflow/.local/lib/python3.7/site-packages/airflow/example_dags/example_external_task_marker_dag.py
[2023-08-29T06:23:37.673+0000] {processor.py:826} INFO - Processing file /home/airflow/.local/lib/python3.7/site-packages/airflow/example_dags/example_external_task_marker_dag.py for tasks to queue
[2023-08-29T06:23:37.674+0000] {logging_mixin.py:149} INFO - [2023-08-29T06:23:37.673+0000] {dagbag.py:541} INFO - Filling up the DagBag from /home/airflow/.local/lib/python3.7/site-packages/airflow/example_dags/example_external_task_marker_dag.py
[2023-08-29T06:23:37.679+0000] {processor.py:836} INFO - DAG(s) dict_keys(['example_external_task_marker_parent', 'example_external_task_marker_child']) retrieved from /home/airflow/.local/lib/python3.7/site-packages/airflow/example_dags/example_external_task_marker_dag.py
[2023-08-29T06:23:37.706+0000] {logging_mixin.py:149} INFO - [2023-08-29T06:23:37.706+0000] {dag.py:2726} INFO - Sync 2 DAGs
[2023-08-29T06:23:37.727+0000] {logging_mixin.py:149} INFO - [2023-08-29T06:23:37.727+0000] {dag.py:3490} INFO - Setting next_dagrun for example_external_task_marker_child to None, run_after=None
[2023-08-29T06:23:37.730+0000] {logging_mixin.py:149} INFO - [2023-08-29T06:23:37.730+0000] {dag.py:3490} INFO - Setting next_dagrun for example_external_task_marker_parent to None, run_after=None
[2023-08-29T06:23:37.751+0000] {processor.py:179} INFO - Processing /home/airflow/.local/lib/python3.7/site-packages/airflow/example_dags/example_external_task_marker_dag.py took 0.082 seconds
[2023-08-29T06:24:08.470+0000] {processor.py:157} INFO - Started process (PID=451) to work on /home/airflow/.local/lib/python3.7/site-packages/airflow/example_dags/example_external_task_marker_dag.py
[2023-08-29T06:24:08.472+0000] {processor.py:826} INFO - Processing file /home/airflow/.local/lib/python3.7/site-packages/airflow/example_dags/example_external_task_marker_dag.py for tasks to queue
[2023-08-29T06:24:08.474+0000] {logging_mixin.py:149} INFO - [2023-08-29T06:24:08.474+0000] {dagbag.py:541} INFO - Filling up the DagBag from /home/airflow/.local/lib/python3.7/site-packages/airflow/example_dags/example_external_task_marker_dag.py
[2023-08-29T06:24:08.480+0000] {processor.py:836} INFO - DAG(s) dict_keys(['example_external_task_marker_child', 'example_external_task_marker_parent']) retrieved from /home/airflow/.local/lib/python3.7/site-packages/airflow/example_dags/example_external_task_marker_dag.py
[2023-08-29T06:24:08.547+0000] {logging_mixin.py:149} INFO - [2023-08-29T06:24:08.546+0000] {dag.py:2726} INFO - Sync 2 DAGs
[2023-08-29T06:24:08.581+0000] {logging_mixin.py:149} INFO - [2023-08-29T06:24:08.581+0000] {dag.py:3490} INFO - Setting next_dagrun for example_external_task_marker_child to None, run_after=None
[2023-08-29T06:24:08.588+0000] {logging_mixin.py:149} INFO - [2023-08-29T06:24:08.588+0000] {dag.py:3490} INFO - Setting next_dagrun for example_external_task_marker_parent to None, run_after=None
[2023-08-29T06:24:08.615+0000] {processor.py:179} INFO - Processing /home/airflow/.local/lib/python3.7/site-packages/airflow/example_dags/example_external_task_marker_dag.py took 0.151 seconds
