[2023-08-29T02:59:11.003+0000] {processor.py:157} INFO - Started process (PID=79) to work on /home/airflow/.local/lib/python3.7/site-packages/airflow/example_dags/example_sensor_decorator.py
[2023-08-29T02:59:11.004+0000] {processor.py:826} INFO - Processing file /home/airflow/.local/lib/python3.7/site-packages/airflow/example_dags/example_sensor_decorator.py for tasks to queue
[2023-08-29T02:59:11.005+0000] {logging_mixin.py:149} INFO - [2023-08-29T02:59:11.005+0000] {dagbag.py:541} INFO - Filling up the DagBag from /home/airflow/.local/lib/python3.7/site-packages/airflow/example_dags/example_sensor_decorator.py
[2023-08-29T02:59:11.011+0000] {processor.py:836} INFO - DAG(s) dict_keys(['example_sensor_decorator']) retrieved from /home/airflow/.local/lib/python3.7/site-packages/airflow/example_dags/example_sensor_decorator.py
[2023-08-29T02:59:11.124+0000] {logging_mixin.py:149} INFO - [2023-08-29T02:59:11.123+0000] {manager.py:504} INFO - Created Permission View: can edit on DAG:example_sensor_decorator
[2023-08-29T02:59:11.137+0000] {logging_mixin.py:149} INFO - [2023-08-29T02:59:11.136+0000] {manager.py:504} INFO - Created Permission View: can read on DAG:example_sensor_decorator
[2023-08-29T02:59:11.143+0000] {logging_mixin.py:149} INFO - [2023-08-29T02:59:11.143+0000] {manager.py:504} INFO - Created Permission View: can delete on DAG:example_sensor_decorator
[2023-08-29T02:59:11.157+0000] {logging_mixin.py:149} INFO - [2023-08-29T02:59:11.157+0000] {dag.py:2726} INFO - Sync 1 DAGs
[2023-08-29T02:59:11.168+0000] {logging_mixin.py:149} INFO - [2023-08-29T02:59:11.168+0000] {dag.py:2747} INFO - Creating ORM DAG for example_sensor_decorator
[2023-08-29T02:59:11.178+0000] {logging_mixin.py:149} INFO - [2023-08-29T02:59:11.177+0000] {dag.py:3490} INFO - Setting next_dagrun for example_sensor_decorator to None, run_after=None
[2023-08-29T02:59:11.195+0000] {processor.py:179} INFO - Processing /home/airflow/.local/lib/python3.7/site-packages/airflow/example_dags/example_sensor_decorator.py took 0.195 seconds
[2023-08-29T02:59:41.508+0000] {processor.py:157} INFO - Started process (PID=164) to work on /home/airflow/.local/lib/python3.7/site-packages/airflow/example_dags/example_sensor_decorator.py
[2023-08-29T02:59:41.510+0000] {processor.py:826} INFO - Processing file /home/airflow/.local/lib/python3.7/site-packages/airflow/example_dags/example_sensor_decorator.py for tasks to queue
[2023-08-29T02:59:41.511+0000] {logging_mixin.py:149} INFO - [2023-08-29T02:59:41.511+0000] {dagbag.py:541} INFO - Filling up the DagBag from /home/airflow/.local/lib/python3.7/site-packages/airflow/example_dags/example_sensor_decorator.py
[2023-08-29T02:59:41.517+0000] {processor.py:836} INFO - DAG(s) dict_keys(['example_sensor_decorator']) retrieved from /home/airflow/.local/lib/python3.7/site-packages/airflow/example_dags/example_sensor_decorator.py
[2023-08-29T02:59:41.539+0000] {logging_mixin.py:149} INFO - [2023-08-29T02:59:41.539+0000] {dag.py:2726} INFO - Sync 1 DAGs
[2023-08-29T02:59:41.566+0000] {logging_mixin.py:149} INFO - [2023-08-29T02:59:41.566+0000] {dag.py:3490} INFO - Setting next_dagrun for example_sensor_decorator to None, run_after=None
[2023-08-29T02:59:41.591+0000] {processor.py:179} INFO - Processing /home/airflow/.local/lib/python3.7/site-packages/airflow/example_dags/example_sensor_decorator.py took 0.086 seconds
[2023-08-29T04:07:12.055+0000] {processor.py:157} INFO - Started process (PID=78) to work on /home/airflow/.local/lib/python3.7/site-packages/airflow/example_dags/example_sensor_decorator.py
[2023-08-29T04:07:12.056+0000] {processor.py:826} INFO - Processing file /home/airflow/.local/lib/python3.7/site-packages/airflow/example_dags/example_sensor_decorator.py for tasks to queue
[2023-08-29T04:07:12.057+0000] {logging_mixin.py:149} INFO - [2023-08-29T04:07:12.057+0000] {dagbag.py:541} INFO - Filling up the DagBag from /home/airflow/.local/lib/python3.7/site-packages/airflow/example_dags/example_sensor_decorator.py
[2023-08-29T04:07:12.064+0000] {processor.py:836} INFO - DAG(s) dict_keys(['example_sensor_decorator']) retrieved from /home/airflow/.local/lib/python3.7/site-packages/airflow/example_dags/example_sensor_decorator.py
[2023-08-29T04:07:12.081+0000] {logging_mixin.py:149} INFO - [2023-08-29T04:07:12.081+0000] {dag.py:2726} INFO - Sync 1 DAGs
[2023-08-29T04:07:12.306+0000] {logging_mixin.py:149} INFO - [2023-08-29T04:07:12.306+0000] {dag.py:3490} INFO - Setting next_dagrun for example_sensor_decorator to None, run_after=None
[2023-08-29T04:07:12.329+0000] {processor.py:179} INFO - Processing /home/airflow/.local/lib/python3.7/site-packages/airflow/example_dags/example_sensor_decorator.py took 0.278 seconds
[2023-08-29T04:07:43.158+0000] {processor.py:157} INFO - Started process (PID=154) to work on /home/airflow/.local/lib/python3.7/site-packages/airflow/example_dags/example_sensor_decorator.py
[2023-08-29T04:07:43.160+0000] {processor.py:826} INFO - Processing file /home/airflow/.local/lib/python3.7/site-packages/airflow/example_dags/example_sensor_decorator.py for tasks to queue
[2023-08-29T04:07:43.161+0000] {logging_mixin.py:149} INFO - [2023-08-29T04:07:43.160+0000] {dagbag.py:541} INFO - Filling up the DagBag from /home/airflow/.local/lib/python3.7/site-packages/airflow/example_dags/example_sensor_decorator.py
[2023-08-29T04:07:43.166+0000] {processor.py:836} INFO - DAG(s) dict_keys(['example_sensor_decorator']) retrieved from /home/airflow/.local/lib/python3.7/site-packages/airflow/example_dags/example_sensor_decorator.py
[2023-08-29T04:07:43.189+0000] {logging_mixin.py:149} INFO - [2023-08-29T04:07:43.188+0000] {dag.py:2726} INFO - Sync 1 DAGs
[2023-08-29T04:07:43.213+0000] {logging_mixin.py:149} INFO - [2023-08-29T04:07:43.213+0000] {dag.py:3490} INFO - Setting next_dagrun for example_sensor_decorator to None, run_after=None
[2023-08-29T04:07:43.232+0000] {processor.py:179} INFO - Processing /home/airflow/.local/lib/python3.7/site-packages/airflow/example_dags/example_sensor_decorator.py took 0.078 seconds
[2023-08-29T04:08:13.445+0000] {processor.py:157} INFO - Started process (PID=230) to work on /home/airflow/.local/lib/python3.7/site-packages/airflow/example_dags/example_sensor_decorator.py
[2023-08-29T04:08:13.447+0000] {processor.py:826} INFO - Processing file /home/airflow/.local/lib/python3.7/site-packages/airflow/example_dags/example_sensor_decorator.py for tasks to queue
[2023-08-29T04:08:13.448+0000] {logging_mixin.py:149} INFO - [2023-08-29T04:08:13.448+0000] {dagbag.py:541} INFO - Filling up the DagBag from /home/airflow/.local/lib/python3.7/site-packages/airflow/example_dags/example_sensor_decorator.py
[2023-08-29T04:08:13.458+0000] {processor.py:836} INFO - DAG(s) dict_keys(['example_sensor_decorator']) retrieved from /home/airflow/.local/lib/python3.7/site-packages/airflow/example_dags/example_sensor_decorator.py
[2023-08-29T04:08:13.501+0000] {logging_mixin.py:149} INFO - [2023-08-29T04:08:13.501+0000] {dag.py:2726} INFO - Sync 1 DAGs
[2023-08-29T04:08:13.535+0000] {logging_mixin.py:149} INFO - [2023-08-29T04:08:13.535+0000] {dag.py:3490} INFO - Setting next_dagrun for example_sensor_decorator to None, run_after=None
[2023-08-29T04:08:13.562+0000] {processor.py:179} INFO - Processing /home/airflow/.local/lib/python3.7/site-packages/airflow/example_dags/example_sensor_decorator.py took 0.121 seconds
[2023-08-29T04:08:43.873+0000] {processor.py:157} INFO - Started process (PID=315) to work on /home/airflow/.local/lib/python3.7/site-packages/airflow/example_dags/example_sensor_decorator.py
[2023-08-29T04:08:43.874+0000] {processor.py:826} INFO - Processing file /home/airflow/.local/lib/python3.7/site-packages/airflow/example_dags/example_sensor_decorator.py for tasks to queue
[2023-08-29T04:08:43.875+0000] {logging_mixin.py:149} INFO - [2023-08-29T04:08:43.875+0000] {dagbag.py:541} INFO - Filling up the DagBag from /home/airflow/.local/lib/python3.7/site-packages/airflow/example_dags/example_sensor_decorator.py
[2023-08-29T04:08:43.880+0000] {processor.py:836} INFO - DAG(s) dict_keys(['example_sensor_decorator']) retrieved from /home/airflow/.local/lib/python3.7/site-packages/airflow/example_dags/example_sensor_decorator.py
[2023-08-29T04:08:43.913+0000] {logging_mixin.py:149} INFO - [2023-08-29T04:08:43.913+0000] {dag.py:2726} INFO - Sync 1 DAGs
[2023-08-29T04:08:43.945+0000] {logging_mixin.py:149} INFO - [2023-08-29T04:08:43.945+0000] {dag.py:3490} INFO - Setting next_dagrun for example_sensor_decorator to None, run_after=None
[2023-08-29T04:08:43.970+0000] {processor.py:179} INFO - Processing /home/airflow/.local/lib/python3.7/site-packages/airflow/example_dags/example_sensor_decorator.py took 0.101 seconds
[2023-08-29T04:09:13.998+0000] {processor.py:157} INFO - Started process (PID=392) to work on /home/airflow/.local/lib/python3.7/site-packages/airflow/example_dags/example_sensor_decorator.py
[2023-08-29T04:09:13.999+0000] {processor.py:826} INFO - Processing file /home/airflow/.local/lib/python3.7/site-packages/airflow/example_dags/example_sensor_decorator.py for tasks to queue
[2023-08-29T04:09:14.001+0000] {logging_mixin.py:149} INFO - [2023-08-29T04:09:14.001+0000] {dagbag.py:541} INFO - Filling up the DagBag from /home/airflow/.local/lib/python3.7/site-packages/airflow/example_dags/example_sensor_decorator.py
[2023-08-29T04:09:14.014+0000] {processor.py:836} INFO - DAG(s) dict_keys(['example_sensor_decorator']) retrieved from /home/airflow/.local/lib/python3.7/site-packages/airflow/example_dags/example_sensor_decorator.py
[2023-08-29T04:09:14.038+0000] {logging_mixin.py:149} INFO - [2023-08-29T04:09:14.037+0000] {dag.py:2726} INFO - Sync 1 DAGs
[2023-08-29T04:09:14.058+0000] {logging_mixin.py:149} INFO - [2023-08-29T04:09:14.058+0000] {dag.py:3490} INFO - Setting next_dagrun for example_sensor_decorator to None, run_after=None
[2023-08-29T04:09:14.074+0000] {processor.py:179} INFO - Processing /home/airflow/.local/lib/python3.7/site-packages/airflow/example_dags/example_sensor_decorator.py took 0.079 seconds
[2023-08-29T04:09:44.480+0000] {processor.py:157} INFO - Started process (PID=477) to work on /home/airflow/.local/lib/python3.7/site-packages/airflow/example_dags/example_sensor_decorator.py
[2023-08-29T04:09:44.481+0000] {processor.py:826} INFO - Processing file /home/airflow/.local/lib/python3.7/site-packages/airflow/example_dags/example_sensor_decorator.py for tasks to queue
[2023-08-29T04:09:44.482+0000] {logging_mixin.py:149} INFO - [2023-08-29T04:09:44.482+0000] {dagbag.py:541} INFO - Filling up the DagBag from /home/airflow/.local/lib/python3.7/site-packages/airflow/example_dags/example_sensor_decorator.py
[2023-08-29T04:09:44.487+0000] {processor.py:836} INFO - DAG(s) dict_keys(['example_sensor_decorator']) retrieved from /home/airflow/.local/lib/python3.7/site-packages/airflow/example_dags/example_sensor_decorator.py
[2023-08-29T04:09:44.506+0000] {logging_mixin.py:149} INFO - [2023-08-29T04:09:44.506+0000] {dag.py:2726} INFO - Sync 1 DAGs
[2023-08-29T04:09:44.525+0000] {logging_mixin.py:149} INFO - [2023-08-29T04:09:44.525+0000] {dag.py:3490} INFO - Setting next_dagrun for example_sensor_decorator to None, run_after=None
[2023-08-29T04:09:44.543+0000] {processor.py:179} INFO - Processing /home/airflow/.local/lib/python3.7/site-packages/airflow/example_dags/example_sensor_decorator.py took 0.066 seconds
[2023-08-29T06:21:37.909+0000] {processor.py:157} INFO - Started process (PID=78) to work on /home/airflow/.local/lib/python3.7/site-packages/airflow/example_dags/example_sensor_decorator.py
[2023-08-29T06:21:37.911+0000] {processor.py:826} INFO - Processing file /home/airflow/.local/lib/python3.7/site-packages/airflow/example_dags/example_sensor_decorator.py for tasks to queue
[2023-08-29T06:21:37.913+0000] {logging_mixin.py:149} INFO - [2023-08-29T06:21:37.912+0000] {dagbag.py:541} INFO - Filling up the DagBag from /home/airflow/.local/lib/python3.7/site-packages/airflow/example_dags/example_sensor_decorator.py
[2023-08-29T06:21:37.922+0000] {processor.py:836} INFO - DAG(s) dict_keys(['example_sensor_decorator']) retrieved from /home/airflow/.local/lib/python3.7/site-packages/airflow/example_dags/example_sensor_decorator.py
[2023-08-29T06:21:37.937+0000] {logging_mixin.py:149} INFO - [2023-08-29T06:21:37.937+0000] {dag.py:2726} INFO - Sync 1 DAGs
[2023-08-29T06:21:38.181+0000] {logging_mixin.py:149} INFO - [2023-08-29T06:21:38.181+0000] {dag.py:3490} INFO - Setting next_dagrun for example_sensor_decorator to None, run_after=None
[2023-08-29T06:21:38.219+0000] {processor.py:179} INFO - Processing /home/airflow/.local/lib/python3.7/site-packages/airflow/example_dags/example_sensor_decorator.py took 0.316 seconds
[2023-08-29T06:22:08.288+0000] {processor.py:157} INFO - Started process (PID=154) to work on /home/airflow/.local/lib/python3.7/site-packages/airflow/example_dags/example_sensor_decorator.py
[2023-08-29T06:22:08.289+0000] {processor.py:826} INFO - Processing file /home/airflow/.local/lib/python3.7/site-packages/airflow/example_dags/example_sensor_decorator.py for tasks to queue
[2023-08-29T06:22:08.290+0000] {logging_mixin.py:149} INFO - [2023-08-29T06:22:08.290+0000] {dagbag.py:541} INFO - Filling up the DagBag from /home/airflow/.local/lib/python3.7/site-packages/airflow/example_dags/example_sensor_decorator.py
[2023-08-29T06:22:08.296+0000] {processor.py:836} INFO - DAG(s) dict_keys(['example_sensor_decorator']) retrieved from /home/airflow/.local/lib/python3.7/site-packages/airflow/example_dags/example_sensor_decorator.py
[2023-08-29T06:22:08.315+0000] {logging_mixin.py:149} INFO - [2023-08-29T06:22:08.315+0000] {dag.py:2726} INFO - Sync 1 DAGs
[2023-08-29T06:22:08.336+0000] {logging_mixin.py:149} INFO - [2023-08-29T06:22:08.336+0000] {dag.py:3490} INFO - Setting next_dagrun for example_sensor_decorator to None, run_after=None
[2023-08-29T06:22:08.353+0000] {processor.py:179} INFO - Processing /home/airflow/.local/lib/python3.7/site-packages/airflow/example_dags/example_sensor_decorator.py took 0.067 seconds
[2023-08-29T06:22:39.533+0000] {processor.py:157} INFO - Started process (PID=239) to work on /home/airflow/.local/lib/python3.7/site-packages/airflow/example_dags/example_sensor_decorator.py
[2023-08-29T06:22:39.538+0000] {processor.py:826} INFO - Processing file /home/airflow/.local/lib/python3.7/site-packages/airflow/example_dags/example_sensor_decorator.py for tasks to queue
[2023-08-29T06:22:39.543+0000] {logging_mixin.py:149} INFO - [2023-08-29T06:22:39.543+0000] {dagbag.py:541} INFO - Filling up the DagBag from /home/airflow/.local/lib/python3.7/site-packages/airflow/example_dags/example_sensor_decorator.py
[2023-08-29T06:22:39.550+0000] {processor.py:836} INFO - DAG(s) dict_keys(['example_sensor_decorator']) retrieved from /home/airflow/.local/lib/python3.7/site-packages/airflow/example_dags/example_sensor_decorator.py
[2023-08-29T06:22:39.585+0000] {logging_mixin.py:149} INFO - [2023-08-29T06:22:39.584+0000] {dag.py:2726} INFO - Sync 1 DAGs
[2023-08-29T06:22:39.640+0000] {logging_mixin.py:149} INFO - [2023-08-29T06:22:39.639+0000] {dag.py:3490} INFO - Setting next_dagrun for example_sensor_decorator to None, run_after=None
[2023-08-29T06:22:39.697+0000] {processor.py:179} INFO - Processing /home/airflow/.local/lib/python3.7/site-packages/airflow/example_dags/example_sensor_decorator.py took 0.168 seconds
[2023-08-29T06:23:10.488+0000] {processor.py:157} INFO - Started process (PID=315) to work on /home/airflow/.local/lib/python3.7/site-packages/airflow/example_dags/example_sensor_decorator.py
[2023-08-29T06:23:10.489+0000] {processor.py:826} INFO - Processing file /home/airflow/.local/lib/python3.7/site-packages/airflow/example_dags/example_sensor_decorator.py for tasks to queue
[2023-08-29T06:23:10.490+0000] {logging_mixin.py:149} INFO - [2023-08-29T06:23:10.490+0000] {dagbag.py:541} INFO - Filling up the DagBag from /home/airflow/.local/lib/python3.7/site-packages/airflow/example_dags/example_sensor_decorator.py
[2023-08-29T06:23:10.495+0000] {processor.py:836} INFO - DAG(s) dict_keys(['example_sensor_decorator']) retrieved from /home/airflow/.local/lib/python3.7/site-packages/airflow/example_dags/example_sensor_decorator.py
[2023-08-29T06:23:10.518+0000] {logging_mixin.py:149} INFO - [2023-08-29T06:23:10.518+0000] {dag.py:2726} INFO - Sync 1 DAGs
[2023-08-29T06:23:10.545+0000] {logging_mixin.py:149} INFO - [2023-08-29T06:23:10.544+0000] {dag.py:3490} INFO - Setting next_dagrun for example_sensor_decorator to None, run_after=None
[2023-08-29T06:23:10.564+0000] {processor.py:179} INFO - Processing /home/airflow/.local/lib/python3.7/site-packages/airflow/example_dags/example_sensor_decorator.py took 0.078 seconds
[2023-08-29T06:23:40.797+0000] {processor.py:157} INFO - Started process (PID=391) to work on /home/airflow/.local/lib/python3.7/site-packages/airflow/example_dags/example_sensor_decorator.py
[2023-08-29T06:23:40.798+0000] {processor.py:826} INFO - Processing file /home/airflow/.local/lib/python3.7/site-packages/airflow/example_dags/example_sensor_decorator.py for tasks to queue
[2023-08-29T06:23:40.800+0000] {logging_mixin.py:149} INFO - [2023-08-29T06:23:40.800+0000] {dagbag.py:541} INFO - Filling up the DagBag from /home/airflow/.local/lib/python3.7/site-packages/airflow/example_dags/example_sensor_decorator.py
[2023-08-29T06:23:40.807+0000] {processor.py:836} INFO - DAG(s) dict_keys(['example_sensor_decorator']) retrieved from /home/airflow/.local/lib/python3.7/site-packages/airflow/example_dags/example_sensor_decorator.py
[2023-08-29T06:23:40.832+0000] {logging_mixin.py:149} INFO - [2023-08-29T06:23:40.832+0000] {dag.py:2726} INFO - Sync 1 DAGs
[2023-08-29T06:23:40.862+0000] {logging_mixin.py:149} INFO - [2023-08-29T06:23:40.862+0000] {dag.py:3490} INFO - Setting next_dagrun for example_sensor_decorator to None, run_after=None
[2023-08-29T06:23:40.881+0000] {processor.py:179} INFO - Processing /home/airflow/.local/lib/python3.7/site-packages/airflow/example_dags/example_sensor_decorator.py took 0.087 seconds
[2023-08-29T06:24:11.047+0000] {processor.py:157} INFO - Started process (PID=476) to work on /home/airflow/.local/lib/python3.7/site-packages/airflow/example_dags/example_sensor_decorator.py
[2023-08-29T06:24:11.049+0000] {processor.py:826} INFO - Processing file /home/airflow/.local/lib/python3.7/site-packages/airflow/example_dags/example_sensor_decorator.py for tasks to queue
[2023-08-29T06:24:11.050+0000] {logging_mixin.py:149} INFO - [2023-08-29T06:24:11.050+0000] {dagbag.py:541} INFO - Filling up the DagBag from /home/airflow/.local/lib/python3.7/site-packages/airflow/example_dags/example_sensor_decorator.py
[2023-08-29T06:24:11.059+0000] {processor.py:836} INFO - DAG(s) dict_keys(['example_sensor_decorator']) retrieved from /home/airflow/.local/lib/python3.7/site-packages/airflow/example_dags/example_sensor_decorator.py
[2023-08-29T06:24:11.084+0000] {logging_mixin.py:149} INFO - [2023-08-29T06:24:11.084+0000] {dag.py:2726} INFO - Sync 1 DAGs
[2023-08-29T06:24:11.108+0000] {logging_mixin.py:149} INFO - [2023-08-29T06:24:11.108+0000] {dag.py:3490} INFO - Setting next_dagrun for example_sensor_decorator to None, run_after=None
[2023-08-29T06:24:11.129+0000] {processor.py:179} INFO - Processing /home/airflow/.local/lib/python3.7/site-packages/airflow/example_dags/example_sensor_decorator.py took 0.085 seconds
