[2023-08-29T02:59:04.342+0000] {processor.py:157} INFO - Started process (PID=52) to work on /home/airflow/.local/lib/python3.7/site-packages/airflow/example_dags/example_sla_dag.py
[2023-08-29T02:59:04.344+0000] {processor.py:826} INFO - Processing file /home/airflow/.local/lib/python3.7/site-packages/airflow/example_dags/example_sla_dag.py for tasks to queue
[2023-08-29T02:59:04.346+0000] {logging_mixin.py:149} INFO - [2023-08-29T02:59:04.346+0000] {dagbag.py:541} INFO - Filling up the DagBag from /home/airflow/.local/lib/python3.7/site-packages/airflow/example_dags/example_sla_dag.py
[2023-08-29T02:59:04.363+0000] {processor.py:836} INFO - DAG(s) dict_keys(['example_sla_dag']) retrieved from /home/airflow/.local/lib/python3.7/site-packages/airflow/example_dags/example_sla_dag.py
[2023-08-29T02:59:04.556+0000] {logging_mixin.py:149} INFO - [2023-08-29T02:59:04.556+0000] {manager.py:504} INFO - Created Permission View: can edit on DAG:example_sla_dag
[2023-08-29T02:59:04.572+0000] {logging_mixin.py:149} INFO - [2023-08-29T02:59:04.571+0000] {manager.py:504} INFO - Created Permission View: can read on DAG:example_sla_dag
[2023-08-29T02:59:04.582+0000] {logging_mixin.py:149} INFO - [2023-08-29T02:59:04.582+0000] {manager.py:504} INFO - Created Permission View: can delete on DAG:example_sla_dag
[2023-08-29T02:59:04.614+0000] {logging_mixin.py:149} INFO - [2023-08-29T02:59:04.614+0000] {dag.py:2726} INFO - Sync 1 DAGs
[2023-08-29T02:59:04.636+0000] {logging_mixin.py:149} INFO - [2023-08-29T02:59:04.636+0000] {dag.py:2747} INFO - Creating ORM DAG for example_sla_dag
[2023-08-29T02:59:04.668+0000] {logging_mixin.py:149} INFO - [2023-08-29T02:59:04.667+0000] {dag.py:3490} INFO - Setting next_dagrun for example_sla_dag to 2023-08-29T02:56:00+00:00, run_after=2023-08-29T02:58:00+00:00
[2023-08-29T02:59:04.693+0000] {processor.py:179} INFO - Processing /home/airflow/.local/lib/python3.7/site-packages/airflow/example_dags/example_sla_dag.py took 0.357 seconds
[2023-08-29T02:59:34.732+0000] {processor.py:157} INFO - Started process (PID=128) to work on /home/airflow/.local/lib/python3.7/site-packages/airflow/example_dags/example_sla_dag.py
[2023-08-29T02:59:34.733+0000] {processor.py:826} INFO - Processing file /home/airflow/.local/lib/python3.7/site-packages/airflow/example_dags/example_sla_dag.py for tasks to queue
[2023-08-29T02:59:34.734+0000] {logging_mixin.py:149} INFO - [2023-08-29T02:59:34.734+0000] {dagbag.py:541} INFO - Filling up the DagBag from /home/airflow/.local/lib/python3.7/site-packages/airflow/example_dags/example_sla_dag.py
[2023-08-29T02:59:34.740+0000] {processor.py:836} INFO - DAG(s) dict_keys(['example_sla_dag']) retrieved from /home/airflow/.local/lib/python3.7/site-packages/airflow/example_dags/example_sla_dag.py
[2023-08-29T02:59:34.762+0000] {logging_mixin.py:149} INFO - [2023-08-29T02:59:34.762+0000] {dag.py:2726} INFO - Sync 1 DAGs
[2023-08-29T02:59:34.785+0000] {logging_mixin.py:149} INFO - [2023-08-29T02:59:34.785+0000] {dag.py:3490} INFO - Setting next_dagrun for example_sla_dag to 2023-08-29T02:56:00+00:00, run_after=2023-08-29T02:58:00+00:00
[2023-08-29T02:59:34.800+0000] {processor.py:179} INFO - Processing /home/airflow/.local/lib/python3.7/site-packages/airflow/example_dags/example_sla_dag.py took 0.071 seconds
[2023-08-29T04:07:07.113+0000] {processor.py:157} INFO - Started process (PID=42) to work on /home/airflow/.local/lib/python3.7/site-packages/airflow/example_dags/example_sla_dag.py
[2023-08-29T04:07:07.115+0000] {processor.py:826} INFO - Processing file /home/airflow/.local/lib/python3.7/site-packages/airflow/example_dags/example_sla_dag.py for tasks to queue
[2023-08-29T04:07:07.116+0000] {logging_mixin.py:149} INFO - [2023-08-29T04:07:07.116+0000] {dagbag.py:541} INFO - Filling up the DagBag from /home/airflow/.local/lib/python3.7/site-packages/airflow/example_dags/example_sla_dag.py
[2023-08-29T04:07:07.124+0000] {processor.py:836} INFO - DAG(s) dict_keys(['example_sla_dag']) retrieved from /home/airflow/.local/lib/python3.7/site-packages/airflow/example_dags/example_sla_dag.py
[2023-08-29T04:07:07.137+0000] {logging_mixin.py:149} INFO - [2023-08-29T04:07:07.137+0000] {dag.py:2726} INFO - Sync 1 DAGs
[2023-08-29T04:07:07.164+0000] {logging_mixin.py:149} INFO - [2023-08-29T04:07:07.164+0000] {dag.py:3490} INFO - Setting next_dagrun for example_sla_dag to 2023-08-29T04:04:00+00:00, run_after=2023-08-29T04:06:00+00:00
[2023-08-29T04:07:07.182+0000] {processor.py:179} INFO - Processing /home/airflow/.local/lib/python3.7/site-packages/airflow/example_dags/example_sla_dag.py took 0.072 seconds
[2023-08-29T04:07:39.349+0000] {processor.py:157} INFO - Started process (PID=127) to work on /home/airflow/.local/lib/python3.7/site-packages/airflow/example_dags/example_sla_dag.py
[2023-08-29T04:07:39.350+0000] {processor.py:826} INFO - Processing file /home/airflow/.local/lib/python3.7/site-packages/airflow/example_dags/example_sla_dag.py for tasks to queue
[2023-08-29T04:07:39.351+0000] {logging_mixin.py:149} INFO - [2023-08-29T04:07:39.351+0000] {dagbag.py:541} INFO - Filling up the DagBag from /home/airflow/.local/lib/python3.7/site-packages/airflow/example_dags/example_sla_dag.py
[2023-08-29T04:07:39.365+0000] {processor.py:836} INFO - DAG(s) dict_keys(['example_sla_dag']) retrieved from /home/airflow/.local/lib/python3.7/site-packages/airflow/example_dags/example_sla_dag.py
[2023-08-29T04:07:39.394+0000] {logging_mixin.py:149} INFO - [2023-08-29T04:07:39.393+0000] {dag.py:2726} INFO - Sync 1 DAGs
[2023-08-29T04:07:39.427+0000] {logging_mixin.py:149} INFO - [2023-08-29T04:07:39.427+0000] {dag.py:3490} INFO - Setting next_dagrun for example_sla_dag to 2023-08-29T04:04:00+00:00, run_after=2023-08-29T04:06:00+00:00
[2023-08-29T04:07:39.459+0000] {processor.py:179} INFO - Processing /home/airflow/.local/lib/python3.7/site-packages/airflow/example_dags/example_sla_dag.py took 0.113 seconds
[2023-08-29T04:08:10.467+0000] {processor.py:157} INFO - Started process (PID=203) to work on /home/airflow/.local/lib/python3.7/site-packages/airflow/example_dags/example_sla_dag.py
[2023-08-29T04:08:10.468+0000] {processor.py:826} INFO - Processing file /home/airflow/.local/lib/python3.7/site-packages/airflow/example_dags/example_sla_dag.py for tasks to queue
[2023-08-29T04:08:10.469+0000] {logging_mixin.py:149} INFO - [2023-08-29T04:08:10.469+0000] {dagbag.py:541} INFO - Filling up the DagBag from /home/airflow/.local/lib/python3.7/site-packages/airflow/example_dags/example_sla_dag.py
[2023-08-29T04:08:10.478+0000] {processor.py:836} INFO - DAG(s) dict_keys(['example_sla_dag']) retrieved from /home/airflow/.local/lib/python3.7/site-packages/airflow/example_dags/example_sla_dag.py
[2023-08-29T04:08:10.506+0000] {logging_mixin.py:149} INFO - [2023-08-29T04:08:10.506+0000] {dag.py:2726} INFO - Sync 1 DAGs
[2023-08-29T04:08:10.542+0000] {logging_mixin.py:149} INFO - [2023-08-29T04:08:10.542+0000] {dag.py:3490} INFO - Setting next_dagrun for example_sla_dag to 2023-08-29T04:06:00+00:00, run_after=2023-08-29T04:08:00+00:00
[2023-08-29T04:08:10.580+0000] {processor.py:179} INFO - Processing /home/airflow/.local/lib/python3.7/site-packages/airflow/example_dags/example_sla_dag.py took 0.116 seconds
[2023-08-29T04:08:40.702+0000] {processor.py:157} INFO - Started process (PID=288) to work on /home/airflow/.local/lib/python3.7/site-packages/airflow/example_dags/example_sla_dag.py
[2023-08-29T04:08:40.704+0000] {processor.py:826} INFO - Processing file /home/airflow/.local/lib/python3.7/site-packages/airflow/example_dags/example_sla_dag.py for tasks to queue
[2023-08-29T04:08:40.705+0000] {logging_mixin.py:149} INFO - [2023-08-29T04:08:40.705+0000] {dagbag.py:541} INFO - Filling up the DagBag from /home/airflow/.local/lib/python3.7/site-packages/airflow/example_dags/example_sla_dag.py
[2023-08-29T04:08:40.719+0000] {processor.py:836} INFO - DAG(s) dict_keys(['example_sla_dag']) retrieved from /home/airflow/.local/lib/python3.7/site-packages/airflow/example_dags/example_sla_dag.py
[2023-08-29T04:08:40.753+0000] {logging_mixin.py:149} INFO - [2023-08-29T04:08:40.752+0000] {dag.py:2726} INFO - Sync 1 DAGs
[2023-08-29T04:08:40.792+0000] {logging_mixin.py:149} INFO - [2023-08-29T04:08:40.792+0000] {dag.py:3490} INFO - Setting next_dagrun for example_sla_dag to 2023-08-29T04:06:00+00:00, run_after=2023-08-29T04:08:00+00:00
[2023-08-29T04:08:40.837+0000] {processor.py:179} INFO - Processing /home/airflow/.local/lib/python3.7/site-packages/airflow/example_dags/example_sla_dag.py took 0.141 seconds
[2023-08-29T04:09:10.942+0000] {processor.py:157} INFO - Started process (PID=364) to work on /home/airflow/.local/lib/python3.7/site-packages/airflow/example_dags/example_sla_dag.py
[2023-08-29T04:09:10.943+0000] {processor.py:826} INFO - Processing file /home/airflow/.local/lib/python3.7/site-packages/airflow/example_dags/example_sla_dag.py for tasks to queue
[2023-08-29T04:09:10.944+0000] {logging_mixin.py:149} INFO - [2023-08-29T04:09:10.944+0000] {dagbag.py:541} INFO - Filling up the DagBag from /home/airflow/.local/lib/python3.7/site-packages/airflow/example_dags/example_sla_dag.py
[2023-08-29T04:09:10.951+0000] {processor.py:836} INFO - DAG(s) dict_keys(['example_sla_dag']) retrieved from /home/airflow/.local/lib/python3.7/site-packages/airflow/example_dags/example_sla_dag.py
[2023-08-29T04:09:10.973+0000] {logging_mixin.py:149} INFO - [2023-08-29T04:09:10.973+0000] {dag.py:2726} INFO - Sync 1 DAGs
[2023-08-29T04:09:11.008+0000] {logging_mixin.py:149} INFO - [2023-08-29T04:09:11.008+0000] {dag.py:3490} INFO - Setting next_dagrun for example_sla_dag to 2023-08-29T04:06:00+00:00, run_after=2023-08-29T04:08:00+00:00
[2023-08-29T04:09:11.025+0000] {processor.py:179} INFO - Processing /home/airflow/.local/lib/python3.7/site-packages/airflow/example_dags/example_sla_dag.py took 0.086 seconds
[2023-08-29T04:09:41.673+0000] {processor.py:157} INFO - Started process (PID=450) to work on /home/airflow/.local/lib/python3.7/site-packages/airflow/example_dags/example_sla_dag.py
[2023-08-29T04:09:41.674+0000] {processor.py:826} INFO - Processing file /home/airflow/.local/lib/python3.7/site-packages/airflow/example_dags/example_sla_dag.py for tasks to queue
[2023-08-29T04:09:41.676+0000] {logging_mixin.py:149} INFO - [2023-08-29T04:09:41.675+0000] {dagbag.py:541} INFO - Filling up the DagBag from /home/airflow/.local/lib/python3.7/site-packages/airflow/example_dags/example_sla_dag.py
[2023-08-29T04:09:41.685+0000] {processor.py:836} INFO - DAG(s) dict_keys(['example_sla_dag']) retrieved from /home/airflow/.local/lib/python3.7/site-packages/airflow/example_dags/example_sla_dag.py
[2023-08-29T04:09:41.709+0000] {logging_mixin.py:149} INFO - [2023-08-29T04:09:41.708+0000] {dag.py:2726} INFO - Sync 1 DAGs
[2023-08-29T04:09:41.745+0000] {logging_mixin.py:149} INFO - [2023-08-29T04:09:41.744+0000] {dag.py:3490} INFO - Setting next_dagrun for example_sla_dag to 2023-08-29T04:06:00+00:00, run_after=2023-08-29T04:08:00+00:00
[2023-08-29T04:09:41.771+0000] {processor.py:179} INFO - Processing /home/airflow/.local/lib/python3.7/site-packages/airflow/example_dags/example_sla_dag.py took 0.102 seconds
[2023-08-29T06:21:33.607+0000] {processor.py:157} INFO - Started process (PID=42) to work on /home/airflow/.local/lib/python3.7/site-packages/airflow/example_dags/example_sla_dag.py
[2023-08-29T06:21:33.608+0000] {processor.py:826} INFO - Processing file /home/airflow/.local/lib/python3.7/site-packages/airflow/example_dags/example_sla_dag.py for tasks to queue
[2023-08-29T06:21:33.610+0000] {logging_mixin.py:149} INFO - [2023-08-29T06:21:33.609+0000] {dagbag.py:541} INFO - Filling up the DagBag from /home/airflow/.local/lib/python3.7/site-packages/airflow/example_dags/example_sla_dag.py
[2023-08-29T06:21:33.618+0000] {processor.py:836} INFO - DAG(s) dict_keys(['example_sla_dag']) retrieved from /home/airflow/.local/lib/python3.7/site-packages/airflow/example_dags/example_sla_dag.py
[2023-08-29T06:21:33.632+0000] {logging_mixin.py:149} INFO - [2023-08-29T06:21:33.631+0000] {dag.py:2726} INFO - Sync 1 DAGs
[2023-08-29T06:21:33.666+0000] {logging_mixin.py:149} INFO - [2023-08-29T06:21:33.666+0000] {dag.py:3490} INFO - Setting next_dagrun for example_sla_dag to 2023-08-29T06:18:00+00:00, run_after=2023-08-29T06:20:00+00:00
[2023-08-29T06:21:33.695+0000] {processor.py:179} INFO - Processing /home/airflow/.local/lib/python3.7/site-packages/airflow/example_dags/example_sla_dag.py took 0.094 seconds
[2023-08-29T06:22:04.685+0000] {processor.py:157} INFO - Started process (PID=127) to work on /home/airflow/.local/lib/python3.7/site-packages/airflow/example_dags/example_sla_dag.py
[2023-08-29T06:22:04.686+0000] {processor.py:826} INFO - Processing file /home/airflow/.local/lib/python3.7/site-packages/airflow/example_dags/example_sla_dag.py for tasks to queue
[2023-08-29T06:22:04.687+0000] {logging_mixin.py:149} INFO - [2023-08-29T06:22:04.687+0000] {dagbag.py:541} INFO - Filling up the DagBag from /home/airflow/.local/lib/python3.7/site-packages/airflow/example_dags/example_sla_dag.py
[2023-08-29T06:22:04.695+0000] {processor.py:836} INFO - DAG(s) dict_keys(['example_sla_dag']) retrieved from /home/airflow/.local/lib/python3.7/site-packages/airflow/example_dags/example_sla_dag.py
[2023-08-29T06:22:04.717+0000] {logging_mixin.py:149} INFO - [2023-08-29T06:22:04.716+0000] {dag.py:2726} INFO - Sync 1 DAGs
[2023-08-29T06:22:04.741+0000] {logging_mixin.py:149} INFO - [2023-08-29T06:22:04.741+0000] {dag.py:3490} INFO - Setting next_dagrun for example_sla_dag to 2023-08-29T06:20:00+00:00, run_after=2023-08-29T06:22:00+00:00
[2023-08-29T06:22:04.760+0000] {processor.py:179} INFO - Processing /home/airflow/.local/lib/python3.7/site-packages/airflow/example_dags/example_sla_dag.py took 0.078 seconds
[2023-08-29T06:22:35.496+0000] {processor.py:157} INFO - Started process (PID=203) to work on /home/airflow/.local/lib/python3.7/site-packages/airflow/example_dags/example_sla_dag.py
[2023-08-29T06:22:35.497+0000] {processor.py:826} INFO - Processing file /home/airflow/.local/lib/python3.7/site-packages/airflow/example_dags/example_sla_dag.py for tasks to queue
[2023-08-29T06:22:35.499+0000] {logging_mixin.py:149} INFO - [2023-08-29T06:22:35.498+0000] {dagbag.py:541} INFO - Filling up the DagBag from /home/airflow/.local/lib/python3.7/site-packages/airflow/example_dags/example_sla_dag.py
[2023-08-29T06:22:35.511+0000] {processor.py:836} INFO - DAG(s) dict_keys(['example_sla_dag']) retrieved from /home/airflow/.local/lib/python3.7/site-packages/airflow/example_dags/example_sla_dag.py
[2023-08-29T06:22:35.548+0000] {logging_mixin.py:149} INFO - [2023-08-29T06:22:35.548+0000] {dag.py:2726} INFO - Sync 1 DAGs
[2023-08-29T06:22:35.586+0000] {logging_mixin.py:149} INFO - [2023-08-29T06:22:35.585+0000] {dag.py:3490} INFO - Setting next_dagrun for example_sla_dag to 2023-08-29T06:20:00+00:00, run_after=2023-08-29T06:22:00+00:00
[2023-08-29T06:22:35.627+0000] {processor.py:179} INFO - Processing /home/airflow/.local/lib/python3.7/site-packages/airflow/example_dags/example_sla_dag.py took 0.134 seconds
[2023-08-29T06:23:06.428+0000] {processor.py:157} INFO - Started process (PID=288) to work on /home/airflow/.local/lib/python3.7/site-packages/airflow/example_dags/example_sla_dag.py
[2023-08-29T06:23:06.429+0000] {processor.py:826} INFO - Processing file /home/airflow/.local/lib/python3.7/site-packages/airflow/example_dags/example_sla_dag.py for tasks to queue
[2023-08-29T06:23:06.431+0000] {logging_mixin.py:149} INFO - [2023-08-29T06:23:06.431+0000] {dagbag.py:541} INFO - Filling up the DagBag from /home/airflow/.local/lib/python3.7/site-packages/airflow/example_dags/example_sla_dag.py
[2023-08-29T06:23:06.439+0000] {processor.py:836} INFO - DAG(s) dict_keys(['example_sla_dag']) retrieved from /home/airflow/.local/lib/python3.7/site-packages/airflow/example_dags/example_sla_dag.py
[2023-08-29T06:23:06.466+0000] {logging_mixin.py:149} INFO - [2023-08-29T06:23:06.466+0000] {dag.py:2726} INFO - Sync 1 DAGs
[2023-08-29T06:23:06.507+0000] {logging_mixin.py:149} INFO - [2023-08-29T06:23:06.507+0000] {dag.py:3490} INFO - Setting next_dagrun for example_sla_dag to 2023-08-29T06:20:00+00:00, run_after=2023-08-29T06:22:00+00:00
[2023-08-29T06:23:06.546+0000] {processor.py:179} INFO - Processing /home/airflow/.local/lib/python3.7/site-packages/airflow/example_dags/example_sla_dag.py took 0.121 seconds
[2023-08-29T06:23:37.465+0000] {processor.py:157} INFO - Started process (PID=364) to work on /home/airflow/.local/lib/python3.7/site-packages/airflow/example_dags/example_sla_dag.py
[2023-08-29T06:23:37.467+0000] {processor.py:826} INFO - Processing file /home/airflow/.local/lib/python3.7/site-packages/airflow/example_dags/example_sla_dag.py for tasks to queue
[2023-08-29T06:23:37.468+0000] {logging_mixin.py:149} INFO - [2023-08-29T06:23:37.468+0000] {dagbag.py:541} INFO - Filling up the DagBag from /home/airflow/.local/lib/python3.7/site-packages/airflow/example_dags/example_sla_dag.py
[2023-08-29T06:23:37.475+0000] {processor.py:836} INFO - DAG(s) dict_keys(['example_sla_dag']) retrieved from /home/airflow/.local/lib/python3.7/site-packages/airflow/example_dags/example_sla_dag.py
[2023-08-29T06:23:37.495+0000] {logging_mixin.py:149} INFO - [2023-08-29T06:23:37.495+0000] {dag.py:2726} INFO - Sync 1 DAGs
[2023-08-29T06:23:37.520+0000] {logging_mixin.py:149} INFO - [2023-08-29T06:23:37.520+0000] {dag.py:3490} INFO - Setting next_dagrun for example_sla_dag to 2023-08-29T06:20:00+00:00, run_after=2023-08-29T06:22:00+00:00
[2023-08-29T06:23:37.538+0000] {processor.py:179} INFO - Processing /home/airflow/.local/lib/python3.7/site-packages/airflow/example_dags/example_sla_dag.py took 0.076 seconds
[2023-08-29T06:24:08.091+0000] {processor.py:157} INFO - Started process (PID=449) to work on /home/airflow/.local/lib/python3.7/site-packages/airflow/example_dags/example_sla_dag.py
[2023-08-29T06:24:08.093+0000] {processor.py:826} INFO - Processing file /home/airflow/.local/lib/python3.7/site-packages/airflow/example_dags/example_sla_dag.py for tasks to queue
[2023-08-29T06:24:08.094+0000] {logging_mixin.py:149} INFO - [2023-08-29T06:24:08.094+0000] {dagbag.py:541} INFO - Filling up the DagBag from /home/airflow/.local/lib/python3.7/site-packages/airflow/example_dags/example_sla_dag.py
[2023-08-29T06:24:08.110+0000] {processor.py:836} INFO - DAG(s) dict_keys(['example_sla_dag']) retrieved from /home/airflow/.local/lib/python3.7/site-packages/airflow/example_dags/example_sla_dag.py
[2023-08-29T06:24:08.193+0000] {logging_mixin.py:149} INFO - [2023-08-29T06:24:08.192+0000] {dag.py:2726} INFO - Sync 1 DAGs
[2023-08-29T06:24:08.258+0000] {logging_mixin.py:149} INFO - [2023-08-29T06:24:08.257+0000] {dag.py:3490} INFO - Setting next_dagrun for example_sla_dag to 2023-08-29T06:22:00+00:00, run_after=2023-08-29T06:24:00+00:00
[2023-08-29T06:24:08.290+0000] {processor.py:179} INFO - Processing /home/airflow/.local/lib/python3.7/site-packages/airflow/example_dags/example_sla_dag.py took 0.205 seconds
