[2023-08-29T02:59:02.491+0000] {processor.py:157} INFO - Started process (PID=45) to work on /home/airflow/.local/lib/python3.7/site-packages/airflow/example_dags/example_sensors.py
[2023-08-29T02:59:02.493+0000] {processor.py:826} INFO - Processing file /home/airflow/.local/lib/python3.7/site-packages/airflow/example_dags/example_sensors.py for tasks to queue
[2023-08-29T02:59:02.499+0000] {logging_mixin.py:149} INFO - [2023-08-29T02:59:02.498+0000] {dagbag.py:541} INFO - Filling up the DagBag from /home/airflow/.local/lib/python3.7/site-packages/airflow/example_dags/example_sensors.py
[2023-08-29T02:59:02.534+0000] {processor.py:836} INFO - DAG(s) dict_keys(['example_sensors']) retrieved from /home/airflow/.local/lib/python3.7/site-packages/airflow/example_dags/example_sensors.py
[2023-08-29T02:59:02.830+0000] {logging_mixin.py:149} INFO - [2023-08-29T02:59:02.829+0000] {manager.py:504} INFO - Created Permission View: can edit on DAG:example_sensors
[2023-08-29T02:59:02.856+0000] {logging_mixin.py:149} INFO - [2023-08-29T02:59:02.856+0000] {manager.py:504} INFO - Created Permission View: can read on DAG:example_sensors
[2023-08-29T02:59:02.880+0000] {logging_mixin.py:149} INFO - [2023-08-29T02:59:02.878+0000] {manager.py:504} INFO - Created Permission View: can delete on DAG:example_sensors
[2023-08-29T02:59:02.920+0000] {logging_mixin.py:149} INFO - [2023-08-29T02:59:02.920+0000] {dag.py:2726} INFO - Sync 1 DAGs
[2023-08-29T02:59:02.944+0000] {logging_mixin.py:149} INFO - [2023-08-29T02:59:02.942+0000] {dag.py:2747} INFO - Creating ORM DAG for example_sensors
[2023-08-29T02:59:02.970+0000] {logging_mixin.py:149} INFO - [2023-08-29T02:59:02.970+0000] {dag.py:3490} INFO - Setting next_dagrun for example_sensors to None, run_after=None
[2023-08-29T02:59:03.020+0000] {processor.py:179} INFO - Processing /home/airflow/.local/lib/python3.7/site-packages/airflow/example_dags/example_sensors.py took 0.533 seconds
[2023-08-29T02:59:33.270+0000] {processor.py:157} INFO - Started process (PID=121) to work on /home/airflow/.local/lib/python3.7/site-packages/airflow/example_dags/example_sensors.py
[2023-08-29T02:59:33.271+0000] {processor.py:826} INFO - Processing file /home/airflow/.local/lib/python3.7/site-packages/airflow/example_dags/example_sensors.py for tasks to queue
[2023-08-29T02:59:33.271+0000] {logging_mixin.py:149} INFO - [2023-08-29T02:59:33.271+0000] {dagbag.py:541} INFO - Filling up the DagBag from /home/airflow/.local/lib/python3.7/site-packages/airflow/example_dags/example_sensors.py
[2023-08-29T02:59:33.280+0000] {processor.py:836} INFO - DAG(s) dict_keys(['example_sensors']) retrieved from /home/airflow/.local/lib/python3.7/site-packages/airflow/example_dags/example_sensors.py
[2023-08-29T02:59:33.303+0000] {logging_mixin.py:149} INFO - [2023-08-29T02:59:33.303+0000] {dag.py:2726} INFO - Sync 1 DAGs
[2023-08-29T02:59:33.324+0000] {logging_mixin.py:149} INFO - [2023-08-29T02:59:33.324+0000] {dag.py:3490} INFO - Setting next_dagrun for example_sensors to None, run_after=None
[2023-08-29T02:59:33.339+0000] {processor.py:179} INFO - Processing /home/airflow/.local/lib/python3.7/site-packages/airflow/example_dags/example_sensors.py took 0.072 seconds
[2023-08-29T04:07:06.677+0000] {processor.py:157} INFO - Started process (PID=35) to work on /home/airflow/.local/lib/python3.7/site-packages/airflow/example_dags/example_sensors.py
[2023-08-29T04:07:06.678+0000] {processor.py:826} INFO - Processing file /home/airflow/.local/lib/python3.7/site-packages/airflow/example_dags/example_sensors.py for tasks to queue
[2023-08-29T04:07:06.679+0000] {logging_mixin.py:149} INFO - [2023-08-29T04:07:06.679+0000] {dagbag.py:541} INFO - Filling up the DagBag from /home/airflow/.local/lib/python3.7/site-packages/airflow/example_dags/example_sensors.py
[2023-08-29T04:07:06.691+0000] {processor.py:836} INFO - DAG(s) dict_keys(['example_sensors']) retrieved from /home/airflow/.local/lib/python3.7/site-packages/airflow/example_dags/example_sensors.py
[2023-08-29T04:07:06.703+0000] {logging_mixin.py:149} INFO - [2023-08-29T04:07:06.703+0000] {dag.py:2726} INFO - Sync 1 DAGs
[2023-08-29T04:07:06.731+0000] {logging_mixin.py:149} INFO - [2023-08-29T04:07:06.730+0000] {dag.py:3490} INFO - Setting next_dagrun for example_sensors to None, run_after=None
[2023-08-29T04:07:06.760+0000] {processor.py:179} INFO - Processing /home/airflow/.local/lib/python3.7/site-packages/airflow/example_dags/example_sensors.py took 0.087 seconds
[2023-08-29T04:07:37.939+0000] {processor.py:157} INFO - Started process (PID=120) to work on /home/airflow/.local/lib/python3.7/site-packages/airflow/example_dags/example_sensors.py
[2023-08-29T04:07:37.941+0000] {processor.py:826} INFO - Processing file /home/airflow/.local/lib/python3.7/site-packages/airflow/example_dags/example_sensors.py for tasks to queue
[2023-08-29T04:07:37.942+0000] {logging_mixin.py:149} INFO - [2023-08-29T04:07:37.942+0000] {dagbag.py:541} INFO - Filling up the DagBag from /home/airflow/.local/lib/python3.7/site-packages/airflow/example_dags/example_sensors.py
[2023-08-29T04:07:38.165+0000] {processor.py:836} INFO - DAG(s) dict_keys(['example_sensors']) retrieved from /home/airflow/.local/lib/python3.7/site-packages/airflow/example_dags/example_sensors.py
[2023-08-29T04:07:38.216+0000] {logging_mixin.py:149} INFO - [2023-08-29T04:07:38.215+0000] {dag.py:2726} INFO - Sync 1 DAGs
[2023-08-29T04:07:38.258+0000] {logging_mixin.py:149} INFO - [2023-08-29T04:07:38.258+0000] {dag.py:3490} INFO - Setting next_dagrun for example_sensors to None, run_after=None
[2023-08-29T04:07:38.285+0000] {processor.py:179} INFO - Processing /home/airflow/.local/lib/python3.7/site-packages/airflow/example_dags/example_sensors.py took 0.352 seconds
[2023-08-29T04:08:08.756+0000] {processor.py:157} INFO - Started process (PID=196) to work on /home/airflow/.local/lib/python3.7/site-packages/airflow/example_dags/example_sensors.py
[2023-08-29T04:08:08.759+0000] {processor.py:826} INFO - Processing file /home/airflow/.local/lib/python3.7/site-packages/airflow/example_dags/example_sensors.py for tasks to queue
[2023-08-29T04:08:08.761+0000] {logging_mixin.py:149} INFO - [2023-08-29T04:08:08.761+0000] {dagbag.py:541} INFO - Filling up the DagBag from /home/airflow/.local/lib/python3.7/site-packages/airflow/example_dags/example_sensors.py
[2023-08-29T04:08:08.774+0000] {processor.py:836} INFO - DAG(s) dict_keys(['example_sensors']) retrieved from /home/airflow/.local/lib/python3.7/site-packages/airflow/example_dags/example_sensors.py
[2023-08-29T04:08:08.812+0000] {logging_mixin.py:149} INFO - [2023-08-29T04:08:08.812+0000] {dag.py:2726} INFO - Sync 1 DAGs
[2023-08-29T04:08:08.848+0000] {logging_mixin.py:149} INFO - [2023-08-29T04:08:08.848+0000] {dag.py:3490} INFO - Setting next_dagrun for example_sensors to None, run_after=None
[2023-08-29T04:08:08.878+0000] {processor.py:179} INFO - Processing /home/airflow/.local/lib/python3.7/site-packages/airflow/example_dags/example_sensors.py took 0.128 seconds
[2023-08-29T04:08:39.119+0000] {processor.py:157} INFO - Started process (PID=281) to work on /home/airflow/.local/lib/python3.7/site-packages/airflow/example_dags/example_sensors.py
[2023-08-29T04:08:39.120+0000] {processor.py:826} INFO - Processing file /home/airflow/.local/lib/python3.7/site-packages/airflow/example_dags/example_sensors.py for tasks to queue
[2023-08-29T04:08:39.122+0000] {logging_mixin.py:149} INFO - [2023-08-29T04:08:39.122+0000] {dagbag.py:541} INFO - Filling up the DagBag from /home/airflow/.local/lib/python3.7/site-packages/airflow/example_dags/example_sensors.py
[2023-08-29T04:08:39.132+0000] {processor.py:836} INFO - DAG(s) dict_keys(['example_sensors']) retrieved from /home/airflow/.local/lib/python3.7/site-packages/airflow/example_dags/example_sensors.py
[2023-08-29T04:08:39.172+0000] {logging_mixin.py:149} INFO - [2023-08-29T04:08:39.172+0000] {dag.py:2726} INFO - Sync 1 DAGs
[2023-08-29T04:08:39.202+0000] {logging_mixin.py:149} INFO - [2023-08-29T04:08:39.202+0000] {dag.py:3490} INFO - Setting next_dagrun for example_sensors to None, run_after=None
[2023-08-29T04:08:39.231+0000] {processor.py:179} INFO - Processing /home/airflow/.local/lib/python3.7/site-packages/airflow/example_dags/example_sensors.py took 0.115 seconds
[2023-08-29T04:09:09.684+0000] {processor.py:157} INFO - Started process (PID=358) to work on /home/airflow/.local/lib/python3.7/site-packages/airflow/example_dags/example_sensors.py
[2023-08-29T04:09:09.685+0000] {processor.py:826} INFO - Processing file /home/airflow/.local/lib/python3.7/site-packages/airflow/example_dags/example_sensors.py for tasks to queue
[2023-08-29T04:09:09.686+0000] {logging_mixin.py:149} INFO - [2023-08-29T04:09:09.686+0000] {dagbag.py:541} INFO - Filling up the DagBag from /home/airflow/.local/lib/python3.7/site-packages/airflow/example_dags/example_sensors.py
[2023-08-29T04:09:09.695+0000] {processor.py:836} INFO - DAG(s) dict_keys(['example_sensors']) retrieved from /home/airflow/.local/lib/python3.7/site-packages/airflow/example_dags/example_sensors.py
[2023-08-29T04:09:09.721+0000] {logging_mixin.py:149} INFO - [2023-08-29T04:09:09.720+0000] {dag.py:2726} INFO - Sync 1 DAGs
[2023-08-29T04:09:09.743+0000] {logging_mixin.py:149} INFO - [2023-08-29T04:09:09.743+0000] {dag.py:3490} INFO - Setting next_dagrun for example_sensors to None, run_after=None
[2023-08-29T04:09:09.760+0000] {processor.py:179} INFO - Processing /home/airflow/.local/lib/python3.7/site-packages/airflow/example_dags/example_sensors.py took 0.078 seconds
[2023-08-29T04:09:40.159+0000] {processor.py:157} INFO - Started process (PID=434) to work on /home/airflow/.local/lib/python3.7/site-packages/airflow/example_dags/example_sensors.py
[2023-08-29T04:09:40.160+0000] {processor.py:826} INFO - Processing file /home/airflow/.local/lib/python3.7/site-packages/airflow/example_dags/example_sensors.py for tasks to queue
[2023-08-29T04:09:40.161+0000] {logging_mixin.py:149} INFO - [2023-08-29T04:09:40.161+0000] {dagbag.py:541} INFO - Filling up the DagBag from /home/airflow/.local/lib/python3.7/site-packages/airflow/example_dags/example_sensors.py
[2023-08-29T04:09:40.169+0000] {processor.py:836} INFO - DAG(s) dict_keys(['example_sensors']) retrieved from /home/airflow/.local/lib/python3.7/site-packages/airflow/example_dags/example_sensors.py
[2023-08-29T04:09:40.193+0000] {logging_mixin.py:149} INFO - [2023-08-29T04:09:40.193+0000] {dag.py:2726} INFO - Sync 1 DAGs
[2023-08-29T04:09:40.214+0000] {logging_mixin.py:149} INFO - [2023-08-29T04:09:40.214+0000] {dag.py:3490} INFO - Setting next_dagrun for example_sensors to None, run_after=None
[2023-08-29T04:09:40.230+0000] {processor.py:179} INFO - Processing /home/airflow/.local/lib/python3.7/site-packages/airflow/example_dags/example_sensors.py took 0.074 seconds
[2023-08-29T06:21:04.303+0000] {processor.py:157} INFO - Started process (PID=35) to work on /home/airflow/.local/lib/python3.7/site-packages/airflow/example_dags/example_sensors.py
[2023-08-29T06:21:04.305+0000] {processor.py:826} INFO - Processing file /home/airflow/.local/lib/python3.7/site-packages/airflow/example_dags/example_sensors.py for tasks to queue
[2023-08-29T06:21:04.308+0000] {logging_mixin.py:149} INFO - [2023-08-29T06:21:04.308+0000] {dagbag.py:541} INFO - Filling up the DagBag from /home/airflow/.local/lib/python3.7/site-packages/airflow/example_dags/example_sensors.py
[2023-08-29T06:21:04.323+0000] {processor.py:836} INFO - DAG(s) dict_keys(['example_sensors']) retrieved from /home/airflow/.local/lib/python3.7/site-packages/airflow/example_dags/example_sensors.py
[2023-08-29T06:21:04.369+0000] {logging_mixin.py:149} INFO - [2023-08-29T06:21:04.369+0000] {dag.py:2726} INFO - Sync 1 DAGs
[2023-08-29T06:21:04.405+0000] {logging_mixin.py:149} INFO - [2023-08-29T06:21:04.405+0000] {dag.py:3490} INFO - Setting next_dagrun for example_sensors to None, run_after=None
[2023-08-29T06:21:04.564+0000] {processor.py:179} INFO - Processing /home/airflow/.local/lib/python3.7/site-packages/airflow/example_dags/example_sensors.py took 0.264 seconds
[2023-08-29T06:21:33.035+0000] {processor.py:157} INFO - Started process (PID=35) to work on /home/airflow/.local/lib/python3.7/site-packages/airflow/example_dags/example_sensors.py
[2023-08-29T06:21:33.041+0000] {processor.py:826} INFO - Processing file /home/airflow/.local/lib/python3.7/site-packages/airflow/example_dags/example_sensors.py for tasks to queue
[2023-08-29T06:21:33.043+0000] {logging_mixin.py:149} INFO - [2023-08-29T06:21:33.043+0000] {dagbag.py:541} INFO - Filling up the DagBag from /home/airflow/.local/lib/python3.7/site-packages/airflow/example_dags/example_sensors.py
[2023-08-29T06:21:33.065+0000] {processor.py:836} INFO - DAG(s) dict_keys(['example_sensors']) retrieved from /home/airflow/.local/lib/python3.7/site-packages/airflow/example_dags/example_sensors.py
[2023-08-29T06:21:33.095+0000] {logging_mixin.py:149} INFO - [2023-08-29T06:21:33.095+0000] {dag.py:2726} INFO - Sync 1 DAGs
[2023-08-29T06:21:33.145+0000] {logging_mixin.py:149} INFO - [2023-08-29T06:21:33.145+0000] {dag.py:3490} INFO - Setting next_dagrun for example_sensors to None, run_after=None
[2023-08-29T06:21:33.195+0000] {processor.py:179} INFO - Processing /home/airflow/.local/lib/python3.7/site-packages/airflow/example_dags/example_sensors.py took 0.164 seconds
[2023-08-29T06:22:03.915+0000] {processor.py:157} INFO - Started process (PID=120) to work on /home/airflow/.local/lib/python3.7/site-packages/airflow/example_dags/example_sensors.py
[2023-08-29T06:22:03.917+0000] {processor.py:826} INFO - Processing file /home/airflow/.local/lib/python3.7/site-packages/airflow/example_dags/example_sensors.py for tasks to queue
[2023-08-29T06:22:03.918+0000] {logging_mixin.py:149} INFO - [2023-08-29T06:22:03.918+0000] {dagbag.py:541} INFO - Filling up the DagBag from /home/airflow/.local/lib/python3.7/site-packages/airflow/example_dags/example_sensors.py
[2023-08-29T06:22:04.028+0000] {processor.py:836} INFO - DAG(s) dict_keys(['example_sensors']) retrieved from /home/airflow/.local/lib/python3.7/site-packages/airflow/example_dags/example_sensors.py
[2023-08-29T06:22:04.049+0000] {logging_mixin.py:149} INFO - [2023-08-29T06:22:04.049+0000] {dag.py:2726} INFO - Sync 1 DAGs
[2023-08-29T06:22:04.069+0000] {logging_mixin.py:149} INFO - [2023-08-29T06:22:04.069+0000] {dag.py:3490} INFO - Setting next_dagrun for example_sensors to None, run_after=None
[2023-08-29T06:22:04.087+0000] {processor.py:179} INFO - Processing /home/airflow/.local/lib/python3.7/site-packages/airflow/example_dags/example_sensors.py took 0.175 seconds
[2023-08-29T06:22:34.558+0000] {processor.py:157} INFO - Started process (PID=196) to work on /home/airflow/.local/lib/python3.7/site-packages/airflow/example_dags/example_sensors.py
[2023-08-29T06:22:34.559+0000] {processor.py:826} INFO - Processing file /home/airflow/.local/lib/python3.7/site-packages/airflow/example_dags/example_sensors.py for tasks to queue
[2023-08-29T06:22:34.560+0000] {logging_mixin.py:149} INFO - [2023-08-29T06:22:34.560+0000] {dagbag.py:541} INFO - Filling up the DagBag from /home/airflow/.local/lib/python3.7/site-packages/airflow/example_dags/example_sensors.py
[2023-08-29T06:22:34.573+0000] {processor.py:836} INFO - DAG(s) dict_keys(['example_sensors']) retrieved from /home/airflow/.local/lib/python3.7/site-packages/airflow/example_dags/example_sensors.py
[2023-08-29T06:22:34.610+0000] {logging_mixin.py:149} INFO - [2023-08-29T06:22:34.610+0000] {dag.py:2726} INFO - Sync 1 DAGs
[2023-08-29T06:22:34.644+0000] {logging_mixin.py:149} INFO - [2023-08-29T06:22:34.644+0000] {dag.py:3490} INFO - Setting next_dagrun for example_sensors to None, run_after=None
[2023-08-29T06:22:34.676+0000] {processor.py:179} INFO - Processing /home/airflow/.local/lib/python3.7/site-packages/airflow/example_dags/example_sensors.py took 0.124 seconds
[2023-08-29T06:23:04.731+0000] {processor.py:157} INFO - Started process (PID=281) to work on /home/airflow/.local/lib/python3.7/site-packages/airflow/example_dags/example_sensors.py
[2023-08-29T06:23:04.733+0000] {processor.py:826} INFO - Processing file /home/airflow/.local/lib/python3.7/site-packages/airflow/example_dags/example_sensors.py for tasks to queue
[2023-08-29T06:23:04.736+0000] {logging_mixin.py:149} INFO - [2023-08-29T06:23:04.735+0000] {dagbag.py:541} INFO - Filling up the DagBag from /home/airflow/.local/lib/python3.7/site-packages/airflow/example_dags/example_sensors.py
[2023-08-29T06:23:04.756+0000] {processor.py:836} INFO - DAG(s) dict_keys(['example_sensors']) retrieved from /home/airflow/.local/lib/python3.7/site-packages/airflow/example_dags/example_sensors.py
[2023-08-29T06:23:04.810+0000] {logging_mixin.py:149} INFO - [2023-08-29T06:23:04.809+0000] {dag.py:2726} INFO - Sync 1 DAGs
[2023-08-29T06:23:04.843+0000] {logging_mixin.py:149} INFO - [2023-08-29T06:23:04.843+0000] {dag.py:3490} INFO - Setting next_dagrun for example_sensors to None, run_after=None
[2023-08-29T06:23:04.869+0000] {processor.py:179} INFO - Processing /home/airflow/.local/lib/python3.7/site-packages/airflow/example_dags/example_sensors.py took 0.142 seconds
[2023-08-29T06:23:35.159+0000] {processor.py:157} INFO - Started process (PID=357) to work on /home/airflow/.local/lib/python3.7/site-packages/airflow/example_dags/example_sensors.py
[2023-08-29T06:23:35.160+0000] {processor.py:826} INFO - Processing file /home/airflow/.local/lib/python3.7/site-packages/airflow/example_dags/example_sensors.py for tasks to queue
[2023-08-29T06:23:35.161+0000] {logging_mixin.py:149} INFO - [2023-08-29T06:23:35.161+0000] {dagbag.py:541} INFO - Filling up the DagBag from /home/airflow/.local/lib/python3.7/site-packages/airflow/example_dags/example_sensors.py
[2023-08-29T06:23:35.169+0000] {processor.py:836} INFO - DAG(s) dict_keys(['example_sensors']) retrieved from /home/airflow/.local/lib/python3.7/site-packages/airflow/example_dags/example_sensors.py
[2023-08-29T06:23:35.192+0000] {logging_mixin.py:149} INFO - [2023-08-29T06:23:35.192+0000] {dag.py:2726} INFO - Sync 1 DAGs
[2023-08-29T06:23:35.213+0000] {logging_mixin.py:149} INFO - [2023-08-29T06:23:35.213+0000] {dag.py:3490} INFO - Setting next_dagrun for example_sensors to None, run_after=None
[2023-08-29T06:23:35.229+0000] {processor.py:179} INFO - Processing /home/airflow/.local/lib/python3.7/site-packages/airflow/example_dags/example_sensors.py took 0.073 seconds
[2023-08-29T06:24:05.730+0000] {processor.py:157} INFO - Started process (PID=433) to work on /home/airflow/.local/lib/python3.7/site-packages/airflow/example_dags/example_sensors.py
[2023-08-29T06:24:05.732+0000] {processor.py:826} INFO - Processing file /home/airflow/.local/lib/python3.7/site-packages/airflow/example_dags/example_sensors.py for tasks to queue
[2023-08-29T06:24:05.733+0000] {logging_mixin.py:149} INFO - [2023-08-29T06:24:05.732+0000] {dagbag.py:541} INFO - Filling up the DagBag from /home/airflow/.local/lib/python3.7/site-packages/airflow/example_dags/example_sensors.py
[2023-08-29T06:24:05.743+0000] {processor.py:836} INFO - DAG(s) dict_keys(['example_sensors']) retrieved from /home/airflow/.local/lib/python3.7/site-packages/airflow/example_dags/example_sensors.py
[2023-08-29T06:24:05.773+0000] {logging_mixin.py:149} INFO - [2023-08-29T06:24:05.772+0000] {dag.py:2726} INFO - Sync 1 DAGs
[2023-08-29T06:24:05.794+0000] {logging_mixin.py:149} INFO - [2023-08-29T06:24:05.794+0000] {dag.py:3490} INFO - Setting next_dagrun for example_sensors to None, run_after=None
[2023-08-29T06:24:05.813+0000] {processor.py:179} INFO - Processing /home/airflow/.local/lib/python3.7/site-packages/airflow/example_dags/example_sensors.py took 0.085 seconds
