[2023-08-29T02:59:10.674+0000] {processor.py:157} INFO - Started process (PID=75) to work on /home/airflow/.local/lib/python3.7/site-packages/airflow/example_dags/example_xcomargs.py
[2023-08-29T02:59:10.675+0000] {processor.py:826} INFO - Processing file /home/airflow/.local/lib/python3.7/site-packages/airflow/example_dags/example_xcomargs.py for tasks to queue
[2023-08-29T02:59:10.676+0000] {logging_mixin.py:149} INFO - [2023-08-29T02:59:10.676+0000] {dagbag.py:541} INFO - Filling up the DagBag from /home/airflow/.local/lib/python3.7/site-packages/airflow/example_dags/example_xcomargs.py
[2023-08-29T02:59:10.685+0000] {processor.py:836} INFO - DAG(s) dict_keys(['example_xcom_args', 'example_xcom_args_with_operators']) retrieved from /home/airflow/.local/lib/python3.7/site-packages/airflow/example_dags/example_xcomargs.py
[2023-08-29T02:59:10.784+0000] {logging_mixin.py:149} INFO - [2023-08-29T02:59:10.783+0000] {manager.py:504} INFO - Created Permission View: can edit on DAG:example_xcom_args
[2023-08-29T02:59:10.794+0000] {logging_mixin.py:149} INFO - [2023-08-29T02:59:10.793+0000] {manager.py:504} INFO - Created Permission View: can read on DAG:example_xcom_args
[2023-08-29T02:59:10.801+0000] {logging_mixin.py:149} INFO - [2023-08-29T02:59:10.801+0000] {manager.py:504} INFO - Created Permission View: can delete on DAG:example_xcom_args
[2023-08-29T02:59:10.829+0000] {logging_mixin.py:149} INFO - [2023-08-29T02:59:10.829+0000] {manager.py:504} INFO - Created Permission View: can edit on DAG:example_xcom_args_with_operators
[2023-08-29T02:59:10.838+0000] {logging_mixin.py:149} INFO - [2023-08-29T02:59:10.838+0000] {manager.py:504} INFO - Created Permission View: can read on DAG:example_xcom_args_with_operators
[2023-08-29T02:59:10.845+0000] {logging_mixin.py:149} INFO - [2023-08-29T02:59:10.845+0000] {manager.py:504} INFO - Created Permission View: can delete on DAG:example_xcom_args_with_operators
[2023-08-29T02:59:10.852+0000] {logging_mixin.py:149} INFO - [2023-08-29T02:59:10.852+0000] {dag.py:2726} INFO - Sync 2 DAGs
[2023-08-29T02:59:10.872+0000] {logging_mixin.py:149} INFO - [2023-08-29T02:59:10.871+0000] {dag.py:2747} INFO - Creating ORM DAG for example_xcom_args
[2023-08-29T02:59:10.873+0000] {logging_mixin.py:149} INFO - [2023-08-29T02:59:10.873+0000] {dag.py:2747} INFO - Creating ORM DAG for example_xcom_args_with_operators
[2023-08-29T02:59:10.888+0000] {logging_mixin.py:149} INFO - [2023-08-29T02:59:10.887+0000] {dag.py:3490} INFO - Setting next_dagrun for example_xcom_args to None, run_after=None
[2023-08-29T02:59:10.889+0000] {logging_mixin.py:149} INFO - [2023-08-29T02:59:10.889+0000] {dag.py:3490} INFO - Setting next_dagrun for example_xcom_args_with_operators to None, run_after=None
[2023-08-29T02:59:10.914+0000] {processor.py:179} INFO - Processing /home/airflow/.local/lib/python3.7/site-packages/airflow/example_dags/example_xcomargs.py took 0.243 seconds
[2023-08-29T02:59:41.345+0000] {processor.py:157} INFO - Started process (PID=161) to work on /home/airflow/.local/lib/python3.7/site-packages/airflow/example_dags/example_xcomargs.py
[2023-08-29T02:59:41.347+0000] {processor.py:826} INFO - Processing file /home/airflow/.local/lib/python3.7/site-packages/airflow/example_dags/example_xcomargs.py for tasks to queue
[2023-08-29T02:59:41.348+0000] {logging_mixin.py:149} INFO - [2023-08-29T02:59:41.348+0000] {dagbag.py:541} INFO - Filling up the DagBag from /home/airflow/.local/lib/python3.7/site-packages/airflow/example_dags/example_xcomargs.py
[2023-08-29T02:59:41.354+0000] {processor.py:836} INFO - DAG(s) dict_keys(['example_xcom_args', 'example_xcom_args_with_operators']) retrieved from /home/airflow/.local/lib/python3.7/site-packages/airflow/example_dags/example_xcomargs.py
[2023-08-29T02:59:41.380+0000] {logging_mixin.py:149} INFO - [2023-08-29T02:59:41.380+0000] {dag.py:2726} INFO - Sync 2 DAGs
[2023-08-29T02:59:41.402+0000] {logging_mixin.py:149} INFO - [2023-08-29T02:59:41.402+0000] {dag.py:3490} INFO - Setting next_dagrun for example_xcom_args to None, run_after=None
[2023-08-29T02:59:41.406+0000] {logging_mixin.py:149} INFO - [2023-08-29T02:59:41.406+0000] {dag.py:3490} INFO - Setting next_dagrun for example_xcom_args_with_operators to None, run_after=None
[2023-08-29T02:59:41.424+0000] {processor.py:179} INFO - Processing /home/airflow/.local/lib/python3.7/site-packages/airflow/example_dags/example_xcomargs.py took 0.082 seconds
[2023-08-29T04:07:11.734+0000] {processor.py:157} INFO - Started process (PID=74) to work on /home/airflow/.local/lib/python3.7/site-packages/airflow/example_dags/example_xcomargs.py
[2023-08-29T04:07:11.736+0000] {processor.py:826} INFO - Processing file /home/airflow/.local/lib/python3.7/site-packages/airflow/example_dags/example_xcomargs.py for tasks to queue
[2023-08-29T04:07:11.739+0000] {logging_mixin.py:149} INFO - [2023-08-29T04:07:11.738+0000] {dagbag.py:541} INFO - Filling up the DagBag from /home/airflow/.local/lib/python3.7/site-packages/airflow/example_dags/example_xcomargs.py
[2023-08-29T04:07:11.751+0000] {processor.py:836} INFO - DAG(s) dict_keys(['example_xcom_args', 'example_xcom_args_with_operators']) retrieved from /home/airflow/.local/lib/python3.7/site-packages/airflow/example_dags/example_xcomargs.py
[2023-08-29T04:07:11.768+0000] {logging_mixin.py:149} INFO - [2023-08-29T04:07:11.768+0000] {dag.py:2726} INFO - Sync 2 DAGs
[2023-08-29T04:07:11.941+0000] {logging_mixin.py:149} INFO - [2023-08-29T04:07:11.940+0000] {dag.py:3490} INFO - Setting next_dagrun for example_xcom_args to None, run_after=None
[2023-08-29T04:07:11.946+0000] {logging_mixin.py:149} INFO - [2023-08-29T04:07:11.946+0000] {dag.py:3490} INFO - Setting next_dagrun for example_xcom_args_with_operators to None, run_after=None
[2023-08-29T04:07:11.972+0000] {processor.py:179} INFO - Processing /home/airflow/.local/lib/python3.7/site-packages/airflow/example_dags/example_xcomargs.py took 0.241 seconds
[2023-08-29T04:07:42.043+0000] {processor.py:157} INFO - Started process (PID=151) to work on /home/airflow/.local/lib/python3.7/site-packages/airflow/example_dags/example_xcomargs.py
[2023-08-29T04:07:42.044+0000] {processor.py:826} INFO - Processing file /home/airflow/.local/lib/python3.7/site-packages/airflow/example_dags/example_xcomargs.py for tasks to queue
[2023-08-29T04:07:42.045+0000] {logging_mixin.py:149} INFO - [2023-08-29T04:07:42.045+0000] {dagbag.py:541} INFO - Filling up the DagBag from /home/airflow/.local/lib/python3.7/site-packages/airflow/example_dags/example_xcomargs.py
[2023-08-29T04:07:42.052+0000] {processor.py:836} INFO - DAG(s) dict_keys(['example_xcom_args_with_operators', 'example_xcom_args']) retrieved from /home/airflow/.local/lib/python3.7/site-packages/airflow/example_dags/example_xcomargs.py
[2023-08-29T04:07:42.078+0000] {logging_mixin.py:149} INFO - [2023-08-29T04:07:42.078+0000] {dag.py:2726} INFO - Sync 2 DAGs
[2023-08-29T04:07:42.102+0000] {logging_mixin.py:149} INFO - [2023-08-29T04:07:42.102+0000] {dag.py:3490} INFO - Setting next_dagrun for example_xcom_args to None, run_after=None
[2023-08-29T04:07:42.106+0000] {logging_mixin.py:149} INFO - [2023-08-29T04:07:42.105+0000] {dag.py:3490} INFO - Setting next_dagrun for example_xcom_args_with_operators to None, run_after=None
[2023-08-29T04:07:42.122+0000] {processor.py:179} INFO - Processing /home/airflow/.local/lib/python3.7/site-packages/airflow/example_dags/example_xcomargs.py took 0.082 seconds
[2023-08-29T04:08:13.183+0000] {processor.py:157} INFO - Started process (PID=226) to work on /home/airflow/.local/lib/python3.7/site-packages/airflow/example_dags/example_xcomargs.py
[2023-08-29T04:08:13.185+0000] {processor.py:826} INFO - Processing file /home/airflow/.local/lib/python3.7/site-packages/airflow/example_dags/example_xcomargs.py for tasks to queue
[2023-08-29T04:08:13.188+0000] {logging_mixin.py:149} INFO - [2023-08-29T04:08:13.187+0000] {dagbag.py:541} INFO - Filling up the DagBag from /home/airflow/.local/lib/python3.7/site-packages/airflow/example_dags/example_xcomargs.py
[2023-08-29T04:08:13.197+0000] {processor.py:836} INFO - DAG(s) dict_keys(['example_xcom_args', 'example_xcom_args_with_operators']) retrieved from /home/airflow/.local/lib/python3.7/site-packages/airflow/example_dags/example_xcomargs.py
[2023-08-29T04:08:13.247+0000] {logging_mixin.py:149} INFO - [2023-08-29T04:08:13.246+0000] {dag.py:2726} INFO - Sync 2 DAGs
[2023-08-29T04:08:13.291+0000] {logging_mixin.py:149} INFO - [2023-08-29T04:08:13.290+0000] {dag.py:3490} INFO - Setting next_dagrun for example_xcom_args to None, run_after=None
[2023-08-29T04:08:13.302+0000] {logging_mixin.py:149} INFO - [2023-08-29T04:08:13.302+0000] {dag.py:3490} INFO - Setting next_dagrun for example_xcom_args_with_operators to None, run_after=None
[2023-08-29T04:08:13.342+0000] {processor.py:179} INFO - Processing /home/airflow/.local/lib/python3.7/site-packages/airflow/example_dags/example_xcomargs.py took 0.161 seconds
[2023-08-29T04:08:43.424+0000] {processor.py:157} INFO - Started process (PID=311) to work on /home/airflow/.local/lib/python3.7/site-packages/airflow/example_dags/example_xcomargs.py
[2023-08-29T04:08:43.425+0000] {processor.py:826} INFO - Processing file /home/airflow/.local/lib/python3.7/site-packages/airflow/example_dags/example_xcomargs.py for tasks to queue
[2023-08-29T04:08:43.426+0000] {logging_mixin.py:149} INFO - [2023-08-29T04:08:43.426+0000] {dagbag.py:541} INFO - Filling up the DagBag from /home/airflow/.local/lib/python3.7/site-packages/airflow/example_dags/example_xcomargs.py
[2023-08-29T04:08:43.433+0000] {processor.py:836} INFO - DAG(s) dict_keys(['example_xcom_args_with_operators', 'example_xcom_args']) retrieved from /home/airflow/.local/lib/python3.7/site-packages/airflow/example_dags/example_xcomargs.py
[2023-08-29T04:08:43.472+0000] {logging_mixin.py:149} INFO - [2023-08-29T04:08:43.472+0000] {dag.py:2726} INFO - Sync 2 DAGs
[2023-08-29T04:08:43.510+0000] {logging_mixin.py:149} INFO - [2023-08-29T04:08:43.510+0000] {dag.py:3490} INFO - Setting next_dagrun for example_xcom_args to None, run_after=None
[2023-08-29T04:08:43.515+0000] {logging_mixin.py:149} INFO - [2023-08-29T04:08:43.515+0000] {dag.py:3490} INFO - Setting next_dagrun for example_xcom_args_with_operators to None, run_after=None
[2023-08-29T04:08:43.551+0000] {processor.py:179} INFO - Processing /home/airflow/.local/lib/python3.7/site-packages/airflow/example_dags/example_xcomargs.py took 0.132 seconds
[2023-08-29T04:09:13.611+0000] {processor.py:157} INFO - Started process (PID=387) to work on /home/airflow/.local/lib/python3.7/site-packages/airflow/example_dags/example_xcomargs.py
[2023-08-29T04:09:13.612+0000] {processor.py:826} INFO - Processing file /home/airflow/.local/lib/python3.7/site-packages/airflow/example_dags/example_xcomargs.py for tasks to queue
[2023-08-29T04:09:13.614+0000] {logging_mixin.py:149} INFO - [2023-08-29T04:09:13.614+0000] {dagbag.py:541} INFO - Filling up the DagBag from /home/airflow/.local/lib/python3.7/site-packages/airflow/example_dags/example_xcomargs.py
[2023-08-29T04:09:13.623+0000] {processor.py:836} INFO - DAG(s) dict_keys(['example_xcom_args', 'example_xcom_args_with_operators']) retrieved from /home/airflow/.local/lib/python3.7/site-packages/airflow/example_dags/example_xcomargs.py
[2023-08-29T04:09:13.646+0000] {logging_mixin.py:149} INFO - [2023-08-29T04:09:13.646+0000] {dag.py:2726} INFO - Sync 2 DAGs
[2023-08-29T04:09:13.666+0000] {logging_mixin.py:149} INFO - [2023-08-29T04:09:13.666+0000] {dag.py:3490} INFO - Setting next_dagrun for example_xcom_args to None, run_after=None
[2023-08-29T04:09:13.669+0000] {logging_mixin.py:149} INFO - [2023-08-29T04:09:13.669+0000] {dag.py:3490} INFO - Setting next_dagrun for example_xcom_args_with_operators to None, run_after=None
[2023-08-29T04:09:13.683+0000] {processor.py:179} INFO - Processing /home/airflow/.local/lib/python3.7/site-packages/airflow/example_dags/example_xcomargs.py took 0.076 seconds
[2023-08-29T04:09:44.168+0000] {processor.py:157} INFO - Started process (PID=473) to work on /home/airflow/.local/lib/python3.7/site-packages/airflow/example_dags/example_xcomargs.py
[2023-08-29T04:09:44.169+0000] {processor.py:826} INFO - Processing file /home/airflow/.local/lib/python3.7/site-packages/airflow/example_dags/example_xcomargs.py for tasks to queue
[2023-08-29T04:09:44.170+0000] {logging_mixin.py:149} INFO - [2023-08-29T04:09:44.170+0000] {dagbag.py:541} INFO - Filling up the DagBag from /home/airflow/.local/lib/python3.7/site-packages/airflow/example_dags/example_xcomargs.py
[2023-08-29T04:09:44.183+0000] {processor.py:836} INFO - DAG(s) dict_keys(['example_xcom_args', 'example_xcom_args_with_operators']) retrieved from /home/airflow/.local/lib/python3.7/site-packages/airflow/example_dags/example_xcomargs.py
[2023-08-29T04:09:44.220+0000] {logging_mixin.py:149} INFO - [2023-08-29T04:09:44.220+0000] {dag.py:2726} INFO - Sync 2 DAGs
[2023-08-29T04:09:44.255+0000] {logging_mixin.py:149} INFO - [2023-08-29T04:09:44.255+0000] {dag.py:3490} INFO - Setting next_dagrun for example_xcom_args to None, run_after=None
[2023-08-29T04:09:44.261+0000] {logging_mixin.py:149} INFO - [2023-08-29T04:09:44.261+0000] {dag.py:3490} INFO - Setting next_dagrun for example_xcom_args_with_operators to None, run_after=None
[2023-08-29T04:09:44.279+0000] {processor.py:179} INFO - Processing /home/airflow/.local/lib/python3.7/site-packages/airflow/example_dags/example_xcomargs.py took 0.113 seconds
[2023-08-29T06:21:37.485+0000] {processor.py:157} INFO - Started process (PID=74) to work on /home/airflow/.local/lib/python3.7/site-packages/airflow/example_dags/example_xcomargs.py
[2023-08-29T06:21:37.487+0000] {processor.py:826} INFO - Processing file /home/airflow/.local/lib/python3.7/site-packages/airflow/example_dags/example_xcomargs.py for tasks to queue
[2023-08-29T06:21:37.488+0000] {logging_mixin.py:149} INFO - [2023-08-29T06:21:37.488+0000] {dagbag.py:541} INFO - Filling up the DagBag from /home/airflow/.local/lib/python3.7/site-packages/airflow/example_dags/example_xcomargs.py
[2023-08-29T06:21:37.501+0000] {processor.py:836} INFO - DAG(s) dict_keys(['example_xcom_args', 'example_xcom_args_with_operators']) retrieved from /home/airflow/.local/lib/python3.7/site-packages/airflow/example_dags/example_xcomargs.py
[2023-08-29T06:21:37.523+0000] {logging_mixin.py:149} INFO - [2023-08-29T06:21:37.523+0000] {dag.py:2726} INFO - Sync 2 DAGs
[2023-08-29T06:21:37.775+0000] {logging_mixin.py:149} INFO - [2023-08-29T06:21:37.775+0000] {dag.py:3490} INFO - Setting next_dagrun for example_xcom_args to None, run_after=None
[2023-08-29T06:21:37.779+0000] {logging_mixin.py:149} INFO - [2023-08-29T06:21:37.779+0000] {dag.py:3490} INFO - Setting next_dagrun for example_xcom_args_with_operators to None, run_after=None
[2023-08-29T06:21:37.810+0000] {processor.py:179} INFO - Processing /home/airflow/.local/lib/python3.7/site-packages/airflow/example_dags/example_xcomargs.py took 0.329 seconds
[2023-08-29T06:22:08.151+0000] {processor.py:157} INFO - Started process (PID=151) to work on /home/airflow/.local/lib/python3.7/site-packages/airflow/example_dags/example_xcomargs.py
[2023-08-29T06:22:08.152+0000] {processor.py:826} INFO - Processing file /home/airflow/.local/lib/python3.7/site-packages/airflow/example_dags/example_xcomargs.py for tasks to queue
[2023-08-29T06:22:08.153+0000] {logging_mixin.py:149} INFO - [2023-08-29T06:22:08.153+0000] {dagbag.py:541} INFO - Filling up the DagBag from /home/airflow/.local/lib/python3.7/site-packages/airflow/example_dags/example_xcomargs.py
[2023-08-29T06:22:08.159+0000] {processor.py:836} INFO - DAG(s) dict_keys(['example_xcom_args_with_operators', 'example_xcom_args']) retrieved from /home/airflow/.local/lib/python3.7/site-packages/airflow/example_dags/example_xcomargs.py
[2023-08-29T06:22:08.185+0000] {logging_mixin.py:149} INFO - [2023-08-29T06:22:08.185+0000] {dag.py:2726} INFO - Sync 2 DAGs
[2023-08-29T06:22:08.207+0000] {logging_mixin.py:149} INFO - [2023-08-29T06:22:08.207+0000] {dag.py:3490} INFO - Setting next_dagrun for example_xcom_args to None, run_after=None
[2023-08-29T06:22:08.210+0000] {logging_mixin.py:149} INFO - [2023-08-29T06:22:08.210+0000] {dag.py:3490} INFO - Setting next_dagrun for example_xcom_args_with_operators to None, run_after=None
[2023-08-29T06:22:08.228+0000] {processor.py:179} INFO - Processing /home/airflow/.local/lib/python3.7/site-packages/airflow/example_dags/example_xcomargs.py took 0.079 seconds
[2023-08-29T06:22:39.216+0000] {processor.py:157} INFO - Started process (PID=235) to work on /home/airflow/.local/lib/python3.7/site-packages/airflow/example_dags/example_xcomargs.py
[2023-08-29T06:22:39.218+0000] {processor.py:826} INFO - Processing file /home/airflow/.local/lib/python3.7/site-packages/airflow/example_dags/example_xcomargs.py for tasks to queue
[2023-08-29T06:22:39.221+0000] {logging_mixin.py:149} INFO - [2023-08-29T06:22:39.220+0000] {dagbag.py:541} INFO - Filling up the DagBag from /home/airflow/.local/lib/python3.7/site-packages/airflow/example_dags/example_xcomargs.py
[2023-08-29T06:22:39.234+0000] {processor.py:836} INFO - DAG(s) dict_keys(['example_xcom_args_with_operators', 'example_xcom_args']) retrieved from /home/airflow/.local/lib/python3.7/site-packages/airflow/example_dags/example_xcomargs.py
[2023-08-29T06:22:39.280+0000] {logging_mixin.py:149} INFO - [2023-08-29T06:22:39.280+0000] {dag.py:2726} INFO - Sync 2 DAGs
[2023-08-29T06:22:39.327+0000] {logging_mixin.py:149} INFO - [2023-08-29T06:22:39.327+0000] {dag.py:3490} INFO - Setting next_dagrun for example_xcom_args to None, run_after=None
[2023-08-29T06:22:39.332+0000] {logging_mixin.py:149} INFO - [2023-08-29T06:22:39.332+0000] {dag.py:3490} INFO - Setting next_dagrun for example_xcom_args_with_operators to None, run_after=None
[2023-08-29T06:22:39.369+0000] {processor.py:179} INFO - Processing /home/airflow/.local/lib/python3.7/site-packages/airflow/example_dags/example_xcomargs.py took 0.156 seconds
[2023-08-29T06:23:10.292+0000] {processor.py:157} INFO - Started process (PID=311) to work on /home/airflow/.local/lib/python3.7/site-packages/airflow/example_dags/example_xcomargs.py
[2023-08-29T06:23:10.293+0000] {processor.py:826} INFO - Processing file /home/airflow/.local/lib/python3.7/site-packages/airflow/example_dags/example_xcomargs.py for tasks to queue
[2023-08-29T06:23:10.294+0000] {logging_mixin.py:149} INFO - [2023-08-29T06:23:10.294+0000] {dagbag.py:541} INFO - Filling up the DagBag from /home/airflow/.local/lib/python3.7/site-packages/airflow/example_dags/example_xcomargs.py
[2023-08-29T06:23:10.306+0000] {processor.py:836} INFO - DAG(s) dict_keys(['example_xcom_args', 'example_xcom_args_with_operators']) retrieved from /home/airflow/.local/lib/python3.7/site-packages/airflow/example_dags/example_xcomargs.py
[2023-08-29T06:23:10.336+0000] {logging_mixin.py:149} INFO - [2023-08-29T06:23:10.336+0000] {dag.py:2726} INFO - Sync 2 DAGs
[2023-08-29T06:23:10.364+0000] {logging_mixin.py:149} INFO - [2023-08-29T06:23:10.363+0000] {dag.py:3490} INFO - Setting next_dagrun for example_xcom_args to None, run_after=None
[2023-08-29T06:23:10.370+0000] {logging_mixin.py:149} INFO - [2023-08-29T06:23:10.369+0000] {dag.py:3490} INFO - Setting next_dagrun for example_xcom_args_with_operators to None, run_after=None
[2023-08-29T06:23:10.393+0000] {processor.py:179} INFO - Processing /home/airflow/.local/lib/python3.7/site-packages/airflow/example_dags/example_xcomargs.py took 0.104 seconds
[2023-08-29T06:23:40.595+0000] {processor.py:157} INFO - Started process (PID=387) to work on /home/airflow/.local/lib/python3.7/site-packages/airflow/example_dags/example_xcomargs.py
[2023-08-29T06:23:40.596+0000] {processor.py:826} INFO - Processing file /home/airflow/.local/lib/python3.7/site-packages/airflow/example_dags/example_xcomargs.py for tasks to queue
[2023-08-29T06:23:40.597+0000] {logging_mixin.py:149} INFO - [2023-08-29T06:23:40.597+0000] {dagbag.py:541} INFO - Filling up the DagBag from /home/airflow/.local/lib/python3.7/site-packages/airflow/example_dags/example_xcomargs.py
[2023-08-29T06:23:40.609+0000] {processor.py:836} INFO - DAG(s) dict_keys(['example_xcom_args_with_operators', 'example_xcom_args']) retrieved from /home/airflow/.local/lib/python3.7/site-packages/airflow/example_dags/example_xcomargs.py
[2023-08-29T06:23:40.642+0000] {logging_mixin.py:149} INFO - [2023-08-29T06:23:40.642+0000] {dag.py:2726} INFO - Sync 2 DAGs
[2023-08-29T06:23:40.669+0000] {logging_mixin.py:149} INFO - [2023-08-29T06:23:40.668+0000] {dag.py:3490} INFO - Setting next_dagrun for example_xcom_args to None, run_after=None
[2023-08-29T06:23:40.673+0000] {logging_mixin.py:149} INFO - [2023-08-29T06:23:40.673+0000] {dag.py:3490} INFO - Setting next_dagrun for example_xcom_args_with_operators to None, run_after=None
[2023-08-29T06:23:40.696+0000] {processor.py:179} INFO - Processing /home/airflow/.local/lib/python3.7/site-packages/airflow/example_dags/example_xcomargs.py took 0.104 seconds
[2023-08-29T06:24:10.793+0000] {processor.py:157} INFO - Started process (PID=472) to work on /home/airflow/.local/lib/python3.7/site-packages/airflow/example_dags/example_xcomargs.py
[2023-08-29T06:24:10.795+0000] {processor.py:826} INFO - Processing file /home/airflow/.local/lib/python3.7/site-packages/airflow/example_dags/example_xcomargs.py for tasks to queue
[2023-08-29T06:24:10.796+0000] {logging_mixin.py:149} INFO - [2023-08-29T06:24:10.796+0000] {dagbag.py:541} INFO - Filling up the DagBag from /home/airflow/.local/lib/python3.7/site-packages/airflow/example_dags/example_xcomargs.py
[2023-08-29T06:24:10.804+0000] {processor.py:836} INFO - DAG(s) dict_keys(['example_xcom_args', 'example_xcom_args_with_operators']) retrieved from /home/airflow/.local/lib/python3.7/site-packages/airflow/example_dags/example_xcomargs.py
[2023-08-29T06:24:10.840+0000] {logging_mixin.py:149} INFO - [2023-08-29T06:24:10.840+0000] {dag.py:2726} INFO - Sync 2 DAGs
[2023-08-29T06:24:10.873+0000] {logging_mixin.py:149} INFO - [2023-08-29T06:24:10.873+0000] {dag.py:3490} INFO - Setting next_dagrun for example_xcom_args to None, run_after=None
[2023-08-29T06:24:10.877+0000] {logging_mixin.py:149} INFO - [2023-08-29T06:24:10.877+0000] {dag.py:3490} INFO - Setting next_dagrun for example_xcom_args_with_operators to None, run_after=None
[2023-08-29T06:24:10.895+0000] {processor.py:179} INFO - Processing /home/airflow/.local/lib/python3.7/site-packages/airflow/example_dags/example_xcomargs.py took 0.105 seconds
