[2023-08-29T02:59:06.543+0000] {processor.py:157} INFO - Started process (PID=60) to work on /home/airflow/.local/lib/python3.7/site-packages/airflow/example_dags/example_params_trigger_ui.py
[2023-08-29T02:59:06.545+0000] {processor.py:826} INFO - Processing file /home/airflow/.local/lib/python3.7/site-packages/airflow/example_dags/example_params_trigger_ui.py for tasks to queue
[2023-08-29T02:59:06.550+0000] {logging_mixin.py:149} INFO - [2023-08-29T02:59:06.549+0000] {dagbag.py:541} INFO - Filling up the DagBag from /home/airflow/.local/lib/python3.7/site-packages/airflow/example_dags/example_params_trigger_ui.py
[2023-08-29T02:59:06.608+0000] {processor.py:836} INFO - DAG(s) dict_keys(['example_params_trigger_ui']) retrieved from /home/airflow/.local/lib/python3.7/site-packages/airflow/example_dags/example_params_trigger_ui.py
[2023-08-29T02:59:07.114+0000] {logging_mixin.py:149} INFO - [2023-08-29T02:59:07.114+0000] {manager.py:504} INFO - Created Permission View: can edit on DAG:example_params_trigger_ui
[2023-08-29T02:59:07.132+0000] {logging_mixin.py:149} INFO - [2023-08-29T02:59:07.131+0000] {manager.py:504} INFO - Created Permission View: can read on DAG:example_params_trigger_ui
[2023-08-29T02:59:07.153+0000] {logging_mixin.py:149} INFO - [2023-08-29T02:59:07.152+0000] {manager.py:504} INFO - Created Permission View: can delete on DAG:example_params_trigger_ui
[2023-08-29T02:59:07.194+0000] {logging_mixin.py:149} INFO - [2023-08-29T02:59:07.193+0000] {dag.py:2726} INFO - Sync 1 DAGs
[2023-08-29T02:59:07.238+0000] {logging_mixin.py:149} INFO - [2023-08-29T02:59:07.236+0000] {dag.py:2747} INFO - Creating ORM DAG for example_params_trigger_ui
[2023-08-29T02:59:07.268+0000] {logging_mixin.py:149} INFO - [2023-08-29T02:59:07.268+0000] {dag.py:3490} INFO - Setting next_dagrun for example_params_trigger_ui to None, run_after=None
[2023-08-29T02:59:07.335+0000] {processor.py:179} INFO - Processing /home/airflow/.local/lib/python3.7/site-packages/airflow/example_dags/example_params_trigger_ui.py took 0.797 seconds
[2023-08-29T02:59:38.059+0000] {processor.py:157} INFO - Started process (PID=135) to work on /home/airflow/.local/lib/python3.7/site-packages/airflow/example_dags/example_params_trigger_ui.py
[2023-08-29T02:59:38.060+0000] {processor.py:826} INFO - Processing file /home/airflow/.local/lib/python3.7/site-packages/airflow/example_dags/example_params_trigger_ui.py for tasks to queue
[2023-08-29T02:59:38.061+0000] {logging_mixin.py:149} INFO - [2023-08-29T02:59:38.061+0000] {dagbag.py:541} INFO - Filling up the DagBag from /home/airflow/.local/lib/python3.7/site-packages/airflow/example_dags/example_params_trigger_ui.py
[2023-08-29T02:59:38.079+0000] {processor.py:836} INFO - DAG(s) dict_keys(['example_params_trigger_ui']) retrieved from /home/airflow/.local/lib/python3.7/site-packages/airflow/example_dags/example_params_trigger_ui.py
[2023-08-29T02:59:38.155+0000] {logging_mixin.py:149} INFO - [2023-08-29T02:59:38.155+0000] {dag.py:2726} INFO - Sync 1 DAGs
[2023-08-29T02:59:38.175+0000] {logging_mixin.py:149} INFO - [2023-08-29T02:59:38.175+0000] {dag.py:3490} INFO - Setting next_dagrun for example_params_trigger_ui to None, run_after=None
[2023-08-29T02:59:38.191+0000] {processor.py:179} INFO - Processing /home/airflow/.local/lib/python3.7/site-packages/airflow/example_dags/example_params_trigger_ui.py took 0.134 seconds
[2023-08-29T04:07:08.035+0000] {processor.py:157} INFO - Started process (PID=50) to work on /home/airflow/.local/lib/python3.7/site-packages/airflow/example_dags/example_params_trigger_ui.py
[2023-08-29T04:07:08.037+0000] {processor.py:826} INFO - Processing file /home/airflow/.local/lib/python3.7/site-packages/airflow/example_dags/example_params_trigger_ui.py for tasks to queue
[2023-08-29T04:07:08.038+0000] {logging_mixin.py:149} INFO - [2023-08-29T04:07:08.038+0000] {dagbag.py:541} INFO - Filling up the DagBag from /home/airflow/.local/lib/python3.7/site-packages/airflow/example_dags/example_params_trigger_ui.py
[2023-08-29T04:07:08.058+0000] {processor.py:836} INFO - DAG(s) dict_keys(['example_params_trigger_ui']) retrieved from /home/airflow/.local/lib/python3.7/site-packages/airflow/example_dags/example_params_trigger_ui.py
[2023-08-29T04:07:08.071+0000] {logging_mixin.py:149} INFO - [2023-08-29T04:07:08.071+0000] {dag.py:2726} INFO - Sync 1 DAGs
[2023-08-29T04:07:08.231+0000] {logging_mixin.py:149} INFO - [2023-08-29T04:07:08.231+0000] {dag.py:3490} INFO - Setting next_dagrun for example_params_trigger_ui to None, run_after=None
[2023-08-29T04:07:08.283+0000] {processor.py:179} INFO - Processing /home/airflow/.local/lib/python3.7/site-packages/airflow/example_dags/example_params_trigger_ui.py took 0.252 seconds
[2023-08-29T04:07:39.946+0000] {processor.py:157} INFO - Started process (PID=135) to work on /home/airflow/.local/lib/python3.7/site-packages/airflow/example_dags/example_params_trigger_ui.py
[2023-08-29T04:07:39.947+0000] {processor.py:826} INFO - Processing file /home/airflow/.local/lib/python3.7/site-packages/airflow/example_dags/example_params_trigger_ui.py for tasks to queue
[2023-08-29T04:07:39.948+0000] {logging_mixin.py:149} INFO - [2023-08-29T04:07:39.948+0000] {dagbag.py:541} INFO - Filling up the DagBag from /home/airflow/.local/lib/python3.7/site-packages/airflow/example_dags/example_params_trigger_ui.py
[2023-08-29T04:07:39.968+0000] {processor.py:836} INFO - DAG(s) dict_keys(['example_params_trigger_ui']) retrieved from /home/airflow/.local/lib/python3.7/site-packages/airflow/example_dags/example_params_trigger_ui.py
[2023-08-29T04:07:40.046+0000] {logging_mixin.py:149} INFO - [2023-08-29T04:07:40.045+0000] {dag.py:2726} INFO - Sync 1 DAGs
[2023-08-29T04:07:40.068+0000] {logging_mixin.py:149} INFO - [2023-08-29T04:07:40.067+0000] {dag.py:3490} INFO - Setting next_dagrun for example_params_trigger_ui to None, run_after=None
[2023-08-29T04:07:40.085+0000] {processor.py:179} INFO - Processing /home/airflow/.local/lib/python3.7/site-packages/airflow/example_dags/example_params_trigger_ui.py took 0.144 seconds
[2023-08-29T04:08:11.701+0000] {processor.py:157} INFO - Started process (PID=211) to work on /home/airflow/.local/lib/python3.7/site-packages/airflow/example_dags/example_params_trigger_ui.py
[2023-08-29T04:08:11.703+0000] {processor.py:826} INFO - Processing file /home/airflow/.local/lib/python3.7/site-packages/airflow/example_dags/example_params_trigger_ui.py for tasks to queue
[2023-08-29T04:08:11.707+0000] {logging_mixin.py:149} INFO - [2023-08-29T04:08:11.706+0000] {dagbag.py:541} INFO - Filling up the DagBag from /home/airflow/.local/lib/python3.7/site-packages/airflow/example_dags/example_params_trigger_ui.py
[2023-08-29T04:08:11.759+0000] {processor.py:836} INFO - DAG(s) dict_keys(['example_params_trigger_ui']) retrieved from /home/airflow/.local/lib/python3.7/site-packages/airflow/example_dags/example_params_trigger_ui.py
[2023-08-29T04:08:11.876+0000] {logging_mixin.py:149} INFO - [2023-08-29T04:08:11.876+0000] {dag.py:2726} INFO - Sync 1 DAGs
[2023-08-29T04:08:11.910+0000] {logging_mixin.py:149} INFO - [2023-08-29T04:08:11.910+0000] {dag.py:3490} INFO - Setting next_dagrun for example_params_trigger_ui to None, run_after=None
[2023-08-29T04:08:11.934+0000] {processor.py:179} INFO - Processing /home/airflow/.local/lib/python3.7/site-packages/airflow/example_dags/example_params_trigger_ui.py took 0.238 seconds
[2023-08-29T04:08:42.240+0000] {processor.py:157} INFO - Started process (PID=296) to work on /home/airflow/.local/lib/python3.7/site-packages/airflow/example_dags/example_params_trigger_ui.py
[2023-08-29T04:08:42.241+0000] {processor.py:826} INFO - Processing file /home/airflow/.local/lib/python3.7/site-packages/airflow/example_dags/example_params_trigger_ui.py for tasks to queue
[2023-08-29T04:08:42.242+0000] {logging_mixin.py:149} INFO - [2023-08-29T04:08:42.241+0000] {dagbag.py:541} INFO - Filling up the DagBag from /home/airflow/.local/lib/python3.7/site-packages/airflow/example_dags/example_params_trigger_ui.py
[2023-08-29T04:08:42.260+0000] {processor.py:836} INFO - DAG(s) dict_keys(['example_params_trigger_ui']) retrieved from /home/airflow/.local/lib/python3.7/site-packages/airflow/example_dags/example_params_trigger_ui.py
[2023-08-29T04:08:42.336+0000] {logging_mixin.py:149} INFO - [2023-08-29T04:08:42.336+0000] {dag.py:2726} INFO - Sync 1 DAGs
[2023-08-29T04:08:42.358+0000] {logging_mixin.py:149} INFO - [2023-08-29T04:08:42.357+0000] {dag.py:3490} INFO - Setting next_dagrun for example_params_trigger_ui to None, run_after=None
[2023-08-29T04:08:42.375+0000] {processor.py:179} INFO - Processing /home/airflow/.local/lib/python3.7/site-packages/airflow/example_dags/example_params_trigger_ui.py took 0.138 seconds
[2023-08-29T04:09:12.645+0000] {processor.py:157} INFO - Started process (PID=373) to work on /home/airflow/.local/lib/python3.7/site-packages/airflow/example_dags/example_params_trigger_ui.py
[2023-08-29T04:09:12.646+0000] {processor.py:826} INFO - Processing file /home/airflow/.local/lib/python3.7/site-packages/airflow/example_dags/example_params_trigger_ui.py for tasks to queue
[2023-08-29T04:09:12.647+0000] {logging_mixin.py:149} INFO - [2023-08-29T04:09:12.647+0000] {dagbag.py:541} INFO - Filling up the DagBag from /home/airflow/.local/lib/python3.7/site-packages/airflow/example_dags/example_params_trigger_ui.py
[2023-08-29T04:09:12.666+0000] {processor.py:836} INFO - DAG(s) dict_keys(['example_params_trigger_ui']) retrieved from /home/airflow/.local/lib/python3.7/site-packages/airflow/example_dags/example_params_trigger_ui.py
[2023-08-29T04:09:12.744+0000] {logging_mixin.py:149} INFO - [2023-08-29T04:09:12.744+0000] {dag.py:2726} INFO - Sync 1 DAGs
[2023-08-29T04:09:12.767+0000] {logging_mixin.py:149} INFO - [2023-08-29T04:09:12.767+0000] {dag.py:3490} INFO - Setting next_dagrun for example_params_trigger_ui to None, run_after=None
[2023-08-29T04:09:12.783+0000] {processor.py:179} INFO - Processing /home/airflow/.local/lib/python3.7/site-packages/airflow/example_dags/example_params_trigger_ui.py took 0.141 seconds
[2023-08-29T04:09:43.176+0000] {processor.py:157} INFO - Started process (PID=458) to work on /home/airflow/.local/lib/python3.7/site-packages/airflow/example_dags/example_params_trigger_ui.py
[2023-08-29T04:09:43.177+0000] {processor.py:826} INFO - Processing file /home/airflow/.local/lib/python3.7/site-packages/airflow/example_dags/example_params_trigger_ui.py for tasks to queue
[2023-08-29T04:09:43.178+0000] {logging_mixin.py:149} INFO - [2023-08-29T04:09:43.178+0000] {dagbag.py:541} INFO - Filling up the DagBag from /home/airflow/.local/lib/python3.7/site-packages/airflow/example_dags/example_params_trigger_ui.py
[2023-08-29T04:09:43.198+0000] {processor.py:836} INFO - DAG(s) dict_keys(['example_params_trigger_ui']) retrieved from /home/airflow/.local/lib/python3.7/site-packages/airflow/example_dags/example_params_trigger_ui.py
[2023-08-29T04:09:43.294+0000] {logging_mixin.py:149} INFO - [2023-08-29T04:09:43.294+0000] {dag.py:2726} INFO - Sync 1 DAGs
[2023-08-29T04:09:43.314+0000] {logging_mixin.py:149} INFO - [2023-08-29T04:09:43.314+0000] {dag.py:3490} INFO - Setting next_dagrun for example_params_trigger_ui to None, run_after=None
[2023-08-29T04:09:43.331+0000] {processor.py:179} INFO - Processing /home/airflow/.local/lib/python3.7/site-packages/airflow/example_dags/example_params_trigger_ui.py took 0.158 seconds
[2023-08-29T06:21:34.580+0000] {processor.py:157} INFO - Started process (PID=50) to work on /home/airflow/.local/lib/python3.7/site-packages/airflow/example_dags/example_params_trigger_ui.py
[2023-08-29T06:21:34.581+0000] {processor.py:826} INFO - Processing file /home/airflow/.local/lib/python3.7/site-packages/airflow/example_dags/example_params_trigger_ui.py for tasks to queue
[2023-08-29T06:21:34.582+0000] {logging_mixin.py:149} INFO - [2023-08-29T06:21:34.582+0000] {dagbag.py:541} INFO - Filling up the DagBag from /home/airflow/.local/lib/python3.7/site-packages/airflow/example_dags/example_params_trigger_ui.py
[2023-08-29T06:21:34.609+0000] {processor.py:836} INFO - DAG(s) dict_keys(['example_params_trigger_ui']) retrieved from /home/airflow/.local/lib/python3.7/site-packages/airflow/example_dags/example_params_trigger_ui.py
[2023-08-29T06:21:34.630+0000] {logging_mixin.py:149} INFO - [2023-08-29T06:21:34.630+0000] {dag.py:2726} INFO - Sync 1 DAGs
[2023-08-29T06:21:34.821+0000] {logging_mixin.py:149} INFO - [2023-08-29T06:21:34.821+0000] {dag.py:3490} INFO - Setting next_dagrun for example_params_trigger_ui to None, run_after=None
[2023-08-29T06:21:34.857+0000] {processor.py:179} INFO - Processing /home/airflow/.local/lib/python3.7/site-packages/airflow/example_dags/example_params_trigger_ui.py took 0.283 seconds
[2023-08-29T06:22:05.056+0000] {processor.py:157} INFO - Started process (PID=134) to work on /home/airflow/.local/lib/python3.7/site-packages/airflow/example_dags/example_params_trigger_ui.py
[2023-08-29T06:22:05.058+0000] {processor.py:826} INFO - Processing file /home/airflow/.local/lib/python3.7/site-packages/airflow/example_dags/example_params_trigger_ui.py for tasks to queue
[2023-08-29T06:22:05.058+0000] {logging_mixin.py:149} INFO - [2023-08-29T06:22:05.058+0000] {dagbag.py:541} INFO - Filling up the DagBag from /home/airflow/.local/lib/python3.7/site-packages/airflow/example_dags/example_params_trigger_ui.py
[2023-08-29T06:22:05.076+0000] {processor.py:836} INFO - DAG(s) dict_keys(['example_params_trigger_ui']) retrieved from /home/airflow/.local/lib/python3.7/site-packages/airflow/example_dags/example_params_trigger_ui.py
[2023-08-29T06:22:05.148+0000] {logging_mixin.py:149} INFO - [2023-08-29T06:22:05.148+0000] {dag.py:2726} INFO - Sync 1 DAGs
[2023-08-29T06:22:05.166+0000] {logging_mixin.py:149} INFO - [2023-08-29T06:22:05.166+0000] {dag.py:3490} INFO - Setting next_dagrun for example_params_trigger_ui to None, run_after=None
[2023-08-29T06:22:05.182+0000] {processor.py:179} INFO - Processing /home/airflow/.local/lib/python3.7/site-packages/airflow/example_dags/example_params_trigger_ui.py took 0.128 seconds
[2023-08-29T06:22:36.311+0000] {processor.py:157} INFO - Started process (PID=210) to work on /home/airflow/.local/lib/python3.7/site-packages/airflow/example_dags/example_params_trigger_ui.py
[2023-08-29T06:22:36.312+0000] {processor.py:826} INFO - Processing file /home/airflow/.local/lib/python3.7/site-packages/airflow/example_dags/example_params_trigger_ui.py for tasks to queue
[2023-08-29T06:22:36.313+0000] {logging_mixin.py:149} INFO - [2023-08-29T06:22:36.313+0000] {dagbag.py:541} INFO - Filling up the DagBag from /home/airflow/.local/lib/python3.7/site-packages/airflow/example_dags/example_params_trigger_ui.py
[2023-08-29T06:22:36.339+0000] {processor.py:836} INFO - DAG(s) dict_keys(['example_params_trigger_ui']) retrieved from /home/airflow/.local/lib/python3.7/site-packages/airflow/example_dags/example_params_trigger_ui.py
[2023-08-29T06:22:36.449+0000] {logging_mixin.py:149} INFO - [2023-08-29T06:22:36.449+0000] {dag.py:2726} INFO - Sync 1 DAGs
[2023-08-29T06:22:36.493+0000] {logging_mixin.py:149} INFO - [2023-08-29T06:22:36.492+0000] {dag.py:3490} INFO - Setting next_dagrun for example_params_trigger_ui to None, run_after=None
[2023-08-29T06:22:36.526+0000] {processor.py:179} INFO - Processing /home/airflow/.local/lib/python3.7/site-packages/airflow/example_dags/example_params_trigger_ui.py took 0.218 seconds
[2023-08-29T06:23:07.192+0000] {processor.py:157} INFO - Started process (PID=295) to work on /home/airflow/.local/lib/python3.7/site-packages/airflow/example_dags/example_params_trigger_ui.py
[2023-08-29T06:23:07.194+0000] {processor.py:826} INFO - Processing file /home/airflow/.local/lib/python3.7/site-packages/airflow/example_dags/example_params_trigger_ui.py for tasks to queue
[2023-08-29T06:23:07.195+0000] {logging_mixin.py:149} INFO - [2023-08-29T06:23:07.195+0000] {dagbag.py:541} INFO - Filling up the DagBag from /home/airflow/.local/lib/python3.7/site-packages/airflow/example_dags/example_params_trigger_ui.py
[2023-08-29T06:23:07.217+0000] {processor.py:836} INFO - DAG(s) dict_keys(['example_params_trigger_ui']) retrieved from /home/airflow/.local/lib/python3.7/site-packages/airflow/example_dags/example_params_trigger_ui.py
[2023-08-29T06:23:07.292+0000] {logging_mixin.py:149} INFO - [2023-08-29T06:23:07.292+0000] {dag.py:2726} INFO - Sync 1 DAGs
[2023-08-29T06:23:07.311+0000] {logging_mixin.py:149} INFO - [2023-08-29T06:23:07.311+0000] {dag.py:3490} INFO - Setting next_dagrun for example_params_trigger_ui to None, run_after=None
[2023-08-29T06:23:07.327+0000] {processor.py:179} INFO - Processing /home/airflow/.local/lib/python3.7/site-packages/airflow/example_dags/example_params_trigger_ui.py took 0.138 seconds
[2023-08-29T06:23:38.026+0000] {processor.py:157} INFO - Started process (PID=371) to work on /home/airflow/.local/lib/python3.7/site-packages/airflow/example_dags/example_params_trigger_ui.py
[2023-08-29T06:23:38.027+0000] {processor.py:826} INFO - Processing file /home/airflow/.local/lib/python3.7/site-packages/airflow/example_dags/example_params_trigger_ui.py for tasks to queue
[2023-08-29T06:23:38.028+0000] {logging_mixin.py:149} INFO - [2023-08-29T06:23:38.028+0000] {dagbag.py:541} INFO - Filling up the DagBag from /home/airflow/.local/lib/python3.7/site-packages/airflow/example_dags/example_params_trigger_ui.py
[2023-08-29T06:23:38.046+0000] {processor.py:836} INFO - DAG(s) dict_keys(['example_params_trigger_ui']) retrieved from /home/airflow/.local/lib/python3.7/site-packages/airflow/example_dags/example_params_trigger_ui.py
[2023-08-29T06:23:38.128+0000] {logging_mixin.py:149} INFO - [2023-08-29T06:23:38.128+0000] {dag.py:2726} INFO - Sync 1 DAGs
[2023-08-29T06:23:38.151+0000] {logging_mixin.py:149} INFO - [2023-08-29T06:23:38.151+0000] {dag.py:3490} INFO - Setting next_dagrun for example_params_trigger_ui to None, run_after=None
[2023-08-29T06:23:38.170+0000] {processor.py:179} INFO - Processing /home/airflow/.local/lib/python3.7/site-packages/airflow/example_dags/example_params_trigger_ui.py took 0.147 seconds
[2023-08-29T06:24:09.390+0000] {processor.py:157} INFO - Started process (PID=457) to work on /home/airflow/.local/lib/python3.7/site-packages/airflow/example_dags/example_params_trigger_ui.py
[2023-08-29T06:24:09.392+0000] {processor.py:826} INFO - Processing file /home/airflow/.local/lib/python3.7/site-packages/airflow/example_dags/example_params_trigger_ui.py for tasks to queue
[2023-08-29T06:24:09.394+0000] {logging_mixin.py:149} INFO - [2023-08-29T06:24:09.393+0000] {dagbag.py:541} INFO - Filling up the DagBag from /home/airflow/.local/lib/python3.7/site-packages/airflow/example_dags/example_params_trigger_ui.py
[2023-08-29T06:24:09.424+0000] {processor.py:836} INFO - DAG(s) dict_keys(['example_params_trigger_ui']) retrieved from /home/airflow/.local/lib/python3.7/site-packages/airflow/example_dags/example_params_trigger_ui.py
[2023-08-29T06:24:09.582+0000] {logging_mixin.py:149} INFO - [2023-08-29T06:24:09.582+0000] {dag.py:2726} INFO - Sync 1 DAGs
[2023-08-29T06:24:09.624+0000] {logging_mixin.py:149} INFO - [2023-08-29T06:24:09.624+0000] {dag.py:3490} INFO - Setting next_dagrun for example_params_trigger_ui to None, run_after=None
[2023-08-29T06:24:09.657+0000] {processor.py:179} INFO - Processing /home/airflow/.local/lib/python3.7/site-packages/airflow/example_dags/example_params_trigger_ui.py took 0.271 seconds
