[2023-08-29T02:59:08.300+0000] {processor.py:157} INFO - Started process (PID=63) to work on /home/airflow/.local/lib/python3.7/site-packages/airflow/example_dags/example_latest_only_with_trigger.py
[2023-08-29T02:59:08.304+0000] {processor.py:826} INFO - Processing file /home/airflow/.local/lib/python3.7/site-packages/airflow/example_dags/example_latest_only_with_trigger.py for tasks to queue
[2023-08-29T02:59:08.305+0000] {logging_mixin.py:149} INFO - [2023-08-29T02:59:08.305+0000] {dagbag.py:541} INFO - Filling up the DagBag from /home/airflow/.local/lib/python3.7/site-packages/airflow/example_dags/example_latest_only_with_trigger.py
[2023-08-29T02:59:08.331+0000] {processor.py:836} INFO - DAG(s) dict_keys(['latest_only_with_trigger']) retrieved from /home/airflow/.local/lib/python3.7/site-packages/airflow/example_dags/example_latest_only_with_trigger.py
[2023-08-29T02:59:08.534+0000] {logging_mixin.py:149} INFO - [2023-08-29T02:59:08.534+0000] {manager.py:504} INFO - Created Permission View: can edit on DAG:latest_only_with_trigger
[2023-08-29T02:59:08.550+0000] {logging_mixin.py:149} INFO - [2023-08-29T02:59:08.550+0000] {manager.py:504} INFO - Created Permission View: can read on DAG:latest_only_with_trigger
[2023-08-29T02:59:08.560+0000] {logging_mixin.py:149} INFO - [2023-08-29T02:59:08.560+0000] {manager.py:504} INFO - Created Permission View: can delete on DAG:latest_only_with_trigger
[2023-08-29T02:59:08.579+0000] {logging_mixin.py:149} INFO - [2023-08-29T02:59:08.578+0000] {dag.py:2726} INFO - Sync 1 DAGs
[2023-08-29T02:59:08.592+0000] {logging_mixin.py:149} INFO - [2023-08-29T02:59:08.592+0000] {dag.py:2747} INFO - Creating ORM DAG for latest_only_with_trigger
[2023-08-29T02:59:08.604+0000] {logging_mixin.py:149} INFO - [2023-08-29T02:59:08.604+0000] {dag.py:3490} INFO - Setting next_dagrun for latest_only_with_trigger to 2023-08-28T22:59:08.604159+00:00, run_after=2023-08-29T02:59:08.604159+00:00
[2023-08-29T02:59:08.639+0000] {processor.py:179} INFO - Processing /home/airflow/.local/lib/python3.7/site-packages/airflow/example_dags/example_latest_only_with_trigger.py took 0.354 seconds
[2023-08-29T02:59:39.260+0000] {processor.py:157} INFO - Started process (PID=139) to work on /home/airflow/.local/lib/python3.7/site-packages/airflow/example_dags/example_latest_only_with_trigger.py
[2023-08-29T02:59:39.261+0000] {processor.py:826} INFO - Processing file /home/airflow/.local/lib/python3.7/site-packages/airflow/example_dags/example_latest_only_with_trigger.py for tasks to queue
[2023-08-29T02:59:39.264+0000] {logging_mixin.py:149} INFO - [2023-08-29T02:59:39.264+0000] {dagbag.py:541} INFO - Filling up the DagBag from /home/airflow/.local/lib/python3.7/site-packages/airflow/example_dags/example_latest_only_with_trigger.py
[2023-08-29T02:59:39.277+0000] {processor.py:836} INFO - DAG(s) dict_keys(['latest_only_with_trigger']) retrieved from /home/airflow/.local/lib/python3.7/site-packages/airflow/example_dags/example_latest_only_with_trigger.py
[2023-08-29T02:59:39.307+0000] {logging_mixin.py:149} INFO - [2023-08-29T02:59:39.307+0000] {dag.py:2726} INFO - Sync 1 DAGs
[2023-08-29T02:59:39.334+0000] {logging_mixin.py:149} INFO - [2023-08-29T02:59:39.333+0000] {dag.py:3490} INFO - Setting next_dagrun for latest_only_with_trigger to 2023-08-28T22:59:39.333144+00:00, run_after=2023-08-29T02:59:39.333144+00:00
[2023-08-29T02:59:39.366+0000] {processor.py:179} INFO - Processing /home/airflow/.local/lib/python3.7/site-packages/airflow/example_dags/example_latest_only_with_trigger.py took 0.109 seconds
[2023-08-29T04:07:08.733+0000] {processor.py:157} INFO - Started process (PID=53) to work on /home/airflow/.local/lib/python3.7/site-packages/airflow/example_dags/example_latest_only_with_trigger.py
[2023-08-29T04:07:08.735+0000] {processor.py:826} INFO - Processing file /home/airflow/.local/lib/python3.7/site-packages/airflow/example_dags/example_latest_only_with_trigger.py for tasks to queue
[2023-08-29T04:07:08.736+0000] {logging_mixin.py:149} INFO - [2023-08-29T04:07:08.736+0000] {dagbag.py:541} INFO - Filling up the DagBag from /home/airflow/.local/lib/python3.7/site-packages/airflow/example_dags/example_latest_only_with_trigger.py
[2023-08-29T04:07:08.747+0000] {processor.py:836} INFO - DAG(s) dict_keys(['latest_only_with_trigger']) retrieved from /home/airflow/.local/lib/python3.7/site-packages/airflow/example_dags/example_latest_only_with_trigger.py
[2023-08-29T04:07:08.763+0000] {logging_mixin.py:149} INFO - [2023-08-29T04:07:08.763+0000] {dag.py:2726} INFO - Sync 1 DAGs
[2023-08-29T04:07:09.003+0000] {logging_mixin.py:149} INFO - [2023-08-29T04:07:09.003+0000] {dag.py:3490} INFO - Setting next_dagrun for latest_only_with_trigger to 2023-08-29T00:07:09.002950+00:00, run_after=2023-08-29T04:07:09.002950+00:00
[2023-08-29T04:07:09.043+0000] {processor.py:179} INFO - Processing /home/airflow/.local/lib/python3.7/site-packages/airflow/example_dags/example_latest_only_with_trigger.py took 0.314 seconds
[2023-08-29T04:07:40.211+0000] {processor.py:157} INFO - Started process (PID=138) to work on /home/airflow/.local/lib/python3.7/site-packages/airflow/example_dags/example_latest_only_with_trigger.py
[2023-08-29T04:07:40.212+0000] {processor.py:826} INFO - Processing file /home/airflow/.local/lib/python3.7/site-packages/airflow/example_dags/example_latest_only_with_trigger.py for tasks to queue
[2023-08-29T04:07:40.213+0000] {logging_mixin.py:149} INFO - [2023-08-29T04:07:40.212+0000] {dagbag.py:541} INFO - Filling up the DagBag from /home/airflow/.local/lib/python3.7/site-packages/airflow/example_dags/example_latest_only_with_trigger.py
[2023-08-29T04:07:40.218+0000] {processor.py:836} INFO - DAG(s) dict_keys(['latest_only_with_trigger']) retrieved from /home/airflow/.local/lib/python3.7/site-packages/airflow/example_dags/example_latest_only_with_trigger.py
[2023-08-29T04:07:40.238+0000] {logging_mixin.py:149} INFO - [2023-08-29T04:07:40.238+0000] {dag.py:2726} INFO - Sync 1 DAGs
[2023-08-29T04:07:40.258+0000] {logging_mixin.py:149} INFO - [2023-08-29T04:07:40.258+0000] {dag.py:3490} INFO - Setting next_dagrun for latest_only_with_trigger to 2023-08-29T00:07:40.258590+00:00, run_after=2023-08-29T04:07:40.258590+00:00
[2023-08-29T04:07:40.278+0000] {processor.py:179} INFO - Processing /home/airflow/.local/lib/python3.7/site-packages/airflow/example_dags/example_latest_only_with_trigger.py took 0.070 seconds
[2023-08-29T04:08:11.970+0000] {processor.py:157} INFO - Started process (PID=214) to work on /home/airflow/.local/lib/python3.7/site-packages/airflow/example_dags/example_latest_only_with_trigger.py
[2023-08-29T04:08:11.974+0000] {processor.py:826} INFO - Processing file /home/airflow/.local/lib/python3.7/site-packages/airflow/example_dags/example_latest_only_with_trigger.py for tasks to queue
[2023-08-29T04:08:11.975+0000] {logging_mixin.py:149} INFO - [2023-08-29T04:08:11.975+0000] {dagbag.py:541} INFO - Filling up the DagBag from /home/airflow/.local/lib/python3.7/site-packages/airflow/example_dags/example_latest_only_with_trigger.py
[2023-08-29T04:08:11.984+0000] {processor.py:836} INFO - DAG(s) dict_keys(['latest_only_with_trigger']) retrieved from /home/airflow/.local/lib/python3.7/site-packages/airflow/example_dags/example_latest_only_with_trigger.py
[2023-08-29T04:08:12.023+0000] {logging_mixin.py:149} INFO - [2023-08-29T04:08:12.023+0000] {dag.py:2726} INFO - Sync 1 DAGs
[2023-08-29T04:08:12.058+0000] {logging_mixin.py:149} INFO - [2023-08-29T04:08:12.058+0000] {dag.py:3490} INFO - Setting next_dagrun for latest_only_with_trigger to 2023-08-29T00:08:12.057951+00:00, run_after=2023-08-29T04:08:12.057951+00:00
[2023-08-29T04:08:12.091+0000] {processor.py:179} INFO - Processing /home/airflow/.local/lib/python3.7/site-packages/airflow/example_dags/example_latest_only_with_trigger.py took 0.125 seconds
[2023-08-29T04:08:42.509+0000] {processor.py:157} INFO - Started process (PID=299) to work on /home/airflow/.local/lib/python3.7/site-packages/airflow/example_dags/example_latest_only_with_trigger.py
[2023-08-29T04:08:42.510+0000] {processor.py:826} INFO - Processing file /home/airflow/.local/lib/python3.7/site-packages/airflow/example_dags/example_latest_only_with_trigger.py for tasks to queue
[2023-08-29T04:08:42.511+0000] {logging_mixin.py:149} INFO - [2023-08-29T04:08:42.511+0000] {dagbag.py:541} INFO - Filling up the DagBag from /home/airflow/.local/lib/python3.7/site-packages/airflow/example_dags/example_latest_only_with_trigger.py
[2023-08-29T04:08:42.518+0000] {processor.py:836} INFO - DAG(s) dict_keys(['latest_only_with_trigger']) retrieved from /home/airflow/.local/lib/python3.7/site-packages/airflow/example_dags/example_latest_only_with_trigger.py
[2023-08-29T04:08:42.545+0000] {logging_mixin.py:149} INFO - [2023-08-29T04:08:42.545+0000] {dag.py:2726} INFO - Sync 1 DAGs
[2023-08-29T04:08:42.576+0000] {logging_mixin.py:149} INFO - [2023-08-29T04:08:42.576+0000] {dag.py:3490} INFO - Setting next_dagrun for latest_only_with_trigger to 2023-08-29T00:08:42.575649+00:00, run_after=2023-08-29T04:08:42.575649+00:00
[2023-08-29T04:08:42.607+0000] {processor.py:179} INFO - Processing /home/airflow/.local/lib/python3.7/site-packages/airflow/example_dags/example_latest_only_with_trigger.py took 0.101 seconds
[2023-08-29T04:09:12.917+0000] {processor.py:157} INFO - Started process (PID=376) to work on /home/airflow/.local/lib/python3.7/site-packages/airflow/example_dags/example_latest_only_with_trigger.py
[2023-08-29T04:09:12.918+0000] {processor.py:826} INFO - Processing file /home/airflow/.local/lib/python3.7/site-packages/airflow/example_dags/example_latest_only_with_trigger.py for tasks to queue
[2023-08-29T04:09:12.919+0000] {logging_mixin.py:149} INFO - [2023-08-29T04:09:12.919+0000] {dagbag.py:541} INFO - Filling up the DagBag from /home/airflow/.local/lib/python3.7/site-packages/airflow/example_dags/example_latest_only_with_trigger.py
[2023-08-29T04:09:12.924+0000] {processor.py:836} INFO - DAG(s) dict_keys(['latest_only_with_trigger']) retrieved from /home/airflow/.local/lib/python3.7/site-packages/airflow/example_dags/example_latest_only_with_trigger.py
[2023-08-29T04:09:12.946+0000] {logging_mixin.py:149} INFO - [2023-08-29T04:09:12.946+0000] {dag.py:2726} INFO - Sync 1 DAGs
[2023-08-29T04:09:12.969+0000] {logging_mixin.py:149} INFO - [2023-08-29T04:09:12.968+0000] {dag.py:3490} INFO - Setting next_dagrun for latest_only_with_trigger to 2023-08-29T00:09:12.968744+00:00, run_after=2023-08-29T04:09:12.968744+00:00
[2023-08-29T04:09:12.988+0000] {processor.py:179} INFO - Processing /home/airflow/.local/lib/python3.7/site-packages/airflow/example_dags/example_latest_only_with_trigger.py took 0.074 seconds
[2023-08-29T04:09:43.451+0000] {processor.py:157} INFO - Started process (PID=461) to work on /home/airflow/.local/lib/python3.7/site-packages/airflow/example_dags/example_latest_only_with_trigger.py
[2023-08-29T04:09:43.452+0000] {processor.py:826} INFO - Processing file /home/airflow/.local/lib/python3.7/site-packages/airflow/example_dags/example_latest_only_with_trigger.py for tasks to queue
[2023-08-29T04:09:43.453+0000] {logging_mixin.py:149} INFO - [2023-08-29T04:09:43.453+0000] {dagbag.py:541} INFO - Filling up the DagBag from /home/airflow/.local/lib/python3.7/site-packages/airflow/example_dags/example_latest_only_with_trigger.py
[2023-08-29T04:09:43.458+0000] {processor.py:836} INFO - DAG(s) dict_keys(['latest_only_with_trigger']) retrieved from /home/airflow/.local/lib/python3.7/site-packages/airflow/example_dags/example_latest_only_with_trigger.py
[2023-08-29T04:09:43.478+0000] {logging_mixin.py:149} INFO - [2023-08-29T04:09:43.478+0000] {dag.py:2726} INFO - Sync 1 DAGs
[2023-08-29T04:09:43.501+0000] {logging_mixin.py:149} INFO - [2023-08-29T04:09:43.500+0000] {dag.py:3490} INFO - Setting next_dagrun for latest_only_with_trigger to 2023-08-29T00:09:43.500758+00:00, run_after=2023-08-29T04:09:43.500758+00:00
[2023-08-29T04:09:43.521+0000] {processor.py:179} INFO - Processing /home/airflow/.local/lib/python3.7/site-packages/airflow/example_dags/example_latest_only_with_trigger.py took 0.073 seconds
[2023-08-29T06:21:35.238+0000] {processor.py:157} INFO - Started process (PID=53) to work on /home/airflow/.local/lib/python3.7/site-packages/airflow/example_dags/example_latest_only_with_trigger.py
[2023-08-29T06:21:35.240+0000] {processor.py:826} INFO - Processing file /home/airflow/.local/lib/python3.7/site-packages/airflow/example_dags/example_latest_only_with_trigger.py for tasks to queue
[2023-08-29T06:21:35.242+0000] {logging_mixin.py:149} INFO - [2023-08-29T06:21:35.241+0000] {dagbag.py:541} INFO - Filling up the DagBag from /home/airflow/.local/lib/python3.7/site-packages/airflow/example_dags/example_latest_only_with_trigger.py
[2023-08-29T06:21:35.249+0000] {processor.py:836} INFO - DAG(s) dict_keys(['latest_only_with_trigger']) retrieved from /home/airflow/.local/lib/python3.7/site-packages/airflow/example_dags/example_latest_only_with_trigger.py
[2023-08-29T06:21:35.265+0000] {logging_mixin.py:149} INFO - [2023-08-29T06:21:35.264+0000] {dag.py:2726} INFO - Sync 1 DAGs
[2023-08-29T06:21:35.472+0000] {logging_mixin.py:149} INFO - [2023-08-29T06:21:35.472+0000] {dag.py:3490} INFO - Setting next_dagrun for latest_only_with_trigger to 2023-08-29T02:21:35.472295+00:00, run_after=2023-08-29T06:21:35.472295+00:00
[2023-08-29T06:21:35.503+0000] {processor.py:179} INFO - Processing /home/airflow/.local/lib/python3.7/site-packages/airflow/example_dags/example_latest_only_with_trigger.py took 0.270 seconds
[2023-08-29T06:22:06.304+0000] {processor.py:157} INFO - Started process (PID=138) to work on /home/airflow/.local/lib/python3.7/site-packages/airflow/example_dags/example_latest_only_with_trigger.py
[2023-08-29T06:22:06.305+0000] {processor.py:826} INFO - Processing file /home/airflow/.local/lib/python3.7/site-packages/airflow/example_dags/example_latest_only_with_trigger.py for tasks to queue
[2023-08-29T06:22:06.306+0000] {logging_mixin.py:149} INFO - [2023-08-29T06:22:06.305+0000] {dagbag.py:541} INFO - Filling up the DagBag from /home/airflow/.local/lib/python3.7/site-packages/airflow/example_dags/example_latest_only_with_trigger.py
[2023-08-29T06:22:06.311+0000] {processor.py:836} INFO - DAG(s) dict_keys(['latest_only_with_trigger']) retrieved from /home/airflow/.local/lib/python3.7/site-packages/airflow/example_dags/example_latest_only_with_trigger.py
[2023-08-29T06:22:06.331+0000] {logging_mixin.py:149} INFO - [2023-08-29T06:22:06.331+0000] {dag.py:2726} INFO - Sync 1 DAGs
[2023-08-29T06:22:06.352+0000] {logging_mixin.py:149} INFO - [2023-08-29T06:22:06.352+0000] {dag.py:3490} INFO - Setting next_dagrun for latest_only_with_trigger to 2023-08-29T02:22:06.351934+00:00, run_after=2023-08-29T06:22:06.351934+00:00
[2023-08-29T06:22:06.370+0000] {processor.py:179} INFO - Processing /home/airflow/.local/lib/python3.7/site-packages/airflow/example_dags/example_latest_only_with_trigger.py took 0.069 seconds
[2023-08-29T06:22:36.903+0000] {processor.py:157} INFO - Started process (PID=214) to work on /home/airflow/.local/lib/python3.7/site-packages/airflow/example_dags/example_latest_only_with_trigger.py
[2023-08-29T06:22:36.906+0000] {processor.py:826} INFO - Processing file /home/airflow/.local/lib/python3.7/site-packages/airflow/example_dags/example_latest_only_with_trigger.py for tasks to queue
[2023-08-29T06:22:36.909+0000] {logging_mixin.py:149} INFO - [2023-08-29T06:22:36.909+0000] {dagbag.py:541} INFO - Filling up the DagBag from /home/airflow/.local/lib/python3.7/site-packages/airflow/example_dags/example_latest_only_with_trigger.py
[2023-08-29T06:22:36.915+0000] {processor.py:836} INFO - DAG(s) dict_keys(['latest_only_with_trigger']) retrieved from /home/airflow/.local/lib/python3.7/site-packages/airflow/example_dags/example_latest_only_with_trigger.py
[2023-08-29T06:22:36.948+0000] {logging_mixin.py:149} INFO - [2023-08-29T06:22:36.948+0000] {dag.py:2726} INFO - Sync 1 DAGs
[2023-08-29T06:22:36.988+0000] {logging_mixin.py:149} INFO - [2023-08-29T06:22:36.988+0000] {dag.py:3490} INFO - Setting next_dagrun for latest_only_with_trigger to 2023-08-29T02:22:36.987569+00:00, run_after=2023-08-29T06:22:36.987569+00:00
[2023-08-29T06:22:37.025+0000] {processor.py:179} INFO - Processing /home/airflow/.local/lib/python3.7/site-packages/airflow/example_dags/example_latest_only_with_trigger.py took 0.127 seconds
[2023-08-29T06:23:07.456+0000] {processor.py:157} INFO - Started process (PID=299) to work on /home/airflow/.local/lib/python3.7/site-packages/airflow/example_dags/example_latest_only_with_trigger.py
[2023-08-29T06:23:07.458+0000] {processor.py:826} INFO - Processing file /home/airflow/.local/lib/python3.7/site-packages/airflow/example_dags/example_latest_only_with_trigger.py for tasks to queue
[2023-08-29T06:23:07.459+0000] {logging_mixin.py:149} INFO - [2023-08-29T06:23:07.459+0000] {dagbag.py:541} INFO - Filling up the DagBag from /home/airflow/.local/lib/python3.7/site-packages/airflow/example_dags/example_latest_only_with_trigger.py
[2023-08-29T06:23:07.465+0000] {processor.py:836} INFO - DAG(s) dict_keys(['latest_only_with_trigger']) retrieved from /home/airflow/.local/lib/python3.7/site-packages/airflow/example_dags/example_latest_only_with_trigger.py
[2023-08-29T06:23:07.488+0000] {logging_mixin.py:149} INFO - [2023-08-29T06:23:07.488+0000] {dag.py:2726} INFO - Sync 1 DAGs
[2023-08-29T06:23:07.509+0000] {logging_mixin.py:149} INFO - [2023-08-29T06:23:07.508+0000] {dag.py:3490} INFO - Setting next_dagrun for latest_only_with_trigger to 2023-08-29T02:23:07.508794+00:00, run_after=2023-08-29T06:23:07.508794+00:00
[2023-08-29T06:23:07.526+0000] {processor.py:179} INFO - Processing /home/airflow/.local/lib/python3.7/site-packages/airflow/example_dags/example_latest_only_with_trigger.py took 0.073 seconds
[2023-08-29T06:23:38.669+0000] {processor.py:157} INFO - Started process (PID=375) to work on /home/airflow/.local/lib/python3.7/site-packages/airflow/example_dags/example_latest_only_with_trigger.py
[2023-08-29T06:23:38.671+0000] {processor.py:826} INFO - Processing file /home/airflow/.local/lib/python3.7/site-packages/airflow/example_dags/example_latest_only_with_trigger.py for tasks to queue
[2023-08-29T06:23:38.672+0000] {logging_mixin.py:149} INFO - [2023-08-29T06:23:38.672+0000] {dagbag.py:541} INFO - Filling up the DagBag from /home/airflow/.local/lib/python3.7/site-packages/airflow/example_dags/example_latest_only_with_trigger.py
[2023-08-29T06:23:38.677+0000] {processor.py:836} INFO - DAG(s) dict_keys(['latest_only_with_trigger']) retrieved from /home/airflow/.local/lib/python3.7/site-packages/airflow/example_dags/example_latest_only_with_trigger.py
[2023-08-29T06:23:38.697+0000] {logging_mixin.py:149} INFO - [2023-08-29T06:23:38.697+0000] {dag.py:2726} INFO - Sync 1 DAGs
[2023-08-29T06:23:38.721+0000] {logging_mixin.py:149} INFO - [2023-08-29T06:23:38.721+0000] {dag.py:3490} INFO - Setting next_dagrun for latest_only_with_trigger to 2023-08-29T02:23:38.721326+00:00, run_after=2023-08-29T06:23:38.721326+00:00
[2023-08-29T06:23:38.749+0000] {processor.py:179} INFO - Processing /home/airflow/.local/lib/python3.7/site-packages/airflow/example_dags/example_latest_only_with_trigger.py took 0.082 seconds
[2023-08-29T06:24:09.697+0000] {processor.py:157} INFO - Started process (PID=460) to work on /home/airflow/.local/lib/python3.7/site-packages/airflow/example_dags/example_latest_only_with_trigger.py
[2023-08-29T06:24:09.698+0000] {processor.py:826} INFO - Processing file /home/airflow/.local/lib/python3.7/site-packages/airflow/example_dags/example_latest_only_with_trigger.py for tasks to queue
[2023-08-29T06:24:09.700+0000] {logging_mixin.py:149} INFO - [2023-08-29T06:24:09.700+0000] {dagbag.py:541} INFO - Filling up the DagBag from /home/airflow/.local/lib/python3.7/site-packages/airflow/example_dags/example_latest_only_with_trigger.py
[2023-08-29T06:24:09.712+0000] {processor.py:836} INFO - DAG(s) dict_keys(['latest_only_with_trigger']) retrieved from /home/airflow/.local/lib/python3.7/site-packages/airflow/example_dags/example_latest_only_with_trigger.py
[2023-08-29T06:24:09.749+0000] {logging_mixin.py:149} INFO - [2023-08-29T06:24:09.749+0000] {dag.py:2726} INFO - Sync 1 DAGs
[2023-08-29T06:24:09.787+0000] {logging_mixin.py:149} INFO - [2023-08-29T06:24:09.786+0000] {dag.py:3490} INFO - Setting next_dagrun for latest_only_with_trigger to 2023-08-29T02:24:09.785532+00:00, run_after=2023-08-29T06:24:09.785532+00:00
[2023-08-29T06:24:09.816+0000] {processor.py:179} INFO - Processing /home/airflow/.local/lib/python3.7/site-packages/airflow/example_dags/example_latest_only_with_trigger.py took 0.123 seconds
