[2023-08-29T02:59:02.769+0000] {processor.py:157} INFO - Started process (PID=46) to work on /home/airflow/.local/lib/python3.7/site-packages/airflow/example_dags/example_branch_datetime_operator.py
[2023-08-29T02:59:02.771+0000] {processor.py:826} INFO - Processing file /home/airflow/.local/lib/python3.7/site-packages/airflow/example_dags/example_branch_datetime_operator.py for tasks to queue
[2023-08-29T02:59:02.773+0000] {logging_mixin.py:149} INFO - [2023-08-29T02:59:02.773+0000] {dagbag.py:541} INFO - Filling up the DagBag from /home/airflow/.local/lib/python3.7/site-packages/airflow/example_dags/example_branch_datetime_operator.py
[2023-08-29T02:59:02.807+0000] {processor.py:836} INFO - DAG(s) dict_keys(['example_branch_datetime_operator', 'example_branch_datetime_operator_2', 'example_branch_datetime_operator_3']) retrieved from /home/airflow/.local/lib/python3.7/site-packages/airflow/example_dags/example_branch_datetime_operator.py
[2023-08-29T02:59:03.035+0000] {logging_mixin.py:149} INFO - [2023-08-29T02:59:03.035+0000] {manager.py:504} INFO - Created Permission View: can edit on DAG:example_branch_datetime_operator
[2023-08-29T02:59:03.055+0000] {logging_mixin.py:149} INFO - [2023-08-29T02:59:03.055+0000] {manager.py:504} INFO - Created Permission View: can read on DAG:example_branch_datetime_operator
[2023-08-29T02:59:03.073+0000] {logging_mixin.py:149} INFO - [2023-08-29T02:59:03.070+0000] {manager.py:504} INFO - Created Permission View: can delete on DAG:example_branch_datetime_operator
[2023-08-29T02:59:03.152+0000] {logging_mixin.py:149} INFO - [2023-08-29T02:59:03.151+0000] {manager.py:504} INFO - Created Permission View: can edit on DAG:example_branch_datetime_operator_2
[2023-08-29T02:59:03.176+0000] {logging_mixin.py:149} INFO - [2023-08-29T02:59:03.175+0000] {manager.py:504} INFO - Created Permission View: can read on DAG:example_branch_datetime_operator_2
[2023-08-29T02:59:03.199+0000] {logging_mixin.py:149} INFO - [2023-08-29T02:59:03.197+0000] {manager.py:504} INFO - Created Permission View: can delete on DAG:example_branch_datetime_operator_2
[2023-08-29T02:59:03.268+0000] {logging_mixin.py:149} INFO - [2023-08-29T02:59:03.268+0000] {manager.py:504} INFO - Created Permission View: can edit on DAG:example_branch_datetime_operator_3
[2023-08-29T02:59:03.287+0000] {logging_mixin.py:149} INFO - [2023-08-29T02:59:03.286+0000] {manager.py:504} INFO - Created Permission View: can read on DAG:example_branch_datetime_operator_3
[2023-08-29T02:59:03.299+0000] {logging_mixin.py:149} INFO - [2023-08-29T02:59:03.299+0000] {manager.py:504} INFO - Created Permission View: can delete on DAG:example_branch_datetime_operator_3
[2023-08-29T02:59:03.309+0000] {logging_mixin.py:149} INFO - [2023-08-29T02:59:03.309+0000] {dag.py:2726} INFO - Sync 3 DAGs
[2023-08-29T02:59:03.330+0000] {logging_mixin.py:149} INFO - [2023-08-29T02:59:03.330+0000] {dag.py:2747} INFO - Creating ORM DAG for example_branch_datetime_operator
[2023-08-29T02:59:03.332+0000] {logging_mixin.py:149} INFO - [2023-08-29T02:59:03.332+0000] {dag.py:2747} INFO - Creating ORM DAG for example_branch_datetime_operator_3
[2023-08-29T02:59:03.334+0000] {logging_mixin.py:149} INFO - [2023-08-29T02:59:03.333+0000] {dag.py:2747} INFO - Creating ORM DAG for example_branch_datetime_operator_2
[2023-08-29T02:59:03.369+0000] {logging_mixin.py:149} INFO - [2023-08-29T02:59:03.368+0000] {dag.py:3490} INFO - Setting next_dagrun for example_branch_datetime_operator to 2023-08-28T00:00:00+00:00, run_after=2023-08-29T00:00:00+00:00
[2023-08-29T02:59:03.377+0000] {logging_mixin.py:149} INFO - [2023-08-29T02:59:03.375+0000] {dag.py:3490} INFO - Setting next_dagrun for example_branch_datetime_operator_2 to 2023-08-28T00:00:00+00:00, run_after=2023-08-29T00:00:00+00:00
[2023-08-29T02:59:03.382+0000] {logging_mixin.py:149} INFO - [2023-08-29T02:59:03.382+0000] {dag.py:3490} INFO - Setting next_dagrun for example_branch_datetime_operator_3 to 2023-08-28T00:00:00+00:00, run_after=2023-08-29T00:00:00+00:00
[2023-08-29T02:59:03.435+0000] {processor.py:179} INFO - Processing /home/airflow/.local/lib/python3.7/site-packages/airflow/example_dags/example_branch_datetime_operator.py took 0.676 seconds
[2023-08-29T02:59:34.350+0000] {processor.py:157} INFO - Started process (PID=122) to work on /home/airflow/.local/lib/python3.7/site-packages/airflow/example_dags/example_branch_datetime_operator.py
[2023-08-29T02:59:34.351+0000] {processor.py:826} INFO - Processing file /home/airflow/.local/lib/python3.7/site-packages/airflow/example_dags/example_branch_datetime_operator.py for tasks to queue
[2023-08-29T02:59:34.352+0000] {logging_mixin.py:149} INFO - [2023-08-29T02:59:34.352+0000] {dagbag.py:541} INFO - Filling up the DagBag from /home/airflow/.local/lib/python3.7/site-packages/airflow/example_dags/example_branch_datetime_operator.py
[2023-08-29T02:59:34.362+0000] {processor.py:836} INFO - DAG(s) dict_keys(['example_branch_datetime_operator_2', 'example_branch_datetime_operator', 'example_branch_datetime_operator_3']) retrieved from /home/airflow/.local/lib/python3.7/site-packages/airflow/example_dags/example_branch_datetime_operator.py
[2023-08-29T02:59:34.391+0000] {logging_mixin.py:149} INFO - [2023-08-29T02:59:34.391+0000] {dag.py:2726} INFO - Sync 3 DAGs
[2023-08-29T02:59:34.414+0000] {logging_mixin.py:149} INFO - [2023-08-29T02:59:34.413+0000] {dag.py:3490} INFO - Setting next_dagrun for example_branch_datetime_operator to 2023-08-28T00:00:00+00:00, run_after=2023-08-29T00:00:00+00:00
[2023-08-29T02:59:34.418+0000] {logging_mixin.py:149} INFO - [2023-08-29T02:59:34.418+0000] {dag.py:3490} INFO - Setting next_dagrun for example_branch_datetime_operator_2 to 2023-08-28T00:00:00+00:00, run_after=2023-08-29T00:00:00+00:00
[2023-08-29T02:59:34.421+0000] {logging_mixin.py:149} INFO - [2023-08-29T02:59:34.420+0000] {dag.py:3490} INFO - Setting next_dagrun for example_branch_datetime_operator_3 to 2023-08-28T00:00:00+00:00, run_after=2023-08-29T00:00:00+00:00
[2023-08-29T02:59:34.438+0000] {processor.py:179} INFO - Processing /home/airflow/.local/lib/python3.7/site-packages/airflow/example_dags/example_branch_datetime_operator.py took 0.092 seconds
[2023-08-29T04:07:06.731+0000] {processor.py:157} INFO - Started process (PID=36) to work on /home/airflow/.local/lib/python3.7/site-packages/airflow/example_dags/example_branch_datetime_operator.py
[2023-08-29T04:07:06.732+0000] {processor.py:826} INFO - Processing file /home/airflow/.local/lib/python3.7/site-packages/airflow/example_dags/example_branch_datetime_operator.py for tasks to queue
[2023-08-29T04:07:06.733+0000] {logging_mixin.py:149} INFO - [2023-08-29T04:07:06.733+0000] {dagbag.py:541} INFO - Filling up the DagBag from /home/airflow/.local/lib/python3.7/site-packages/airflow/example_dags/example_branch_datetime_operator.py
[2023-08-29T04:07:06.749+0000] {processor.py:836} INFO - DAG(s) dict_keys(['example_branch_datetime_operator', 'example_branch_datetime_operator_2', 'example_branch_datetime_operator_3']) retrieved from /home/airflow/.local/lib/python3.7/site-packages/airflow/example_dags/example_branch_datetime_operator.py
[2023-08-29T04:07:06.766+0000] {logging_mixin.py:149} INFO - [2023-08-29T04:07:06.765+0000] {dag.py:2726} INFO - Sync 3 DAGs
[2023-08-29T04:07:06.809+0000] {logging_mixin.py:149} INFO - [2023-08-29T04:07:06.808+0000] {dag.py:3490} INFO - Setting next_dagrun for example_branch_datetime_operator to 2023-08-28T00:00:00+00:00, run_after=2023-08-29T00:00:00+00:00
[2023-08-29T04:07:06.821+0000] {logging_mixin.py:149} INFO - [2023-08-29T04:07:06.821+0000] {dag.py:3490} INFO - Setting next_dagrun for example_branch_datetime_operator_2 to 2023-08-28T00:00:00+00:00, run_after=2023-08-29T00:00:00+00:00
[2023-08-29T04:07:06.824+0000] {logging_mixin.py:149} INFO - [2023-08-29T04:07:06.824+0000] {dag.py:3490} INFO - Setting next_dagrun for example_branch_datetime_operator_3 to 2023-08-28T00:00:00+00:00, run_after=2023-08-29T00:00:00+00:00
[2023-08-29T04:07:06.847+0000] {processor.py:179} INFO - Processing /home/airflow/.local/lib/python3.7/site-packages/airflow/example_dags/example_branch_datetime_operator.py took 0.119 seconds
[2023-08-29T04:07:38.041+0000] {processor.py:157} INFO - Started process (PID=121) to work on /home/airflow/.local/lib/python3.7/site-packages/airflow/example_dags/example_branch_datetime_operator.py
[2023-08-29T04:07:38.043+0000] {processor.py:826} INFO - Processing file /home/airflow/.local/lib/python3.7/site-packages/airflow/example_dags/example_branch_datetime_operator.py for tasks to queue
[2023-08-29T04:07:38.045+0000] {logging_mixin.py:149} INFO - [2023-08-29T04:07:38.045+0000] {dagbag.py:541} INFO - Filling up the DagBag from /home/airflow/.local/lib/python3.7/site-packages/airflow/example_dags/example_branch_datetime_operator.py
[2023-08-29T04:07:38.064+0000] {processor.py:836} INFO - DAG(s) dict_keys(['example_branch_datetime_operator', 'example_branch_datetime_operator_2', 'example_branch_datetime_operator_3']) retrieved from /home/airflow/.local/lib/python3.7/site-packages/airflow/example_dags/example_branch_datetime_operator.py
[2023-08-29T04:07:38.274+0000] {logging_mixin.py:149} INFO - [2023-08-29T04:07:38.274+0000] {dag.py:2726} INFO - Sync 3 DAGs
[2023-08-29T04:07:38.315+0000] {logging_mixin.py:149} INFO - [2023-08-29T04:07:38.315+0000] {dag.py:3490} INFO - Setting next_dagrun for example_branch_datetime_operator to 2023-08-28T00:00:00+00:00, run_after=2023-08-29T00:00:00+00:00
[2023-08-29T04:07:38.326+0000] {logging_mixin.py:149} INFO - [2023-08-29T04:07:38.326+0000] {dag.py:3490} INFO - Setting next_dagrun for example_branch_datetime_operator_2 to 2023-08-28T00:00:00+00:00, run_after=2023-08-29T00:00:00+00:00
[2023-08-29T04:07:38.329+0000] {logging_mixin.py:149} INFO - [2023-08-29T04:07:38.329+0000] {dag.py:3490} INFO - Setting next_dagrun for example_branch_datetime_operator_3 to 2023-08-28T00:00:00+00:00, run_after=2023-08-29T00:00:00+00:00
[2023-08-29T04:07:38.358+0000] {processor.py:179} INFO - Processing /home/airflow/.local/lib/python3.7/site-packages/airflow/example_dags/example_branch_datetime_operator.py took 0.325 seconds
[2023-08-29T04:08:08.815+0000] {processor.py:157} INFO - Started process (PID=197) to work on /home/airflow/.local/lib/python3.7/site-packages/airflow/example_dags/example_branch_datetime_operator.py
[2023-08-29T04:08:08.816+0000] {processor.py:826} INFO - Processing file /home/airflow/.local/lib/python3.7/site-packages/airflow/example_dags/example_branch_datetime_operator.py for tasks to queue
[2023-08-29T04:08:08.817+0000] {logging_mixin.py:149} INFO - [2023-08-29T04:08:08.817+0000] {dagbag.py:541} INFO - Filling up the DagBag from /home/airflow/.local/lib/python3.7/site-packages/airflow/example_dags/example_branch_datetime_operator.py
[2023-08-29T04:08:08.832+0000] {processor.py:836} INFO - DAG(s) dict_keys(['example_branch_datetime_operator_2', 'example_branch_datetime_operator', 'example_branch_datetime_operator_3']) retrieved from /home/airflow/.local/lib/python3.7/site-packages/airflow/example_dags/example_branch_datetime_operator.py
[2023-08-29T04:08:08.881+0000] {logging_mixin.py:149} INFO - [2023-08-29T04:08:08.880+0000] {dag.py:2726} INFO - Sync 3 DAGs
[2023-08-29T04:08:08.917+0000] {logging_mixin.py:149} INFO - [2023-08-29T04:08:08.917+0000] {dag.py:3490} INFO - Setting next_dagrun for example_branch_datetime_operator to 2023-08-28T00:00:00+00:00, run_after=2023-08-29T00:00:00+00:00
[2023-08-29T04:08:08.926+0000] {logging_mixin.py:149} INFO - [2023-08-29T04:08:08.926+0000] {dag.py:3490} INFO - Setting next_dagrun for example_branch_datetime_operator_2 to 2023-08-28T00:00:00+00:00, run_after=2023-08-29T00:00:00+00:00
[2023-08-29T04:08:08.929+0000] {logging_mixin.py:149} INFO - [2023-08-29T04:08:08.929+0000] {dag.py:3490} INFO - Setting next_dagrun for example_branch_datetime_operator_3 to 2023-08-28T00:00:00+00:00, run_after=2023-08-29T00:00:00+00:00
[2023-08-29T04:08:08.952+0000] {processor.py:179} INFO - Processing /home/airflow/.local/lib/python3.7/site-packages/airflow/example_dags/example_branch_datetime_operator.py took 0.140 seconds
[2023-08-29T04:08:39.171+0000] {processor.py:157} INFO - Started process (PID=282) to work on /home/airflow/.local/lib/python3.7/site-packages/airflow/example_dags/example_branch_datetime_operator.py
[2023-08-29T04:08:39.172+0000] {processor.py:826} INFO - Processing file /home/airflow/.local/lib/python3.7/site-packages/airflow/example_dags/example_branch_datetime_operator.py for tasks to queue
[2023-08-29T04:08:39.174+0000] {logging_mixin.py:149} INFO - [2023-08-29T04:08:39.174+0000] {dagbag.py:541} INFO - Filling up the DagBag from /home/airflow/.local/lib/python3.7/site-packages/airflow/example_dags/example_branch_datetime_operator.py
[2023-08-29T04:08:39.184+0000] {processor.py:836} INFO - DAG(s) dict_keys(['example_branch_datetime_operator_2', 'example_branch_datetime_operator_3', 'example_branch_datetime_operator']) retrieved from /home/airflow/.local/lib/python3.7/site-packages/airflow/example_dags/example_branch_datetime_operator.py
[2023-08-29T04:08:39.222+0000] {logging_mixin.py:149} INFO - [2023-08-29T04:08:39.221+0000] {dag.py:2726} INFO - Sync 3 DAGs
[2023-08-29T04:08:39.253+0000] {logging_mixin.py:149} INFO - [2023-08-29T04:08:39.253+0000] {dag.py:3490} INFO - Setting next_dagrun for example_branch_datetime_operator to 2023-08-28T00:00:00+00:00, run_after=2023-08-29T00:00:00+00:00
[2023-08-29T04:08:39.260+0000] {logging_mixin.py:149} INFO - [2023-08-29T04:08:39.260+0000] {dag.py:3490} INFO - Setting next_dagrun for example_branch_datetime_operator_2 to 2023-08-28T00:00:00+00:00, run_after=2023-08-29T00:00:00+00:00
[2023-08-29T04:08:39.264+0000] {logging_mixin.py:149} INFO - [2023-08-29T04:08:39.264+0000] {dag.py:3490} INFO - Setting next_dagrun for example_branch_datetime_operator_3 to 2023-08-28T00:00:00+00:00, run_after=2023-08-29T00:00:00+00:00
[2023-08-29T04:08:39.287+0000] {processor.py:179} INFO - Processing /home/airflow/.local/lib/python3.7/site-packages/airflow/example_dags/example_branch_datetime_operator.py took 0.120 seconds
[2023-08-29T04:09:09.715+0000] {processor.py:157} INFO - Started process (PID=359) to work on /home/airflow/.local/lib/python3.7/site-packages/airflow/example_dags/example_branch_datetime_operator.py
[2023-08-29T04:09:09.717+0000] {processor.py:826} INFO - Processing file /home/airflow/.local/lib/python3.7/site-packages/airflow/example_dags/example_branch_datetime_operator.py for tasks to queue
[2023-08-29T04:09:09.717+0000] {logging_mixin.py:149} INFO - [2023-08-29T04:09:09.717+0000] {dagbag.py:541} INFO - Filling up the DagBag from /home/airflow/.local/lib/python3.7/site-packages/airflow/example_dags/example_branch_datetime_operator.py
[2023-08-29T04:09:09.726+0000] {processor.py:836} INFO - DAG(s) dict_keys(['example_branch_datetime_operator_3', 'example_branch_datetime_operator', 'example_branch_datetime_operator_2']) retrieved from /home/airflow/.local/lib/python3.7/site-packages/airflow/example_dags/example_branch_datetime_operator.py
[2023-08-29T04:09:09.754+0000] {logging_mixin.py:149} INFO - [2023-08-29T04:09:09.754+0000] {dag.py:2726} INFO - Sync 3 DAGs
[2023-08-29T04:09:09.777+0000] {logging_mixin.py:149} INFO - [2023-08-29T04:09:09.777+0000] {dag.py:3490} INFO - Setting next_dagrun for example_branch_datetime_operator to 2023-08-28T00:00:00+00:00, run_after=2023-08-29T00:00:00+00:00
[2023-08-29T04:09:09.782+0000] {logging_mixin.py:149} INFO - [2023-08-29T04:09:09.782+0000] {dag.py:3490} INFO - Setting next_dagrun for example_branch_datetime_operator_2 to 2023-08-28T00:00:00+00:00, run_after=2023-08-29T00:00:00+00:00
[2023-08-29T04:09:09.784+0000] {logging_mixin.py:149} INFO - [2023-08-29T04:09:09.784+0000] {dag.py:3490} INFO - Setting next_dagrun for example_branch_datetime_operator_3 to 2023-08-28T00:00:00+00:00, run_after=2023-08-29T00:00:00+00:00
[2023-08-29T04:09:09.800+0000] {processor.py:179} INFO - Processing /home/airflow/.local/lib/python3.7/site-packages/airflow/example_dags/example_branch_datetime_operator.py took 0.087 seconds
[2023-08-29T04:09:40.188+0000] {processor.py:157} INFO - Started process (PID=435) to work on /home/airflow/.local/lib/python3.7/site-packages/airflow/example_dags/example_branch_datetime_operator.py
[2023-08-29T04:09:40.189+0000] {processor.py:826} INFO - Processing file /home/airflow/.local/lib/python3.7/site-packages/airflow/example_dags/example_branch_datetime_operator.py for tasks to queue
[2023-08-29T04:09:40.190+0000] {logging_mixin.py:149} INFO - [2023-08-29T04:09:40.190+0000] {dagbag.py:541} INFO - Filling up the DagBag from /home/airflow/.local/lib/python3.7/site-packages/airflow/example_dags/example_branch_datetime_operator.py
[2023-08-29T04:09:40.199+0000] {processor.py:836} INFO - DAG(s) dict_keys(['example_branch_datetime_operator_3', 'example_branch_datetime_operator_2', 'example_branch_datetime_operator']) retrieved from /home/airflow/.local/lib/python3.7/site-packages/airflow/example_dags/example_branch_datetime_operator.py
[2023-08-29T04:09:40.225+0000] {logging_mixin.py:149} INFO - [2023-08-29T04:09:40.225+0000] {dag.py:2726} INFO - Sync 3 DAGs
[2023-08-29T04:09:40.262+0000] {logging_mixin.py:149} INFO - [2023-08-29T04:09:40.262+0000] {dag.py:3490} INFO - Setting next_dagrun for example_branch_datetime_operator to 2023-08-28T00:00:00+00:00, run_after=2023-08-29T00:00:00+00:00
[2023-08-29T04:09:40.267+0000] {logging_mixin.py:149} INFO - [2023-08-29T04:09:40.266+0000] {dag.py:3490} INFO - Setting next_dagrun for example_branch_datetime_operator_2 to 2023-08-28T00:00:00+00:00, run_after=2023-08-29T00:00:00+00:00
[2023-08-29T04:09:40.269+0000] {logging_mixin.py:149} INFO - [2023-08-29T04:09:40.269+0000] {dag.py:3490} INFO - Setting next_dagrun for example_branch_datetime_operator_3 to 2023-08-28T00:00:00+00:00, run_after=2023-08-29T00:00:00+00:00
[2023-08-29T04:09:40.285+0000] {processor.py:179} INFO - Processing /home/airflow/.local/lib/python3.7/site-packages/airflow/example_dags/example_branch_datetime_operator.py took 0.099 seconds
[2023-08-29T06:21:04.536+0000] {processor.py:157} INFO - Started process (PID=36) to work on /home/airflow/.local/lib/python3.7/site-packages/airflow/example_dags/example_branch_datetime_operator.py
[2023-08-29T06:21:04.537+0000] {processor.py:826} INFO - Processing file /home/airflow/.local/lib/python3.7/site-packages/airflow/example_dags/example_branch_datetime_operator.py for tasks to queue
[2023-08-29T06:21:04.539+0000] {logging_mixin.py:149} INFO - [2023-08-29T06:21:04.538+0000] {dagbag.py:541} INFO - Filling up the DagBag from /home/airflow/.local/lib/python3.7/site-packages/airflow/example_dags/example_branch_datetime_operator.py
[2023-08-29T06:21:04.550+0000] {processor.py:836} INFO - DAG(s) dict_keys(['example_branch_datetime_operator_2', 'example_branch_datetime_operator', 'example_branch_datetime_operator_3']) retrieved from /home/airflow/.local/lib/python3.7/site-packages/airflow/example_dags/example_branch_datetime_operator.py
[2023-08-29T06:21:04.592+0000] {logging_mixin.py:149} INFO - [2023-08-29T06:21:04.592+0000] {dag.py:2726} INFO - Sync 3 DAGs
[2023-08-29T06:21:04.620+0000] {logging_mixin.py:149} INFO - [2023-08-29T06:21:04.620+0000] {dag.py:3490} INFO - Setting next_dagrun for example_branch_datetime_operator to 2023-08-28T00:00:00+00:00, run_after=2023-08-29T00:00:00+00:00
[2023-08-29T06:21:04.627+0000] {logging_mixin.py:149} INFO - [2023-08-29T06:21:04.627+0000] {dag.py:3490} INFO - Setting next_dagrun for example_branch_datetime_operator_2 to 2023-08-28T00:00:00+00:00, run_after=2023-08-29T00:00:00+00:00
[2023-08-29T06:21:04.630+0000] {logging_mixin.py:149} INFO - [2023-08-29T06:21:04.630+0000] {dag.py:3490} INFO - Setting next_dagrun for example_branch_datetime_operator_3 to 2023-08-28T00:00:00+00:00, run_after=2023-08-29T00:00:00+00:00
[2023-08-29T06:21:04.654+0000] {processor.py:179} INFO - Processing /home/airflow/.local/lib/python3.7/site-packages/airflow/example_dags/example_branch_datetime_operator.py took 0.122 seconds
[2023-08-29T06:21:33.098+0000] {processor.py:157} INFO - Started process (PID=36) to work on /home/airflow/.local/lib/python3.7/site-packages/airflow/example_dags/example_branch_datetime_operator.py
[2023-08-29T06:21:33.099+0000] {processor.py:826} INFO - Processing file /home/airflow/.local/lib/python3.7/site-packages/airflow/example_dags/example_branch_datetime_operator.py for tasks to queue
[2023-08-29T06:21:33.102+0000] {logging_mixin.py:149} INFO - [2023-08-29T06:21:33.101+0000] {dagbag.py:541} INFO - Filling up the DagBag from /home/airflow/.local/lib/python3.7/site-packages/airflow/example_dags/example_branch_datetime_operator.py
[2023-08-29T06:21:33.129+0000] {processor.py:836} INFO - DAG(s) dict_keys(['example_branch_datetime_operator', 'example_branch_datetime_operator_2', 'example_branch_datetime_operator_3']) retrieved from /home/airflow/.local/lib/python3.7/site-packages/airflow/example_dags/example_branch_datetime_operator.py
[2023-08-29T06:21:33.151+0000] {logging_mixin.py:149} INFO - [2023-08-29T06:21:33.150+0000] {dag.py:2726} INFO - Sync 3 DAGs
[2023-08-29T06:21:33.216+0000] {logging_mixin.py:149} INFO - [2023-08-29T06:21:33.216+0000] {dag.py:3490} INFO - Setting next_dagrun for example_branch_datetime_operator to 2023-08-28T00:00:00+00:00, run_after=2023-08-29T00:00:00+00:00
[2023-08-29T06:21:33.232+0000] {logging_mixin.py:149} INFO - [2023-08-29T06:21:33.232+0000] {dag.py:3490} INFO - Setting next_dagrun for example_branch_datetime_operator_2 to 2023-08-28T00:00:00+00:00, run_after=2023-08-29T00:00:00+00:00
[2023-08-29T06:21:33.244+0000] {logging_mixin.py:149} INFO - [2023-08-29T06:21:33.243+0000] {dag.py:3490} INFO - Setting next_dagrun for example_branch_datetime_operator_3 to 2023-08-28T00:00:00+00:00, run_after=2023-08-29T00:00:00+00:00
[2023-08-29T06:21:33.296+0000] {processor.py:179} INFO - Processing /home/airflow/.local/lib/python3.7/site-packages/airflow/example_dags/example_branch_datetime_operator.py took 0.200 seconds
[2023-08-29T06:22:03.993+0000] {processor.py:157} INFO - Started process (PID=121) to work on /home/airflow/.local/lib/python3.7/site-packages/airflow/example_dags/example_branch_datetime_operator.py
[2023-08-29T06:22:03.995+0000] {processor.py:826} INFO - Processing file /home/airflow/.local/lib/python3.7/site-packages/airflow/example_dags/example_branch_datetime_operator.py for tasks to queue
[2023-08-29T06:22:03.996+0000] {logging_mixin.py:149} INFO - [2023-08-29T06:22:03.995+0000] {dagbag.py:541} INFO - Filling up the DagBag from /home/airflow/.local/lib/python3.7/site-packages/airflow/example_dags/example_branch_datetime_operator.py
[2023-08-29T06:22:04.004+0000] {processor.py:836} INFO - DAG(s) dict_keys(['example_branch_datetime_operator_3', 'example_branch_datetime_operator', 'example_branch_datetime_operator_2']) retrieved from /home/airflow/.local/lib/python3.7/site-packages/airflow/example_dags/example_branch_datetime_operator.py
[2023-08-29T06:22:04.112+0000] {logging_mixin.py:149} INFO - [2023-08-29T06:22:04.112+0000] {dag.py:2726} INFO - Sync 3 DAGs
[2023-08-29T06:22:04.132+0000] {logging_mixin.py:149} INFO - [2023-08-29T06:22:04.132+0000] {dag.py:3490} INFO - Setting next_dagrun for example_branch_datetime_operator to 2023-08-28T00:00:00+00:00, run_after=2023-08-29T00:00:00+00:00
[2023-08-29T06:22:04.137+0000] {logging_mixin.py:149} INFO - [2023-08-29T06:22:04.137+0000] {dag.py:3490} INFO - Setting next_dagrun for example_branch_datetime_operator_2 to 2023-08-28T00:00:00+00:00, run_after=2023-08-29T00:00:00+00:00
[2023-08-29T06:22:04.140+0000] {logging_mixin.py:149} INFO - [2023-08-29T06:22:04.140+0000] {dag.py:3490} INFO - Setting next_dagrun for example_branch_datetime_operator_3 to 2023-08-28T00:00:00+00:00, run_after=2023-08-29T00:00:00+00:00
[2023-08-29T06:22:04.156+0000] {processor.py:179} INFO - Processing /home/airflow/.local/lib/python3.7/site-packages/airflow/example_dags/example_branch_datetime_operator.py took 0.167 seconds
[2023-08-29T06:22:34.743+0000] {processor.py:157} INFO - Started process (PID=197) to work on /home/airflow/.local/lib/python3.7/site-packages/airflow/example_dags/example_branch_datetime_operator.py
[2023-08-29T06:22:34.744+0000] {processor.py:826} INFO - Processing file /home/airflow/.local/lib/python3.7/site-packages/airflow/example_dags/example_branch_datetime_operator.py for tasks to queue
[2023-08-29T06:22:34.745+0000] {logging_mixin.py:149} INFO - [2023-08-29T06:22:34.745+0000] {dagbag.py:541} INFO - Filling up the DagBag from /home/airflow/.local/lib/python3.7/site-packages/airflow/example_dags/example_branch_datetime_operator.py
[2023-08-29T06:22:34.761+0000] {processor.py:836} INFO - DAG(s) dict_keys(['example_branch_datetime_operator_2', 'example_branch_datetime_operator_3', 'example_branch_datetime_operator']) retrieved from /home/airflow/.local/lib/python3.7/site-packages/airflow/example_dags/example_branch_datetime_operator.py
[2023-08-29T06:22:34.810+0000] {logging_mixin.py:149} INFO - [2023-08-29T06:22:34.810+0000] {dag.py:2726} INFO - Sync 3 DAGs
[2023-08-29T06:22:34.846+0000] {logging_mixin.py:149} INFO - [2023-08-29T06:22:34.846+0000] {dag.py:3490} INFO - Setting next_dagrun for example_branch_datetime_operator to 2023-08-28T00:00:00+00:00, run_after=2023-08-29T00:00:00+00:00
[2023-08-29T06:22:34.857+0000] {logging_mixin.py:149} INFO - [2023-08-29T06:22:34.856+0000] {dag.py:3490} INFO - Setting next_dagrun for example_branch_datetime_operator_2 to 2023-08-28T00:00:00+00:00, run_after=2023-08-29T00:00:00+00:00
[2023-08-29T06:22:34.862+0000] {logging_mixin.py:149} INFO - [2023-08-29T06:22:34.862+0000] {dag.py:3490} INFO - Setting next_dagrun for example_branch_datetime_operator_3 to 2023-08-28T00:00:00+00:00, run_after=2023-08-29T00:00:00+00:00
[2023-08-29T06:22:34.896+0000] {processor.py:179} INFO - Processing /home/airflow/.local/lib/python3.7/site-packages/airflow/example_dags/example_branch_datetime_operator.py took 0.159 seconds
[2023-08-29T06:23:05.880+0000] {processor.py:157} INFO - Started process (PID=282) to work on /home/airflow/.local/lib/python3.7/site-packages/airflow/example_dags/example_branch_datetime_operator.py
[2023-08-29T06:23:05.883+0000] {processor.py:826} INFO - Processing file /home/airflow/.local/lib/python3.7/site-packages/airflow/example_dags/example_branch_datetime_operator.py for tasks to queue
[2023-08-29T06:23:05.884+0000] {logging_mixin.py:149} INFO - [2023-08-29T06:23:05.884+0000] {dagbag.py:541} INFO - Filling up the DagBag from /home/airflow/.local/lib/python3.7/site-packages/airflow/example_dags/example_branch_datetime_operator.py
[2023-08-29T06:23:05.903+0000] {processor.py:836} INFO - DAG(s) dict_keys(['example_branch_datetime_operator', 'example_branch_datetime_operator_3', 'example_branch_datetime_operator_2']) retrieved from /home/airflow/.local/lib/python3.7/site-packages/airflow/example_dags/example_branch_datetime_operator.py
[2023-08-29T06:23:05.943+0000] {logging_mixin.py:149} INFO - [2023-08-29T06:23:05.943+0000] {dag.py:2726} INFO - Sync 3 DAGs
[2023-08-29T06:23:05.977+0000] {logging_mixin.py:149} INFO - [2023-08-29T06:23:05.977+0000] {dag.py:3490} INFO - Setting next_dagrun for example_branch_datetime_operator to 2023-08-28T00:00:00+00:00, run_after=2023-08-29T00:00:00+00:00
[2023-08-29T06:23:05.983+0000] {logging_mixin.py:149} INFO - [2023-08-29T06:23:05.982+0000] {dag.py:3490} INFO - Setting next_dagrun for example_branch_datetime_operator_2 to 2023-08-28T00:00:00+00:00, run_after=2023-08-29T00:00:00+00:00
[2023-08-29T06:23:05.988+0000] {logging_mixin.py:149} INFO - [2023-08-29T06:23:05.988+0000] {dag.py:3490} INFO - Setting next_dagrun for example_branch_datetime_operator_3 to 2023-08-28T00:00:00+00:00, run_after=2023-08-29T00:00:00+00:00
[2023-08-29T06:23:06.014+0000] {processor.py:179} INFO - Processing /home/airflow/.local/lib/python3.7/site-packages/airflow/example_dags/example_branch_datetime_operator.py took 0.139 seconds
[2023-08-29T06:23:36.233+0000] {processor.py:157} INFO - Started process (PID=358) to work on /home/airflow/.local/lib/python3.7/site-packages/airflow/example_dags/example_branch_datetime_operator.py
[2023-08-29T06:23:36.234+0000] {processor.py:826} INFO - Processing file /home/airflow/.local/lib/python3.7/site-packages/airflow/example_dags/example_branch_datetime_operator.py for tasks to queue
[2023-08-29T06:23:36.235+0000] {logging_mixin.py:149} INFO - [2023-08-29T06:23:36.235+0000] {dagbag.py:541} INFO - Filling up the DagBag from /home/airflow/.local/lib/python3.7/site-packages/airflow/example_dags/example_branch_datetime_operator.py
[2023-08-29T06:23:36.244+0000] {processor.py:836} INFO - DAG(s) dict_keys(['example_branch_datetime_operator_2', 'example_branch_datetime_operator_3', 'example_branch_datetime_operator']) retrieved from /home/airflow/.local/lib/python3.7/site-packages/airflow/example_dags/example_branch_datetime_operator.py
[2023-08-29T06:23:36.272+0000] {logging_mixin.py:149} INFO - [2023-08-29T06:23:36.272+0000] {dag.py:2726} INFO - Sync 3 DAGs
[2023-08-29T06:23:36.295+0000] {logging_mixin.py:149} INFO - [2023-08-29T06:23:36.295+0000] {dag.py:3490} INFO - Setting next_dagrun for example_branch_datetime_operator to 2023-08-28T00:00:00+00:00, run_after=2023-08-29T00:00:00+00:00
[2023-08-29T06:23:36.300+0000] {logging_mixin.py:149} INFO - [2023-08-29T06:23:36.300+0000] {dag.py:3490} INFO - Setting next_dagrun for example_branch_datetime_operator_2 to 2023-08-28T00:00:00+00:00, run_after=2023-08-29T00:00:00+00:00
[2023-08-29T06:23:36.303+0000] {logging_mixin.py:149} INFO - [2023-08-29T06:23:36.303+0000] {dag.py:3490} INFO - Setting next_dagrun for example_branch_datetime_operator_3 to 2023-08-28T00:00:00+00:00, run_after=2023-08-29T00:00:00+00:00
[2023-08-29T06:23:36.323+0000] {processor.py:179} INFO - Processing /home/airflow/.local/lib/python3.7/site-packages/airflow/example_dags/example_branch_datetime_operator.py took 0.093 seconds
[2023-08-29T06:24:06.814+0000] {processor.py:157} INFO - Started process (PID=434) to work on /home/airflow/.local/lib/python3.7/site-packages/airflow/example_dags/example_branch_datetime_operator.py
[2023-08-29T06:24:06.815+0000] {processor.py:826} INFO - Processing file /home/airflow/.local/lib/python3.7/site-packages/airflow/example_dags/example_branch_datetime_operator.py for tasks to queue
[2023-08-29T06:24:06.816+0000] {logging_mixin.py:149} INFO - [2023-08-29T06:24:06.816+0000] {dagbag.py:541} INFO - Filling up the DagBag from /home/airflow/.local/lib/python3.7/site-packages/airflow/example_dags/example_branch_datetime_operator.py
[2023-08-29T06:24:06.826+0000] {processor.py:836} INFO - DAG(s) dict_keys(['example_branch_datetime_operator', 'example_branch_datetime_operator_3', 'example_branch_datetime_operator_2']) retrieved from /home/airflow/.local/lib/python3.7/site-packages/airflow/example_dags/example_branch_datetime_operator.py
[2023-08-29T06:24:06.857+0000] {logging_mixin.py:149} INFO - [2023-08-29T06:24:06.857+0000] {dag.py:2726} INFO - Sync 3 DAGs
[2023-08-29T06:24:06.883+0000] {logging_mixin.py:149} INFO - [2023-08-29T06:24:06.883+0000] {dag.py:3490} INFO - Setting next_dagrun for example_branch_datetime_operator to 2023-08-28T00:00:00+00:00, run_after=2023-08-29T00:00:00+00:00
[2023-08-29T06:24:06.890+0000] {logging_mixin.py:149} INFO - [2023-08-29T06:24:06.889+0000] {dag.py:3490} INFO - Setting next_dagrun for example_branch_datetime_operator_2 to 2023-08-28T00:00:00+00:00, run_after=2023-08-29T00:00:00+00:00
[2023-08-29T06:24:06.892+0000] {logging_mixin.py:149} INFO - [2023-08-29T06:24:06.892+0000] {dag.py:3490} INFO - Setting next_dagrun for example_branch_datetime_operator_3 to 2023-08-28T00:00:00+00:00, run_after=2023-08-29T00:00:00+00:00
[2023-08-29T06:24:06.912+0000] {processor.py:179} INFO - Processing /home/airflow/.local/lib/python3.7/site-packages/airflow/example_dags/example_branch_datetime_operator.py took 0.101 seconds
