[2023-08-29T02:59:09.164+0000] {processor.py:157} INFO - Started process (PID=67) to work on /home/airflow/.local/lib/python3.7/site-packages/airflow/example_dags/example_skip_dag.py
[2023-08-29T02:59:09.165+0000] {processor.py:826} INFO - Processing file /home/airflow/.local/lib/python3.7/site-packages/airflow/example_dags/example_skip_dag.py for tasks to queue
[2023-08-29T02:59:09.166+0000] {logging_mixin.py:149} INFO - [2023-08-29T02:59:09.166+0000] {dagbag.py:541} INFO - Filling up the DagBag from /home/airflow/.local/lib/python3.7/site-packages/airflow/example_dags/example_skip_dag.py
[2023-08-29T02:59:09.176+0000] {processor.py:836} INFO - DAG(s) dict_keys(['example_skip_dag']) retrieved from /home/airflow/.local/lib/python3.7/site-packages/airflow/example_dags/example_skip_dag.py
[2023-08-29T02:59:09.332+0000] {logging_mixin.py:149} INFO - [2023-08-29T02:59:09.332+0000] {manager.py:504} INFO - Created Permission View: can edit on DAG:example_skip_dag
[2023-08-29T02:59:09.345+0000] {logging_mixin.py:149} INFO - [2023-08-29T02:59:09.345+0000] {manager.py:504} INFO - Created Permission View: can read on DAG:example_skip_dag
[2023-08-29T02:59:09.353+0000] {logging_mixin.py:149} INFO - [2023-08-29T02:59:09.353+0000] {manager.py:504} INFO - Created Permission View: can delete on DAG:example_skip_dag
[2023-08-29T02:59:09.370+0000] {logging_mixin.py:149} INFO - [2023-08-29T02:59:09.370+0000] {dag.py:2726} INFO - Sync 1 DAGs
[2023-08-29T02:59:09.395+0000] {logging_mixin.py:149} INFO - [2023-08-29T02:59:09.394+0000] {dag.py:2747} INFO - Creating ORM DAG for example_skip_dag
[2023-08-29T02:59:09.408+0000] {logging_mixin.py:149} INFO - [2023-08-29T02:59:09.408+0000] {dag.py:3490} INFO - Setting next_dagrun for example_skip_dag to 2023-08-28T02:59:09.408086+00:00, run_after=2023-08-29T02:59:09.408086+00:00
[2023-08-29T02:59:09.435+0000] {processor.py:179} INFO - Processing /home/airflow/.local/lib/python3.7/site-packages/airflow/example_dags/example_skip_dag.py took 0.275 seconds
[2023-08-29T02:59:39.644+0000] {processor.py:157} INFO - Started process (PID=143) to work on /home/airflow/.local/lib/python3.7/site-packages/airflow/example_dags/example_skip_dag.py
[2023-08-29T02:59:39.648+0000] {processor.py:826} INFO - Processing file /home/airflow/.local/lib/python3.7/site-packages/airflow/example_dags/example_skip_dag.py for tasks to queue
[2023-08-29T02:59:39.649+0000] {logging_mixin.py:149} INFO - [2023-08-29T02:59:39.649+0000] {dagbag.py:541} INFO - Filling up the DagBag from /home/airflow/.local/lib/python3.7/site-packages/airflow/example_dags/example_skip_dag.py
[2023-08-29T02:59:39.655+0000] {processor.py:836} INFO - DAG(s) dict_keys(['example_skip_dag']) retrieved from /home/airflow/.local/lib/python3.7/site-packages/airflow/example_dags/example_skip_dag.py
[2023-08-29T02:59:39.677+0000] {logging_mixin.py:149} INFO - [2023-08-29T02:59:39.677+0000] {dag.py:2726} INFO - Sync 1 DAGs
[2023-08-29T02:59:39.702+0000] {logging_mixin.py:149} INFO - [2023-08-29T02:59:39.702+0000] {dag.py:3490} INFO - Setting next_dagrun for example_skip_dag to 2023-08-28T02:59:39.702002+00:00, run_after=2023-08-29T02:59:39.702002+00:00
[2023-08-29T02:59:39.723+0000] {processor.py:179} INFO - Processing /home/airflow/.local/lib/python3.7/site-packages/airflow/example_dags/example_skip_dag.py took 0.081 seconds
[2023-08-29T04:07:09.695+0000] {processor.py:157} INFO - Started process (PID=64) to work on /home/airflow/.local/lib/python3.7/site-packages/airflow/example_dags/example_skip_dag.py
[2023-08-29T04:07:09.697+0000] {processor.py:826} INFO - Processing file /home/airflow/.local/lib/python3.7/site-packages/airflow/example_dags/example_skip_dag.py for tasks to queue
[2023-08-29T04:07:09.699+0000] {logging_mixin.py:149} INFO - [2023-08-29T04:07:09.698+0000] {dagbag.py:541} INFO - Filling up the DagBag from /home/airflow/.local/lib/python3.7/site-packages/airflow/example_dags/example_skip_dag.py
[2023-08-29T04:07:09.710+0000] {processor.py:836} INFO - DAG(s) dict_keys(['example_skip_dag']) retrieved from /home/airflow/.local/lib/python3.7/site-packages/airflow/example_dags/example_skip_dag.py
[2023-08-29T04:07:09.729+0000] {logging_mixin.py:149} INFO - [2023-08-29T04:07:09.729+0000] {dag.py:2726} INFO - Sync 1 DAGs
[2023-08-29T04:07:09.978+0000] {logging_mixin.py:149} INFO - [2023-08-29T04:07:09.978+0000] {dag.py:3490} INFO - Setting next_dagrun for example_skip_dag to 2023-08-28T04:07:09.977963+00:00, run_after=2023-08-29T04:07:09.977963+00:00
[2023-08-29T04:07:10.009+0000] {processor.py:179} INFO - Processing /home/airflow/.local/lib/python3.7/site-packages/airflow/example_dags/example_skip_dag.py took 0.318 seconds
[2023-08-29T04:07:40.404+0000] {processor.py:157} INFO - Started process (PID=142) to work on /home/airflow/.local/lib/python3.7/site-packages/airflow/example_dags/example_skip_dag.py
[2023-08-29T04:07:40.405+0000] {processor.py:826} INFO - Processing file /home/airflow/.local/lib/python3.7/site-packages/airflow/example_dags/example_skip_dag.py for tasks to queue
[2023-08-29T04:07:40.406+0000] {logging_mixin.py:149} INFO - [2023-08-29T04:07:40.406+0000] {dagbag.py:541} INFO - Filling up the DagBag from /home/airflow/.local/lib/python3.7/site-packages/airflow/example_dags/example_skip_dag.py
[2023-08-29T04:07:40.413+0000] {processor.py:836} INFO - DAG(s) dict_keys(['example_skip_dag']) retrieved from /home/airflow/.local/lib/python3.7/site-packages/airflow/example_dags/example_skip_dag.py
[2023-08-29T04:07:40.438+0000] {logging_mixin.py:149} INFO - [2023-08-29T04:07:40.438+0000] {dag.py:2726} INFO - Sync 1 DAGs
[2023-08-29T04:07:40.462+0000] {logging_mixin.py:149} INFO - [2023-08-29T04:07:40.462+0000] {dag.py:3490} INFO - Setting next_dagrun for example_skip_dag to 2023-08-28T04:07:40.461914+00:00, run_after=2023-08-29T04:07:40.461914+00:00
[2023-08-29T04:07:40.486+0000] {processor.py:179} INFO - Processing /home/airflow/.local/lib/python3.7/site-packages/airflow/example_dags/example_skip_dag.py took 0.084 seconds
[2023-08-29T04:08:12.393+0000] {processor.py:157} INFO - Started process (PID=218) to work on /home/airflow/.local/lib/python3.7/site-packages/airflow/example_dags/example_skip_dag.py
[2023-08-29T04:08:12.395+0000] {processor.py:826} INFO - Processing file /home/airflow/.local/lib/python3.7/site-packages/airflow/example_dags/example_skip_dag.py for tasks to queue
[2023-08-29T04:08:12.396+0000] {logging_mixin.py:149} INFO - [2023-08-29T04:08:12.396+0000] {dagbag.py:541} INFO - Filling up the DagBag from /home/airflow/.local/lib/python3.7/site-packages/airflow/example_dags/example_skip_dag.py
[2023-08-29T04:08:12.410+0000] {processor.py:836} INFO - DAG(s) dict_keys(['example_skip_dag']) retrieved from /home/airflow/.local/lib/python3.7/site-packages/airflow/example_dags/example_skip_dag.py
[2023-08-29T04:08:12.454+0000] {logging_mixin.py:149} INFO - [2023-08-29T04:08:12.452+0000] {dag.py:2726} INFO - Sync 1 DAGs
[2023-08-29T04:08:12.497+0000] {logging_mixin.py:149} INFO - [2023-08-29T04:08:12.496+0000] {dag.py:3490} INFO - Setting next_dagrun for example_skip_dag to 2023-08-28T04:08:12.496577+00:00, run_after=2023-08-29T04:08:12.496577+00:00
[2023-08-29T04:08:12.526+0000] {processor.py:179} INFO - Processing /home/airflow/.local/lib/python3.7/site-packages/airflow/example_dags/example_skip_dag.py took 0.141 seconds
[2023-08-29T04:08:42.738+0000] {processor.py:157} INFO - Started process (PID=303) to work on /home/airflow/.local/lib/python3.7/site-packages/airflow/example_dags/example_skip_dag.py
[2023-08-29T04:08:42.739+0000] {processor.py:826} INFO - Processing file /home/airflow/.local/lib/python3.7/site-packages/airflow/example_dags/example_skip_dag.py for tasks to queue
[2023-08-29T04:08:42.740+0000] {logging_mixin.py:149} INFO - [2023-08-29T04:08:42.740+0000] {dagbag.py:541} INFO - Filling up the DagBag from /home/airflow/.local/lib/python3.7/site-packages/airflow/example_dags/example_skip_dag.py
[2023-08-29T04:08:42.746+0000] {processor.py:836} INFO - DAG(s) dict_keys(['example_skip_dag']) retrieved from /home/airflow/.local/lib/python3.7/site-packages/airflow/example_dags/example_skip_dag.py
[2023-08-29T04:08:42.767+0000] {logging_mixin.py:149} INFO - [2023-08-29T04:08:42.767+0000] {dag.py:2726} INFO - Sync 1 DAGs
[2023-08-29T04:08:42.791+0000] {logging_mixin.py:149} INFO - [2023-08-29T04:08:42.791+0000] {dag.py:3490} INFO - Setting next_dagrun for example_skip_dag to 2023-08-28T04:08:42.790959+00:00, run_after=2023-08-29T04:08:42.790959+00:00
[2023-08-29T04:08:42.817+0000] {processor.py:179} INFO - Processing /home/airflow/.local/lib/python3.7/site-packages/airflow/example_dags/example_skip_dag.py took 0.082 seconds
[2023-08-29T04:09:13.112+0000] {processor.py:157} INFO - Started process (PID=380) to work on /home/airflow/.local/lib/python3.7/site-packages/airflow/example_dags/example_skip_dag.py
[2023-08-29T04:09:13.114+0000] {processor.py:826} INFO - Processing file /home/airflow/.local/lib/python3.7/site-packages/airflow/example_dags/example_skip_dag.py for tasks to queue
[2023-08-29T04:09:13.115+0000] {logging_mixin.py:149} INFO - [2023-08-29T04:09:13.115+0000] {dagbag.py:541} INFO - Filling up the DagBag from /home/airflow/.local/lib/python3.7/site-packages/airflow/example_dags/example_skip_dag.py
[2023-08-29T04:09:13.122+0000] {processor.py:836} INFO - DAG(s) dict_keys(['example_skip_dag']) retrieved from /home/airflow/.local/lib/python3.7/site-packages/airflow/example_dags/example_skip_dag.py
[2023-08-29T04:09:13.147+0000] {logging_mixin.py:149} INFO - [2023-08-29T04:09:13.147+0000] {dag.py:2726} INFO - Sync 1 DAGs
[2023-08-29T04:09:13.184+0000] {logging_mixin.py:149} INFO - [2023-08-29T04:09:13.184+0000] {dag.py:3490} INFO - Setting next_dagrun for example_skip_dag to 2023-08-28T04:09:13.183695+00:00, run_after=2023-08-29T04:09:13.183695+00:00
[2023-08-29T04:09:13.210+0000] {processor.py:179} INFO - Processing /home/airflow/.local/lib/python3.7/site-packages/airflow/example_dags/example_skip_dag.py took 0.102 seconds
[2023-08-29T04:09:43.659+0000] {processor.py:157} INFO - Started process (PID=465) to work on /home/airflow/.local/lib/python3.7/site-packages/airflow/example_dags/example_skip_dag.py
[2023-08-29T04:09:43.660+0000] {processor.py:826} INFO - Processing file /home/airflow/.local/lib/python3.7/site-packages/airflow/example_dags/example_skip_dag.py for tasks to queue
[2023-08-29T04:09:43.661+0000] {logging_mixin.py:149} INFO - [2023-08-29T04:09:43.661+0000] {dagbag.py:541} INFO - Filling up the DagBag from /home/airflow/.local/lib/python3.7/site-packages/airflow/example_dags/example_skip_dag.py
[2023-08-29T04:09:43.668+0000] {processor.py:836} INFO - DAG(s) dict_keys(['example_skip_dag']) retrieved from /home/airflow/.local/lib/python3.7/site-packages/airflow/example_dags/example_skip_dag.py
[2023-08-29T04:09:43.692+0000] {logging_mixin.py:149} INFO - [2023-08-29T04:09:43.692+0000] {dag.py:2726} INFO - Sync 1 DAGs
[2023-08-29T04:09:43.713+0000] {logging_mixin.py:149} INFO - [2023-08-29T04:09:43.713+0000] {dag.py:3490} INFO - Setting next_dagrun for example_skip_dag to 2023-08-28T04:09:43.713333+00:00, run_after=2023-08-29T04:09:43.713333+00:00
[2023-08-29T04:09:43.730+0000] {processor.py:179} INFO - Processing /home/airflow/.local/lib/python3.7/site-packages/airflow/example_dags/example_skip_dag.py took 0.074 seconds
[2023-08-29T06:21:36.071+0000] {processor.py:157} INFO - Started process (PID=57) to work on /home/airflow/.local/lib/python3.7/site-packages/airflow/example_dags/example_skip_dag.py
[2023-08-29T06:21:36.075+0000] {processor.py:826} INFO - Processing file /home/airflow/.local/lib/python3.7/site-packages/airflow/example_dags/example_skip_dag.py for tasks to queue
[2023-08-29T06:21:36.076+0000] {logging_mixin.py:149} INFO - [2023-08-29T06:21:36.076+0000] {dagbag.py:541} INFO - Filling up the DagBag from /home/airflow/.local/lib/python3.7/site-packages/airflow/example_dags/example_skip_dag.py
[2023-08-29T06:21:36.084+0000] {processor.py:836} INFO - DAG(s) dict_keys(['example_skip_dag']) retrieved from /home/airflow/.local/lib/python3.7/site-packages/airflow/example_dags/example_skip_dag.py
[2023-08-29T06:21:36.110+0000] {logging_mixin.py:149} INFO - [2023-08-29T06:21:36.110+0000] {dag.py:2726} INFO - Sync 1 DAGs
[2023-08-29T06:21:36.306+0000] {logging_mixin.py:149} INFO - [2023-08-29T06:21:36.306+0000] {dag.py:3490} INFO - Setting next_dagrun for example_skip_dag to 2023-08-28T06:21:36.305775+00:00, run_after=2023-08-29T06:21:36.305775+00:00
[2023-08-29T06:21:36.337+0000] {processor.py:179} INFO - Processing /home/airflow/.local/lib/python3.7/site-packages/airflow/example_dags/example_skip_dag.py took 0.271 seconds
[2023-08-29T06:22:06.607+0000] {processor.py:157} INFO - Started process (PID=142) to work on /home/airflow/.local/lib/python3.7/site-packages/airflow/example_dags/example_skip_dag.py
[2023-08-29T06:22:06.608+0000] {processor.py:826} INFO - Processing file /home/airflow/.local/lib/python3.7/site-packages/airflow/example_dags/example_skip_dag.py for tasks to queue
[2023-08-29T06:22:06.609+0000] {logging_mixin.py:149} INFO - [2023-08-29T06:22:06.609+0000] {dagbag.py:541} INFO - Filling up the DagBag from /home/airflow/.local/lib/python3.7/site-packages/airflow/example_dags/example_skip_dag.py
[2023-08-29T06:22:06.615+0000] {processor.py:836} INFO - DAG(s) dict_keys(['example_skip_dag']) retrieved from /home/airflow/.local/lib/python3.7/site-packages/airflow/example_dags/example_skip_dag.py
[2023-08-29T06:22:06.635+0000] {logging_mixin.py:149} INFO - [2023-08-29T06:22:06.635+0000] {dag.py:2726} INFO - Sync 1 DAGs
[2023-08-29T06:22:06.655+0000] {logging_mixin.py:149} INFO - [2023-08-29T06:22:06.655+0000] {dag.py:3490} INFO - Setting next_dagrun for example_skip_dag to 2023-08-28T06:22:06.655669+00:00, run_after=2023-08-29T06:22:06.655669+00:00
[2023-08-29T06:22:06.672+0000] {processor.py:179} INFO - Processing /home/airflow/.local/lib/python3.7/site-packages/airflow/example_dags/example_skip_dag.py took 0.068 seconds
[2023-08-29T06:22:37.240+0000] {processor.py:157} INFO - Started process (PID=218) to work on /home/airflow/.local/lib/python3.7/site-packages/airflow/example_dags/example_skip_dag.py
[2023-08-29T06:22:37.243+0000] {processor.py:826} INFO - Processing file /home/airflow/.local/lib/python3.7/site-packages/airflow/example_dags/example_skip_dag.py for tasks to queue
[2023-08-29T06:22:37.244+0000] {logging_mixin.py:149} INFO - [2023-08-29T06:22:37.244+0000] {dagbag.py:541} INFO - Filling up the DagBag from /home/airflow/.local/lib/python3.7/site-packages/airflow/example_dags/example_skip_dag.py
[2023-08-29T06:22:37.251+0000] {processor.py:836} INFO - DAG(s) dict_keys(['example_skip_dag']) retrieved from /home/airflow/.local/lib/python3.7/site-packages/airflow/example_dags/example_skip_dag.py
[2023-08-29T06:22:37.288+0000] {logging_mixin.py:149} INFO - [2023-08-29T06:22:37.287+0000] {dag.py:2726} INFO - Sync 1 DAGs
[2023-08-29T06:22:37.325+0000] {logging_mixin.py:149} INFO - [2023-08-29T06:22:37.324+0000] {dag.py:3490} INFO - Setting next_dagrun for example_skip_dag to 2023-08-28T06:22:37.323760+00:00, run_after=2023-08-29T06:22:37.323760+00:00
[2023-08-29T06:22:37.360+0000] {processor.py:179} INFO - Processing /home/airflow/.local/lib/python3.7/site-packages/airflow/example_dags/example_skip_dag.py took 0.126 seconds
[2023-08-29T06:23:07.667+0000] {processor.py:157} INFO - Started process (PID=303) to work on /home/airflow/.local/lib/python3.7/site-packages/airflow/example_dags/example_skip_dag.py
[2023-08-29T06:23:07.668+0000] {processor.py:826} INFO - Processing file /home/airflow/.local/lib/python3.7/site-packages/airflow/example_dags/example_skip_dag.py for tasks to queue
[2023-08-29T06:23:07.669+0000] {logging_mixin.py:149} INFO - [2023-08-29T06:23:07.669+0000] {dagbag.py:541} INFO - Filling up the DagBag from /home/airflow/.local/lib/python3.7/site-packages/airflow/example_dags/example_skip_dag.py
[2023-08-29T06:23:07.675+0000] {processor.py:836} INFO - DAG(s) dict_keys(['example_skip_dag']) retrieved from /home/airflow/.local/lib/python3.7/site-packages/airflow/example_dags/example_skip_dag.py
[2023-08-29T06:23:07.698+0000] {logging_mixin.py:149} INFO - [2023-08-29T06:23:07.697+0000] {dag.py:2726} INFO - Sync 1 DAGs
[2023-08-29T06:23:07.719+0000] {logging_mixin.py:149} INFO - [2023-08-29T06:23:07.719+0000] {dag.py:3490} INFO - Setting next_dagrun for example_skip_dag to 2023-08-28T06:23:07.719063+00:00, run_after=2023-08-29T06:23:07.719063+00:00
[2023-08-29T06:23:07.738+0000] {processor.py:179} INFO - Processing /home/airflow/.local/lib/python3.7/site-packages/airflow/example_dags/example_skip_dag.py took 0.074 seconds
[2023-08-29T06:23:38.909+0000] {processor.py:157} INFO - Started process (PID=379) to work on /home/airflow/.local/lib/python3.7/site-packages/airflow/example_dags/example_skip_dag.py
[2023-08-29T06:23:38.910+0000] {processor.py:826} INFO - Processing file /home/airflow/.local/lib/python3.7/site-packages/airflow/example_dags/example_skip_dag.py for tasks to queue
[2023-08-29T06:23:38.911+0000] {logging_mixin.py:149} INFO - [2023-08-29T06:23:38.911+0000] {dagbag.py:541} INFO - Filling up the DagBag from /home/airflow/.local/lib/python3.7/site-packages/airflow/example_dags/example_skip_dag.py
[2023-08-29T06:23:38.918+0000] {processor.py:836} INFO - DAG(s) dict_keys(['example_skip_dag']) retrieved from /home/airflow/.local/lib/python3.7/site-packages/airflow/example_dags/example_skip_dag.py
[2023-08-29T06:23:38.940+0000] {logging_mixin.py:149} INFO - [2023-08-29T06:23:38.940+0000] {dag.py:2726} INFO - Sync 1 DAGs
[2023-08-29T06:23:38.961+0000] {logging_mixin.py:149} INFO - [2023-08-29T06:23:38.961+0000] {dag.py:3490} INFO - Setting next_dagrun for example_skip_dag to 2023-08-28T06:23:38.961307+00:00, run_after=2023-08-29T06:23:38.961307+00:00
[2023-08-29T06:23:38.979+0000] {processor.py:179} INFO - Processing /home/airflow/.local/lib/python3.7/site-packages/airflow/example_dags/example_skip_dag.py took 0.072 seconds
[2023-08-29T06:24:10.049+0000] {processor.py:157} INFO - Started process (PID=464) to work on /home/airflow/.local/lib/python3.7/site-packages/airflow/example_dags/example_skip_dag.py
[2023-08-29T06:24:10.051+0000] {processor.py:826} INFO - Processing file /home/airflow/.local/lib/python3.7/site-packages/airflow/example_dags/example_skip_dag.py for tasks to queue
[2023-08-29T06:24:10.055+0000] {logging_mixin.py:149} INFO - [2023-08-29T06:24:10.054+0000] {dagbag.py:541} INFO - Filling up the DagBag from /home/airflow/.local/lib/python3.7/site-packages/airflow/example_dags/example_skip_dag.py
[2023-08-29T06:24:10.064+0000] {processor.py:836} INFO - DAG(s) dict_keys(['example_skip_dag']) retrieved from /home/airflow/.local/lib/python3.7/site-packages/airflow/example_dags/example_skip_dag.py
[2023-08-29T06:24:10.107+0000] {logging_mixin.py:149} INFO - [2023-08-29T06:24:10.107+0000] {dag.py:2726} INFO - Sync 1 DAGs
[2023-08-29T06:24:10.150+0000] {logging_mixin.py:149} INFO - [2023-08-29T06:24:10.150+0000] {dag.py:3490} INFO - Setting next_dagrun for example_skip_dag to 2023-08-28T06:24:10.149742+00:00, run_after=2023-08-29T06:24:10.149742+00:00
[2023-08-29T06:24:10.187+0000] {processor.py:179} INFO - Processing /home/airflow/.local/lib/python3.7/site-packages/airflow/example_dags/example_skip_dag.py took 0.142 seconds
