[2023-08-29T02:59:10.741+0000] {processor.py:157} INFO - Started process (PID=77) to work on /home/airflow/.local/lib/python3.7/site-packages/airflow/example_dags/example_bash_operator.py
[2023-08-29T02:59:10.742+0000] {processor.py:826} INFO - Processing file /home/airflow/.local/lib/python3.7/site-packages/airflow/example_dags/example_bash_operator.py for tasks to queue
[2023-08-29T02:59:10.743+0000] {logging_mixin.py:149} INFO - [2023-08-29T02:59:10.743+0000] {dagbag.py:541} INFO - Filling up the DagBag from /home/airflow/.local/lib/python3.7/site-packages/airflow/example_dags/example_bash_operator.py
[2023-08-29T02:59:10.758+0000] {processor.py:836} INFO - DAG(s) dict_keys(['example_bash_operator']) retrieved from /home/airflow/.local/lib/python3.7/site-packages/airflow/example_dags/example_bash_operator.py
[2023-08-29T02:59:10.875+0000] {logging_mixin.py:149} INFO - [2023-08-29T02:59:10.875+0000] {manager.py:504} INFO - Created Permission View: can edit on DAG:example_bash_operator
[2023-08-29T02:59:10.887+0000] {logging_mixin.py:149} INFO - [2023-08-29T02:59:10.887+0000] {manager.py:504} INFO - Created Permission View: can read on DAG:example_bash_operator
[2023-08-29T02:59:10.896+0000] {logging_mixin.py:149} INFO - [2023-08-29T02:59:10.896+0000] {manager.py:504} INFO - Created Permission View: can delete on DAG:example_bash_operator
[2023-08-29T02:59:10.911+0000] {logging_mixin.py:149} INFO - [2023-08-29T02:59:10.911+0000] {dag.py:2726} INFO - Sync 1 DAGs
[2023-08-29T02:59:10.925+0000] {logging_mixin.py:149} INFO - [2023-08-29T02:59:10.925+0000] {dag.py:2747} INFO - Creating ORM DAG for example_bash_operator
[2023-08-29T02:59:10.941+0000] {logging_mixin.py:149} INFO - [2023-08-29T02:59:10.940+0000] {dag.py:3490} INFO - Setting next_dagrun for example_bash_operator to 2023-08-28T00:00:00+00:00, run_after=2023-08-29T00:00:00+00:00
[2023-08-29T02:59:10.961+0000] {processor.py:179} INFO - Processing /home/airflow/.local/lib/python3.7/site-packages/airflow/example_dags/example_bash_operator.py took 0.223 seconds
[2023-08-29T02:59:41.460+0000] {processor.py:157} INFO - Started process (PID=162) to work on /home/airflow/.local/lib/python3.7/site-packages/airflow/example_dags/example_bash_operator.py
[2023-08-29T02:59:41.462+0000] {processor.py:826} INFO - Processing file /home/airflow/.local/lib/python3.7/site-packages/airflow/example_dags/example_bash_operator.py for tasks to queue
[2023-08-29T02:59:41.463+0000] {logging_mixin.py:149} INFO - [2023-08-29T02:59:41.463+0000] {dagbag.py:541} INFO - Filling up the DagBag from /home/airflow/.local/lib/python3.7/site-packages/airflow/example_dags/example_bash_operator.py
[2023-08-29T02:59:41.477+0000] {processor.py:836} INFO - DAG(s) dict_keys(['example_bash_operator']) retrieved from /home/airflow/.local/lib/python3.7/site-packages/airflow/example_dags/example_bash_operator.py
[2023-08-29T02:59:41.525+0000] {logging_mixin.py:149} INFO - [2023-08-29T02:59:41.525+0000] {dag.py:2726} INFO - Sync 1 DAGs
[2023-08-29T02:59:41.557+0000] {logging_mixin.py:149} INFO - [2023-08-29T02:59:41.557+0000] {dag.py:3490} INFO - Setting next_dagrun for example_bash_operator to 2023-08-28T00:00:00+00:00, run_after=2023-08-29T00:00:00+00:00
[2023-08-29T02:59:41.582+0000] {processor.py:179} INFO - Processing /home/airflow/.local/lib/python3.7/site-packages/airflow/example_dags/example_bash_operator.py took 0.125 seconds
[2023-08-29T04:07:11.826+0000] {processor.py:157} INFO - Started process (PID=76) to work on /home/airflow/.local/lib/python3.7/site-packages/airflow/example_dags/example_bash_operator.py
[2023-08-29T04:07:11.828+0000] {processor.py:826} INFO - Processing file /home/airflow/.local/lib/python3.7/site-packages/airflow/example_dags/example_bash_operator.py for tasks to queue
[2023-08-29T04:07:11.829+0000] {logging_mixin.py:149} INFO - [2023-08-29T04:07:11.829+0000] {dagbag.py:541} INFO - Filling up the DagBag from /home/airflow/.local/lib/python3.7/site-packages/airflow/example_dags/example_bash_operator.py
[2023-08-29T04:07:11.845+0000] {processor.py:836} INFO - DAG(s) dict_keys(['example_bash_operator']) retrieved from /home/airflow/.local/lib/python3.7/site-packages/airflow/example_dags/example_bash_operator.py
[2023-08-29T04:07:11.859+0000] {logging_mixin.py:149} INFO - [2023-08-29T04:07:11.859+0000] {dag.py:2726} INFO - Sync 1 DAGs
[2023-08-29T04:07:12.017+0000] {logging_mixin.py:149} INFO - [2023-08-29T04:07:12.017+0000] {dag.py:3490} INFO - Setting next_dagrun for example_bash_operator to 2023-08-28T00:00:00+00:00, run_after=2023-08-29T00:00:00+00:00
[2023-08-29T04:07:12.042+0000] {processor.py:179} INFO - Processing /home/airflow/.local/lib/python3.7/site-packages/airflow/example_dags/example_bash_operator.py took 0.220 seconds
[2023-08-29T04:07:42.096+0000] {processor.py:157} INFO - Started process (PID=153) to work on /home/airflow/.local/lib/python3.7/site-packages/airflow/example_dags/example_bash_operator.py
[2023-08-29T04:07:42.097+0000] {processor.py:826} INFO - Processing file /home/airflow/.local/lib/python3.7/site-packages/airflow/example_dags/example_bash_operator.py for tasks to queue
[2023-08-29T04:07:42.098+0000] {logging_mixin.py:149} INFO - [2023-08-29T04:07:42.098+0000] {dagbag.py:541} INFO - Filling up the DagBag from /home/airflow/.local/lib/python3.7/site-packages/airflow/example_dags/example_bash_operator.py
[2023-08-29T04:07:42.111+0000] {processor.py:836} INFO - DAG(s) dict_keys(['example_bash_operator']) retrieved from /home/airflow/.local/lib/python3.7/site-packages/airflow/example_dags/example_bash_operator.py
[2023-08-29T04:07:42.145+0000] {logging_mixin.py:149} INFO - [2023-08-29T04:07:42.144+0000] {dag.py:2726} INFO - Sync 1 DAGs
[2023-08-29T04:07:42.166+0000] {logging_mixin.py:149} INFO - [2023-08-29T04:07:42.166+0000] {dag.py:3490} INFO - Setting next_dagrun for example_bash_operator to 2023-08-28T00:00:00+00:00, run_after=2023-08-29T00:00:00+00:00
[2023-08-29T04:07:42.181+0000] {processor.py:179} INFO - Processing /home/airflow/.local/lib/python3.7/site-packages/airflow/example_dags/example_bash_operator.py took 0.088 seconds
[2023-08-29T04:08:13.358+0000] {processor.py:157} INFO - Started process (PID=228) to work on /home/airflow/.local/lib/python3.7/site-packages/airflow/example_dags/example_bash_operator.py
[2023-08-29T04:08:13.359+0000] {processor.py:826} INFO - Processing file /home/airflow/.local/lib/python3.7/site-packages/airflow/example_dags/example_bash_operator.py for tasks to queue
[2023-08-29T04:08:13.361+0000] {logging_mixin.py:149} INFO - [2023-08-29T04:08:13.361+0000] {dagbag.py:541} INFO - Filling up the DagBag from /home/airflow/.local/lib/python3.7/site-packages/airflow/example_dags/example_bash_operator.py
[2023-08-29T04:08:13.381+0000] {processor.py:836} INFO - DAG(s) dict_keys(['example_bash_operator']) retrieved from /home/airflow/.local/lib/python3.7/site-packages/airflow/example_dags/example_bash_operator.py
[2023-08-29T04:08:13.431+0000] {logging_mixin.py:149} INFO - [2023-08-29T04:08:13.431+0000] {dag.py:2726} INFO - Sync 1 DAGs
[2023-08-29T04:08:13.476+0000] {logging_mixin.py:149} INFO - [2023-08-29T04:08:13.476+0000] {dag.py:3490} INFO - Setting next_dagrun for example_bash_operator to 2023-08-28T00:00:00+00:00, run_after=2023-08-29T00:00:00+00:00
[2023-08-29T04:08:13.517+0000] {processor.py:179} INFO - Processing /home/airflow/.local/lib/python3.7/site-packages/airflow/example_dags/example_bash_operator.py took 0.166 seconds
[2023-08-29T04:08:43.654+0000] {processor.py:157} INFO - Started process (PID=313) to work on /home/airflow/.local/lib/python3.7/site-packages/airflow/example_dags/example_bash_operator.py
[2023-08-29T04:08:43.656+0000] {processor.py:826} INFO - Processing file /home/airflow/.local/lib/python3.7/site-packages/airflow/example_dags/example_bash_operator.py for tasks to queue
[2023-08-29T04:08:43.657+0000] {logging_mixin.py:149} INFO - [2023-08-29T04:08:43.657+0000] {dagbag.py:541} INFO - Filling up the DagBag from /home/airflow/.local/lib/python3.7/site-packages/airflow/example_dags/example_bash_operator.py
[2023-08-29T04:08:43.677+0000] {processor.py:836} INFO - DAG(s) dict_keys(['example_bash_operator']) retrieved from /home/airflow/.local/lib/python3.7/site-packages/airflow/example_dags/example_bash_operator.py
[2023-08-29T04:08:43.728+0000] {logging_mixin.py:149} INFO - [2023-08-29T04:08:43.728+0000] {dag.py:2726} INFO - Sync 1 DAGs
[2023-08-29T04:08:43.757+0000] {logging_mixin.py:149} INFO - [2023-08-29T04:08:43.757+0000] {dag.py:3490} INFO - Setting next_dagrun for example_bash_operator to 2023-08-28T00:00:00+00:00, run_after=2023-08-29T00:00:00+00:00
[2023-08-29T04:08:43.778+0000] {processor.py:179} INFO - Processing /home/airflow/.local/lib/python3.7/site-packages/airflow/example_dags/example_bash_operator.py took 0.128 seconds
[2023-08-29T04:09:13.956+0000] {processor.py:157} INFO - Started process (PID=390) to work on /home/airflow/.local/lib/python3.7/site-packages/airflow/example_dags/example_bash_operator.py
[2023-08-29T04:09:13.958+0000] {processor.py:826} INFO - Processing file /home/airflow/.local/lib/python3.7/site-packages/airflow/example_dags/example_bash_operator.py for tasks to queue
[2023-08-29T04:09:13.959+0000] {logging_mixin.py:149} INFO - [2023-08-29T04:09:13.959+0000] {dagbag.py:541} INFO - Filling up the DagBag from /home/airflow/.local/lib/python3.7/site-packages/airflow/example_dags/example_bash_operator.py
[2023-08-29T04:09:13.974+0000] {processor.py:836} INFO - DAG(s) dict_keys(['example_bash_operator']) retrieved from /home/airflow/.local/lib/python3.7/site-packages/airflow/example_dags/example_bash_operator.py
[2023-08-29T04:09:14.018+0000] {logging_mixin.py:149} INFO - [2023-08-29T04:09:14.018+0000] {dag.py:2726} INFO - Sync 1 DAGs
[2023-08-29T04:09:14.043+0000] {logging_mixin.py:149} INFO - [2023-08-29T04:09:14.043+0000] {dag.py:3490} INFO - Setting next_dagrun for example_bash_operator to 2023-08-28T00:00:00+00:00, run_after=2023-08-29T00:00:00+00:00
[2023-08-29T04:09:14.061+0000] {processor.py:179} INFO - Processing /home/airflow/.local/lib/python3.7/site-packages/airflow/example_dags/example_bash_operator.py took 0.108 seconds
[2023-08-29T04:09:44.341+0000] {processor.py:157} INFO - Started process (PID=475) to work on /home/airflow/.local/lib/python3.7/site-packages/airflow/example_dags/example_bash_operator.py
[2023-08-29T04:09:44.342+0000] {processor.py:826} INFO - Processing file /home/airflow/.local/lib/python3.7/site-packages/airflow/example_dags/example_bash_operator.py for tasks to queue
[2023-08-29T04:09:44.343+0000] {logging_mixin.py:149} INFO - [2023-08-29T04:09:44.343+0000] {dagbag.py:541} INFO - Filling up the DagBag from /home/airflow/.local/lib/python3.7/site-packages/airflow/example_dags/example_bash_operator.py
[2023-08-29T04:09:44.355+0000] {processor.py:836} INFO - DAG(s) dict_keys(['example_bash_operator']) retrieved from /home/airflow/.local/lib/python3.7/site-packages/airflow/example_dags/example_bash_operator.py
[2023-08-29T04:09:44.396+0000] {logging_mixin.py:149} INFO - [2023-08-29T04:09:44.396+0000] {dag.py:2726} INFO - Sync 1 DAGs
[2023-08-29T04:09:44.419+0000] {logging_mixin.py:149} INFO - [2023-08-29T04:09:44.419+0000] {dag.py:3490} INFO - Setting next_dagrun for example_bash_operator to 2023-08-28T00:00:00+00:00, run_after=2023-08-29T00:00:00+00:00
[2023-08-29T04:09:44.435+0000] {processor.py:179} INFO - Processing /home/airflow/.local/lib/python3.7/site-packages/airflow/example_dags/example_bash_operator.py took 0.097 seconds
[2023-08-29T06:21:37.729+0000] {processor.py:157} INFO - Started process (PID=76) to work on /home/airflow/.local/lib/python3.7/site-packages/airflow/example_dags/example_bash_operator.py
[2023-08-29T06:21:37.730+0000] {processor.py:826} INFO - Processing file /home/airflow/.local/lib/python3.7/site-packages/airflow/example_dags/example_bash_operator.py for tasks to queue
[2023-08-29T06:21:37.731+0000] {logging_mixin.py:149} INFO - [2023-08-29T06:21:37.731+0000] {dagbag.py:541} INFO - Filling up the DagBag from /home/airflow/.local/lib/python3.7/site-packages/airflow/example_dags/example_bash_operator.py
[2023-08-29T06:21:37.749+0000] {processor.py:836} INFO - DAG(s) dict_keys(['example_bash_operator']) retrieved from /home/airflow/.local/lib/python3.7/site-packages/airflow/example_dags/example_bash_operator.py
[2023-08-29T06:21:37.772+0000] {logging_mixin.py:149} INFO - [2023-08-29T06:21:37.772+0000] {dag.py:2726} INFO - Sync 1 DAGs
[2023-08-29T06:21:37.957+0000] {logging_mixin.py:149} INFO - [2023-08-29T06:21:37.957+0000] {dag.py:3490} INFO - Setting next_dagrun for example_bash_operator to 2023-08-28T00:00:00+00:00, run_after=2023-08-29T00:00:00+00:00
[2023-08-29T06:21:37.989+0000] {processor.py:179} INFO - Processing /home/airflow/.local/lib/python3.7/site-packages/airflow/example_dags/example_bash_operator.py took 0.264 seconds
[2023-08-29T06:22:08.197+0000] {processor.py:157} INFO - Started process (PID=152) to work on /home/airflow/.local/lib/python3.7/site-packages/airflow/example_dags/example_bash_operator.py
[2023-08-29T06:22:08.198+0000] {processor.py:826} INFO - Processing file /home/airflow/.local/lib/python3.7/site-packages/airflow/example_dags/example_bash_operator.py for tasks to queue
[2023-08-29T06:22:08.199+0000] {logging_mixin.py:149} INFO - [2023-08-29T06:22:08.199+0000] {dagbag.py:541} INFO - Filling up the DagBag from /home/airflow/.local/lib/python3.7/site-packages/airflow/example_dags/example_bash_operator.py
[2023-08-29T06:22:08.211+0000] {processor.py:836} INFO - DAG(s) dict_keys(['example_bash_operator']) retrieved from /home/airflow/.local/lib/python3.7/site-packages/airflow/example_dags/example_bash_operator.py
[2023-08-29T06:22:08.246+0000] {logging_mixin.py:149} INFO - [2023-08-29T06:22:08.246+0000] {dag.py:2726} INFO - Sync 1 DAGs
[2023-08-29T06:22:08.270+0000] {logging_mixin.py:149} INFO - [2023-08-29T06:22:08.269+0000] {dag.py:3490} INFO - Setting next_dagrun for example_bash_operator to 2023-08-28T00:00:00+00:00, run_after=2023-08-29T00:00:00+00:00
[2023-08-29T06:22:08.288+0000] {processor.py:179} INFO - Processing /home/airflow/.local/lib/python3.7/site-packages/airflow/example_dags/example_bash_operator.py took 0.094 seconds
[2023-08-29T06:22:39.443+0000] {processor.py:157} INFO - Started process (PID=237) to work on /home/airflow/.local/lib/python3.7/site-packages/airflow/example_dags/example_bash_operator.py
[2023-08-29T06:22:39.445+0000] {processor.py:826} INFO - Processing file /home/airflow/.local/lib/python3.7/site-packages/airflow/example_dags/example_bash_operator.py for tasks to queue
[2023-08-29T06:22:39.446+0000] {logging_mixin.py:149} INFO - [2023-08-29T06:22:39.446+0000] {dagbag.py:541} INFO - Filling up the DagBag from /home/airflow/.local/lib/python3.7/site-packages/airflow/example_dags/example_bash_operator.py
[2023-08-29T06:22:39.472+0000] {processor.py:836} INFO - DAG(s) dict_keys(['example_bash_operator']) retrieved from /home/airflow/.local/lib/python3.7/site-packages/airflow/example_dags/example_bash_operator.py
[2023-08-29T06:22:39.544+0000] {logging_mixin.py:149} INFO - [2023-08-29T06:22:39.544+0000] {dag.py:2726} INFO - Sync 1 DAGs
[2023-08-29T06:22:39.593+0000] {logging_mixin.py:149} INFO - [2023-08-29T06:22:39.592+0000] {dag.py:3490} INFO - Setting next_dagrun for example_bash_operator to 2023-08-28T00:00:00+00:00, run_after=2023-08-29T00:00:00+00:00
[2023-08-29T06:22:39.642+0000] {processor.py:179} INFO - Processing /home/airflow/.local/lib/python3.7/site-packages/airflow/example_dags/example_bash_operator.py took 0.205 seconds
[2023-08-29T06:23:10.340+0000] {processor.py:157} INFO - Started process (PID=313) to work on /home/airflow/.local/lib/python3.7/site-packages/airflow/example_dags/example_bash_operator.py
[2023-08-29T06:23:10.342+0000] {processor.py:826} INFO - Processing file /home/airflow/.local/lib/python3.7/site-packages/airflow/example_dags/example_bash_operator.py for tasks to queue
[2023-08-29T06:23:10.343+0000] {logging_mixin.py:149} INFO - [2023-08-29T06:23:10.343+0000] {dagbag.py:541} INFO - Filling up the DagBag from /home/airflow/.local/lib/python3.7/site-packages/airflow/example_dags/example_bash_operator.py
[2023-08-29T06:23:10.360+0000] {processor.py:836} INFO - DAG(s) dict_keys(['example_bash_operator']) retrieved from /home/airflow/.local/lib/python3.7/site-packages/airflow/example_dags/example_bash_operator.py
[2023-08-29T06:23:10.402+0000] {logging_mixin.py:149} INFO - [2023-08-29T06:23:10.402+0000] {dag.py:2726} INFO - Sync 1 DAGs
[2023-08-29T06:23:10.446+0000] {logging_mixin.py:149} INFO - [2023-08-29T06:23:10.446+0000] {dag.py:3490} INFO - Setting next_dagrun for example_bash_operator to 2023-08-28T00:00:00+00:00, run_after=2023-08-29T00:00:00+00:00
[2023-08-29T06:23:10.481+0000] {processor.py:179} INFO - Processing /home/airflow/.local/lib/python3.7/site-packages/airflow/example_dags/example_bash_operator.py took 0.145 seconds
[2023-08-29T06:23:40.797+0000] {processor.py:157} INFO - Started process (PID=390) to work on /home/airflow/.local/lib/python3.7/site-packages/airflow/example_dags/example_bash_operator.py
[2023-08-29T06:23:40.798+0000] {processor.py:826} INFO - Processing file /home/airflow/.local/lib/python3.7/site-packages/airflow/example_dags/example_bash_operator.py for tasks to queue
[2023-08-29T06:23:40.800+0000] {logging_mixin.py:149} INFO - [2023-08-29T06:23:40.799+0000] {dagbag.py:541} INFO - Filling up the DagBag from /home/airflow/.local/lib/python3.7/site-packages/airflow/example_dags/example_bash_operator.py
[2023-08-29T06:23:40.814+0000] {processor.py:836} INFO - DAG(s) dict_keys(['example_bash_operator']) retrieved from /home/airflow/.local/lib/python3.7/site-packages/airflow/example_dags/example_bash_operator.py
[2023-08-29T06:23:40.861+0000] {logging_mixin.py:149} INFO - [2023-08-29T06:23:40.861+0000] {dag.py:2726} INFO - Sync 1 DAGs
[2023-08-29T06:23:40.887+0000] {logging_mixin.py:149} INFO - [2023-08-29T06:23:40.887+0000] {dag.py:3490} INFO - Setting next_dagrun for example_bash_operator to 2023-08-28T00:00:00+00:00, run_after=2023-08-29T00:00:00+00:00
[2023-08-29T06:23:40.920+0000] {processor.py:179} INFO - Processing /home/airflow/.local/lib/python3.7/site-packages/airflow/example_dags/example_bash_operator.py took 0.126 seconds
[2023-08-29T06:24:11.029+0000] {processor.py:157} INFO - Started process (PID=475) to work on /home/airflow/.local/lib/python3.7/site-packages/airflow/example_dags/example_bash_operator.py
[2023-08-29T06:24:11.031+0000] {processor.py:826} INFO - Processing file /home/airflow/.local/lib/python3.7/site-packages/airflow/example_dags/example_bash_operator.py for tasks to queue
[2023-08-29T06:24:11.033+0000] {logging_mixin.py:149} INFO - [2023-08-29T06:24:11.032+0000] {dagbag.py:541} INFO - Filling up the DagBag from /home/airflow/.local/lib/python3.7/site-packages/airflow/example_dags/example_bash_operator.py
[2023-08-29T06:24:11.056+0000] {processor.py:836} INFO - DAG(s) dict_keys(['example_bash_operator']) retrieved from /home/airflow/.local/lib/python3.7/site-packages/airflow/example_dags/example_bash_operator.py
[2023-08-29T06:24:11.096+0000] {logging_mixin.py:149} INFO - [2023-08-29T06:24:11.096+0000] {dag.py:2726} INFO - Sync 1 DAGs
[2023-08-29T06:24:11.122+0000] {logging_mixin.py:149} INFO - [2023-08-29T06:24:11.121+0000] {dag.py:3490} INFO - Setting next_dagrun for example_bash_operator to 2023-08-28T00:00:00+00:00, run_after=2023-08-29T00:00:00+00:00
[2023-08-29T06:24:11.147+0000] {processor.py:179} INFO - Processing /home/airflow/.local/lib/python3.7/site-packages/airflow/example_dags/example_bash_operator.py took 0.120 seconds
