[2023-08-29T02:59:05.624+0000] {processor.py:157} INFO - Started process (PID=57) to work on /home/airflow/.local/lib/python3.7/site-packages/airflow/example_dags/example_branch_python_dop_operator_3.py
[2023-08-29T02:59:05.627+0000] {processor.py:826} INFO - Processing file /home/airflow/.local/lib/python3.7/site-packages/airflow/example_dags/example_branch_python_dop_operator_3.py for tasks to queue
[2023-08-29T02:59:05.636+0000] {logging_mixin.py:149} INFO - [2023-08-29T02:59:05.635+0000] {dagbag.py:541} INFO - Filling up the DagBag from /home/airflow/.local/lib/python3.7/site-packages/airflow/example_dags/example_branch_python_dop_operator_3.py
[2023-08-29T02:59:05.655+0000] {processor.py:836} INFO - DAG(s) dict_keys(['example_branch_dop_operator_v3']) retrieved from /home/airflow/.local/lib/python3.7/site-packages/airflow/example_dags/example_branch_python_dop_operator_3.py
[2023-08-29T02:59:05.801+0000] {logging_mixin.py:149} INFO - [2023-08-29T02:59:05.801+0000] {manager.py:504} INFO - Created Permission View: can edit on DAG:example_branch_dop_operator_v3
[2023-08-29T02:59:05.813+0000] {logging_mixin.py:149} INFO - [2023-08-29T02:59:05.813+0000] {manager.py:504} INFO - Created Permission View: can read on DAG:example_branch_dop_operator_v3
[2023-08-29T02:59:05.821+0000] {logging_mixin.py:149} INFO - [2023-08-29T02:59:05.821+0000] {manager.py:504} INFO - Created Permission View: can delete on DAG:example_branch_dop_operator_v3
[2023-08-29T02:59:05.840+0000] {logging_mixin.py:149} INFO - [2023-08-29T02:59:05.840+0000] {dag.py:2726} INFO - Sync 1 DAGs
[2023-08-29T02:59:05.854+0000] {logging_mixin.py:149} INFO - [2023-08-29T02:59:05.854+0000] {dag.py:2747} INFO - Creating ORM DAG for example_branch_dop_operator_v3
[2023-08-29T02:59:05.877+0000] {logging_mixin.py:149} INFO - [2023-08-29T02:59:05.876+0000] {dag.py:3490} INFO - Setting next_dagrun for example_branch_dop_operator_v3 to 2023-08-29T02:58:00+00:00, run_after=2023-08-29T02:59:00+00:00
[2023-08-29T02:59:05.939+0000] {processor.py:179} INFO - Processing /home/airflow/.local/lib/python3.7/site-packages/airflow/example_dags/example_branch_python_dop_operator_3.py took 0.321 seconds
[2023-08-29T02:59:36.049+0000] {processor.py:157} INFO - Started process (PID=133) to work on /home/airflow/.local/lib/python3.7/site-packages/airflow/example_dags/example_branch_python_dop_operator_3.py
[2023-08-29T02:59:36.050+0000] {processor.py:826} INFO - Processing file /home/airflow/.local/lib/python3.7/site-packages/airflow/example_dags/example_branch_python_dop_operator_3.py for tasks to queue
[2023-08-29T02:59:36.051+0000] {logging_mixin.py:149} INFO - [2023-08-29T02:59:36.051+0000] {dagbag.py:541} INFO - Filling up the DagBag from /home/airflow/.local/lib/python3.7/site-packages/airflow/example_dags/example_branch_python_dop_operator_3.py
[2023-08-29T02:59:36.058+0000] {processor.py:836} INFO - DAG(s) dict_keys(['example_branch_dop_operator_v3']) retrieved from /home/airflow/.local/lib/python3.7/site-packages/airflow/example_dags/example_branch_python_dop_operator_3.py
[2023-08-29T02:59:36.077+0000] {logging_mixin.py:149} INFO - [2023-08-29T02:59:36.077+0000] {dag.py:2726} INFO - Sync 1 DAGs
[2023-08-29T02:59:36.101+0000] {logging_mixin.py:149} INFO - [2023-08-29T02:59:36.101+0000] {dag.py:3490} INFO - Setting next_dagrun for example_branch_dop_operator_v3 to 2023-08-29T02:58:00+00:00, run_after=2023-08-29T02:59:00+00:00
[2023-08-29T02:59:36.117+0000] {processor.py:179} INFO - Processing /home/airflow/.local/lib/python3.7/site-packages/airflow/example_dags/example_branch_python_dop_operator_3.py took 0.070 seconds
[2023-08-29T04:07:07.337+0000] {processor.py:157} INFO - Started process (PID=47) to work on /home/airflow/.local/lib/python3.7/site-packages/airflow/example_dags/example_branch_python_dop_operator_3.py
[2023-08-29T04:07:07.338+0000] {processor.py:826} INFO - Processing file /home/airflow/.local/lib/python3.7/site-packages/airflow/example_dags/example_branch_python_dop_operator_3.py for tasks to queue
[2023-08-29T04:07:07.339+0000] {logging_mixin.py:149} INFO - [2023-08-29T04:07:07.339+0000] {dagbag.py:541} INFO - Filling up the DagBag from /home/airflow/.local/lib/python3.7/site-packages/airflow/example_dags/example_branch_python_dop_operator_3.py
[2023-08-29T04:07:07.347+0000] {processor.py:836} INFO - DAG(s) dict_keys(['example_branch_dop_operator_v3']) retrieved from /home/airflow/.local/lib/python3.7/site-packages/airflow/example_dags/example_branch_python_dop_operator_3.py
[2023-08-29T04:07:07.360+0000] {logging_mixin.py:149} INFO - [2023-08-29T04:07:07.360+0000] {dag.py:2726} INFO - Sync 1 DAGs
[2023-08-29T04:07:07.402+0000] {logging_mixin.py:149} INFO - [2023-08-29T04:07:07.401+0000] {dag.py:3490} INFO - Setting next_dagrun for example_branch_dop_operator_v3 to 2023-08-29T04:06:00+00:00, run_after=2023-08-29T04:07:00+00:00
[2023-08-29T04:07:07.634+0000] {processor.py:179} INFO - Processing /home/airflow/.local/lib/python3.7/site-packages/airflow/example_dags/example_branch_python_dop_operator_3.py took 0.301 seconds
[2023-08-29T04:07:39.841+0000] {processor.py:157} INFO - Started process (PID=132) to work on /home/airflow/.local/lib/python3.7/site-packages/airflow/example_dags/example_branch_python_dop_operator_3.py
[2023-08-29T04:07:39.842+0000] {processor.py:826} INFO - Processing file /home/airflow/.local/lib/python3.7/site-packages/airflow/example_dags/example_branch_python_dop_operator_3.py for tasks to queue
[2023-08-29T04:07:39.843+0000] {logging_mixin.py:149} INFO - [2023-08-29T04:07:39.843+0000] {dagbag.py:541} INFO - Filling up the DagBag from /home/airflow/.local/lib/python3.7/site-packages/airflow/example_dags/example_branch_python_dop_operator_3.py
[2023-08-29T04:07:39.849+0000] {processor.py:836} INFO - DAG(s) dict_keys(['example_branch_dop_operator_v3']) retrieved from /home/airflow/.local/lib/python3.7/site-packages/airflow/example_dags/example_branch_python_dop_operator_3.py
[2023-08-29T04:07:39.870+0000] {logging_mixin.py:149} INFO - [2023-08-29T04:07:39.869+0000] {dag.py:2726} INFO - Sync 1 DAGs
[2023-08-29T04:07:39.896+0000] {logging_mixin.py:149} INFO - [2023-08-29T04:07:39.896+0000] {dag.py:3490} INFO - Setting next_dagrun for example_branch_dop_operator_v3 to 2023-08-29T04:06:00+00:00, run_after=2023-08-29T04:07:00+00:00
[2023-08-29T04:07:39.915+0000] {processor.py:179} INFO - Processing /home/airflow/.local/lib/python3.7/site-packages/airflow/example_dags/example_branch_python_dop_operator_3.py took 0.077 seconds
[2023-08-29T04:08:10.992+0000] {processor.py:157} INFO - Started process (PID=208) to work on /home/airflow/.local/lib/python3.7/site-packages/airflow/example_dags/example_branch_python_dop_operator_3.py
[2023-08-29T04:08:10.995+0000] {processor.py:826} INFO - Processing file /home/airflow/.local/lib/python3.7/site-packages/airflow/example_dags/example_branch_python_dop_operator_3.py for tasks to queue
[2023-08-29T04:08:10.997+0000] {logging_mixin.py:149} INFO - [2023-08-29T04:08:10.997+0000] {dagbag.py:541} INFO - Filling up the DagBag from /home/airflow/.local/lib/python3.7/site-packages/airflow/example_dags/example_branch_python_dop_operator_3.py
[2023-08-29T04:08:11.010+0000] {processor.py:836} INFO - DAG(s) dict_keys(['example_branch_dop_operator_v3']) retrieved from /home/airflow/.local/lib/python3.7/site-packages/airflow/example_dags/example_branch_python_dop_operator_3.py
[2023-08-29T04:08:11.048+0000] {logging_mixin.py:149} INFO - [2023-08-29T04:08:11.048+0000] {dag.py:2726} INFO - Sync 1 DAGs
[2023-08-29T04:08:11.097+0000] {logging_mixin.py:149} INFO - [2023-08-29T04:08:11.097+0000] {dag.py:3490} INFO - Setting next_dagrun for example_branch_dop_operator_v3 to 2023-08-29T04:07:00+00:00, run_after=2023-08-29T04:08:00+00:00
[2023-08-29T04:08:11.128+0000] {processor.py:179} INFO - Processing /home/airflow/.local/lib/python3.7/site-packages/airflow/example_dags/example_branch_python_dop_operator_3.py took 0.142 seconds
[2023-08-29T04:08:41.219+0000] {processor.py:157} INFO - Started process (PID=293) to work on /home/airflow/.local/lib/python3.7/site-packages/airflow/example_dags/example_branch_python_dop_operator_3.py
[2023-08-29T04:08:41.223+0000] {processor.py:826} INFO - Processing file /home/airflow/.local/lib/python3.7/site-packages/airflow/example_dags/example_branch_python_dop_operator_3.py for tasks to queue
[2023-08-29T04:08:41.225+0000] {logging_mixin.py:149} INFO - [2023-08-29T04:08:41.225+0000] {dagbag.py:541} INFO - Filling up the DagBag from /home/airflow/.local/lib/python3.7/site-packages/airflow/example_dags/example_branch_python_dop_operator_3.py
[2023-08-29T04:08:41.236+0000] {processor.py:836} INFO - DAG(s) dict_keys(['example_branch_dop_operator_v3']) retrieved from /home/airflow/.local/lib/python3.7/site-packages/airflow/example_dags/example_branch_python_dop_operator_3.py
[2023-08-29T04:08:41.259+0000] {logging_mixin.py:149} INFO - [2023-08-29T04:08:41.259+0000] {dag.py:2726} INFO - Sync 1 DAGs
[2023-08-29T04:08:41.286+0000] {logging_mixin.py:149} INFO - [2023-08-29T04:08:41.286+0000] {dag.py:3490} INFO - Setting next_dagrun for example_branch_dop_operator_v3 to 2023-08-29T04:07:00+00:00, run_after=2023-08-29T04:08:00+00:00
[2023-08-29T04:08:41.315+0000] {processor.py:179} INFO - Processing /home/airflow/.local/lib/python3.7/site-packages/airflow/example_dags/example_branch_python_dop_operator_3.py took 0.101 seconds
[2023-08-29T04:09:11.546+0000] {processor.py:157} INFO - Started process (PID=370) to work on /home/airflow/.local/lib/python3.7/site-packages/airflow/example_dags/example_branch_python_dop_operator_3.py
[2023-08-29T04:09:11.547+0000] {processor.py:826} INFO - Processing file /home/airflow/.local/lib/python3.7/site-packages/airflow/example_dags/example_branch_python_dop_operator_3.py for tasks to queue
[2023-08-29T04:09:11.548+0000] {logging_mixin.py:149} INFO - [2023-08-29T04:09:11.548+0000] {dagbag.py:541} INFO - Filling up the DagBag from /home/airflow/.local/lib/python3.7/site-packages/airflow/example_dags/example_branch_python_dop_operator_3.py
[2023-08-29T04:09:11.556+0000] {processor.py:836} INFO - DAG(s) dict_keys(['example_branch_dop_operator_v3']) retrieved from /home/airflow/.local/lib/python3.7/site-packages/airflow/example_dags/example_branch_python_dop_operator_3.py
[2023-08-29T04:09:11.581+0000] {logging_mixin.py:149} INFO - [2023-08-29T04:09:11.581+0000] {dag.py:2726} INFO - Sync 1 DAGs
[2023-08-29T04:09:11.605+0000] {logging_mixin.py:149} INFO - [2023-08-29T04:09:11.605+0000] {dag.py:3490} INFO - Setting next_dagrun for example_branch_dop_operator_v3 to 2023-08-29T04:08:00+00:00, run_after=2023-08-29T04:09:00+00:00
[2023-08-29T04:09:11.622+0000] {processor.py:179} INFO - Processing /home/airflow/.local/lib/python3.7/site-packages/airflow/example_dags/example_branch_python_dop_operator_3.py took 0.080 seconds
[2023-08-29T04:09:42.033+0000] {processor.py:157} INFO - Started process (PID=455) to work on /home/airflow/.local/lib/python3.7/site-packages/airflow/example_dags/example_branch_python_dop_operator_3.py
[2023-08-29T04:09:42.034+0000] {processor.py:826} INFO - Processing file /home/airflow/.local/lib/python3.7/site-packages/airflow/example_dags/example_branch_python_dop_operator_3.py for tasks to queue
[2023-08-29T04:09:42.035+0000] {logging_mixin.py:149} INFO - [2023-08-29T04:09:42.035+0000] {dagbag.py:541} INFO - Filling up the DagBag from /home/airflow/.local/lib/python3.7/site-packages/airflow/example_dags/example_branch_python_dop_operator_3.py
[2023-08-29T04:09:42.043+0000] {processor.py:836} INFO - DAG(s) dict_keys(['example_branch_dop_operator_v3']) retrieved from /home/airflow/.local/lib/python3.7/site-packages/airflow/example_dags/example_branch_python_dop_operator_3.py
[2023-08-29T04:09:42.071+0000] {logging_mixin.py:149} INFO - [2023-08-29T04:09:42.071+0000] {dag.py:2726} INFO - Sync 1 DAGs
[2023-08-29T04:09:42.107+0000] {logging_mixin.py:149} INFO - [2023-08-29T04:09:42.107+0000] {dag.py:3490} INFO - Setting next_dagrun for example_branch_dop_operator_v3 to 2023-08-29T04:08:00+00:00, run_after=2023-08-29T04:09:00+00:00
[2023-08-29T04:09:42.135+0000] {processor.py:179} INFO - Processing /home/airflow/.local/lib/python3.7/site-packages/airflow/example_dags/example_branch_python_dop_operator_3.py took 0.106 seconds
[2023-08-29T06:21:33.896+0000] {processor.py:157} INFO - Started process (PID=47) to work on /home/airflow/.local/lib/python3.7/site-packages/airflow/example_dags/example_branch_python_dop_operator_3.py
[2023-08-29T06:21:33.898+0000] {processor.py:826} INFO - Processing file /home/airflow/.local/lib/python3.7/site-packages/airflow/example_dags/example_branch_python_dop_operator_3.py for tasks to queue
[2023-08-29T06:21:33.899+0000] {logging_mixin.py:149} INFO - [2023-08-29T06:21:33.899+0000] {dagbag.py:541} INFO - Filling up the DagBag from /home/airflow/.local/lib/python3.7/site-packages/airflow/example_dags/example_branch_python_dop_operator_3.py
[2023-08-29T06:21:33.912+0000] {processor.py:836} INFO - DAG(s) dict_keys(['example_branch_dop_operator_v3']) retrieved from /home/airflow/.local/lib/python3.7/site-packages/airflow/example_dags/example_branch_python_dop_operator_3.py
[2023-08-29T06:21:33.932+0000] {logging_mixin.py:149} INFO - [2023-08-29T06:21:33.932+0000] {dag.py:2726} INFO - Sync 1 DAGs
[2023-08-29T06:21:33.988+0000] {logging_mixin.py:149} INFO - [2023-08-29T06:21:33.987+0000] {dag.py:3490} INFO - Setting next_dagrun for example_branch_dop_operator_v3 to 2023-08-29T06:20:00+00:00, run_after=2023-08-29T06:21:00+00:00
[2023-08-29T06:21:34.182+0000] {processor.py:179} INFO - Processing /home/airflow/.local/lib/python3.7/site-packages/airflow/example_dags/example_branch_python_dop_operator_3.py took 0.289 seconds
[2023-08-29T06:22:04.959+0000] {processor.py:157} INFO - Started process (PID=132) to work on /home/airflow/.local/lib/python3.7/site-packages/airflow/example_dags/example_branch_python_dop_operator_3.py
[2023-08-29T06:22:04.960+0000] {processor.py:826} INFO - Processing file /home/airflow/.local/lib/python3.7/site-packages/airflow/example_dags/example_branch_python_dop_operator_3.py for tasks to queue
[2023-08-29T06:22:04.961+0000] {logging_mixin.py:149} INFO - [2023-08-29T06:22:04.961+0000] {dagbag.py:541} INFO - Filling up the DagBag from /home/airflow/.local/lib/python3.7/site-packages/airflow/example_dags/example_branch_python_dop_operator_3.py
[2023-08-29T06:22:04.968+0000] {processor.py:836} INFO - DAG(s) dict_keys(['example_branch_dop_operator_v3']) retrieved from /home/airflow/.local/lib/python3.7/site-packages/airflow/example_dags/example_branch_python_dop_operator_3.py
[2023-08-29T06:22:04.988+0000] {logging_mixin.py:149} INFO - [2023-08-29T06:22:04.988+0000] {dag.py:2726} INFO - Sync 1 DAGs
[2023-08-29T06:22:05.014+0000] {logging_mixin.py:149} INFO - [2023-08-29T06:22:05.014+0000] {dag.py:3490} INFO - Setting next_dagrun for example_branch_dop_operator_v3 to 2023-08-29T06:21:00+00:00, run_after=2023-08-29T06:22:00+00:00
[2023-08-29T06:22:05.032+0000] {processor.py:179} INFO - Processing /home/airflow/.local/lib/python3.7/site-packages/airflow/example_dags/example_branch_python_dop_operator_3.py took 0.076 seconds
[2023-08-29T06:22:36.136+0000] {processor.py:157} INFO - Started process (PID=208) to work on /home/airflow/.local/lib/python3.7/site-packages/airflow/example_dags/example_branch_python_dop_operator_3.py
[2023-08-29T06:22:36.138+0000] {processor.py:826} INFO - Processing file /home/airflow/.local/lib/python3.7/site-packages/airflow/example_dags/example_branch_python_dop_operator_3.py for tasks to queue
[2023-08-29T06:22:36.140+0000] {logging_mixin.py:149} INFO - [2023-08-29T06:22:36.140+0000] {dagbag.py:541} INFO - Filling up the DagBag from /home/airflow/.local/lib/python3.7/site-packages/airflow/example_dags/example_branch_python_dop_operator_3.py
[2023-08-29T06:22:36.152+0000] {processor.py:836} INFO - DAG(s) dict_keys(['example_branch_dop_operator_v3']) retrieved from /home/airflow/.local/lib/python3.7/site-packages/airflow/example_dags/example_branch_python_dop_operator_3.py
[2023-08-29T06:22:36.181+0000] {logging_mixin.py:149} INFO - [2023-08-29T06:22:36.181+0000] {dag.py:2726} INFO - Sync 1 DAGs
[2023-08-29T06:22:36.217+0000] {logging_mixin.py:149} INFO - [2023-08-29T06:22:36.217+0000] {dag.py:3490} INFO - Setting next_dagrun for example_branch_dop_operator_v3 to 2023-08-29T06:21:00+00:00, run_after=2023-08-29T06:22:00+00:00
[2023-08-29T06:22:36.253+0000] {processor.py:179} INFO - Processing /home/airflow/.local/lib/python3.7/site-packages/airflow/example_dags/example_branch_python_dop_operator_3.py took 0.120 seconds
[2023-08-29T06:23:07.090+0000] {processor.py:157} INFO - Started process (PID=293) to work on /home/airflow/.local/lib/python3.7/site-packages/airflow/example_dags/example_branch_python_dop_operator_3.py
[2023-08-29T06:23:07.092+0000] {processor.py:826} INFO - Processing file /home/airflow/.local/lib/python3.7/site-packages/airflow/example_dags/example_branch_python_dop_operator_3.py for tasks to queue
[2023-08-29T06:23:07.093+0000] {logging_mixin.py:149} INFO - [2023-08-29T06:23:07.093+0000] {dagbag.py:541} INFO - Filling up the DagBag from /home/airflow/.local/lib/python3.7/site-packages/airflow/example_dags/example_branch_python_dop_operator_3.py
[2023-08-29T06:23:07.102+0000] {processor.py:836} INFO - DAG(s) dict_keys(['example_branch_dop_operator_v3']) retrieved from /home/airflow/.local/lib/python3.7/site-packages/airflow/example_dags/example_branch_python_dop_operator_3.py
[2023-08-29T06:23:07.131+0000] {logging_mixin.py:149} INFO - [2023-08-29T06:23:07.131+0000] {dag.py:2726} INFO - Sync 1 DAGs
[2023-08-29T06:23:07.158+0000] {logging_mixin.py:149} INFO - [2023-08-29T06:23:07.158+0000] {dag.py:3490} INFO - Setting next_dagrun for example_branch_dop_operator_v3 to 2023-08-29T06:22:00+00:00, run_after=2023-08-29T06:23:00+00:00
[2023-08-29T06:23:07.177+0000] {processor.py:179} INFO - Processing /home/airflow/.local/lib/python3.7/site-packages/airflow/example_dags/example_branch_python_dop_operator_3.py took 0.090 seconds
[2023-08-29T06:23:37.922+0000] {processor.py:157} INFO - Started process (PID=369) to work on /home/airflow/.local/lib/python3.7/site-packages/airflow/example_dags/example_branch_python_dop_operator_3.py
[2023-08-29T06:23:37.924+0000] {processor.py:826} INFO - Processing file /home/airflow/.local/lib/python3.7/site-packages/airflow/example_dags/example_branch_python_dop_operator_3.py for tasks to queue
[2023-08-29T06:23:37.925+0000] {logging_mixin.py:149} INFO - [2023-08-29T06:23:37.925+0000] {dagbag.py:541} INFO - Filling up the DagBag from /home/airflow/.local/lib/python3.7/site-packages/airflow/example_dags/example_branch_python_dop_operator_3.py
[2023-08-29T06:23:37.931+0000] {processor.py:836} INFO - DAG(s) dict_keys(['example_branch_dop_operator_v3']) retrieved from /home/airflow/.local/lib/python3.7/site-packages/airflow/example_dags/example_branch_python_dop_operator_3.py
[2023-08-29T06:23:37.952+0000] {logging_mixin.py:149} INFO - [2023-08-29T06:23:37.952+0000] {dag.py:2726} INFO - Sync 1 DAGs
[2023-08-29T06:23:37.976+0000] {logging_mixin.py:149} INFO - [2023-08-29T06:23:37.976+0000] {dag.py:3490} INFO - Setting next_dagrun for example_branch_dop_operator_v3 to 2023-08-29T06:22:00+00:00, run_after=2023-08-29T06:23:00+00:00
[2023-08-29T06:23:37.995+0000] {processor.py:179} INFO - Processing /home/airflow/.local/lib/python3.7/site-packages/airflow/example_dags/example_branch_python_dop_operator_3.py took 0.076 seconds
[2023-08-29T06:24:08.827+0000] {processor.py:157} INFO - Started process (PID=454) to work on /home/airflow/.local/lib/python3.7/site-packages/airflow/example_dags/example_branch_python_dop_operator_3.py
[2023-08-29T06:24:08.829+0000] {processor.py:826} INFO - Processing file /home/airflow/.local/lib/python3.7/site-packages/airflow/example_dags/example_branch_python_dop_operator_3.py for tasks to queue
[2023-08-29T06:24:08.833+0000] {logging_mixin.py:149} INFO - [2023-08-29T06:24:08.833+0000] {dagbag.py:541} INFO - Filling up the DagBag from /home/airflow/.local/lib/python3.7/site-packages/airflow/example_dags/example_branch_python_dop_operator_3.py
[2023-08-29T06:24:08.852+0000] {processor.py:836} INFO - DAG(s) dict_keys(['example_branch_dop_operator_v3']) retrieved from /home/airflow/.local/lib/python3.7/site-packages/airflow/example_dags/example_branch_python_dop_operator_3.py
[2023-08-29T06:24:08.887+0000] {logging_mixin.py:149} INFO - [2023-08-29T06:24:08.886+0000] {dag.py:2726} INFO - Sync 1 DAGs
[2023-08-29T06:24:08.920+0000] {logging_mixin.py:149} INFO - [2023-08-29T06:24:08.920+0000] {dag.py:3490} INFO - Setting next_dagrun for example_branch_dop_operator_v3 to 2023-08-29T06:23:00+00:00, run_after=2023-08-29T06:24:00+00:00
[2023-08-29T06:24:08.946+0000] {processor.py:179} INFO - Processing /home/airflow/.local/lib/python3.7/site-packages/airflow/example_dags/example_branch_python_dop_operator_3.py took 0.123 seconds
