[2023-08-29T02:59:11.229+0000] {processor.py:157} INFO - Started process (PID=81) to work on /home/airflow/.local/lib/python3.7/site-packages/airflow/example_dags/example_datasets.py
[2023-08-29T02:59:11.230+0000] {processor.py:826} INFO - Processing file /home/airflow/.local/lib/python3.7/site-packages/airflow/example_dags/example_datasets.py for tasks to queue
[2023-08-29T02:59:11.231+0000] {logging_mixin.py:149} INFO - [2023-08-29T02:59:11.231+0000] {dagbag.py:541} INFO - Filling up the DagBag from /home/airflow/.local/lib/python3.7/site-packages/airflow/example_dags/example_datasets.py
[2023-08-29T02:59:11.242+0000] {processor.py:836} INFO - DAG(s) dict_keys(['dataset_consumes_1_and_2', 'dataset_consumes_unknown_never_scheduled', 'dataset_consumes_1', 'dataset_produces_1', 'dataset_produces_2', 'dataset_consumes_1_never_scheduled']) retrieved from /home/airflow/.local/lib/python3.7/site-packages/airflow/example_dags/example_datasets.py
[2023-08-29T02:59:11.399+0000] {logging_mixin.py:149} INFO - [2023-08-29T02:59:11.399+0000] {manager.py:504} INFO - Created Permission View: can edit on DAG:dataset_consumes_1_and_2
[2023-08-29T02:59:11.412+0000] {logging_mixin.py:149} INFO - [2023-08-29T02:59:11.412+0000] {manager.py:504} INFO - Created Permission View: can read on DAG:dataset_consumes_1_and_2
[2023-08-29T02:59:11.420+0000] {logging_mixin.py:149} INFO - [2023-08-29T02:59:11.420+0000] {manager.py:504} INFO - Created Permission View: can delete on DAG:dataset_consumes_1_and_2
[2023-08-29T02:59:11.448+0000] {logging_mixin.py:149} INFO - [2023-08-29T02:59:11.448+0000] {manager.py:504} INFO - Created Permission View: can edit on DAG:dataset_consumes_unknown_never_scheduled
[2023-08-29T02:59:11.455+0000] {logging_mixin.py:149} INFO - [2023-08-29T02:59:11.454+0000] {manager.py:504} INFO - Created Permission View: can read on DAG:dataset_consumes_unknown_never_scheduled
[2023-08-29T02:59:11.462+0000] {logging_mixin.py:149} INFO - [2023-08-29T02:59:11.462+0000] {manager.py:504} INFO - Created Permission View: can delete on DAG:dataset_consumes_unknown_never_scheduled
[2023-08-29T02:59:11.485+0000] {logging_mixin.py:149} INFO - [2023-08-29T02:59:11.485+0000] {manager.py:504} INFO - Created Permission View: can edit on DAG:dataset_consumes_1
[2023-08-29T02:59:11.493+0000] {logging_mixin.py:149} INFO - [2023-08-29T02:59:11.492+0000] {manager.py:504} INFO - Created Permission View: can read on DAG:dataset_consumes_1
[2023-08-29T02:59:11.501+0000] {logging_mixin.py:149} INFO - [2023-08-29T02:59:11.500+0000] {manager.py:504} INFO - Created Permission View: can delete on DAG:dataset_consumes_1
[2023-08-29T02:59:11.524+0000] {logging_mixin.py:149} INFO - [2023-08-29T02:59:11.524+0000] {manager.py:504} INFO - Created Permission View: can edit on DAG:dataset_produces_1
[2023-08-29T02:59:11.535+0000] {logging_mixin.py:149} INFO - [2023-08-29T02:59:11.535+0000] {manager.py:504} INFO - Created Permission View: can read on DAG:dataset_produces_1
[2023-08-29T02:59:11.543+0000] {logging_mixin.py:149} INFO - [2023-08-29T02:59:11.543+0000] {manager.py:504} INFO - Created Permission View: can delete on DAG:dataset_produces_1
[2023-08-29T02:59:11.562+0000] {logging_mixin.py:149} INFO - [2023-08-29T02:59:11.562+0000] {manager.py:504} INFO - Created Permission View: can edit on DAG:dataset_produces_2
[2023-08-29T02:59:11.570+0000] {logging_mixin.py:149} INFO - [2023-08-29T02:59:11.570+0000] {manager.py:504} INFO - Created Permission View: can read on DAG:dataset_produces_2
[2023-08-29T02:59:11.580+0000] {logging_mixin.py:149} INFO - [2023-08-29T02:59:11.580+0000] {manager.py:504} INFO - Created Permission View: can delete on DAG:dataset_produces_2
[2023-08-29T02:59:11.602+0000] {logging_mixin.py:149} INFO - [2023-08-29T02:59:11.602+0000] {manager.py:504} INFO - Created Permission View: can edit on DAG:dataset_consumes_1_never_scheduled
[2023-08-29T02:59:11.611+0000] {logging_mixin.py:149} INFO - [2023-08-29T02:59:11.611+0000] {manager.py:504} INFO - Created Permission View: can read on DAG:dataset_consumes_1_never_scheduled
[2023-08-29T02:59:11.634+0000] {logging_mixin.py:149} INFO - [2023-08-29T02:59:11.634+0000] {manager.py:504} INFO - Created Permission View: can delete on DAG:dataset_consumes_1_never_scheduled
[2023-08-29T02:59:11.649+0000] {logging_mixin.py:149} INFO - [2023-08-29T02:59:11.649+0000] {dag.py:2726} INFO - Sync 6 DAGs
[2023-08-29T02:59:11.685+0000] {logging_mixin.py:149} INFO - [2023-08-29T02:59:11.684+0000] {dag.py:2747} INFO - Creating ORM DAG for dataset_consumes_1_and_2
[2023-08-29T02:59:11.691+0000] {logging_mixin.py:149} INFO - [2023-08-29T02:59:11.691+0000] {dag.py:2747} INFO - Creating ORM DAG for dataset_consumes_1_never_scheduled
[2023-08-29T02:59:11.694+0000] {logging_mixin.py:149} INFO - [2023-08-29T02:59:11.694+0000] {dag.py:2747} INFO - Creating ORM DAG for dataset_produces_2
[2023-08-29T02:59:11.696+0000] {logging_mixin.py:149} INFO - [2023-08-29T02:59:11.696+0000] {dag.py:2747} INFO - Creating ORM DAG for dataset_produces_1
[2023-08-29T02:59:11.699+0000] {logging_mixin.py:149} INFO - [2023-08-29T02:59:11.698+0000] {dag.py:2747} INFO - Creating ORM DAG for dataset_consumes_1
[2023-08-29T02:59:11.703+0000] {logging_mixin.py:149} INFO - [2023-08-29T02:59:11.703+0000] {dag.py:2747} INFO - Creating ORM DAG for dataset_consumes_unknown_never_scheduled
[2023-08-29T02:59:11.730+0000] {logging_mixin.py:149} INFO - [2023-08-29T02:59:11.730+0000] {dag.py:3490} INFO - Setting next_dagrun for dataset_consumes_1 to None, run_after=None
[2023-08-29T02:59:11.731+0000] {logging_mixin.py:149} INFO - [2023-08-29T02:59:11.731+0000] {dag.py:3490} INFO - Setting next_dagrun for dataset_consumes_1_and_2 to None, run_after=None
[2023-08-29T02:59:11.732+0000] {logging_mixin.py:149} INFO - [2023-08-29T02:59:11.732+0000] {dag.py:3490} INFO - Setting next_dagrun for dataset_consumes_1_never_scheduled to None, run_after=None
[2023-08-29T02:59:11.733+0000] {logging_mixin.py:149} INFO - [2023-08-29T02:59:11.733+0000] {dag.py:3490} INFO - Setting next_dagrun for dataset_consumes_unknown_never_scheduled to None, run_after=None
[2023-08-29T02:59:11.735+0000] {logging_mixin.py:149} INFO - [2023-08-29T02:59:11.735+0000] {dag.py:3490} INFO - Setting next_dagrun for dataset_produces_1 to 2023-08-28T00:00:00+00:00, run_after=2023-08-29T00:00:00+00:00
[2023-08-29T02:59:11.736+0000] {logging_mixin.py:149} INFO - [2023-08-29T02:59:11.736+0000] {dag.py:3490} INFO - Setting next_dagrun for dataset_produces_2 to None, run_after=None
[2023-08-29T02:59:11.787+0000] {processor.py:179} INFO - Processing /home/airflow/.local/lib/python3.7/site-packages/airflow/example_dags/example_datasets.py took 0.561 seconds
[2023-08-29T02:59:42.699+0000] {processor.py:157} INFO - Started process (PID=167) to work on /home/airflow/.local/lib/python3.7/site-packages/airflow/example_dags/example_datasets.py
[2023-08-29T02:59:42.700+0000] {processor.py:826} INFO - Processing file /home/airflow/.local/lib/python3.7/site-packages/airflow/example_dags/example_datasets.py for tasks to queue
[2023-08-29T02:59:42.701+0000] {logging_mixin.py:149} INFO - [2023-08-29T02:59:42.701+0000] {dagbag.py:541} INFO - Filling up the DagBag from /home/airflow/.local/lib/python3.7/site-packages/airflow/example_dags/example_datasets.py
[2023-08-29T02:59:42.714+0000] {processor.py:836} INFO - DAG(s) dict_keys(['dataset_produces_2', 'dataset_consumes_1_never_scheduled', 'dataset_produces_1', 'dataset_consumes_1', 'dataset_consumes_unknown_never_scheduled', 'dataset_consumes_1_and_2']) retrieved from /home/airflow/.local/lib/python3.7/site-packages/airflow/example_dags/example_datasets.py
[2023-08-29T02:59:42.766+0000] {logging_mixin.py:149} INFO - [2023-08-29T02:59:42.765+0000] {dag.py:2726} INFO - Sync 6 DAGs
[2023-08-29T02:59:42.802+0000] {logging_mixin.py:149} INFO - [2023-08-29T02:59:42.802+0000] {dag.py:3490} INFO - Setting next_dagrun for dataset_consumes_1 to None, run_after=None
[2023-08-29T02:59:42.806+0000] {logging_mixin.py:149} INFO - [2023-08-29T02:59:42.806+0000] {dag.py:3490} INFO - Setting next_dagrun for dataset_consumes_1_and_2 to None, run_after=None
[2023-08-29T02:59:42.808+0000] {logging_mixin.py:149} INFO - [2023-08-29T02:59:42.808+0000] {dag.py:3490} INFO - Setting next_dagrun for dataset_consumes_1_never_scheduled to None, run_after=None
[2023-08-29T02:59:42.812+0000] {logging_mixin.py:149} INFO - [2023-08-29T02:59:42.812+0000] {dag.py:3490} INFO - Setting next_dagrun for dataset_consumes_unknown_never_scheduled to None, run_after=None
[2023-08-29T02:59:42.817+0000] {logging_mixin.py:149} INFO - [2023-08-29T02:59:42.817+0000] {dag.py:3490} INFO - Setting next_dagrun for dataset_produces_1 to 2023-08-28T00:00:00+00:00, run_after=2023-08-29T00:00:00+00:00
[2023-08-29T02:59:42.819+0000] {logging_mixin.py:149} INFO - [2023-08-29T02:59:42.819+0000] {dag.py:3490} INFO - Setting next_dagrun for dataset_produces_2 to None, run_after=None
[2023-08-29T02:59:42.875+0000] {processor.py:179} INFO - Processing /home/airflow/.local/lib/python3.7/site-packages/airflow/example_dags/example_datasets.py took 0.181 seconds
[2023-08-29T04:07:12.368+0000] {processor.py:157} INFO - Started process (PID=80) to work on /home/airflow/.local/lib/python3.7/site-packages/airflow/example_dags/example_datasets.py
[2023-08-29T04:07:12.370+0000] {processor.py:826} INFO - Processing file /home/airflow/.local/lib/python3.7/site-packages/airflow/example_dags/example_datasets.py for tasks to queue
[2023-08-29T04:07:12.372+0000] {logging_mixin.py:149} INFO - [2023-08-29T04:07:12.372+0000] {dagbag.py:541} INFO - Filling up the DagBag from /home/airflow/.local/lib/python3.7/site-packages/airflow/example_dags/example_datasets.py
[2023-08-29T04:07:12.383+0000] {processor.py:836} INFO - DAG(s) dict_keys(['dataset_consumes_1', 'dataset_produces_1', 'dataset_consumes_1_never_scheduled', 'dataset_produces_2', 'dataset_consumes_1_and_2', 'dataset_consumes_unknown_never_scheduled']) retrieved from /home/airflow/.local/lib/python3.7/site-packages/airflow/example_dags/example_datasets.py
[2023-08-29T04:07:12.409+0000] {logging_mixin.py:149} INFO - [2023-08-29T04:07:12.409+0000] {dag.py:2726} INFO - Sync 6 DAGs
[2023-08-29T04:07:12.650+0000] {logging_mixin.py:149} INFO - [2023-08-29T04:07:12.650+0000] {dag.py:3490} INFO - Setting next_dagrun for dataset_consumes_1 to None, run_after=None
[2023-08-29T04:07:12.659+0000] {logging_mixin.py:149} INFO - [2023-08-29T04:07:12.659+0000] {dag.py:3490} INFO - Setting next_dagrun for dataset_consumes_1_and_2 to None, run_after=None
[2023-08-29T04:07:12.662+0000] {logging_mixin.py:149} INFO - [2023-08-29T04:07:12.661+0000] {dag.py:3490} INFO - Setting next_dagrun for dataset_consumes_1_never_scheduled to None, run_after=None
[2023-08-29T04:07:12.665+0000] {logging_mixin.py:149} INFO - [2023-08-29T04:07:12.664+0000] {dag.py:3490} INFO - Setting next_dagrun for dataset_consumes_unknown_never_scheduled to None, run_after=None
[2023-08-29T04:07:12.673+0000] {logging_mixin.py:149} INFO - [2023-08-29T04:07:12.673+0000] {dag.py:3490} INFO - Setting next_dagrun for dataset_produces_1 to 2023-08-28T00:00:00+00:00, run_after=2023-08-29T00:00:00+00:00
[2023-08-29T04:07:12.677+0000] {logging_mixin.py:149} INFO - [2023-08-29T04:07:12.677+0000] {dag.py:3490} INFO - Setting next_dagrun for dataset_produces_2 to None, run_after=None
[2023-08-29T04:07:12.760+0000] {processor.py:179} INFO - Processing /home/airflow/.local/lib/python3.7/site-packages/airflow/example_dags/example_datasets.py took 0.395 seconds
[2023-08-29T04:07:43.268+0000] {processor.py:157} INFO - Started process (PID=156) to work on /home/airflow/.local/lib/python3.7/site-packages/airflow/example_dags/example_datasets.py
[2023-08-29T04:07:43.269+0000] {processor.py:826} INFO - Processing file /home/airflow/.local/lib/python3.7/site-packages/airflow/example_dags/example_datasets.py for tasks to queue
[2023-08-29T04:07:43.270+0000] {logging_mixin.py:149} INFO - [2023-08-29T04:07:43.270+0000] {dagbag.py:541} INFO - Filling up the DagBag from /home/airflow/.local/lib/python3.7/site-packages/airflow/example_dags/example_datasets.py
[2023-08-29T04:07:43.280+0000] {processor.py:836} INFO - DAG(s) dict_keys(['dataset_produces_2', 'dataset_produces_1', 'dataset_consumes_1_and_2', 'dataset_consumes_unknown_never_scheduled', 'dataset_consumes_1_never_scheduled', 'dataset_consumes_1']) retrieved from /home/airflow/.local/lib/python3.7/site-packages/airflow/example_dags/example_datasets.py
[2023-08-29T04:07:43.464+0000] {logging_mixin.py:149} INFO - [2023-08-29T04:07:43.464+0000] {dag.py:2726} INFO - Sync 6 DAGs
[2023-08-29T04:07:43.486+0000] {logging_mixin.py:149} INFO - [2023-08-29T04:07:43.486+0000] {dag.py:3490} INFO - Setting next_dagrun for dataset_consumes_1 to None, run_after=None
[2023-08-29T04:07:43.490+0000] {logging_mixin.py:149} INFO - [2023-08-29T04:07:43.490+0000] {dag.py:3490} INFO - Setting next_dagrun for dataset_consumes_1_and_2 to None, run_after=None
[2023-08-29T04:07:43.493+0000] {logging_mixin.py:149} INFO - [2023-08-29T04:07:43.493+0000] {dag.py:3490} INFO - Setting next_dagrun for dataset_consumes_1_never_scheduled to None, run_after=None
[2023-08-29T04:07:43.494+0000] {logging_mixin.py:149} INFO - [2023-08-29T04:07:43.494+0000] {dag.py:3490} INFO - Setting next_dagrun for dataset_consumes_unknown_never_scheduled to None, run_after=None
[2023-08-29T04:07:43.497+0000] {logging_mixin.py:149} INFO - [2023-08-29T04:07:43.497+0000] {dag.py:3490} INFO - Setting next_dagrun for dataset_produces_1 to 2023-08-28T00:00:00+00:00, run_after=2023-08-29T00:00:00+00:00
[2023-08-29T04:07:43.498+0000] {logging_mixin.py:149} INFO - [2023-08-29T04:07:43.498+0000] {dag.py:3490} INFO - Setting next_dagrun for dataset_produces_2 to None, run_after=None
[2023-08-29T04:07:43.530+0000] {processor.py:179} INFO - Processing /home/airflow/.local/lib/python3.7/site-packages/airflow/example_dags/example_datasets.py took 0.265 seconds
[2023-08-29T04:08:13.919+0000] {processor.py:157} INFO - Started process (PID=239) to work on /home/airflow/.local/lib/python3.7/site-packages/airflow/example_dags/example_datasets.py
[2023-08-29T04:08:13.923+0000] {processor.py:826} INFO - Processing file /home/airflow/.local/lib/python3.7/site-packages/airflow/example_dags/example_datasets.py for tasks to queue
[2023-08-29T04:08:13.926+0000] {logging_mixin.py:149} INFO - [2023-08-29T04:08:13.925+0000] {dagbag.py:541} INFO - Filling up the DagBag from /home/airflow/.local/lib/python3.7/site-packages/airflow/example_dags/example_datasets.py
[2023-08-29T04:08:13.943+0000] {processor.py:836} INFO - DAG(s) dict_keys(['dataset_consumes_1_never_scheduled', 'dataset_consumes_1_and_2', 'dataset_produces_2', 'dataset_consumes_1', 'dataset_produces_1', 'dataset_consumes_unknown_never_scheduled']) retrieved from /home/airflow/.local/lib/python3.7/site-packages/airflow/example_dags/example_datasets.py
[2023-08-29T04:08:14.026+0000] {logging_mixin.py:149} INFO - [2023-08-29T04:08:14.026+0000] {dag.py:2726} INFO - Sync 6 DAGs
[2023-08-29T04:08:14.074+0000] {logging_mixin.py:149} INFO - [2023-08-29T04:08:14.073+0000] {dag.py:3490} INFO - Setting next_dagrun for dataset_consumes_1 to None, run_after=None
[2023-08-29T04:08:14.079+0000] {logging_mixin.py:149} INFO - [2023-08-29T04:08:14.078+0000] {dag.py:3490} INFO - Setting next_dagrun for dataset_consumes_1_and_2 to None, run_after=None
[2023-08-29T04:08:14.081+0000] {logging_mixin.py:149} INFO - [2023-08-29T04:08:14.080+0000] {dag.py:3490} INFO - Setting next_dagrun for dataset_consumes_1_never_scheduled to None, run_after=None
[2023-08-29T04:08:14.083+0000] {logging_mixin.py:149} INFO - [2023-08-29T04:08:14.083+0000] {dag.py:3490} INFO - Setting next_dagrun for dataset_consumes_unknown_never_scheduled to None, run_after=None
[2023-08-29T04:08:14.090+0000] {logging_mixin.py:149} INFO - [2023-08-29T04:08:14.089+0000] {dag.py:3490} INFO - Setting next_dagrun for dataset_produces_1 to 2023-08-28T00:00:00+00:00, run_after=2023-08-29T00:00:00+00:00
[2023-08-29T04:08:14.092+0000] {logging_mixin.py:149} INFO - [2023-08-29T04:08:14.092+0000] {dag.py:3490} INFO - Setting next_dagrun for dataset_produces_2 to None, run_after=None
[2023-08-29T04:08:14.160+0000] {processor.py:179} INFO - Processing /home/airflow/.local/lib/python3.7/site-packages/airflow/example_dags/example_datasets.py took 0.248 seconds
[2023-08-29T04:08:44.265+0000] {processor.py:157} INFO - Started process (PID=320) to work on /home/airflow/.local/lib/python3.7/site-packages/airflow/example_dags/example_datasets.py
[2023-08-29T04:08:44.266+0000] {processor.py:826} INFO - Processing file /home/airflow/.local/lib/python3.7/site-packages/airflow/example_dags/example_datasets.py for tasks to queue
[2023-08-29T04:08:44.267+0000] {logging_mixin.py:149} INFO - [2023-08-29T04:08:44.267+0000] {dagbag.py:541} INFO - Filling up the DagBag from /home/airflow/.local/lib/python3.7/site-packages/airflow/example_dags/example_datasets.py
[2023-08-29T04:08:44.279+0000] {processor.py:836} INFO - DAG(s) dict_keys(['dataset_consumes_unknown_never_scheduled', 'dataset_consumes_1_never_scheduled', 'dataset_consumes_1', 'dataset_consumes_1_and_2', 'dataset_produces_1', 'dataset_produces_2']) retrieved from /home/airflow/.local/lib/python3.7/site-packages/airflow/example_dags/example_datasets.py
[2023-08-29T04:08:44.319+0000] {logging_mixin.py:149} INFO - [2023-08-29T04:08:44.319+0000] {dag.py:2726} INFO - Sync 6 DAGs
[2023-08-29T04:08:44.343+0000] {logging_mixin.py:149} INFO - [2023-08-29T04:08:44.343+0000] {dag.py:3490} INFO - Setting next_dagrun for dataset_consumes_1 to None, run_after=None
[2023-08-29T04:08:44.347+0000] {logging_mixin.py:149} INFO - [2023-08-29T04:08:44.347+0000] {dag.py:3490} INFO - Setting next_dagrun for dataset_consumes_1_and_2 to None, run_after=None
[2023-08-29T04:08:44.348+0000] {logging_mixin.py:149} INFO - [2023-08-29T04:08:44.348+0000] {dag.py:3490} INFO - Setting next_dagrun for dataset_consumes_1_never_scheduled to None, run_after=None
[2023-08-29T04:08:44.350+0000] {logging_mixin.py:149} INFO - [2023-08-29T04:08:44.350+0000] {dag.py:3490} INFO - Setting next_dagrun for dataset_consumes_unknown_never_scheduled to None, run_after=None
[2023-08-29T04:08:44.352+0000] {logging_mixin.py:149} INFO - [2023-08-29T04:08:44.352+0000] {dag.py:3490} INFO - Setting next_dagrun for dataset_produces_1 to 2023-08-28T00:00:00+00:00, run_after=2023-08-29T00:00:00+00:00
[2023-08-29T04:08:44.354+0000] {logging_mixin.py:149} INFO - [2023-08-29T04:08:44.354+0000] {dag.py:3490} INFO - Setting next_dagrun for dataset_produces_2 to None, run_after=None
[2023-08-29T04:08:44.384+0000] {processor.py:179} INFO - Processing /home/airflow/.local/lib/python3.7/site-packages/airflow/example_dags/example_datasets.py took 0.122 seconds
[2023-08-29T04:09:15.103+0000] {processor.py:157} INFO - Started process (PID=401) to work on /home/airflow/.local/lib/python3.7/site-packages/airflow/example_dags/example_datasets.py
[2023-08-29T04:09:15.105+0000] {processor.py:826} INFO - Processing file /home/airflow/.local/lib/python3.7/site-packages/airflow/example_dags/example_datasets.py for tasks to queue
[2023-08-29T04:09:15.106+0000] {logging_mixin.py:149} INFO - [2023-08-29T04:09:15.106+0000] {dagbag.py:541} INFO - Filling up the DagBag from /home/airflow/.local/lib/python3.7/site-packages/airflow/example_dags/example_datasets.py
[2023-08-29T04:09:15.114+0000] {processor.py:836} INFO - DAG(s) dict_keys(['dataset_consumes_unknown_never_scheduled', 'dataset_produces_1', 'dataset_produces_2', 'dataset_consumes_1', 'dataset_consumes_1_and_2', 'dataset_consumes_1_never_scheduled']) retrieved from /home/airflow/.local/lib/python3.7/site-packages/airflow/example_dags/example_datasets.py
[2023-08-29T04:09:15.170+0000] {logging_mixin.py:149} INFO - [2023-08-29T04:09:15.170+0000] {dag.py:2726} INFO - Sync 6 DAGs
[2023-08-29T04:09:15.201+0000] {logging_mixin.py:149} INFO - [2023-08-29T04:09:15.201+0000] {dag.py:3490} INFO - Setting next_dagrun for dataset_consumes_1 to None, run_after=None
[2023-08-29T04:09:15.209+0000] {logging_mixin.py:149} INFO - [2023-08-29T04:09:15.209+0000] {dag.py:3490} INFO - Setting next_dagrun for dataset_consumes_1_and_2 to None, run_after=None
[2023-08-29T04:09:15.212+0000] {logging_mixin.py:149} INFO - [2023-08-29T04:09:15.212+0000] {dag.py:3490} INFO - Setting next_dagrun for dataset_consumes_1_never_scheduled to None, run_after=None
[2023-08-29T04:09:15.215+0000] {logging_mixin.py:149} INFO - [2023-08-29T04:09:15.215+0000] {dag.py:3490} INFO - Setting next_dagrun for dataset_consumes_unknown_never_scheduled to None, run_after=None
[2023-08-29T04:09:15.219+0000] {logging_mixin.py:149} INFO - [2023-08-29T04:09:15.219+0000] {dag.py:3490} INFO - Setting next_dagrun for dataset_produces_1 to 2023-08-28T00:00:00+00:00, run_after=2023-08-29T00:00:00+00:00
[2023-08-29T04:09:15.224+0000] {logging_mixin.py:149} INFO - [2023-08-29T04:09:15.224+0000] {dag.py:3490} INFO - Setting next_dagrun for dataset_produces_2 to None, run_after=None
[2023-08-29T04:09:15.285+0000] {processor.py:179} INFO - Processing /home/airflow/.local/lib/python3.7/site-packages/airflow/example_dags/example_datasets.py took 0.185 seconds
[2023-08-29T04:09:45.507+0000] {processor.py:157} INFO - Started process (PID=479) to work on /home/airflow/.local/lib/python3.7/site-packages/airflow/example_dags/example_datasets.py
[2023-08-29T04:09:45.508+0000] {processor.py:826} INFO - Processing file /home/airflow/.local/lib/python3.7/site-packages/airflow/example_dags/example_datasets.py for tasks to queue
[2023-08-29T04:09:45.509+0000] {logging_mixin.py:149} INFO - [2023-08-29T04:09:45.509+0000] {dagbag.py:541} INFO - Filling up the DagBag from /home/airflow/.local/lib/python3.7/site-packages/airflow/example_dags/example_datasets.py
[2023-08-29T04:09:45.517+0000] {processor.py:836} INFO - DAG(s) dict_keys(['dataset_consumes_unknown_never_scheduled', 'dataset_consumes_1_never_scheduled', 'dataset_produces_1', 'dataset_consumes_1', 'dataset_consumes_1_and_2', 'dataset_produces_2']) retrieved from /home/airflow/.local/lib/python3.7/site-packages/airflow/example_dags/example_datasets.py
[2023-08-29T04:09:45.572+0000] {logging_mixin.py:149} INFO - [2023-08-29T04:09:45.571+0000] {dag.py:2726} INFO - Sync 6 DAGs
[2023-08-29T04:09:45.595+0000] {logging_mixin.py:149} INFO - [2023-08-29T04:09:45.595+0000] {dag.py:3490} INFO - Setting next_dagrun for dataset_consumes_1 to None, run_after=None
[2023-08-29T04:09:45.598+0000] {logging_mixin.py:149} INFO - [2023-08-29T04:09:45.598+0000] {dag.py:3490} INFO - Setting next_dagrun for dataset_consumes_1_and_2 to None, run_after=None
[2023-08-29T04:09:45.599+0000] {logging_mixin.py:149} INFO - [2023-08-29T04:09:45.599+0000] {dag.py:3490} INFO - Setting next_dagrun for dataset_consumes_1_never_scheduled to None, run_after=None
[2023-08-29T04:09:45.601+0000] {logging_mixin.py:149} INFO - [2023-08-29T04:09:45.601+0000] {dag.py:3490} INFO - Setting next_dagrun for dataset_consumes_unknown_never_scheduled to None, run_after=None
[2023-08-29T04:09:45.603+0000] {logging_mixin.py:149} INFO - [2023-08-29T04:09:45.603+0000] {dag.py:3490} INFO - Setting next_dagrun for dataset_produces_1 to 2023-08-28T00:00:00+00:00, run_after=2023-08-29T00:00:00+00:00
[2023-08-29T04:09:45.605+0000] {logging_mixin.py:149} INFO - [2023-08-29T04:09:45.605+0000] {dag.py:3490} INFO - Setting next_dagrun for dataset_produces_2 to None, run_after=None
[2023-08-29T04:09:45.635+0000] {processor.py:179} INFO - Processing /home/airflow/.local/lib/python3.7/site-packages/airflow/example_dags/example_datasets.py took 0.130 seconds
[2023-08-29T06:21:38.256+0000] {processor.py:157} INFO - Started process (PID=80) to work on /home/airflow/.local/lib/python3.7/site-packages/airflow/example_dags/example_datasets.py
[2023-08-29T06:21:38.258+0000] {processor.py:826} INFO - Processing file /home/airflow/.local/lib/python3.7/site-packages/airflow/example_dags/example_datasets.py for tasks to queue
[2023-08-29T06:21:38.259+0000] {logging_mixin.py:149} INFO - [2023-08-29T06:21:38.259+0000] {dagbag.py:541} INFO - Filling up the DagBag from /home/airflow/.local/lib/python3.7/site-packages/airflow/example_dags/example_datasets.py
[2023-08-29T06:21:38.274+0000] {processor.py:836} INFO - DAG(s) dict_keys(['dataset_consumes_1_and_2', 'dataset_produces_1', 'dataset_consumes_1_never_scheduled', 'dataset_consumes_1', 'dataset_consumes_unknown_never_scheduled', 'dataset_produces_2']) retrieved from /home/airflow/.local/lib/python3.7/site-packages/airflow/example_dags/example_datasets.py
[2023-08-29T06:21:38.295+0000] {logging_mixin.py:149} INFO - [2023-08-29T06:21:38.295+0000] {dag.py:2726} INFO - Sync 6 DAGs
[2023-08-29T06:21:38.536+0000] {logging_mixin.py:149} INFO - [2023-08-29T06:21:38.536+0000] {dag.py:3490} INFO - Setting next_dagrun for dataset_consumes_1 to None, run_after=None
[2023-08-29T06:21:38.543+0000] {logging_mixin.py:149} INFO - [2023-08-29T06:21:38.543+0000] {dag.py:3490} INFO - Setting next_dagrun for dataset_consumes_1_and_2 to None, run_after=None
[2023-08-29T06:21:38.545+0000] {logging_mixin.py:149} INFO - [2023-08-29T06:21:38.545+0000] {dag.py:3490} INFO - Setting next_dagrun for dataset_consumes_1_never_scheduled to None, run_after=None
[2023-08-29T06:21:38.565+0000] {logging_mixin.py:149} INFO - [2023-08-29T06:21:38.560+0000] {dag.py:3490} INFO - Setting next_dagrun for dataset_consumes_unknown_never_scheduled to None, run_after=None
[2023-08-29T06:21:38.588+0000] {logging_mixin.py:149} INFO - [2023-08-29T06:21:38.588+0000] {dag.py:3490} INFO - Setting next_dagrun for dataset_produces_1 to 2023-08-28T00:00:00+00:00, run_after=2023-08-29T00:00:00+00:00
[2023-08-29T06:21:38.590+0000] {logging_mixin.py:149} INFO - [2023-08-29T06:21:38.590+0000] {dag.py:3490} INFO - Setting next_dagrun for dataset_produces_2 to None, run_after=None
[2023-08-29T06:21:38.634+0000] {processor.py:179} INFO - Processing /home/airflow/.local/lib/python3.7/site-packages/airflow/example_dags/example_datasets.py took 0.382 seconds
[2023-08-29T06:22:09.509+0000] {processor.py:157} INFO - Started process (PID=157) to work on /home/airflow/.local/lib/python3.7/site-packages/airflow/example_dags/example_datasets.py
[2023-08-29T06:22:09.510+0000] {processor.py:826} INFO - Processing file /home/airflow/.local/lib/python3.7/site-packages/airflow/example_dags/example_datasets.py for tasks to queue
[2023-08-29T06:22:09.511+0000] {logging_mixin.py:149} INFO - [2023-08-29T06:22:09.511+0000] {dagbag.py:541} INFO - Filling up the DagBag from /home/airflow/.local/lib/python3.7/site-packages/airflow/example_dags/example_datasets.py
[2023-08-29T06:22:09.518+0000] {processor.py:836} INFO - DAG(s) dict_keys(['dataset_consumes_1_and_2', 'dataset_consumes_1_never_scheduled', 'dataset_consumes_unknown_never_scheduled', 'dataset_produces_2', 'dataset_produces_1', 'dataset_consumes_1']) retrieved from /home/airflow/.local/lib/python3.7/site-packages/airflow/example_dags/example_datasets.py
[2023-08-29T06:22:09.697+0000] {logging_mixin.py:149} INFO - [2023-08-29T06:22:09.697+0000] {dag.py:2726} INFO - Sync 6 DAGs
[2023-08-29T06:22:09.721+0000] {logging_mixin.py:149} INFO - [2023-08-29T06:22:09.720+0000] {dag.py:3490} INFO - Setting next_dagrun for dataset_consumes_1 to None, run_after=None
[2023-08-29T06:22:09.724+0000] {logging_mixin.py:149} INFO - [2023-08-29T06:22:09.723+0000] {dag.py:3490} INFO - Setting next_dagrun for dataset_consumes_1_and_2 to None, run_after=None
[2023-08-29T06:22:09.726+0000] {logging_mixin.py:149} INFO - [2023-08-29T06:22:09.725+0000] {dag.py:3490} INFO - Setting next_dagrun for dataset_consumes_1_never_scheduled to None, run_after=None
[2023-08-29T06:22:09.727+0000] {logging_mixin.py:149} INFO - [2023-08-29T06:22:09.727+0000] {dag.py:3490} INFO - Setting next_dagrun for dataset_consumes_unknown_never_scheduled to None, run_after=None
[2023-08-29T06:22:09.731+0000] {logging_mixin.py:149} INFO - [2023-08-29T06:22:09.730+0000] {dag.py:3490} INFO - Setting next_dagrun for dataset_produces_1 to 2023-08-28T00:00:00+00:00, run_after=2023-08-29T00:00:00+00:00
[2023-08-29T06:22:09.733+0000] {logging_mixin.py:149} INFO - [2023-08-29T06:22:09.733+0000] {dag.py:3490} INFO - Setting next_dagrun for dataset_produces_2 to None, run_after=None
[2023-08-29T06:22:09.770+0000] {processor.py:179} INFO - Processing /home/airflow/.local/lib/python3.7/site-packages/airflow/example_dags/example_datasets.py took 0.264 seconds
[2023-08-29T06:22:39.864+0000] {processor.py:157} INFO - Started process (PID=242) to work on /home/airflow/.local/lib/python3.7/site-packages/airflow/example_dags/example_datasets.py
[2023-08-29T06:22:39.866+0000] {processor.py:826} INFO - Processing file /home/airflow/.local/lib/python3.7/site-packages/airflow/example_dags/example_datasets.py for tasks to queue
[2023-08-29T06:22:39.868+0000] {logging_mixin.py:149} INFO - [2023-08-29T06:22:39.867+0000] {dagbag.py:541} INFO - Filling up the DagBag from /home/airflow/.local/lib/python3.7/site-packages/airflow/example_dags/example_datasets.py
[2023-08-29T06:22:39.889+0000] {processor.py:836} INFO - DAG(s) dict_keys(['dataset_produces_1', 'dataset_consumes_1_and_2', 'dataset_produces_2', 'dataset_consumes_unknown_never_scheduled', 'dataset_consumes_1_never_scheduled', 'dataset_consumes_1']) retrieved from /home/airflow/.local/lib/python3.7/site-packages/airflow/example_dags/example_datasets.py
[2023-08-29T06:22:40.008+0000] {logging_mixin.py:149} INFO - [2023-08-29T06:22:40.007+0000] {dag.py:2726} INFO - Sync 6 DAGs
[2023-08-29T06:22:40.056+0000] {logging_mixin.py:149} INFO - [2023-08-29T06:22:40.055+0000] {dag.py:3490} INFO - Setting next_dagrun for dataset_consumes_1 to None, run_after=None
[2023-08-29T06:22:40.062+0000] {logging_mixin.py:149} INFO - [2023-08-29T06:22:40.062+0000] {dag.py:3490} INFO - Setting next_dagrun for dataset_consumes_1_and_2 to None, run_after=None
[2023-08-29T06:22:40.065+0000] {logging_mixin.py:149} INFO - [2023-08-29T06:22:40.064+0000] {dag.py:3490} INFO - Setting next_dagrun for dataset_consumes_1_never_scheduled to None, run_after=None
[2023-08-29T06:22:40.067+0000] {logging_mixin.py:149} INFO - [2023-08-29T06:22:40.067+0000] {dag.py:3490} INFO - Setting next_dagrun for dataset_consumes_unknown_never_scheduled to None, run_after=None
[2023-08-29T06:22:40.077+0000] {logging_mixin.py:149} INFO - [2023-08-29T06:22:40.076+0000] {dag.py:3490} INFO - Setting next_dagrun for dataset_produces_1 to 2023-08-28T00:00:00+00:00, run_after=2023-08-29T00:00:00+00:00
[2023-08-29T06:22:40.079+0000] {logging_mixin.py:149} INFO - [2023-08-29T06:22:40.078+0000] {dag.py:3490} INFO - Setting next_dagrun for dataset_produces_2 to None, run_after=None
[2023-08-29T06:22:40.149+0000] {processor.py:179} INFO - Processing /home/airflow/.local/lib/python3.7/site-packages/airflow/example_dags/example_datasets.py took 0.293 seconds
[2023-08-29T06:23:10.592+0000] {processor.py:157} INFO - Started process (PID=318) to work on /home/airflow/.local/lib/python3.7/site-packages/airflow/example_dags/example_datasets.py
[2023-08-29T06:23:10.593+0000] {processor.py:826} INFO - Processing file /home/airflow/.local/lib/python3.7/site-packages/airflow/example_dags/example_datasets.py for tasks to queue
[2023-08-29T06:23:10.594+0000] {logging_mixin.py:149} INFO - [2023-08-29T06:23:10.594+0000] {dagbag.py:541} INFO - Filling up the DagBag from /home/airflow/.local/lib/python3.7/site-packages/airflow/example_dags/example_datasets.py
[2023-08-29T06:23:10.605+0000] {processor.py:836} INFO - DAG(s) dict_keys(['dataset_consumes_1_and_2', 'dataset_produces_1', 'dataset_consumes_unknown_never_scheduled', 'dataset_produces_2', 'dataset_consumes_1_never_scheduled', 'dataset_consumes_1']) retrieved from /home/airflow/.local/lib/python3.7/site-packages/airflow/example_dags/example_datasets.py
[2023-08-29T06:23:10.645+0000] {logging_mixin.py:149} INFO - [2023-08-29T06:23:10.645+0000] {dag.py:2726} INFO - Sync 6 DAGs
[2023-08-29T06:23:10.672+0000] {logging_mixin.py:149} INFO - [2023-08-29T06:23:10.672+0000] {dag.py:3490} INFO - Setting next_dagrun for dataset_consumes_1 to None, run_after=None
[2023-08-29T06:23:10.676+0000] {logging_mixin.py:149} INFO - [2023-08-29T06:23:10.676+0000] {dag.py:3490} INFO - Setting next_dagrun for dataset_consumes_1_and_2 to None, run_after=None
[2023-08-29T06:23:10.678+0000] {logging_mixin.py:149} INFO - [2023-08-29T06:23:10.678+0000] {dag.py:3490} INFO - Setting next_dagrun for dataset_consumes_1_never_scheduled to None, run_after=None
[2023-08-29T06:23:10.680+0000] {logging_mixin.py:149} INFO - [2023-08-29T06:23:10.680+0000] {dag.py:3490} INFO - Setting next_dagrun for dataset_consumes_unknown_never_scheduled to None, run_after=None
[2023-08-29T06:23:10.683+0000] {logging_mixin.py:149} INFO - [2023-08-29T06:23:10.683+0000] {dag.py:3490} INFO - Setting next_dagrun for dataset_produces_1 to 2023-08-28T00:00:00+00:00, run_after=2023-08-29T00:00:00+00:00
[2023-08-29T06:23:10.686+0000] {logging_mixin.py:149} INFO - [2023-08-29T06:23:10.686+0000] {dag.py:3490} INFO - Setting next_dagrun for dataset_produces_2 to None, run_after=None
[2023-08-29T06:23:10.723+0000] {processor.py:179} INFO - Processing /home/airflow/.local/lib/python3.7/site-packages/airflow/example_dags/example_datasets.py took 0.134 seconds
[2023-08-29T06:23:40.968+0000] {processor.py:157} INFO - Started process (PID=393) to work on /home/airflow/.local/lib/python3.7/site-packages/airflow/example_dags/example_datasets.py
[2023-08-29T06:23:40.969+0000] {processor.py:826} INFO - Processing file /home/airflow/.local/lib/python3.7/site-packages/airflow/example_dags/example_datasets.py for tasks to queue
[2023-08-29T06:23:40.971+0000] {logging_mixin.py:149} INFO - [2023-08-29T06:23:40.971+0000] {dagbag.py:541} INFO - Filling up the DagBag from /home/airflow/.local/lib/python3.7/site-packages/airflow/example_dags/example_datasets.py
[2023-08-29T06:23:40.999+0000] {processor.py:836} INFO - DAG(s) dict_keys(['dataset_produces_2', 'dataset_produces_1', 'dataset_consumes_1_never_scheduled', 'dataset_consumes_unknown_never_scheduled', 'dataset_consumes_1_and_2', 'dataset_consumes_1']) retrieved from /home/airflow/.local/lib/python3.7/site-packages/airflow/example_dags/example_datasets.py
[2023-08-29T06:23:41.091+0000] {logging_mixin.py:149} INFO - [2023-08-29T06:23:41.091+0000] {dag.py:2726} INFO - Sync 6 DAGs
[2023-08-29T06:23:41.134+0000] {logging_mixin.py:149} INFO - [2023-08-29T06:23:41.134+0000] {dag.py:3490} INFO - Setting next_dagrun for dataset_consumes_1 to None, run_after=None
[2023-08-29T06:23:41.146+0000] {logging_mixin.py:149} INFO - [2023-08-29T06:23:41.145+0000] {dag.py:3490} INFO - Setting next_dagrun for dataset_consumes_1_and_2 to None, run_after=None
[2023-08-29T06:23:41.149+0000] {logging_mixin.py:149} INFO - [2023-08-29T06:23:41.149+0000] {dag.py:3490} INFO - Setting next_dagrun for dataset_consumes_1_never_scheduled to None, run_after=None
[2023-08-29T06:23:41.153+0000] {logging_mixin.py:149} INFO - [2023-08-29T06:23:41.153+0000] {dag.py:3490} INFO - Setting next_dagrun for dataset_consumes_unknown_never_scheduled to None, run_after=None
[2023-08-29T06:23:41.156+0000] {logging_mixin.py:149} INFO - [2023-08-29T06:23:41.156+0000] {dag.py:3490} INFO - Setting next_dagrun for dataset_produces_1 to 2023-08-28T00:00:00+00:00, run_after=2023-08-29T00:00:00+00:00
[2023-08-29T06:23:41.159+0000] {logging_mixin.py:149} INFO - [2023-08-29T06:23:41.158+0000] {dag.py:3490} INFO - Setting next_dagrun for dataset_produces_2 to None, run_after=None
[2023-08-29T06:23:41.214+0000] {processor.py:179} INFO - Processing /home/airflow/.local/lib/python3.7/site-packages/airflow/example_dags/example_datasets.py took 0.249 seconds
[2023-08-29T06:24:11.277+0000] {processor.py:157} INFO - Started process (PID=478) to work on /home/airflow/.local/lib/python3.7/site-packages/airflow/example_dags/example_datasets.py
[2023-08-29T06:24:11.278+0000] {processor.py:826} INFO - Processing file /home/airflow/.local/lib/python3.7/site-packages/airflow/example_dags/example_datasets.py for tasks to queue
[2023-08-29T06:24:11.279+0000] {logging_mixin.py:149} INFO - [2023-08-29T06:24:11.279+0000] {dagbag.py:541} INFO - Filling up the DagBag from /home/airflow/.local/lib/python3.7/site-packages/airflow/example_dags/example_datasets.py
[2023-08-29T06:24:11.289+0000] {processor.py:836} INFO - DAG(s) dict_keys(['dataset_consumes_1_and_2', 'dataset_produces_2', 'dataset_consumes_unknown_never_scheduled', 'dataset_consumes_1_never_scheduled', 'dataset_produces_1', 'dataset_consumes_1']) retrieved from /home/airflow/.local/lib/python3.7/site-packages/airflow/example_dags/example_datasets.py
[2023-08-29T06:24:11.329+0000] {logging_mixin.py:149} INFO - [2023-08-29T06:24:11.329+0000] {dag.py:2726} INFO - Sync 6 DAGs
[2023-08-29T06:24:11.353+0000] {logging_mixin.py:149} INFO - [2023-08-29T06:24:11.353+0000] {dag.py:3490} INFO - Setting next_dagrun for dataset_consumes_1 to None, run_after=None
[2023-08-29T06:24:11.357+0000] {logging_mixin.py:149} INFO - [2023-08-29T06:24:11.357+0000] {dag.py:3490} INFO - Setting next_dagrun for dataset_consumes_1_and_2 to None, run_after=None
[2023-08-29T06:24:11.359+0000] {logging_mixin.py:149} INFO - [2023-08-29T06:24:11.359+0000] {dag.py:3490} INFO - Setting next_dagrun for dataset_consumes_1_never_scheduled to None, run_after=None
[2023-08-29T06:24:11.361+0000] {logging_mixin.py:149} INFO - [2023-08-29T06:24:11.360+0000] {dag.py:3490} INFO - Setting next_dagrun for dataset_consumes_unknown_never_scheduled to None, run_after=None
[2023-08-29T06:24:11.364+0000] {logging_mixin.py:149} INFO - [2023-08-29T06:24:11.364+0000] {dag.py:3490} INFO - Setting next_dagrun for dataset_produces_1 to 2023-08-28T00:00:00+00:00, run_after=2023-08-29T00:00:00+00:00
[2023-08-29T06:24:11.366+0000] {logging_mixin.py:149} INFO - [2023-08-29T06:24:11.366+0000] {dag.py:3490} INFO - Setting next_dagrun for dataset_produces_2 to None, run_after=None
[2023-08-29T06:24:11.412+0000] {processor.py:179} INFO - Processing /home/airflow/.local/lib/python3.7/site-packages/airflow/example_dags/example_datasets.py took 0.138 seconds
