[2023-08-29T02:59:00.515+0000] {processor.py:157} INFO - Started process (PID=31) to work on /home/airflow/.local/lib/python3.7/site-packages/airflow/example_dags/example_short_circuit_operator.py
[2023-08-29T02:59:00.520+0000] {processor.py:826} INFO - Processing file /home/airflow/.local/lib/python3.7/site-packages/airflow/example_dags/example_short_circuit_operator.py for tasks to queue
[2023-08-29T02:59:00.522+0000] {logging_mixin.py:149} INFO - [2023-08-29T02:59:00.522+0000] {dagbag.py:541} INFO - Filling up the DagBag from /home/airflow/.local/lib/python3.7/site-packages/airflow/example_dags/example_short_circuit_operator.py
[2023-08-29T02:59:00.552+0000] {processor.py:836} INFO - DAG(s) dict_keys(['example_short_circuit_operator']) retrieved from /home/airflow/.local/lib/python3.7/site-packages/airflow/example_dags/example_short_circuit_operator.py
[2023-08-29T02:59:00.969+0000] {logging_mixin.py:149} INFO - [2023-08-29T02:59:00.968+0000] {manager.py:504} INFO - Created Permission View: can edit on DAG:example_short_circuit_operator
[2023-08-29T02:59:00.990+0000] {logging_mixin.py:149} INFO - [2023-08-29T02:59:00.989+0000] {manager.py:504} INFO - Created Permission View: can read on DAG:example_short_circuit_operator
[2023-08-29T02:59:01.007+0000] {logging_mixin.py:149} INFO - [2023-08-29T02:59:01.007+0000] {manager.py:504} INFO - Created Permission View: can delete on DAG:example_short_circuit_operator
[2023-08-29T02:59:01.033+0000] {logging_mixin.py:149} INFO - [2023-08-29T02:59:01.033+0000] {dag.py:2726} INFO - Sync 1 DAGs
[2023-08-29T02:59:01.056+0000] {logging_mixin.py:149} INFO - [2023-08-29T02:59:01.056+0000] {dag.py:2747} INFO - Creating ORM DAG for example_short_circuit_operator
[2023-08-29T02:59:01.087+0000] {logging_mixin.py:149} INFO - [2023-08-29T02:59:01.087+0000] {dag.py:3490} INFO - Setting next_dagrun for example_short_circuit_operator to 2023-08-28T02:59:01.086865+00:00, run_after=2023-08-29T02:59:01.086865+00:00
[2023-08-29T02:59:01.152+0000] {processor.py:179} INFO - Processing /home/airflow/.local/lib/python3.7/site-packages/airflow/example_dags/example_short_circuit_operator.py took 0.642 seconds
[2023-08-29T02:59:32.072+0000] {processor.py:157} INFO - Started process (PID=116) to work on /home/airflow/.local/lib/python3.7/site-packages/airflow/example_dags/example_short_circuit_operator.py
[2023-08-29T02:59:32.073+0000] {processor.py:826} INFO - Processing file /home/airflow/.local/lib/python3.7/site-packages/airflow/example_dags/example_short_circuit_operator.py for tasks to queue
[2023-08-29T02:59:32.074+0000] {logging_mixin.py:149} INFO - [2023-08-29T02:59:32.074+0000] {dagbag.py:541} INFO - Filling up the DagBag from /home/airflow/.local/lib/python3.7/site-packages/airflow/example_dags/example_short_circuit_operator.py
[2023-08-29T02:59:32.081+0000] {processor.py:836} INFO - DAG(s) dict_keys(['example_short_circuit_operator']) retrieved from /home/airflow/.local/lib/python3.7/site-packages/airflow/example_dags/example_short_circuit_operator.py
[2023-08-29T02:59:32.104+0000] {logging_mixin.py:149} INFO - [2023-08-29T02:59:32.104+0000] {dag.py:2726} INFO - Sync 1 DAGs
[2023-08-29T02:59:32.124+0000] {logging_mixin.py:149} INFO - [2023-08-29T02:59:32.124+0000] {dag.py:3490} INFO - Setting next_dagrun for example_short_circuit_operator to 2023-08-28T02:59:32.124387+00:00, run_after=2023-08-29T02:59:32.124387+00:00
[2023-08-29T02:59:32.142+0000] {processor.py:179} INFO - Processing /home/airflow/.local/lib/python3.7/site-packages/airflow/example_dags/example_short_circuit_operator.py took 0.073 seconds
[2023-08-29T04:07:06.385+0000] {processor.py:157} INFO - Started process (PID=30) to work on /home/airflow/.local/lib/python3.7/site-packages/airflow/example_dags/example_short_circuit_operator.py
[2023-08-29T04:07:06.387+0000] {processor.py:826} INFO - Processing file /home/airflow/.local/lib/python3.7/site-packages/airflow/example_dags/example_short_circuit_operator.py for tasks to queue
[2023-08-29T04:07:06.388+0000] {logging_mixin.py:149} INFO - [2023-08-29T04:07:06.388+0000] {dagbag.py:541} INFO - Filling up the DagBag from /home/airflow/.local/lib/python3.7/site-packages/airflow/example_dags/example_short_circuit_operator.py
[2023-08-29T04:07:06.403+0000] {processor.py:836} INFO - DAG(s) dict_keys(['example_short_circuit_operator']) retrieved from /home/airflow/.local/lib/python3.7/site-packages/airflow/example_dags/example_short_circuit_operator.py
[2023-08-29T04:07:06.430+0000] {logging_mixin.py:149} INFO - [2023-08-29T04:07:06.430+0000] {dag.py:2726} INFO - Sync 1 DAGs
[2023-08-29T04:07:06.458+0000] {logging_mixin.py:149} INFO - [2023-08-29T04:07:06.458+0000] {dag.py:3490} INFO - Setting next_dagrun for example_short_circuit_operator to 2023-08-28T04:07:06.458564+00:00, run_after=2023-08-29T04:07:06.458564+00:00
[2023-08-29T04:07:06.480+0000] {processor.py:179} INFO - Processing /home/airflow/.local/lib/python3.7/site-packages/airflow/example_dags/example_short_circuit_operator.py took 0.100 seconds
[2023-08-29T04:07:36.560+0000] {processor.py:157} INFO - Started process (PID=115) to work on /home/airflow/.local/lib/python3.7/site-packages/airflow/example_dags/example_short_circuit_operator.py
[2023-08-29T04:07:36.562+0000] {processor.py:826} INFO - Processing file /home/airflow/.local/lib/python3.7/site-packages/airflow/example_dags/example_short_circuit_operator.py for tasks to queue
[2023-08-29T04:07:36.563+0000] {logging_mixin.py:149} INFO - [2023-08-29T04:07:36.563+0000] {dagbag.py:541} INFO - Filling up the DagBag from /home/airflow/.local/lib/python3.7/site-packages/airflow/example_dags/example_short_circuit_operator.py
[2023-08-29T04:07:36.578+0000] {processor.py:836} INFO - DAG(s) dict_keys(['example_short_circuit_operator']) retrieved from /home/airflow/.local/lib/python3.7/site-packages/airflow/example_dags/example_short_circuit_operator.py
[2023-08-29T04:07:36.950+0000] {logging_mixin.py:149} INFO - [2023-08-29T04:07:36.949+0000] {dag.py:2726} INFO - Sync 1 DAGs
[2023-08-29T04:07:37.020+0000] {logging_mixin.py:149} INFO - [2023-08-29T04:07:37.019+0000] {dag.py:3490} INFO - Setting next_dagrun for example_short_circuit_operator to 2023-08-28T04:07:37.018382+00:00, run_after=2023-08-29T04:07:37.018382+00:00
[2023-08-29T04:07:37.066+0000] {processor.py:179} INFO - Processing /home/airflow/.local/lib/python3.7/site-packages/airflow/example_dags/example_short_circuit_operator.py took 0.515 seconds
[2023-08-29T04:08:07.199+0000] {processor.py:157} INFO - Started process (PID=191) to work on /home/airflow/.local/lib/python3.7/site-packages/airflow/example_dags/example_short_circuit_operator.py
[2023-08-29T04:08:07.200+0000] {processor.py:826} INFO - Processing file /home/airflow/.local/lib/python3.7/site-packages/airflow/example_dags/example_short_circuit_operator.py for tasks to queue
[2023-08-29T04:08:07.201+0000] {logging_mixin.py:149} INFO - [2023-08-29T04:08:07.201+0000] {dagbag.py:541} INFO - Filling up the DagBag from /home/airflow/.local/lib/python3.7/site-packages/airflow/example_dags/example_short_circuit_operator.py
[2023-08-29T04:08:07.211+0000] {processor.py:836} INFO - DAG(s) dict_keys(['example_short_circuit_operator']) retrieved from /home/airflow/.local/lib/python3.7/site-packages/airflow/example_dags/example_short_circuit_operator.py
[2023-08-29T04:08:07.241+0000] {logging_mixin.py:149} INFO - [2023-08-29T04:08:07.240+0000] {dag.py:2726} INFO - Sync 1 DAGs
[2023-08-29T04:08:07.264+0000] {logging_mixin.py:149} INFO - [2023-08-29T04:08:07.264+0000] {dag.py:3490} INFO - Setting next_dagrun for example_short_circuit_operator to 2023-08-28T04:08:07.263904+00:00, run_after=2023-08-29T04:08:07.263904+00:00
[2023-08-29T04:08:07.282+0000] {processor.py:179} INFO - Processing /home/airflow/.local/lib/python3.7/site-packages/airflow/example_dags/example_short_circuit_operator.py took 0.086 seconds
[2023-08-29T04:08:37.870+0000] {processor.py:157} INFO - Started process (PID=267) to work on /home/airflow/.local/lib/python3.7/site-packages/airflow/example_dags/example_short_circuit_operator.py
[2023-08-29T04:08:37.872+0000] {processor.py:826} INFO - Processing file /home/airflow/.local/lib/python3.7/site-packages/airflow/example_dags/example_short_circuit_operator.py for tasks to queue
[2023-08-29T04:08:37.873+0000] {logging_mixin.py:149} INFO - [2023-08-29T04:08:37.872+0000] {dagbag.py:541} INFO - Filling up the DagBag from /home/airflow/.local/lib/python3.7/site-packages/airflow/example_dags/example_short_circuit_operator.py
[2023-08-29T04:08:37.880+0000] {processor.py:836} INFO - DAG(s) dict_keys(['example_short_circuit_operator']) retrieved from /home/airflow/.local/lib/python3.7/site-packages/airflow/example_dags/example_short_circuit_operator.py
[2023-08-29T04:08:37.909+0000] {logging_mixin.py:149} INFO - [2023-08-29T04:08:37.909+0000] {dag.py:2726} INFO - Sync 1 DAGs
[2023-08-29T04:08:37.931+0000] {logging_mixin.py:149} INFO - [2023-08-29T04:08:37.931+0000] {dag.py:3490} INFO - Setting next_dagrun for example_short_circuit_operator to 2023-08-28T04:08:37.931099+00:00, run_after=2023-08-29T04:08:37.931099+00:00
[2023-08-29T04:08:37.947+0000] {processor.py:179} INFO - Processing /home/airflow/.local/lib/python3.7/site-packages/airflow/example_dags/example_short_circuit_operator.py took 0.080 seconds
[2023-08-29T04:09:08.523+0000] {processor.py:157} INFO - Started process (PID=353) to work on /home/airflow/.local/lib/python3.7/site-packages/airflow/example_dags/example_short_circuit_operator.py
[2023-08-29T04:09:08.525+0000] {processor.py:826} INFO - Processing file /home/airflow/.local/lib/python3.7/site-packages/airflow/example_dags/example_short_circuit_operator.py for tasks to queue
[2023-08-29T04:09:08.526+0000] {logging_mixin.py:149} INFO - [2023-08-29T04:09:08.526+0000] {dagbag.py:541} INFO - Filling up the DagBag from /home/airflow/.local/lib/python3.7/site-packages/airflow/example_dags/example_short_circuit_operator.py
[2023-08-29T04:09:08.533+0000] {processor.py:836} INFO - DAG(s) dict_keys(['example_short_circuit_operator']) retrieved from /home/airflow/.local/lib/python3.7/site-packages/airflow/example_dags/example_short_circuit_operator.py
[2023-08-29T04:09:08.560+0000] {logging_mixin.py:149} INFO - [2023-08-29T04:09:08.559+0000] {dag.py:2726} INFO - Sync 1 DAGs
[2023-08-29T04:09:08.580+0000] {logging_mixin.py:149} INFO - [2023-08-29T04:09:08.580+0000] {dag.py:3490} INFO - Setting next_dagrun for example_short_circuit_operator to 2023-08-28T04:09:08.580149+00:00, run_after=2023-08-29T04:09:08.580149+00:00
[2023-08-29T04:09:08.597+0000] {processor.py:179} INFO - Processing /home/airflow/.local/lib/python3.7/site-packages/airflow/example_dags/example_short_circuit_operator.py took 0.077 seconds
[2023-08-29T04:09:38.903+0000] {processor.py:157} INFO - Started process (PID=429) to work on /home/airflow/.local/lib/python3.7/site-packages/airflow/example_dags/example_short_circuit_operator.py
[2023-08-29T04:09:38.904+0000] {processor.py:826} INFO - Processing file /home/airflow/.local/lib/python3.7/site-packages/airflow/example_dags/example_short_circuit_operator.py for tasks to queue
[2023-08-29T04:09:38.905+0000] {logging_mixin.py:149} INFO - [2023-08-29T04:09:38.905+0000] {dagbag.py:541} INFO - Filling up the DagBag from /home/airflow/.local/lib/python3.7/site-packages/airflow/example_dags/example_short_circuit_operator.py
[2023-08-29T04:09:38.912+0000] {processor.py:836} INFO - DAG(s) dict_keys(['example_short_circuit_operator']) retrieved from /home/airflow/.local/lib/python3.7/site-packages/airflow/example_dags/example_short_circuit_operator.py
[2023-08-29T04:09:38.937+0000] {logging_mixin.py:149} INFO - [2023-08-29T04:09:38.936+0000] {dag.py:2726} INFO - Sync 1 DAGs
[2023-08-29T04:09:38.958+0000] {logging_mixin.py:149} INFO - [2023-08-29T04:09:38.958+0000] {dag.py:3490} INFO - Setting next_dagrun for example_short_circuit_operator to 2023-08-28T04:09:38.957857+00:00, run_after=2023-08-29T04:09:38.957857+00:00
[2023-08-29T04:09:38.977+0000] {processor.py:179} INFO - Processing /home/airflow/.local/lib/python3.7/site-packages/airflow/example_dags/example_short_circuit_operator.py took 0.076 seconds
[2023-08-29T06:21:03.769+0000] {processor.py:157} INFO - Started process (PID=30) to work on /home/airflow/.local/lib/python3.7/site-packages/airflow/example_dags/example_short_circuit_operator.py
[2023-08-29T06:21:03.771+0000] {processor.py:826} INFO - Processing file /home/airflow/.local/lib/python3.7/site-packages/airflow/example_dags/example_short_circuit_operator.py for tasks to queue
[2023-08-29T06:21:03.774+0000] {logging_mixin.py:149} INFO - [2023-08-29T06:21:03.773+0000] {dagbag.py:541} INFO - Filling up the DagBag from /home/airflow/.local/lib/python3.7/site-packages/airflow/example_dags/example_short_circuit_operator.py
[2023-08-29T06:21:03.797+0000] {processor.py:836} INFO - DAG(s) dict_keys(['example_short_circuit_operator']) retrieved from /home/airflow/.local/lib/python3.7/site-packages/airflow/example_dags/example_short_circuit_operator.py
[2023-08-29T06:21:03.877+0000] {logging_mixin.py:149} INFO - [2023-08-29T06:21:03.877+0000] {dag.py:2726} INFO - Sync 1 DAGs
[2023-08-29T06:21:03.903+0000] {logging_mixin.py:149} INFO - [2023-08-29T06:21:03.903+0000] {dag.py:3490} INFO - Setting next_dagrun for example_short_circuit_operator to 2023-08-28T06:21:03.903227+00:00, run_after=2023-08-29T06:21:03.903227+00:00
[2023-08-29T06:21:03.930+0000] {processor.py:179} INFO - Processing /home/airflow/.local/lib/python3.7/site-packages/airflow/example_dags/example_short_circuit_operator.py took 0.166 seconds
[2023-08-29T06:21:32.250+0000] {processor.py:157} INFO - Started process (PID=30) to work on /home/airflow/.local/lib/python3.7/site-packages/airflow/example_dags/example_short_circuit_operator.py
[2023-08-29T06:21:32.252+0000] {processor.py:826} INFO - Processing file /home/airflow/.local/lib/python3.7/site-packages/airflow/example_dags/example_short_circuit_operator.py for tasks to queue
[2023-08-29T06:21:32.253+0000] {logging_mixin.py:149} INFO - [2023-08-29T06:21:32.253+0000] {dagbag.py:541} INFO - Filling up the DagBag from /home/airflow/.local/lib/python3.7/site-packages/airflow/example_dags/example_short_circuit_operator.py
[2023-08-29T06:21:32.265+0000] {processor.py:836} INFO - DAG(s) dict_keys(['example_short_circuit_operator']) retrieved from /home/airflow/.local/lib/python3.7/site-packages/airflow/example_dags/example_short_circuit_operator.py
[2023-08-29T06:21:32.293+0000] {logging_mixin.py:149} INFO - [2023-08-29T06:21:32.293+0000] {dag.py:2726} INFO - Sync 1 DAGs
[2023-08-29T06:21:32.334+0000] {logging_mixin.py:149} INFO - [2023-08-29T06:21:32.334+0000] {dag.py:3490} INFO - Setting next_dagrun for example_short_circuit_operator to 2023-08-28T06:21:32.334451+00:00, run_after=2023-08-29T06:21:32.334451+00:00
[2023-08-29T06:21:32.364+0000] {processor.py:179} INFO - Processing /home/airflow/.local/lib/python3.7/site-packages/airflow/example_dags/example_short_circuit_operator.py took 0.117 seconds
[2023-08-29T06:22:02.440+0000] {processor.py:157} INFO - Started process (PID=115) to work on /home/airflow/.local/lib/python3.7/site-packages/airflow/example_dags/example_short_circuit_operator.py
[2023-08-29T06:22:02.442+0000] {processor.py:826} INFO - Processing file /home/airflow/.local/lib/python3.7/site-packages/airflow/example_dags/example_short_circuit_operator.py for tasks to queue
[2023-08-29T06:22:02.444+0000] {logging_mixin.py:149} INFO - [2023-08-29T06:22:02.444+0000] {dagbag.py:541} INFO - Filling up the DagBag from /home/airflow/.local/lib/python3.7/site-packages/airflow/example_dags/example_short_circuit_operator.py
[2023-08-29T06:22:02.456+0000] {processor.py:836} INFO - DAG(s) dict_keys(['example_short_circuit_operator']) retrieved from /home/airflow/.local/lib/python3.7/site-packages/airflow/example_dags/example_short_circuit_operator.py
[2023-08-29T06:22:02.619+0000] {logging_mixin.py:149} INFO - [2023-08-29T06:22:02.619+0000] {dag.py:2726} INFO - Sync 1 DAGs
[2023-08-29T06:22:02.640+0000] {logging_mixin.py:149} INFO - [2023-08-29T06:22:02.640+0000] {dag.py:3490} INFO - Setting next_dagrun for example_short_circuit_operator to 2023-08-28T06:22:02.640604+00:00, run_after=2023-08-29T06:22:02.640604+00:00
[2023-08-29T06:22:02.661+0000] {processor.py:179} INFO - Processing /home/airflow/.local/lib/python3.7/site-packages/airflow/example_dags/example_short_circuit_operator.py took 0.225 seconds
[2023-08-29T06:22:33.071+0000] {processor.py:157} INFO - Started process (PID=191) to work on /home/airflow/.local/lib/python3.7/site-packages/airflow/example_dags/example_short_circuit_operator.py
[2023-08-29T06:22:33.074+0000] {processor.py:826} INFO - Processing file /home/airflow/.local/lib/python3.7/site-packages/airflow/example_dags/example_short_circuit_operator.py for tasks to queue
[2023-08-29T06:22:33.078+0000] {logging_mixin.py:149} INFO - [2023-08-29T06:22:33.077+0000] {dagbag.py:541} INFO - Filling up the DagBag from /home/airflow/.local/lib/python3.7/site-packages/airflow/example_dags/example_short_circuit_operator.py
[2023-08-29T06:22:33.087+0000] {processor.py:836} INFO - DAG(s) dict_keys(['example_short_circuit_operator']) retrieved from /home/airflow/.local/lib/python3.7/site-packages/airflow/example_dags/example_short_circuit_operator.py
[2023-08-29T06:22:33.128+0000] {logging_mixin.py:149} INFO - [2023-08-29T06:22:33.128+0000] {dag.py:2726} INFO - Sync 1 DAGs
[2023-08-29T06:22:33.161+0000] {logging_mixin.py:149} INFO - [2023-08-29T06:22:33.161+0000] {dag.py:3490} INFO - Setting next_dagrun for example_short_circuit_operator to 2023-08-28T06:22:33.161334+00:00, run_after=2023-08-29T06:22:33.161334+00:00
[2023-08-29T06:22:33.194+0000] {processor.py:179} INFO - Processing /home/airflow/.local/lib/python3.7/site-packages/airflow/example_dags/example_short_circuit_operator.py took 0.129 seconds
[2023-08-29T06:23:03.412+0000] {processor.py:157} INFO - Started process (PID=267) to work on /home/airflow/.local/lib/python3.7/site-packages/airflow/example_dags/example_short_circuit_operator.py
[2023-08-29T06:23:03.414+0000] {processor.py:826} INFO - Processing file /home/airflow/.local/lib/python3.7/site-packages/airflow/example_dags/example_short_circuit_operator.py for tasks to queue
[2023-08-29T06:23:03.415+0000] {logging_mixin.py:149} INFO - [2023-08-29T06:23:03.414+0000] {dagbag.py:541} INFO - Filling up the DagBag from /home/airflow/.local/lib/python3.7/site-packages/airflow/example_dags/example_short_circuit_operator.py
[2023-08-29T06:23:03.424+0000] {processor.py:836} INFO - DAG(s) dict_keys(['example_short_circuit_operator']) retrieved from /home/airflow/.local/lib/python3.7/site-packages/airflow/example_dags/example_short_circuit_operator.py
[2023-08-29T06:23:03.451+0000] {logging_mixin.py:149} INFO - [2023-08-29T06:23:03.451+0000] {dag.py:2726} INFO - Sync 1 DAGs
[2023-08-29T06:23:03.475+0000] {logging_mixin.py:149} INFO - [2023-08-29T06:23:03.475+0000] {dag.py:3490} INFO - Setting next_dagrun for example_short_circuit_operator to 2023-08-28T06:23:03.475129+00:00, run_after=2023-08-29T06:23:03.475129+00:00
[2023-08-29T06:23:03.497+0000] {processor.py:179} INFO - Processing /home/airflow/.local/lib/python3.7/site-packages/airflow/example_dags/example_short_circuit_operator.py took 0.088 seconds
[2023-08-29T06:23:33.916+0000] {processor.py:157} INFO - Started process (PID=352) to work on /home/airflow/.local/lib/python3.7/site-packages/airflow/example_dags/example_short_circuit_operator.py
[2023-08-29T06:23:33.917+0000] {processor.py:826} INFO - Processing file /home/airflow/.local/lib/python3.7/site-packages/airflow/example_dags/example_short_circuit_operator.py for tasks to queue
[2023-08-29T06:23:33.918+0000] {logging_mixin.py:149} INFO - [2023-08-29T06:23:33.918+0000] {dagbag.py:541} INFO - Filling up the DagBag from /home/airflow/.local/lib/python3.7/site-packages/airflow/example_dags/example_short_circuit_operator.py
[2023-08-29T06:23:33.925+0000] {processor.py:836} INFO - DAG(s) dict_keys(['example_short_circuit_operator']) retrieved from /home/airflow/.local/lib/python3.7/site-packages/airflow/example_dags/example_short_circuit_operator.py
[2023-08-29T06:23:33.952+0000] {logging_mixin.py:149} INFO - [2023-08-29T06:23:33.952+0000] {dag.py:2726} INFO - Sync 1 DAGs
[2023-08-29T06:23:33.977+0000] {logging_mixin.py:149} INFO - [2023-08-29T06:23:33.976+0000] {dag.py:3490} INFO - Setting next_dagrun for example_short_circuit_operator to 2023-08-28T06:23:33.976746+00:00, run_after=2023-08-29T06:23:33.976746+00:00
[2023-08-29T06:23:33.998+0000] {processor.py:179} INFO - Processing /home/airflow/.local/lib/python3.7/site-packages/airflow/example_dags/example_short_circuit_operator.py took 0.084 seconds
[2023-08-29T06:24:04.488+0000] {processor.py:157} INFO - Started process (PID=428) to work on /home/airflow/.local/lib/python3.7/site-packages/airflow/example_dags/example_short_circuit_operator.py
[2023-08-29T06:24:04.489+0000] {processor.py:826} INFO - Processing file /home/airflow/.local/lib/python3.7/site-packages/airflow/example_dags/example_short_circuit_operator.py for tasks to queue
[2023-08-29T06:24:04.492+0000] {logging_mixin.py:149} INFO - [2023-08-29T06:24:04.492+0000] {dagbag.py:541} INFO - Filling up the DagBag from /home/airflow/.local/lib/python3.7/site-packages/airflow/example_dags/example_short_circuit_operator.py
[2023-08-29T06:24:04.499+0000] {processor.py:836} INFO - DAG(s) dict_keys(['example_short_circuit_operator']) retrieved from /home/airflow/.local/lib/python3.7/site-packages/airflow/example_dags/example_short_circuit_operator.py
[2023-08-29T06:24:04.524+0000] {logging_mixin.py:149} INFO - [2023-08-29T06:24:04.524+0000] {dag.py:2726} INFO - Sync 1 DAGs
[2023-08-29T06:24:04.546+0000] {logging_mixin.py:149} INFO - [2023-08-29T06:24:04.546+0000] {dag.py:3490} INFO - Setting next_dagrun for example_short_circuit_operator to 2023-08-28T06:24:04.545851+00:00, run_after=2023-08-29T06:24:04.545851+00:00
[2023-08-29T06:24:04.566+0000] {processor.py:179} INFO - Processing /home/airflow/.local/lib/python3.7/site-packages/airflow/example_dags/example_short_circuit_operator.py took 0.081 seconds
