[2023-08-29T02:59:10.444+0000] {processor.py:157} INFO - Started process (PID=73) to work on /home/airflow/.local/lib/python3.7/site-packages/airflow/example_dags/tutorial_taskflow_api.py
[2023-08-29T02:59:10.445+0000] {processor.py:826} INFO - Processing file /home/airflow/.local/lib/python3.7/site-packages/airflow/example_dags/tutorial_taskflow_api.py for tasks to queue
[2023-08-29T02:59:10.446+0000] {logging_mixin.py:149} INFO - [2023-08-29T02:59:10.446+0000] {dagbag.py:541} INFO - Filling up the DagBag from /home/airflow/.local/lib/python3.7/site-packages/airflow/example_dags/tutorial_taskflow_api.py
[2023-08-29T02:59:10.453+0000] {processor.py:836} INFO - DAG(s) dict_keys(['tutorial_taskflow_api']) retrieved from /home/airflow/.local/lib/python3.7/site-packages/airflow/example_dags/tutorial_taskflow_api.py
[2023-08-29T02:59:10.552+0000] {logging_mixin.py:149} INFO - [2023-08-29T02:59:10.552+0000] {manager.py:504} INFO - Created Permission View: can edit on DAG:tutorial_taskflow_api
[2023-08-29T02:59:10.563+0000] {logging_mixin.py:149} INFO - [2023-08-29T02:59:10.563+0000] {manager.py:504} INFO - Created Permission View: can read on DAG:tutorial_taskflow_api
[2023-08-29T02:59:10.571+0000] {logging_mixin.py:149} INFO - [2023-08-29T02:59:10.571+0000] {manager.py:504} INFO - Created Permission View: can delete on DAG:tutorial_taskflow_api
[2023-08-29T02:59:10.590+0000] {logging_mixin.py:149} INFO - [2023-08-29T02:59:10.590+0000] {dag.py:2726} INFO - Sync 1 DAGs
[2023-08-29T02:59:10.607+0000] {logging_mixin.py:149} INFO - [2023-08-29T02:59:10.607+0000] {dag.py:2747} INFO - Creating ORM DAG for tutorial_taskflow_api
[2023-08-29T02:59:10.622+0000] {logging_mixin.py:149} INFO - [2023-08-29T02:59:10.622+0000] {dag.py:3490} INFO - Setting next_dagrun for tutorial_taskflow_api to None, run_after=None
[2023-08-29T02:59:10.646+0000] {processor.py:179} INFO - Processing /home/airflow/.local/lib/python3.7/site-packages/airflow/example_dags/tutorial_taskflow_api.py took 0.206 seconds
[2023-08-29T02:59:41.163+0000] {processor.py:157} INFO - Started process (PID=158) to work on /home/airflow/.local/lib/python3.7/site-packages/airflow/example_dags/tutorial_taskflow_api.py
[2023-08-29T02:59:41.165+0000] {processor.py:826} INFO - Processing file /home/airflow/.local/lib/python3.7/site-packages/airflow/example_dags/tutorial_taskflow_api.py for tasks to queue
[2023-08-29T02:59:41.167+0000] {logging_mixin.py:149} INFO - [2023-08-29T02:59:41.167+0000] {dagbag.py:541} INFO - Filling up the DagBag from /home/airflow/.local/lib/python3.7/site-packages/airflow/example_dags/tutorial_taskflow_api.py
[2023-08-29T02:59:41.174+0000] {processor.py:836} INFO - DAG(s) dict_keys(['tutorial_taskflow_api']) retrieved from /home/airflow/.local/lib/python3.7/site-packages/airflow/example_dags/tutorial_taskflow_api.py
[2023-08-29T02:59:41.204+0000] {logging_mixin.py:149} INFO - [2023-08-29T02:59:41.204+0000] {dag.py:2726} INFO - Sync 1 DAGs
[2023-08-29T02:59:41.235+0000] {logging_mixin.py:149} INFO - [2023-08-29T02:59:41.235+0000] {dag.py:3490} INFO - Setting next_dagrun for tutorial_taskflow_api to None, run_after=None
[2023-08-29T02:59:41.262+0000] {processor.py:179} INFO - Processing /home/airflow/.local/lib/python3.7/site-packages/airflow/example_dags/tutorial_taskflow_api.py took 0.103 seconds
[2023-08-29T04:07:11.392+0000] {processor.py:157} INFO - Started process (PID=72) to work on /home/airflow/.local/lib/python3.7/site-packages/airflow/example_dags/tutorial_taskflow_api.py
[2023-08-29T04:07:11.394+0000] {processor.py:826} INFO - Processing file /home/airflow/.local/lib/python3.7/site-packages/airflow/example_dags/tutorial_taskflow_api.py for tasks to queue
[2023-08-29T04:07:11.396+0000] {logging_mixin.py:149} INFO - [2023-08-29T04:07:11.395+0000] {dagbag.py:541} INFO - Filling up the DagBag from /home/airflow/.local/lib/python3.7/site-packages/airflow/example_dags/tutorial_taskflow_api.py
[2023-08-29T04:07:11.405+0000] {processor.py:836} INFO - DAG(s) dict_keys(['tutorial_taskflow_api']) retrieved from /home/airflow/.local/lib/python3.7/site-packages/airflow/example_dags/tutorial_taskflow_api.py
[2023-08-29T04:07:11.424+0000] {logging_mixin.py:149} INFO - [2023-08-29T04:07:11.424+0000] {dag.py:2726} INFO - Sync 1 DAGs
[2023-08-29T04:07:11.681+0000] {logging_mixin.py:149} INFO - [2023-08-29T04:07:11.680+0000] {dag.py:3490} INFO - Setting next_dagrun for tutorial_taskflow_api to None, run_after=None
[2023-08-29T04:07:11.716+0000] {processor.py:179} INFO - Processing /home/airflow/.local/lib/python3.7/site-packages/airflow/example_dags/tutorial_taskflow_api.py took 0.328 seconds
[2023-08-29T04:07:41.928+0000] {processor.py:157} INFO - Started process (PID=148) to work on /home/airflow/.local/lib/python3.7/site-packages/airflow/example_dags/tutorial_taskflow_api.py
[2023-08-29T04:07:41.929+0000] {processor.py:826} INFO - Processing file /home/airflow/.local/lib/python3.7/site-packages/airflow/example_dags/tutorial_taskflow_api.py for tasks to queue
[2023-08-29T04:07:41.930+0000] {logging_mixin.py:149} INFO - [2023-08-29T04:07:41.930+0000] {dagbag.py:541} INFO - Filling up the DagBag from /home/airflow/.local/lib/python3.7/site-packages/airflow/example_dags/tutorial_taskflow_api.py
[2023-08-29T04:07:41.935+0000] {processor.py:836} INFO - DAG(s) dict_keys(['tutorial_taskflow_api']) retrieved from /home/airflow/.local/lib/python3.7/site-packages/airflow/example_dags/tutorial_taskflow_api.py
[2023-08-29T04:07:41.957+0000] {logging_mixin.py:149} INFO - [2023-08-29T04:07:41.957+0000] {dag.py:2726} INFO - Sync 1 DAGs
[2023-08-29T04:07:41.978+0000] {logging_mixin.py:149} INFO - [2023-08-29T04:07:41.978+0000] {dag.py:3490} INFO - Setting next_dagrun for tutorial_taskflow_api to None, run_after=None
[2023-08-29T04:07:41.995+0000] {processor.py:179} INFO - Processing /home/airflow/.local/lib/python3.7/site-packages/airflow/example_dags/tutorial_taskflow_api.py took 0.069 seconds
[2023-08-29T04:08:12.962+0000] {processor.py:157} INFO - Started process (PID=224) to work on /home/airflow/.local/lib/python3.7/site-packages/airflow/example_dags/tutorial_taskflow_api.py
[2023-08-29T04:08:12.965+0000] {processor.py:826} INFO - Processing file /home/airflow/.local/lib/python3.7/site-packages/airflow/example_dags/tutorial_taskflow_api.py for tasks to queue
[2023-08-29T04:08:12.966+0000] {logging_mixin.py:149} INFO - [2023-08-29T04:08:12.966+0000] {dagbag.py:541} INFO - Filling up the DagBag from /home/airflow/.local/lib/python3.7/site-packages/airflow/example_dags/tutorial_taskflow_api.py
[2023-08-29T04:08:12.977+0000] {processor.py:836} INFO - DAG(s) dict_keys(['tutorial_taskflow_api']) retrieved from /home/airflow/.local/lib/python3.7/site-packages/airflow/example_dags/tutorial_taskflow_api.py
[2023-08-29T04:08:13.017+0000] {logging_mixin.py:149} INFO - [2023-08-29T04:08:13.017+0000] {dag.py:2726} INFO - Sync 1 DAGs
[2023-08-29T04:08:13.059+0000] {logging_mixin.py:149} INFO - [2023-08-29T04:08:13.059+0000] {dag.py:3490} INFO - Setting next_dagrun for tutorial_taskflow_api to None, run_after=None
[2023-08-29T04:08:13.091+0000] {processor.py:179} INFO - Processing /home/airflow/.local/lib/python3.7/site-packages/airflow/example_dags/tutorial_taskflow_api.py took 0.133 seconds
[2023-08-29T04:08:43.155+0000] {processor.py:157} INFO - Started process (PID=308) to work on /home/airflow/.local/lib/python3.7/site-packages/airflow/example_dags/tutorial_taskflow_api.py
[2023-08-29T04:08:43.158+0000] {processor.py:826} INFO - Processing file /home/airflow/.local/lib/python3.7/site-packages/airflow/example_dags/tutorial_taskflow_api.py for tasks to queue
[2023-08-29T04:08:43.159+0000] {logging_mixin.py:149} INFO - [2023-08-29T04:08:43.159+0000] {dagbag.py:541} INFO - Filling up the DagBag from /home/airflow/.local/lib/python3.7/site-packages/airflow/example_dags/tutorial_taskflow_api.py
[2023-08-29T04:08:43.165+0000] {processor.py:836} INFO - DAG(s) dict_keys(['tutorial_taskflow_api']) retrieved from /home/airflow/.local/lib/python3.7/site-packages/airflow/example_dags/tutorial_taskflow_api.py
[2023-08-29T04:08:43.186+0000] {logging_mixin.py:149} INFO - [2023-08-29T04:08:43.186+0000] {dag.py:2726} INFO - Sync 1 DAGs
[2023-08-29T04:08:43.215+0000] {logging_mixin.py:149} INFO - [2023-08-29T04:08:43.215+0000] {dag.py:3490} INFO - Setting next_dagrun for tutorial_taskflow_api to None, run_after=None
[2023-08-29T04:08:43.244+0000] {processor.py:179} INFO - Processing /home/airflow/.local/lib/python3.7/site-packages/airflow/example_dags/tutorial_taskflow_api.py took 0.092 seconds
[2023-08-29T04:09:13.469+0000] {processor.py:157} INFO - Started process (PID=385) to work on /home/airflow/.local/lib/python3.7/site-packages/airflow/example_dags/tutorial_taskflow_api.py
[2023-08-29T04:09:13.470+0000] {processor.py:826} INFO - Processing file /home/airflow/.local/lib/python3.7/site-packages/airflow/example_dags/tutorial_taskflow_api.py for tasks to queue
[2023-08-29T04:09:13.471+0000] {logging_mixin.py:149} INFO - [2023-08-29T04:09:13.471+0000] {dagbag.py:541} INFO - Filling up the DagBag from /home/airflow/.local/lib/python3.7/site-packages/airflow/example_dags/tutorial_taskflow_api.py
[2023-08-29T04:09:13.476+0000] {processor.py:836} INFO - DAG(s) dict_keys(['tutorial_taskflow_api']) retrieved from /home/airflow/.local/lib/python3.7/site-packages/airflow/example_dags/tutorial_taskflow_api.py
[2023-08-29T04:09:13.496+0000] {logging_mixin.py:149} INFO - [2023-08-29T04:09:13.496+0000] {dag.py:2726} INFO - Sync 1 DAGs
[2023-08-29T04:09:13.521+0000] {logging_mixin.py:149} INFO - [2023-08-29T04:09:13.521+0000] {dag.py:3490} INFO - Setting next_dagrun for tutorial_taskflow_api to None, run_after=None
[2023-08-29T04:09:13.539+0000] {processor.py:179} INFO - Processing /home/airflow/.local/lib/python3.7/site-packages/airflow/example_dags/tutorial_taskflow_api.py took 0.073 seconds
[2023-08-29T04:09:43.952+0000] {processor.py:157} INFO - Started process (PID=470) to work on /home/airflow/.local/lib/python3.7/site-packages/airflow/example_dags/tutorial_taskflow_api.py
[2023-08-29T04:09:43.953+0000] {processor.py:826} INFO - Processing file /home/airflow/.local/lib/python3.7/site-packages/airflow/example_dags/tutorial_taskflow_api.py for tasks to queue
[2023-08-29T04:09:43.954+0000] {logging_mixin.py:149} INFO - [2023-08-29T04:09:43.954+0000] {dagbag.py:541} INFO - Filling up the DagBag from /home/airflow/.local/lib/python3.7/site-packages/airflow/example_dags/tutorial_taskflow_api.py
[2023-08-29T04:09:43.961+0000] {processor.py:836} INFO - DAG(s) dict_keys(['tutorial_taskflow_api']) retrieved from /home/airflow/.local/lib/python3.7/site-packages/airflow/example_dags/tutorial_taskflow_api.py
[2023-08-29T04:09:43.988+0000] {logging_mixin.py:149} INFO - [2023-08-29T04:09:43.988+0000] {dag.py:2726} INFO - Sync 1 DAGs
[2023-08-29T04:09:44.014+0000] {logging_mixin.py:149} INFO - [2023-08-29T04:09:44.014+0000] {dag.py:3490} INFO - Setting next_dagrun for tutorial_taskflow_api to None, run_after=None
[2023-08-29T04:09:44.038+0000] {processor.py:179} INFO - Processing /home/airflow/.local/lib/python3.7/site-packages/airflow/example_dags/tutorial_taskflow_api.py took 0.088 seconds
[2023-08-29T06:21:37.151+0000] {processor.py:157} INFO - Started process (PID=72) to work on /home/airflow/.local/lib/python3.7/site-packages/airflow/example_dags/tutorial_taskflow_api.py
[2023-08-29T06:21:37.153+0000] {processor.py:826} INFO - Processing file /home/airflow/.local/lib/python3.7/site-packages/airflow/example_dags/tutorial_taskflow_api.py for tasks to queue
[2023-08-29T06:21:37.154+0000] {logging_mixin.py:149} INFO - [2023-08-29T06:21:37.153+0000] {dagbag.py:541} INFO - Filling up the DagBag from /home/airflow/.local/lib/python3.7/site-packages/airflow/example_dags/tutorial_taskflow_api.py
[2023-08-29T06:21:37.160+0000] {processor.py:836} INFO - DAG(s) dict_keys(['tutorial_taskflow_api']) retrieved from /home/airflow/.local/lib/python3.7/site-packages/airflow/example_dags/tutorial_taskflow_api.py
[2023-08-29T06:21:37.176+0000] {logging_mixin.py:149} INFO - [2023-08-29T06:21:37.175+0000] {dag.py:2726} INFO - Sync 1 DAGs
[2023-08-29T06:21:37.415+0000] {logging_mixin.py:149} INFO - [2023-08-29T06:21:37.415+0000] {dag.py:3490} INFO - Setting next_dagrun for tutorial_taskflow_api to None, run_after=None
[2023-08-29T06:21:37.441+0000] {processor.py:179} INFO - Processing /home/airflow/.local/lib/python3.7/site-packages/airflow/example_dags/tutorial_taskflow_api.py took 0.295 seconds
[2023-08-29T06:22:08.013+0000] {processor.py:157} INFO - Started process (PID=148) to work on /home/airflow/.local/lib/python3.7/site-packages/airflow/example_dags/tutorial_taskflow_api.py
[2023-08-29T06:22:08.014+0000] {processor.py:826} INFO - Processing file /home/airflow/.local/lib/python3.7/site-packages/airflow/example_dags/tutorial_taskflow_api.py for tasks to queue
[2023-08-29T06:22:08.015+0000] {logging_mixin.py:149} INFO - [2023-08-29T06:22:08.015+0000] {dagbag.py:541} INFO - Filling up the DagBag from /home/airflow/.local/lib/python3.7/site-packages/airflow/example_dags/tutorial_taskflow_api.py
[2023-08-29T06:22:08.021+0000] {processor.py:836} INFO - DAG(s) dict_keys(['tutorial_taskflow_api']) retrieved from /home/airflow/.local/lib/python3.7/site-packages/airflow/example_dags/tutorial_taskflow_api.py
[2023-08-29T06:22:08.042+0000] {logging_mixin.py:149} INFO - [2023-08-29T06:22:08.042+0000] {dag.py:2726} INFO - Sync 1 DAGs
[2023-08-29T06:22:08.063+0000] {logging_mixin.py:149} INFO - [2023-08-29T06:22:08.063+0000] {dag.py:3490} INFO - Setting next_dagrun for tutorial_taskflow_api to None, run_after=None
[2023-08-29T06:22:08.082+0000] {processor.py:179} INFO - Processing /home/airflow/.local/lib/python3.7/site-packages/airflow/example_dags/tutorial_taskflow_api.py took 0.072 seconds
[2023-08-29T06:22:39.011+0000] {processor.py:157} INFO - Started process (PID=233) to work on /home/airflow/.local/lib/python3.7/site-packages/airflow/example_dags/tutorial_taskflow_api.py
[2023-08-29T06:22:39.012+0000] {processor.py:826} INFO - Processing file /home/airflow/.local/lib/python3.7/site-packages/airflow/example_dags/tutorial_taskflow_api.py for tasks to queue
[2023-08-29T06:22:39.013+0000] {logging_mixin.py:149} INFO - [2023-08-29T06:22:39.013+0000] {dagbag.py:541} INFO - Filling up the DagBag from /home/airflow/.local/lib/python3.7/site-packages/airflow/example_dags/tutorial_taskflow_api.py
[2023-08-29T06:22:39.022+0000] {processor.py:836} INFO - DAG(s) dict_keys(['tutorial_taskflow_api']) retrieved from /home/airflow/.local/lib/python3.7/site-packages/airflow/example_dags/tutorial_taskflow_api.py
[2023-08-29T06:22:39.063+0000] {logging_mixin.py:149} INFO - [2023-08-29T06:22:39.063+0000] {dag.py:2726} INFO - Sync 1 DAGs
[2023-08-29T06:22:39.113+0000] {logging_mixin.py:149} INFO - [2023-08-29T06:22:39.113+0000] {dag.py:3490} INFO - Setting next_dagrun for tutorial_taskflow_api to None, run_after=None
[2023-08-29T06:22:39.164+0000] {processor.py:179} INFO - Processing /home/airflow/.local/lib/python3.7/site-packages/airflow/example_dags/tutorial_taskflow_api.py took 0.156 seconds
[2023-08-29T06:23:10.057+0000] {processor.py:157} INFO - Started process (PID=309) to work on /home/airflow/.local/lib/python3.7/site-packages/airflow/example_dags/tutorial_taskflow_api.py
[2023-08-29T06:23:10.059+0000] {processor.py:826} INFO - Processing file /home/airflow/.local/lib/python3.7/site-packages/airflow/example_dags/tutorial_taskflow_api.py for tasks to queue
[2023-08-29T06:23:10.060+0000] {logging_mixin.py:149} INFO - [2023-08-29T06:23:10.060+0000] {dagbag.py:541} INFO - Filling up the DagBag from /home/airflow/.local/lib/python3.7/site-packages/airflow/example_dags/tutorial_taskflow_api.py
[2023-08-29T06:23:10.066+0000] {processor.py:836} INFO - DAG(s) dict_keys(['tutorial_taskflow_api']) retrieved from /home/airflow/.local/lib/python3.7/site-packages/airflow/example_dags/tutorial_taskflow_api.py
[2023-08-29T06:23:10.094+0000] {logging_mixin.py:149} INFO - [2023-08-29T06:23:10.094+0000] {dag.py:2726} INFO - Sync 1 DAGs
[2023-08-29T06:23:10.123+0000] {logging_mixin.py:149} INFO - [2023-08-29T06:23:10.123+0000] {dag.py:3490} INFO - Setting next_dagrun for tutorial_taskflow_api to None, run_after=None
[2023-08-29T06:23:10.146+0000] {processor.py:179} INFO - Processing /home/airflow/.local/lib/python3.7/site-packages/airflow/example_dags/tutorial_taskflow_api.py took 0.091 seconds
[2023-08-29T06:23:40.369+0000] {processor.py:157} INFO - Started process (PID=385) to work on /home/airflow/.local/lib/python3.7/site-packages/airflow/example_dags/tutorial_taskflow_api.py
[2023-08-29T06:23:40.371+0000] {processor.py:826} INFO - Processing file /home/airflow/.local/lib/python3.7/site-packages/airflow/example_dags/tutorial_taskflow_api.py for tasks to queue
[2023-08-29T06:23:40.372+0000] {logging_mixin.py:149} INFO - [2023-08-29T06:23:40.372+0000] {dagbag.py:541} INFO - Filling up the DagBag from /home/airflow/.local/lib/python3.7/site-packages/airflow/example_dags/tutorial_taskflow_api.py
[2023-08-29T06:23:40.378+0000] {processor.py:836} INFO - DAG(s) dict_keys(['tutorial_taskflow_api']) retrieved from /home/airflow/.local/lib/python3.7/site-packages/airflow/example_dags/tutorial_taskflow_api.py
[2023-08-29T06:23:40.409+0000] {logging_mixin.py:149} INFO - [2023-08-29T06:23:40.409+0000] {dag.py:2726} INFO - Sync 1 DAGs
[2023-08-29T06:23:40.445+0000] {logging_mixin.py:149} INFO - [2023-08-29T06:23:40.445+0000] {dag.py:3490} INFO - Setting next_dagrun for tutorial_taskflow_api to None, run_after=None
[2023-08-29T06:23:40.464+0000] {processor.py:179} INFO - Processing /home/airflow/.local/lib/python3.7/site-packages/airflow/example_dags/tutorial_taskflow_api.py took 0.100 seconds
[2023-08-29T06:24:10.569+0000] {processor.py:157} INFO - Started process (PID=469) to work on /home/airflow/.local/lib/python3.7/site-packages/airflow/example_dags/tutorial_taskflow_api.py
[2023-08-29T06:24:10.571+0000] {processor.py:826} INFO - Processing file /home/airflow/.local/lib/python3.7/site-packages/airflow/example_dags/tutorial_taskflow_api.py for tasks to queue
[2023-08-29T06:24:10.572+0000] {logging_mixin.py:149} INFO - [2023-08-29T06:24:10.572+0000] {dagbag.py:541} INFO - Filling up the DagBag from /home/airflow/.local/lib/python3.7/site-packages/airflow/example_dags/tutorial_taskflow_api.py
[2023-08-29T06:24:10.579+0000] {processor.py:836} INFO - DAG(s) dict_keys(['tutorial_taskflow_api']) retrieved from /home/airflow/.local/lib/python3.7/site-packages/airflow/example_dags/tutorial_taskflow_api.py
[2023-08-29T06:24:10.601+0000] {logging_mixin.py:149} INFO - [2023-08-29T06:24:10.601+0000] {dag.py:2726} INFO - Sync 1 DAGs
[2023-08-29T06:24:10.626+0000] {logging_mixin.py:149} INFO - [2023-08-29T06:24:10.626+0000] {dag.py:3490} INFO - Setting next_dagrun for tutorial_taskflow_api to None, run_after=None
[2023-08-29T06:24:10.646+0000] {processor.py:179} INFO - Processing /home/airflow/.local/lib/python3.7/site-packages/airflow/example_dags/tutorial_taskflow_api.py took 0.082 seconds
