[2023-08-29T02:59:03.058+0000] {processor.py:157} INFO - Started process (PID=47) to work on /home/airflow/.local/lib/python3.7/site-packages/airflow/example_dags/tutorial_dag.py
[2023-08-29T02:59:03.059+0000] {processor.py:826} INFO - Processing file /home/airflow/.local/lib/python3.7/site-packages/airflow/example_dags/tutorial_dag.py for tasks to queue
[2023-08-29T02:59:03.061+0000] {logging_mixin.py:149} INFO - [2023-08-29T02:59:03.060+0000] {dagbag.py:541} INFO - Filling up the DagBag from /home/airflow/.local/lib/python3.7/site-packages/airflow/example_dags/tutorial_dag.py
[2023-08-29T02:59:03.080+0000] {processor.py:836} INFO - DAG(s) dict_keys(['tutorial_dag']) retrieved from /home/airflow/.local/lib/python3.7/site-packages/airflow/example_dags/tutorial_dag.py
[2023-08-29T02:59:03.333+0000] {logging_mixin.py:149} INFO - [2023-08-29T02:59:03.333+0000] {manager.py:504} INFO - Created Permission View: can edit on DAG:tutorial_dag
[2023-08-29T02:59:03.367+0000] {logging_mixin.py:149} INFO - [2023-08-29T02:59:03.367+0000] {manager.py:504} INFO - Created Permission View: can read on DAG:tutorial_dag
[2023-08-29T02:59:03.394+0000] {logging_mixin.py:149} INFO - [2023-08-29T02:59:03.394+0000] {manager.py:504} INFO - Created Permission View: can delete on DAG:tutorial_dag
[2023-08-29T02:59:03.430+0000] {logging_mixin.py:149} INFO - [2023-08-29T02:59:03.430+0000] {dag.py:2726} INFO - Sync 1 DAGs
[2023-08-29T02:59:03.472+0000] {logging_mixin.py:149} INFO - [2023-08-29T02:59:03.471+0000] {dag.py:2747} INFO - Creating ORM DAG for tutorial_dag
[2023-08-29T02:59:03.500+0000] {logging_mixin.py:149} INFO - [2023-08-29T02:59:03.500+0000] {dag.py:3490} INFO - Setting next_dagrun for tutorial_dag to None, run_after=None
[2023-08-29T02:59:03.541+0000] {processor.py:179} INFO - Processing /home/airflow/.local/lib/python3.7/site-packages/airflow/example_dags/tutorial_dag.py took 0.488 seconds
[2023-08-29T02:59:34.351+0000] {processor.py:157} INFO - Started process (PID=123) to work on /home/airflow/.local/lib/python3.7/site-packages/airflow/example_dags/tutorial_dag.py
[2023-08-29T02:59:34.352+0000] {processor.py:826} INFO - Processing file /home/airflow/.local/lib/python3.7/site-packages/airflow/example_dags/tutorial_dag.py for tasks to queue
[2023-08-29T02:59:34.353+0000] {logging_mixin.py:149} INFO - [2023-08-29T02:59:34.353+0000] {dagbag.py:541} INFO - Filling up the DagBag from /home/airflow/.local/lib/python3.7/site-packages/airflow/example_dags/tutorial_dag.py
[2023-08-29T02:59:34.359+0000] {processor.py:836} INFO - DAG(s) dict_keys(['tutorial_dag']) retrieved from /home/airflow/.local/lib/python3.7/site-packages/airflow/example_dags/tutorial_dag.py
[2023-08-29T02:59:34.384+0000] {logging_mixin.py:149} INFO - [2023-08-29T02:59:34.384+0000] {dag.py:2726} INFO - Sync 1 DAGs
[2023-08-29T02:59:34.405+0000] {logging_mixin.py:149} INFO - [2023-08-29T02:59:34.405+0000] {dag.py:3490} INFO - Setting next_dagrun for tutorial_dag to None, run_after=None
[2023-08-29T02:59:34.422+0000] {processor.py:179} INFO - Processing /home/airflow/.local/lib/python3.7/site-packages/airflow/example_dags/tutorial_dag.py took 0.075 seconds
[2023-08-29T04:07:06.807+0000] {processor.py:157} INFO - Started process (PID=37) to work on /home/airflow/.local/lib/python3.7/site-packages/airflow/example_dags/tutorial_dag.py
[2023-08-29T04:07:06.809+0000] {processor.py:826} INFO - Processing file /home/airflow/.local/lib/python3.7/site-packages/airflow/example_dags/tutorial_dag.py for tasks to queue
[2023-08-29T04:07:06.810+0000] {logging_mixin.py:149} INFO - [2023-08-29T04:07:06.809+0000] {dagbag.py:541} INFO - Filling up the DagBag from /home/airflow/.local/lib/python3.7/site-packages/airflow/example_dags/tutorial_dag.py
[2023-08-29T04:07:06.823+0000] {processor.py:836} INFO - DAG(s) dict_keys(['tutorial_dag']) retrieved from /home/airflow/.local/lib/python3.7/site-packages/airflow/example_dags/tutorial_dag.py
[2023-08-29T04:07:06.837+0000] {logging_mixin.py:149} INFO - [2023-08-29T04:07:06.837+0000] {dag.py:2726} INFO - Sync 1 DAGs
[2023-08-29T04:07:06.868+0000] {logging_mixin.py:149} INFO - [2023-08-29T04:07:06.867+0000] {dag.py:3490} INFO - Setting next_dagrun for tutorial_dag to None, run_after=None
[2023-08-29T04:07:06.890+0000] {processor.py:179} INFO - Processing /home/airflow/.local/lib/python3.7/site-packages/airflow/example_dags/tutorial_dag.py took 0.086 seconds
[2023-08-29T04:07:38.333+0000] {processor.py:157} INFO - Started process (PID=122) to work on /home/airflow/.local/lib/python3.7/site-packages/airflow/example_dags/tutorial_dag.py
[2023-08-29T04:07:38.335+0000] {processor.py:826} INFO - Processing file /home/airflow/.local/lib/python3.7/site-packages/airflow/example_dags/tutorial_dag.py for tasks to queue
[2023-08-29T04:07:38.337+0000] {logging_mixin.py:149} INFO - [2023-08-29T04:07:38.336+0000] {dagbag.py:541} INFO - Filling up the DagBag from /home/airflow/.local/lib/python3.7/site-packages/airflow/example_dags/tutorial_dag.py
[2023-08-29T04:07:38.345+0000] {processor.py:836} INFO - DAG(s) dict_keys(['tutorial_dag']) retrieved from /home/airflow/.local/lib/python3.7/site-packages/airflow/example_dags/tutorial_dag.py
[2023-08-29T04:07:38.613+0000] {logging_mixin.py:149} INFO - [2023-08-29T04:07:38.613+0000] {dag.py:2726} INFO - Sync 1 DAGs
[2023-08-29T04:07:38.649+0000] {logging_mixin.py:149} INFO - [2023-08-29T04:07:38.649+0000] {dag.py:3490} INFO - Setting next_dagrun for tutorial_dag to None, run_after=None
[2023-08-29T04:07:38.691+0000] {processor.py:179} INFO - Processing /home/airflow/.local/lib/python3.7/site-packages/airflow/example_dags/tutorial_dag.py took 0.363 seconds
[2023-08-29T04:08:08.911+0000] {processor.py:157} INFO - Started process (PID=198) to work on /home/airflow/.local/lib/python3.7/site-packages/airflow/example_dags/tutorial_dag.py
[2023-08-29T04:08:08.913+0000] {processor.py:826} INFO - Processing file /home/airflow/.local/lib/python3.7/site-packages/airflow/example_dags/tutorial_dag.py for tasks to queue
[2023-08-29T04:08:08.914+0000] {logging_mixin.py:149} INFO - [2023-08-29T04:08:08.913+0000] {dagbag.py:541} INFO - Filling up the DagBag from /home/airflow/.local/lib/python3.7/site-packages/airflow/example_dags/tutorial_dag.py
[2023-08-29T04:08:08.919+0000] {processor.py:836} INFO - DAG(s) dict_keys(['tutorial_dag']) retrieved from /home/airflow/.local/lib/python3.7/site-packages/airflow/example_dags/tutorial_dag.py
[2023-08-29T04:08:08.949+0000] {logging_mixin.py:149} INFO - [2023-08-29T04:08:08.949+0000] {dag.py:2726} INFO - Sync 1 DAGs
[2023-08-29T04:08:09.006+0000] {logging_mixin.py:149} INFO - [2023-08-29T04:08:09.005+0000] {dag.py:3490} INFO - Setting next_dagrun for tutorial_dag to None, run_after=None
[2023-08-29T04:08:09.062+0000] {processor.py:179} INFO - Processing /home/airflow/.local/lib/python3.7/site-packages/airflow/example_dags/tutorial_dag.py took 0.153 seconds
[2023-08-29T04:08:39.261+0000] {processor.py:157} INFO - Started process (PID=283) to work on /home/airflow/.local/lib/python3.7/site-packages/airflow/example_dags/tutorial_dag.py
[2023-08-29T04:08:39.263+0000] {processor.py:826} INFO - Processing file /home/airflow/.local/lib/python3.7/site-packages/airflow/example_dags/tutorial_dag.py for tasks to queue
[2023-08-29T04:08:39.264+0000] {logging_mixin.py:149} INFO - [2023-08-29T04:08:39.264+0000] {dagbag.py:541} INFO - Filling up the DagBag from /home/airflow/.local/lib/python3.7/site-packages/airflow/example_dags/tutorial_dag.py
[2023-08-29T04:08:39.269+0000] {processor.py:836} INFO - DAG(s) dict_keys(['tutorial_dag']) retrieved from /home/airflow/.local/lib/python3.7/site-packages/airflow/example_dags/tutorial_dag.py
[2023-08-29T04:08:39.301+0000] {logging_mixin.py:149} INFO - [2023-08-29T04:08:39.301+0000] {dag.py:2726} INFO - Sync 1 DAGs
[2023-08-29T04:08:39.340+0000] {logging_mixin.py:149} INFO - [2023-08-29T04:08:39.340+0000] {dag.py:3490} INFO - Setting next_dagrun for tutorial_dag to None, run_after=None
[2023-08-29T04:08:39.369+0000] {processor.py:179} INFO - Processing /home/airflow/.local/lib/python3.7/site-packages/airflow/example_dags/tutorial_dag.py took 0.111 seconds
[2023-08-29T04:09:09.780+0000] {processor.py:157} INFO - Started process (PID=360) to work on /home/airflow/.local/lib/python3.7/site-packages/airflow/example_dags/tutorial_dag.py
[2023-08-29T04:09:09.781+0000] {processor.py:826} INFO - Processing file /home/airflow/.local/lib/python3.7/site-packages/airflow/example_dags/tutorial_dag.py for tasks to queue
[2023-08-29T04:09:09.782+0000] {logging_mixin.py:149} INFO - [2023-08-29T04:09:09.782+0000] {dagbag.py:541} INFO - Filling up the DagBag from /home/airflow/.local/lib/python3.7/site-packages/airflow/example_dags/tutorial_dag.py
[2023-08-29T04:09:09.786+0000] {processor.py:836} INFO - DAG(s) dict_keys(['tutorial_dag']) retrieved from /home/airflow/.local/lib/python3.7/site-packages/airflow/example_dags/tutorial_dag.py
[2023-08-29T04:09:09.807+0000] {logging_mixin.py:149} INFO - [2023-08-29T04:09:09.807+0000] {dag.py:2726} INFO - Sync 1 DAGs
[2023-08-29T04:09:09.829+0000] {logging_mixin.py:149} INFO - [2023-08-29T04:09:09.828+0000] {dag.py:3490} INFO - Setting next_dagrun for tutorial_dag to None, run_after=None
[2023-08-29T04:09:09.845+0000] {processor.py:179} INFO - Processing /home/airflow/.local/lib/python3.7/site-packages/airflow/example_dags/tutorial_dag.py took 0.067 seconds
[2023-08-29T04:09:40.263+0000] {processor.py:157} INFO - Started process (PID=436) to work on /home/airflow/.local/lib/python3.7/site-packages/airflow/example_dags/tutorial_dag.py
[2023-08-29T04:09:40.265+0000] {processor.py:826} INFO - Processing file /home/airflow/.local/lib/python3.7/site-packages/airflow/example_dags/tutorial_dag.py for tasks to queue
[2023-08-29T04:09:40.265+0000] {logging_mixin.py:149} INFO - [2023-08-29T04:09:40.265+0000] {dagbag.py:541} INFO - Filling up the DagBag from /home/airflow/.local/lib/python3.7/site-packages/airflow/example_dags/tutorial_dag.py
[2023-08-29T04:09:40.270+0000] {processor.py:836} INFO - DAG(s) dict_keys(['tutorial_dag']) retrieved from /home/airflow/.local/lib/python3.7/site-packages/airflow/example_dags/tutorial_dag.py
[2023-08-29T04:09:40.347+0000] {logging_mixin.py:149} INFO - [2023-08-29T04:09:40.347+0000] {dag.py:2726} INFO - Sync 1 DAGs
[2023-08-29T04:09:40.370+0000] {logging_mixin.py:149} INFO - [2023-08-29T04:09:40.370+0000] {dag.py:3490} INFO - Setting next_dagrun for tutorial_dag to None, run_after=None
[2023-08-29T04:09:40.402+0000] {processor.py:179} INFO - Processing /home/airflow/.local/lib/python3.7/site-packages/airflow/example_dags/tutorial_dag.py took 0.141 seconds
[2023-08-29T06:21:04.593+0000] {processor.py:157} INFO - Started process (PID=37) to work on /home/airflow/.local/lib/python3.7/site-packages/airflow/example_dags/tutorial_dag.py
[2023-08-29T06:21:04.594+0000] {processor.py:826} INFO - Processing file /home/airflow/.local/lib/python3.7/site-packages/airflow/example_dags/tutorial_dag.py for tasks to queue
[2023-08-29T06:21:04.595+0000] {logging_mixin.py:149} INFO - [2023-08-29T06:21:04.595+0000] {dagbag.py:541} INFO - Filling up the DagBag from /home/airflow/.local/lib/python3.7/site-packages/airflow/example_dags/tutorial_dag.py
[2023-08-29T06:21:04.603+0000] {processor.py:836} INFO - DAG(s) dict_keys(['tutorial_dag']) retrieved from /home/airflow/.local/lib/python3.7/site-packages/airflow/example_dags/tutorial_dag.py
[2023-08-29T06:21:04.634+0000] {logging_mixin.py:149} INFO - [2023-08-29T06:21:04.634+0000] {dag.py:2726} INFO - Sync 1 DAGs
[2023-08-29T06:21:04.669+0000] {logging_mixin.py:149} INFO - [2023-08-29T06:21:04.668+0000] {dag.py:3490} INFO - Setting next_dagrun for tutorial_dag to None, run_after=None
[2023-08-29T06:21:04.975+0000] {logging_mixin.py:149} INFO - [2023-08-29T06:21:04.974+0000] {process_utils.py:258} INFO - Waiting up to 5 seconds for processes to exit...
[2023-08-29T06:21:04.975+0000] {logging_mixin.py:149} WARNING - Exception ignored in: <function _collection_gced at 0x7ff012c3f320>
[2023-08-29T06:21:04.976+0000] {logging_mixin.py:149} WARNING - Traceback (most recent call last):
[2023-08-29T06:21:04.976+0000] {logging_mixin.py:149} WARNING -   File "/home/airflow/.local/lib/python3.7/site-packages/sqlalchemy/event/registry.py", line 53, in _collection_gced
[2023-08-29T06:21:04.976+0000] {logging_mixin.py:149} WARNING -     def _collection_gced(ref):
[2023-08-29T06:21:04.977+0000] {logging_mixin.py:149} WARNING -   File "/home/airflow/.local/lib/python3.7/site-packages/airflow/dag_processing/manager.py", line 471, in _exit_gracefully
[2023-08-29T06:21:04.977+0000] {logging_mixin.py:149} WARNING -     self.log.debug("Current Stacktrace is: %s", "\n".join(map(str, inspect.stack())))
[2023-08-29T06:21:04.978+0000] {logging_mixin.py:149} WARNING -   File "/usr/local/lib/python3.7/inspect.py", line 1513, in stack
[2023-08-29T06:21:04.978+0000] {logging_mixin.py:149} WARNING -     return getouterframes(sys._getframe(1), context)
[2023-08-29T06:21:04.979+0000] {logging_mixin.py:149} WARNING -   File "/usr/local/lib/python3.7/inspect.py", line 1490, in getouterframes
[2023-08-29T06:21:04.979+0000] {logging_mixin.py:149} WARNING -     frameinfo = (frame,) + getframeinfo(frame, context)
[2023-08-29T06:21:04.979+0000] {logging_mixin.py:149} WARNING -   File "/usr/local/lib/python3.7/inspect.py", line 1460, in getframeinfo
[2023-08-29T06:21:04.980+0000] {logging_mixin.py:149} WARNING -     filename = getsourcefile(frame) or getfile(frame)
[2023-08-29T06:21:04.980+0000] {logging_mixin.py:149} WARNING -   File "/usr/local/lib/python3.7/inspect.py", line 693, in getsourcefile
[2023-08-29T06:21:04.981+0000] {logging_mixin.py:149} WARNING -     if os.path.exists(filename):
[2023-08-29T06:21:04.981+0000] {logging_mixin.py:149} WARNING -   File "/usr/local/lib/python3.7/genericpath.py", line 19, in exists
[2023-08-29T06:21:04.981+0000] {logging_mixin.py:149} WARNING -     os.stat(path)
[2023-08-29T06:21:04.982+0000] {logging_mixin.py:149} WARNING -   File "/home/airflow/.local/lib/python3.7/site-packages/airflow/dag_processing/manager.py", line 475, in _exit_gracefully
[2023-08-29T06:21:04.982+0000] {logging_mixin.py:149} WARNING -     sys.exit(os.EX_OK)
[2023-08-29T06:21:04.982+0000] {logging_mixin.py:149} WARNING - SystemExit: 0
[2023-08-29T06:21:04.986+0000] {processor.py:179} INFO - Processing /home/airflow/.local/lib/python3.7/site-packages/airflow/example_dags/tutorial_dag.py took 0.395 seconds
[2023-08-29T06:21:33.248+0000] {processor.py:157} INFO - Started process (PID=37) to work on /home/airflow/.local/lib/python3.7/site-packages/airflow/example_dags/tutorial_dag.py
[2023-08-29T06:21:33.250+0000] {processor.py:826} INFO - Processing file /home/airflow/.local/lib/python3.7/site-packages/airflow/example_dags/tutorial_dag.py for tasks to queue
[2023-08-29T06:21:33.258+0000] {logging_mixin.py:149} INFO - [2023-08-29T06:21:33.257+0000] {dagbag.py:541} INFO - Filling up the DagBag from /home/airflow/.local/lib/python3.7/site-packages/airflow/example_dags/tutorial_dag.py
[2023-08-29T06:21:33.266+0000] {processor.py:836} INFO - DAG(s) dict_keys(['tutorial_dag']) retrieved from /home/airflow/.local/lib/python3.7/site-packages/airflow/example_dags/tutorial_dag.py
[2023-08-29T06:21:33.299+0000] {logging_mixin.py:149} INFO - [2023-08-29T06:21:33.298+0000] {dag.py:2726} INFO - Sync 1 DAGs
[2023-08-29T06:21:33.342+0000] {logging_mixin.py:149} INFO - [2023-08-29T06:21:33.342+0000] {dag.py:3490} INFO - Setting next_dagrun for tutorial_dag to None, run_after=None
[2023-08-29T06:21:33.364+0000] {processor.py:179} INFO - Processing /home/airflow/.local/lib/python3.7/site-packages/airflow/example_dags/tutorial_dag.py took 0.122 seconds
[2023-08-29T06:22:04.112+0000] {processor.py:157} INFO - Started process (PID=122) to work on /home/airflow/.local/lib/python3.7/site-packages/airflow/example_dags/tutorial_dag.py
[2023-08-29T06:22:04.113+0000] {processor.py:826} INFO - Processing file /home/airflow/.local/lib/python3.7/site-packages/airflow/example_dags/tutorial_dag.py for tasks to queue
[2023-08-29T06:22:04.114+0000] {logging_mixin.py:149} INFO - [2023-08-29T06:22:04.114+0000] {dagbag.py:541} INFO - Filling up the DagBag from /home/airflow/.local/lib/python3.7/site-packages/airflow/example_dags/tutorial_dag.py
[2023-08-29T06:22:04.118+0000] {processor.py:836} INFO - DAG(s) dict_keys(['tutorial_dag']) retrieved from /home/airflow/.local/lib/python3.7/site-packages/airflow/example_dags/tutorial_dag.py
[2023-08-29T06:22:04.222+0000] {logging_mixin.py:149} INFO - [2023-08-29T06:22:04.222+0000] {dag.py:2726} INFO - Sync 1 DAGs
[2023-08-29T06:22:04.242+0000] {logging_mixin.py:149} INFO - [2023-08-29T06:22:04.242+0000] {dag.py:3490} INFO - Setting next_dagrun for tutorial_dag to None, run_after=None
[2023-08-29T06:22:04.261+0000] {processor.py:179} INFO - Processing /home/airflow/.local/lib/python3.7/site-packages/airflow/example_dags/tutorial_dag.py took 0.152 seconds
[2023-08-29T06:22:34.954+0000] {processor.py:157} INFO - Started process (PID=198) to work on /home/airflow/.local/lib/python3.7/site-packages/airflow/example_dags/tutorial_dag.py
[2023-08-29T06:22:34.958+0000] {processor.py:826} INFO - Processing file /home/airflow/.local/lib/python3.7/site-packages/airflow/example_dags/tutorial_dag.py for tasks to queue
[2023-08-29T06:22:34.960+0000] {logging_mixin.py:149} INFO - [2023-08-29T06:22:34.960+0000] {dagbag.py:541} INFO - Filling up the DagBag from /home/airflow/.local/lib/python3.7/site-packages/airflow/example_dags/tutorial_dag.py
[2023-08-29T06:22:34.965+0000] {processor.py:836} INFO - DAG(s) dict_keys(['tutorial_dag']) retrieved from /home/airflow/.local/lib/python3.7/site-packages/airflow/example_dags/tutorial_dag.py
[2023-08-29T06:22:35.009+0000] {logging_mixin.py:149} INFO - [2023-08-29T06:22:35.008+0000] {dag.py:2726} INFO - Sync 1 DAGs
[2023-08-29T06:22:35.045+0000] {logging_mixin.py:149} INFO - [2023-08-29T06:22:35.045+0000] {dag.py:3490} INFO - Setting next_dagrun for tutorial_dag to None, run_after=None
[2023-08-29T06:22:35.083+0000] {processor.py:179} INFO - Processing /home/airflow/.local/lib/python3.7/site-packages/airflow/example_dags/tutorial_dag.py took 0.135 seconds
[2023-08-29T06:23:05.880+0000] {processor.py:157} INFO - Started process (PID=283) to work on /home/airflow/.local/lib/python3.7/site-packages/airflow/example_dags/tutorial_dag.py
[2023-08-29T06:23:05.882+0000] {processor.py:826} INFO - Processing file /home/airflow/.local/lib/python3.7/site-packages/airflow/example_dags/tutorial_dag.py for tasks to queue
[2023-08-29T06:23:05.884+0000] {logging_mixin.py:149} INFO - [2023-08-29T06:23:05.884+0000] {dagbag.py:541} INFO - Filling up the DagBag from /home/airflow/.local/lib/python3.7/site-packages/airflow/example_dags/tutorial_dag.py
[2023-08-29T06:23:05.894+0000] {processor.py:836} INFO - DAG(s) dict_keys(['tutorial_dag']) retrieved from /home/airflow/.local/lib/python3.7/site-packages/airflow/example_dags/tutorial_dag.py
[2023-08-29T06:23:05.930+0000] {logging_mixin.py:149} INFO - [2023-08-29T06:23:05.929+0000] {dag.py:2726} INFO - Sync 1 DAGs
[2023-08-29T06:23:05.956+0000] {logging_mixin.py:149} INFO - [2023-08-29T06:23:05.956+0000] {dag.py:3490} INFO - Setting next_dagrun for tutorial_dag to None, run_after=None
[2023-08-29T06:23:05.986+0000] {processor.py:179} INFO - Processing /home/airflow/.local/lib/python3.7/site-packages/airflow/example_dags/tutorial_dag.py took 0.111 seconds
[2023-08-29T06:23:36.233+0000] {processor.py:157} INFO - Started process (PID=359) to work on /home/airflow/.local/lib/python3.7/site-packages/airflow/example_dags/tutorial_dag.py
[2023-08-29T06:23:36.234+0000] {processor.py:826} INFO - Processing file /home/airflow/.local/lib/python3.7/site-packages/airflow/example_dags/tutorial_dag.py for tasks to queue
[2023-08-29T06:23:36.235+0000] {logging_mixin.py:149} INFO - [2023-08-29T06:23:36.235+0000] {dagbag.py:541} INFO - Filling up the DagBag from /home/airflow/.local/lib/python3.7/site-packages/airflow/example_dags/tutorial_dag.py
[2023-08-29T06:23:36.239+0000] {processor.py:836} INFO - DAG(s) dict_keys(['tutorial_dag']) retrieved from /home/airflow/.local/lib/python3.7/site-packages/airflow/example_dags/tutorial_dag.py
[2023-08-29T06:23:36.261+0000] {logging_mixin.py:149} INFO - [2023-08-29T06:23:36.261+0000] {dag.py:2726} INFO - Sync 1 DAGs
[2023-08-29T06:23:36.281+0000] {logging_mixin.py:149} INFO - [2023-08-29T06:23:36.281+0000] {dag.py:3490} INFO - Setting next_dagrun for tutorial_dag to None, run_after=None
[2023-08-29T06:23:36.301+0000] {processor.py:179} INFO - Processing /home/airflow/.local/lib/python3.7/site-packages/airflow/example_dags/tutorial_dag.py took 0.072 seconds
[2023-08-29T06:24:06.815+0000] {processor.py:157} INFO - Started process (PID=435) to work on /home/airflow/.local/lib/python3.7/site-packages/airflow/example_dags/tutorial_dag.py
[2023-08-29T06:24:06.816+0000] {processor.py:826} INFO - Processing file /home/airflow/.local/lib/python3.7/site-packages/airflow/example_dags/tutorial_dag.py for tasks to queue
[2023-08-29T06:24:06.817+0000] {logging_mixin.py:149} INFO - [2023-08-29T06:24:06.817+0000] {dagbag.py:541} INFO - Filling up the DagBag from /home/airflow/.local/lib/python3.7/site-packages/airflow/example_dags/tutorial_dag.py
[2023-08-29T06:24:06.823+0000] {processor.py:836} INFO - DAG(s) dict_keys(['tutorial_dag']) retrieved from /home/airflow/.local/lib/python3.7/site-packages/airflow/example_dags/tutorial_dag.py
[2023-08-29T06:24:06.846+0000] {logging_mixin.py:149} INFO - [2023-08-29T06:24:06.846+0000] {dag.py:2726} INFO - Sync 1 DAGs
[2023-08-29T06:24:06.872+0000] {logging_mixin.py:149} INFO - [2023-08-29T06:24:06.872+0000] {dag.py:3490} INFO - Setting next_dagrun for tutorial_dag to None, run_after=None
[2023-08-29T06:24:06.893+0000] {processor.py:179} INFO - Processing /home/airflow/.local/lib/python3.7/site-packages/airflow/example_dags/tutorial_dag.py took 0.081 seconds
