[2023-08-29T02:59:10.190+0000] {processor.py:157} INFO - Started process (PID=72) to work on /home/airflow/.local/lib/python3.7/site-packages/airflow/example_dags/tutorial.py
[2023-08-29T02:59:10.192+0000] {processor.py:826} INFO - Processing file /home/airflow/.local/lib/python3.7/site-packages/airflow/example_dags/tutorial.py for tasks to queue
[2023-08-29T02:59:10.193+0000] {logging_mixin.py:149} INFO - [2023-08-29T02:59:10.193+0000] {dagbag.py:541} INFO - Filling up the DagBag from /home/airflow/.local/lib/python3.7/site-packages/airflow/example_dags/tutorial.py
[2023-08-29T02:59:10.201+0000] {processor.py:836} INFO - DAG(s) dict_keys(['tutorial']) retrieved from /home/airflow/.local/lib/python3.7/site-packages/airflow/example_dags/tutorial.py
[2023-08-29T02:59:10.341+0000] {logging_mixin.py:149} INFO - [2023-08-29T02:59:10.341+0000] {manager.py:504} INFO - Created Permission View: can edit on DAG:tutorial
[2023-08-29T02:59:10.355+0000] {logging_mixin.py:149} INFO - [2023-08-29T02:59:10.355+0000] {manager.py:504} INFO - Created Permission View: can read on DAG:tutorial
[2023-08-29T02:59:10.365+0000] {logging_mixin.py:149} INFO - [2023-08-29T02:59:10.365+0000] {manager.py:504} INFO - Created Permission View: can delete on DAG:tutorial
[2023-08-29T02:59:10.381+0000] {logging_mixin.py:149} INFO - [2023-08-29T02:59:10.380+0000] {dag.py:2726} INFO - Sync 1 DAGs
[2023-08-29T02:59:10.397+0000] {logging_mixin.py:149} INFO - [2023-08-29T02:59:10.396+0000] {dag.py:2747} INFO - Creating ORM DAG for tutorial
[2023-08-29T02:59:10.414+0000] {logging_mixin.py:149} INFO - [2023-08-29T02:59:10.414+0000] {dag.py:3490} INFO - Setting next_dagrun for tutorial to 2023-08-28T02:59:10.413046+00:00, run_after=2023-08-29T02:59:10.413046+00:00
[2023-08-29T02:59:10.438+0000] {processor.py:179} INFO - Processing /home/airflow/.local/lib/python3.7/site-packages/airflow/example_dags/tutorial.py took 0.252 seconds
[2023-08-29T02:59:41.085+0000] {processor.py:157} INFO - Started process (PID=157) to work on /home/airflow/.local/lib/python3.7/site-packages/airflow/example_dags/tutorial.py
[2023-08-29T02:59:41.087+0000] {processor.py:826} INFO - Processing file /home/airflow/.local/lib/python3.7/site-packages/airflow/example_dags/tutorial.py for tasks to queue
[2023-08-29T02:59:41.089+0000] {logging_mixin.py:149} INFO - [2023-08-29T02:59:41.088+0000] {dagbag.py:541} INFO - Filling up the DagBag from /home/airflow/.local/lib/python3.7/site-packages/airflow/example_dags/tutorial.py
[2023-08-29T02:59:41.098+0000] {processor.py:836} INFO - DAG(s) dict_keys(['tutorial']) retrieved from /home/airflow/.local/lib/python3.7/site-packages/airflow/example_dags/tutorial.py
[2023-08-29T02:59:41.124+0000] {logging_mixin.py:149} INFO - [2023-08-29T02:59:41.124+0000] {dag.py:2726} INFO - Sync 1 DAGs
[2023-08-29T02:59:41.153+0000] {logging_mixin.py:149} INFO - [2023-08-29T02:59:41.153+0000] {dag.py:3490} INFO - Setting next_dagrun for tutorial to 2023-08-28T02:59:41.152667+00:00, run_after=2023-08-29T02:59:41.152667+00:00
[2023-08-29T02:59:41.183+0000] {processor.py:179} INFO - Processing /home/airflow/.local/lib/python3.7/site-packages/airflow/example_dags/tutorial.py took 0.102 seconds
[2023-08-29T04:07:11.148+0000] {processor.py:157} INFO - Started process (PID=71) to work on /home/airflow/.local/lib/python3.7/site-packages/airflow/example_dags/tutorial.py
[2023-08-29T04:07:11.149+0000] {processor.py:826} INFO - Processing file /home/airflow/.local/lib/python3.7/site-packages/airflow/example_dags/tutorial.py for tasks to queue
[2023-08-29T04:07:11.150+0000] {logging_mixin.py:149} INFO - [2023-08-29T04:07:11.150+0000] {dagbag.py:541} INFO - Filling up the DagBag from /home/airflow/.local/lib/python3.7/site-packages/airflow/example_dags/tutorial.py
[2023-08-29T04:07:11.157+0000] {processor.py:836} INFO - DAG(s) dict_keys(['tutorial']) retrieved from /home/airflow/.local/lib/python3.7/site-packages/airflow/example_dags/tutorial.py
[2023-08-29T04:07:11.172+0000] {logging_mixin.py:149} INFO - [2023-08-29T04:07:11.172+0000] {dag.py:2726} INFO - Sync 1 DAGs
[2023-08-29T04:07:11.311+0000] {logging_mixin.py:149} INFO - [2023-08-29T04:07:11.311+0000] {dag.py:3490} INFO - Setting next_dagrun for tutorial to 2023-08-28T04:07:11.311639+00:00, run_after=2023-08-29T04:07:11.311639+00:00
[2023-08-29T04:07:11.337+0000] {processor.py:179} INFO - Processing /home/airflow/.local/lib/python3.7/site-packages/airflow/example_dags/tutorial.py took 0.191 seconds
[2023-08-29T04:07:41.837+0000] {processor.py:157} INFO - Started process (PID=147) to work on /home/airflow/.local/lib/python3.7/site-packages/airflow/example_dags/tutorial.py
[2023-08-29T04:07:41.840+0000] {processor.py:826} INFO - Processing file /home/airflow/.local/lib/python3.7/site-packages/airflow/example_dags/tutorial.py for tasks to queue
[2023-08-29T04:07:41.841+0000] {logging_mixin.py:149} INFO - [2023-08-29T04:07:41.841+0000] {dagbag.py:541} INFO - Filling up the DagBag from /home/airflow/.local/lib/python3.7/site-packages/airflow/example_dags/tutorial.py
[2023-08-29T04:07:41.848+0000] {processor.py:836} INFO - DAG(s) dict_keys(['tutorial']) retrieved from /home/airflow/.local/lib/python3.7/site-packages/airflow/example_dags/tutorial.py
[2023-08-29T04:07:41.875+0000] {logging_mixin.py:149} INFO - [2023-08-29T04:07:41.875+0000] {dag.py:2726} INFO - Sync 1 DAGs
[2023-08-29T04:07:41.900+0000] {logging_mixin.py:149} INFO - [2023-08-29T04:07:41.900+0000] {dag.py:3490} INFO - Setting next_dagrun for tutorial to 2023-08-28T04:07:41.900055+00:00, run_after=2023-08-29T04:07:41.900055+00:00
[2023-08-29T04:07:41.921+0000] {processor.py:179} INFO - Processing /home/airflow/.local/lib/python3.7/site-packages/airflow/example_dags/tutorial.py took 0.088 seconds
[2023-08-29T04:08:12.823+0000] {processor.py:157} INFO - Started process (PID=223) to work on /home/airflow/.local/lib/python3.7/site-packages/airflow/example_dags/tutorial.py
[2023-08-29T04:08:12.824+0000] {processor.py:826} INFO - Processing file /home/airflow/.local/lib/python3.7/site-packages/airflow/example_dags/tutorial.py for tasks to queue
[2023-08-29T04:08:12.825+0000] {logging_mixin.py:149} INFO - [2023-08-29T04:08:12.825+0000] {dagbag.py:541} INFO - Filling up the DagBag from /home/airflow/.local/lib/python3.7/site-packages/airflow/example_dags/tutorial.py
[2023-08-29T04:08:12.831+0000] {processor.py:836} INFO - DAG(s) dict_keys(['tutorial']) retrieved from /home/airflow/.local/lib/python3.7/site-packages/airflow/example_dags/tutorial.py
[2023-08-29T04:08:12.859+0000] {logging_mixin.py:149} INFO - [2023-08-29T04:08:12.858+0000] {dag.py:2726} INFO - Sync 1 DAGs
[2023-08-29T04:08:12.890+0000] {logging_mixin.py:149} INFO - [2023-08-29T04:08:12.890+0000] {dag.py:3490} INFO - Setting next_dagrun for tutorial to 2023-08-28T04:08:12.890083+00:00, run_after=2023-08-29T04:08:12.890083+00:00
[2023-08-29T04:08:12.917+0000] {processor.py:179} INFO - Processing /home/airflow/.local/lib/python3.7/site-packages/airflow/example_dags/tutorial.py took 0.100 seconds
[2023-08-29T04:08:43.114+0000] {processor.py:157} INFO - Started process (PID=307) to work on /home/airflow/.local/lib/python3.7/site-packages/airflow/example_dags/tutorial.py
[2023-08-29T04:08:43.115+0000] {processor.py:826} INFO - Processing file /home/airflow/.local/lib/python3.7/site-packages/airflow/example_dags/tutorial.py for tasks to queue
[2023-08-29T04:08:43.116+0000] {logging_mixin.py:149} INFO - [2023-08-29T04:08:43.116+0000] {dagbag.py:541} INFO - Filling up the DagBag from /home/airflow/.local/lib/python3.7/site-packages/airflow/example_dags/tutorial.py
[2023-08-29T04:08:43.125+0000] {processor.py:836} INFO - DAG(s) dict_keys(['tutorial']) retrieved from /home/airflow/.local/lib/python3.7/site-packages/airflow/example_dags/tutorial.py
[2023-08-29T04:08:43.148+0000] {logging_mixin.py:149} INFO - [2023-08-29T04:08:43.147+0000] {dag.py:2726} INFO - Sync 1 DAGs
[2023-08-29T04:08:43.174+0000] {logging_mixin.py:149} INFO - [2023-08-29T04:08:43.174+0000] {dag.py:3490} INFO - Setting next_dagrun for tutorial to 2023-08-28T04:08:43.174154+00:00, run_after=2023-08-29T04:08:43.174154+00:00
[2023-08-29T04:08:43.192+0000] {processor.py:179} INFO - Processing /home/airflow/.local/lib/python3.7/site-packages/airflow/example_dags/tutorial.py took 0.082 seconds
[2023-08-29T04:09:13.375+0000] {processor.py:157} INFO - Started process (PID=384) to work on /home/airflow/.local/lib/python3.7/site-packages/airflow/example_dags/tutorial.py
[2023-08-29T04:09:13.377+0000] {processor.py:826} INFO - Processing file /home/airflow/.local/lib/python3.7/site-packages/airflow/example_dags/tutorial.py for tasks to queue
[2023-08-29T04:09:13.378+0000] {logging_mixin.py:149} INFO - [2023-08-29T04:09:13.378+0000] {dagbag.py:541} INFO - Filling up the DagBag from /home/airflow/.local/lib/python3.7/site-packages/airflow/example_dags/tutorial.py
[2023-08-29T04:09:13.387+0000] {processor.py:836} INFO - DAG(s) dict_keys(['tutorial']) retrieved from /home/airflow/.local/lib/python3.7/site-packages/airflow/example_dags/tutorial.py
[2023-08-29T04:09:13.419+0000] {logging_mixin.py:149} INFO - [2023-08-29T04:09:13.419+0000] {dag.py:2726} INFO - Sync 1 DAGs
[2023-08-29T04:09:13.442+0000] {logging_mixin.py:149} INFO - [2023-08-29T04:09:13.442+0000] {dag.py:3490} INFO - Setting next_dagrun for tutorial to 2023-08-28T04:09:13.442166+00:00, run_after=2023-08-29T04:09:13.442166+00:00
[2023-08-29T04:09:13.462+0000] {processor.py:179} INFO - Processing /home/airflow/.local/lib/python3.7/site-packages/airflow/example_dags/tutorial.py took 0.090 seconds
[2023-08-29T04:09:43.854+0000] {processor.py:157} INFO - Started process (PID=469) to work on /home/airflow/.local/lib/python3.7/site-packages/airflow/example_dags/tutorial.py
[2023-08-29T04:09:43.855+0000] {processor.py:826} INFO - Processing file /home/airflow/.local/lib/python3.7/site-packages/airflow/example_dags/tutorial.py for tasks to queue
[2023-08-29T04:09:43.856+0000] {logging_mixin.py:149} INFO - [2023-08-29T04:09:43.856+0000] {dagbag.py:541} INFO - Filling up the DagBag from /home/airflow/.local/lib/python3.7/site-packages/airflow/example_dags/tutorial.py
[2023-08-29T04:09:43.862+0000] {processor.py:836} INFO - DAG(s) dict_keys(['tutorial']) retrieved from /home/airflow/.local/lib/python3.7/site-packages/airflow/example_dags/tutorial.py
[2023-08-29T04:09:43.881+0000] {logging_mixin.py:149} INFO - [2023-08-29T04:09:43.881+0000] {dag.py:2726} INFO - Sync 1 DAGs
[2023-08-29T04:09:43.903+0000] {logging_mixin.py:149} INFO - [2023-08-29T04:09:43.903+0000] {dag.py:3490} INFO - Setting next_dagrun for tutorial to 2023-08-28T04:09:43.903300+00:00, run_after=2023-08-29T04:09:43.903300+00:00
[2023-08-29T04:09:43.921+0000] {processor.py:179} INFO - Processing /home/airflow/.local/lib/python3.7/site-packages/airflow/example_dags/tutorial.py took 0.070 seconds
[2023-08-29T06:21:37.022+0000] {processor.py:157} INFO - Started process (PID=71) to work on /home/airflow/.local/lib/python3.7/site-packages/airflow/example_dags/tutorial.py
[2023-08-29T06:21:37.023+0000] {processor.py:826} INFO - Processing file /home/airflow/.local/lib/python3.7/site-packages/airflow/example_dags/tutorial.py for tasks to queue
[2023-08-29T06:21:37.025+0000] {logging_mixin.py:149} INFO - [2023-08-29T06:21:37.024+0000] {dagbag.py:541} INFO - Filling up the DagBag from /home/airflow/.local/lib/python3.7/site-packages/airflow/example_dags/tutorial.py
[2023-08-29T06:21:37.031+0000] {processor.py:836} INFO - DAG(s) dict_keys(['tutorial']) retrieved from /home/airflow/.local/lib/python3.7/site-packages/airflow/example_dags/tutorial.py
[2023-08-29T06:21:37.046+0000] {logging_mixin.py:149} INFO - [2023-08-29T06:21:37.046+0000] {dag.py:2726} INFO - Sync 1 DAGs
[2023-08-29T06:21:37.259+0000] {logging_mixin.py:149} INFO - [2023-08-29T06:21:37.259+0000] {dag.py:3490} INFO - Setting next_dagrun for tutorial to 2023-08-28T06:21:37.259075+00:00, run_after=2023-08-29T06:21:37.259075+00:00
[2023-08-29T06:21:37.304+0000] {processor.py:179} INFO - Processing /home/airflow/.local/lib/python3.7/site-packages/airflow/example_dags/tutorial.py took 0.286 seconds
[2023-08-29T06:22:07.920+0000] {processor.py:157} INFO - Started process (PID=147) to work on /home/airflow/.local/lib/python3.7/site-packages/airflow/example_dags/tutorial.py
[2023-08-29T06:22:07.922+0000] {processor.py:826} INFO - Processing file /home/airflow/.local/lib/python3.7/site-packages/airflow/example_dags/tutorial.py for tasks to queue
[2023-08-29T06:22:07.922+0000] {logging_mixin.py:149} INFO - [2023-08-29T06:22:07.922+0000] {dagbag.py:541} INFO - Filling up the DagBag from /home/airflow/.local/lib/python3.7/site-packages/airflow/example_dags/tutorial.py
[2023-08-29T06:22:07.928+0000] {processor.py:836} INFO - DAG(s) dict_keys(['tutorial']) retrieved from /home/airflow/.local/lib/python3.7/site-packages/airflow/example_dags/tutorial.py
[2023-08-29T06:22:07.947+0000] {logging_mixin.py:149} INFO - [2023-08-29T06:22:07.947+0000] {dag.py:2726} INFO - Sync 1 DAGs
[2023-08-29T06:22:07.968+0000] {logging_mixin.py:149} INFO - [2023-08-29T06:22:07.968+0000] {dag.py:3490} INFO - Setting next_dagrun for tutorial to 2023-08-28T06:22:07.968263+00:00, run_after=2023-08-29T06:22:07.968263+00:00
[2023-08-29T06:22:07.988+0000] {processor.py:179} INFO - Processing /home/airflow/.local/lib/python3.7/site-packages/airflow/example_dags/tutorial.py took 0.070 seconds
[2023-08-29T06:22:38.778+0000] {processor.py:157} INFO - Started process (PID=232) to work on /home/airflow/.local/lib/python3.7/site-packages/airflow/example_dags/tutorial.py
[2023-08-29T06:22:38.779+0000] {processor.py:826} INFO - Processing file /home/airflow/.local/lib/python3.7/site-packages/airflow/example_dags/tutorial.py for tasks to queue
[2023-08-29T06:22:38.780+0000] {logging_mixin.py:149} INFO - [2023-08-29T06:22:38.780+0000] {dagbag.py:541} INFO - Filling up the DagBag from /home/airflow/.local/lib/python3.7/site-packages/airflow/example_dags/tutorial.py
[2023-08-29T06:22:38.792+0000] {processor.py:836} INFO - DAG(s) dict_keys(['tutorial']) retrieved from /home/airflow/.local/lib/python3.7/site-packages/airflow/example_dags/tutorial.py
[2023-08-29T06:22:38.844+0000] {logging_mixin.py:149} INFO - [2023-08-29T06:22:38.843+0000] {dag.py:2726} INFO - Sync 1 DAGs
[2023-08-29T06:22:38.923+0000] {logging_mixin.py:149} INFO - [2023-08-29T06:22:38.922+0000] {dag.py:3490} INFO - Setting next_dagrun for tutorial to 2023-08-28T06:22:38.922529+00:00, run_after=2023-08-29T06:22:38.922529+00:00
[2023-08-29T06:22:38.964+0000] {processor.py:179} INFO - Processing /home/airflow/.local/lib/python3.7/site-packages/airflow/example_dags/tutorial.py took 0.190 seconds
[2023-08-29T06:23:09.890+0000] {processor.py:157} INFO - Started process (PID=308) to work on /home/airflow/.local/lib/python3.7/site-packages/airflow/example_dags/tutorial.py
[2023-08-29T06:23:09.891+0000] {processor.py:826} INFO - Processing file /home/airflow/.local/lib/python3.7/site-packages/airflow/example_dags/tutorial.py for tasks to queue
[2023-08-29T06:23:09.893+0000] {logging_mixin.py:149} INFO - [2023-08-29T06:23:09.892+0000] {dagbag.py:541} INFO - Filling up the DagBag from /home/airflow/.local/lib/python3.7/site-packages/airflow/example_dags/tutorial.py
[2023-08-29T06:23:09.898+0000] {processor.py:836} INFO - DAG(s) dict_keys(['tutorial']) retrieved from /home/airflow/.local/lib/python3.7/site-packages/airflow/example_dags/tutorial.py
[2023-08-29T06:23:09.988+0000] {logging_mixin.py:149} INFO - [2023-08-29T06:23:09.988+0000] {dag.py:2726} INFO - Sync 1 DAGs
[2023-08-29T06:23:10.010+0000] {logging_mixin.py:149} INFO - [2023-08-29T06:23:10.009+0000] {dag.py:3490} INFO - Setting next_dagrun for tutorial to 2023-08-28T06:23:10.009781+00:00, run_after=2023-08-29T06:23:10.009781+00:00
[2023-08-29T06:23:10.029+0000] {processor.py:179} INFO - Processing /home/airflow/.local/lib/python3.7/site-packages/airflow/example_dags/tutorial.py took 0.142 seconds
[2023-08-29T06:23:40.266+0000] {processor.py:157} INFO - Started process (PID=384) to work on /home/airflow/.local/lib/python3.7/site-packages/airflow/example_dags/tutorial.py
[2023-08-29T06:23:40.270+0000] {processor.py:826} INFO - Processing file /home/airflow/.local/lib/python3.7/site-packages/airflow/example_dags/tutorial.py for tasks to queue
[2023-08-29T06:23:40.272+0000] {logging_mixin.py:149} INFO - [2023-08-29T06:23:40.272+0000] {dagbag.py:541} INFO - Filling up the DagBag from /home/airflow/.local/lib/python3.7/site-packages/airflow/example_dags/tutorial.py
[2023-08-29T06:23:40.278+0000] {processor.py:836} INFO - DAG(s) dict_keys(['tutorial']) retrieved from /home/airflow/.local/lib/python3.7/site-packages/airflow/example_dags/tutorial.py
[2023-08-29T06:23:40.300+0000] {logging_mixin.py:149} INFO - [2023-08-29T06:23:40.300+0000] {dag.py:2726} INFO - Sync 1 DAGs
[2023-08-29T06:23:40.324+0000] {logging_mixin.py:149} INFO - [2023-08-29T06:23:40.324+0000] {dag.py:3490} INFO - Setting next_dagrun for tutorial to 2023-08-28T06:23:40.324253+00:00, run_after=2023-08-29T06:23:40.324253+00:00
[2023-08-29T06:23:40.342+0000] {processor.py:179} INFO - Processing /home/airflow/.local/lib/python3.7/site-packages/airflow/example_dags/tutorial.py took 0.079 seconds
[2023-08-29T06:24:10.437+0000] {processor.py:157} INFO - Started process (PID=468) to work on /home/airflow/.local/lib/python3.7/site-packages/airflow/example_dags/tutorial.py
[2023-08-29T06:24:10.439+0000] {processor.py:826} INFO - Processing file /home/airflow/.local/lib/python3.7/site-packages/airflow/example_dags/tutorial.py for tasks to queue
[2023-08-29T06:24:10.440+0000] {logging_mixin.py:149} INFO - [2023-08-29T06:24:10.440+0000] {dagbag.py:541} INFO - Filling up the DagBag from /home/airflow/.local/lib/python3.7/site-packages/airflow/example_dags/tutorial.py
[2023-08-29T06:24:10.447+0000] {processor.py:836} INFO - DAG(s) dict_keys(['tutorial']) retrieved from /home/airflow/.local/lib/python3.7/site-packages/airflow/example_dags/tutorial.py
[2023-08-29T06:24:10.472+0000] {logging_mixin.py:149} INFO - [2023-08-29T06:24:10.471+0000] {dag.py:2726} INFO - Sync 1 DAGs
[2023-08-29T06:24:10.495+0000] {logging_mixin.py:149} INFO - [2023-08-29T06:24:10.494+0000] {dag.py:3490} INFO - Setting next_dagrun for tutorial to 2023-08-28T06:24:10.494602+00:00, run_after=2023-08-29T06:24:10.494602+00:00
[2023-08-29T06:24:10.520+0000] {processor.py:179} INFO - Processing /home/airflow/.local/lib/python3.7/site-packages/airflow/example_dags/tutorial.py took 0.086 seconds
