[2023-09-06T04:31:51.802+0000] {processor.py:157} INFO - Started process (PID=30) to work on /opt/airflow/dags/py_callables.py
[2023-09-06T04:31:51.803+0000] {processor.py:826} INFO - Processing file /opt/airflow/dags/py_callables.py for tasks to queue
[2023-09-06T04:31:51.804+0000] {logging_mixin.py:149} INFO - [2023-09-06T04:31:51.804+0000] {dagbag.py:541} INFO - Filling up the DagBag from /opt/airflow/dags/py_callables.py
[2023-09-06T04:31:52.908+0000] {logging_mixin.py:149} INFO - [2023-09-06T04:31:52.908+0000] {base.py:73} INFO - Using connection ID 'postgres' for task execution.
[2023-09-06T04:31:53.049+0000] {processor.py:838} WARNING - No viable dags retrieved from /opt/airflow/dags/py_callables.py
[2023-09-06T04:31:53.053+0000] {processor.py:179} INFO - Processing /opt/airflow/dags/py_callables.py took 1.255 seconds
[2023-09-06T04:32:23.350+0000] {processor.py:157} INFO - Started process (PID=83) to work on /opt/airflow/dags/py_callables.py
[2023-09-06T04:32:23.351+0000] {processor.py:826} INFO - Processing file /opt/airflow/dags/py_callables.py for tasks to queue
[2023-09-06T04:32:23.352+0000] {logging_mixin.py:149} INFO - [2023-09-06T04:32:23.352+0000] {dagbag.py:541} INFO - Filling up the DagBag from /opt/airflow/dags/py_callables.py
[2023-09-06T04:32:23.899+0000] {logging_mixin.py:149} INFO - [2023-09-06T04:32:23.898+0000] {base.py:73} INFO - Using connection ID 'postgres' for task execution.
[2023-09-06T04:32:23.951+0000] {processor.py:838} WARNING - No viable dags retrieved from /opt/airflow/dags/py_callables.py
[2023-09-06T04:32:23.955+0000] {processor.py:179} INFO - Processing /opt/airflow/dags/py_callables.py took 0.608 seconds
[2023-09-06T04:32:54.247+0000] {processor.py:157} INFO - Started process (PID=127) to work on /opt/airflow/dags/py_callables.py
[2023-09-06T04:32:54.249+0000] {processor.py:826} INFO - Processing file /opt/airflow/dags/py_callables.py for tasks to queue
[2023-09-06T04:32:54.251+0000] {logging_mixin.py:149} INFO - [2023-09-06T04:32:54.251+0000] {dagbag.py:541} INFO - Filling up the DagBag from /opt/airflow/dags/py_callables.py
[2023-09-06T04:32:54.883+0000] {logging_mixin.py:149} INFO - [2023-09-06T04:32:54.882+0000] {base.py:73} INFO - Using connection ID 'postgres' for task execution.
[2023-09-06T04:32:54.937+0000] {processor.py:838} WARNING - No viable dags retrieved from /opt/airflow/dags/py_callables.py
[2023-09-06T04:32:54.941+0000] {processor.py:179} INFO - Processing /opt/airflow/dags/py_callables.py took 0.699 seconds
[2023-09-06T04:33:25.266+0000] {processor.py:157} INFO - Started process (PID=180) to work on /opt/airflow/dags/py_callables.py
[2023-09-06T04:33:25.267+0000] {processor.py:826} INFO - Processing file /opt/airflow/dags/py_callables.py for tasks to queue
[2023-09-06T04:33:25.269+0000] {logging_mixin.py:149} INFO - [2023-09-06T04:33:25.269+0000] {dagbag.py:541} INFO - Filling up the DagBag from /opt/airflow/dags/py_callables.py
[2023-09-06T04:33:25.680+0000] {logging_mixin.py:149} INFO - [2023-09-06T04:33:25.679+0000] {base.py:73} INFO - Using connection ID 'postgres' for task execution.
[2023-09-06T04:33:25.730+0000] {processor.py:838} WARNING - No viable dags retrieved from /opt/airflow/dags/py_callables.py
[2023-09-06T04:33:25.735+0000] {processor.py:179} INFO - Processing /opt/airflow/dags/py_callables.py took 0.472 seconds
[2023-09-06T04:33:56.058+0000] {processor.py:157} INFO - Started process (PID=224) to work on /opt/airflow/dags/py_callables.py
[2023-09-06T04:33:56.059+0000] {processor.py:826} INFO - Processing file /opt/airflow/dags/py_callables.py for tasks to queue
[2023-09-06T04:33:56.059+0000] {logging_mixin.py:149} INFO - [2023-09-06T04:33:56.059+0000] {dagbag.py:541} INFO - Filling up the DagBag from /opt/airflow/dags/py_callables.py
[2023-09-06T04:33:56.511+0000] {logging_mixin.py:149} INFO - [2023-09-06T04:33:56.510+0000] {base.py:73} INFO - Using connection ID 'postgres' for task execution.
[2023-09-06T04:33:56.555+0000] {processor.py:838} WARNING - No viable dags retrieved from /opt/airflow/dags/py_callables.py
[2023-09-06T04:33:56.559+0000] {processor.py:179} INFO - Processing /opt/airflow/dags/py_callables.py took 0.504 seconds
[2023-09-06T04:34:26.825+0000] {processor.py:157} INFO - Started process (PID=277) to work on /opt/airflow/dags/py_callables.py
[2023-09-06T04:34:26.826+0000] {processor.py:826} INFO - Processing file /opt/airflow/dags/py_callables.py for tasks to queue
[2023-09-06T04:34:26.827+0000] {logging_mixin.py:149} INFO - [2023-09-06T04:34:26.827+0000] {dagbag.py:541} INFO - Filling up the DagBag from /opt/airflow/dags/py_callables.py
[2023-09-06T04:34:27.209+0000] {logging_mixin.py:149} INFO - [2023-09-06T04:34:27.208+0000] {base.py:73} INFO - Using connection ID 'postgres' for task execution.
[2023-09-06T04:34:27.254+0000] {processor.py:838} WARNING - No viable dags retrieved from /opt/airflow/dags/py_callables.py
[2023-09-06T04:34:27.259+0000] {processor.py:179} INFO - Processing /opt/airflow/dags/py_callables.py took 0.436 seconds
[2023-09-06T04:34:57.511+0000] {processor.py:157} INFO - Started process (PID=321) to work on /opt/airflow/dags/py_callables.py
[2023-09-06T04:34:57.512+0000] {processor.py:826} INFO - Processing file /opt/airflow/dags/py_callables.py for tasks to queue
[2023-09-06T04:34:57.514+0000] {logging_mixin.py:149} INFO - [2023-09-06T04:34:57.514+0000] {dagbag.py:541} INFO - Filling up the DagBag from /opt/airflow/dags/py_callables.py
[2023-09-06T04:34:57.894+0000] {logging_mixin.py:149} INFO - [2023-09-06T04:34:57.893+0000] {base.py:73} INFO - Using connection ID 'postgres' for task execution.
[2023-09-06T04:34:57.946+0000] {processor.py:838} WARNING - No viable dags retrieved from /opt/airflow/dags/py_callables.py
[2023-09-06T04:34:57.952+0000] {processor.py:179} INFO - Processing /opt/airflow/dags/py_callables.py took 0.445 seconds
[2023-09-06T04:35:28.201+0000] {processor.py:157} INFO - Started process (PID=374) to work on /opt/airflow/dags/py_callables.py
[2023-09-06T04:35:28.202+0000] {processor.py:826} INFO - Processing file /opt/airflow/dags/py_callables.py for tasks to queue
[2023-09-06T04:35:28.203+0000] {logging_mixin.py:149} INFO - [2023-09-06T04:35:28.203+0000] {dagbag.py:541} INFO - Filling up the DagBag from /opt/airflow/dags/py_callables.py
[2023-09-06T04:35:28.564+0000] {logging_mixin.py:149} INFO - [2023-09-06T04:35:28.563+0000] {base.py:73} INFO - Using connection ID 'postgres' for task execution.
[2023-09-06T04:35:28.610+0000] {processor.py:838} WARNING - No viable dags retrieved from /opt/airflow/dags/py_callables.py
[2023-09-06T04:35:28.614+0000] {processor.py:179} INFO - Processing /opt/airflow/dags/py_callables.py took 0.417 seconds
[2023-09-06T04:35:58.873+0000] {processor.py:157} INFO - Started process (PID=418) to work on /opt/airflow/dags/py_callables.py
[2023-09-06T04:35:58.874+0000] {processor.py:826} INFO - Processing file /opt/airflow/dags/py_callables.py for tasks to queue
[2023-09-06T04:35:58.875+0000] {logging_mixin.py:149} INFO - [2023-09-06T04:35:58.875+0000] {dagbag.py:541} INFO - Filling up the DagBag from /opt/airflow/dags/py_callables.py
[2023-09-06T04:35:59.278+0000] {logging_mixin.py:149} INFO - [2023-09-06T04:35:59.276+0000] {base.py:73} INFO - Using connection ID 'postgres' for task execution.
[2023-09-06T04:35:59.323+0000] {processor.py:838} WARNING - No viable dags retrieved from /opt/airflow/dags/py_callables.py
[2023-09-06T04:35:59.327+0000] {processor.py:179} INFO - Processing /opt/airflow/dags/py_callables.py took 0.457 seconds
[2023-09-06T04:36:29.650+0000] {processor.py:157} INFO - Started process (PID=471) to work on /opt/airflow/dags/py_callables.py
[2023-09-06T04:36:29.651+0000] {processor.py:826} INFO - Processing file /opt/airflow/dags/py_callables.py for tasks to queue
[2023-09-06T04:36:29.652+0000] {logging_mixin.py:149} INFO - [2023-09-06T04:36:29.652+0000] {dagbag.py:541} INFO - Filling up the DagBag from /opt/airflow/dags/py_callables.py
[2023-09-06T04:36:30.034+0000] {logging_mixin.py:149} INFO - [2023-09-06T04:36:30.033+0000] {base.py:73} INFO - Using connection ID 'postgres' for task execution.
[2023-09-06T04:36:30.078+0000] {processor.py:838} WARNING - No viable dags retrieved from /opt/airflow/dags/py_callables.py
[2023-09-06T04:36:30.083+0000] {processor.py:179} INFO - Processing /opt/airflow/dags/py_callables.py took 0.438 seconds
[2023-09-06T04:37:00.474+0000] {processor.py:157} INFO - Started process (PID=524) to work on /opt/airflow/dags/py_callables.py
[2023-09-06T04:37:00.476+0000] {processor.py:826} INFO - Processing file /opt/airflow/dags/py_callables.py for tasks to queue
[2023-09-06T04:37:00.477+0000] {logging_mixin.py:149} INFO - [2023-09-06T04:37:00.477+0000] {dagbag.py:541} INFO - Filling up the DagBag from /opt/airflow/dags/py_callables.py
[2023-09-06T04:37:00.913+0000] {logging_mixin.py:149} INFO - [2023-09-06T04:37:00.910+0000] {base.py:73} INFO - Using connection ID 'postgres' for task execution.
[2023-09-06T04:37:00.966+0000] {processor.py:838} WARNING - No viable dags retrieved from /opt/airflow/dags/py_callables.py
[2023-09-06T04:37:00.971+0000] {processor.py:179} INFO - Processing /opt/airflow/dags/py_callables.py took 0.505 seconds
[2023-09-06T04:37:31.224+0000] {processor.py:157} INFO - Started process (PID=568) to work on /opt/airflow/dags/py_callables.py
[2023-09-06T04:37:31.225+0000] {processor.py:826} INFO - Processing file /opt/airflow/dags/py_callables.py for tasks to queue
[2023-09-06T04:37:31.226+0000] {logging_mixin.py:149} INFO - [2023-09-06T04:37:31.226+0000] {dagbag.py:541} INFO - Filling up the DagBag from /opt/airflow/dags/py_callables.py
[2023-09-06T04:37:31.607+0000] {logging_mixin.py:149} INFO - [2023-09-06T04:37:31.605+0000] {base.py:73} INFO - Using connection ID 'postgres' for task execution.
[2023-09-06T04:37:31.654+0000] {processor.py:838} WARNING - No viable dags retrieved from /opt/airflow/dags/py_callables.py
[2023-09-06T04:37:31.659+0000] {processor.py:179} INFO - Processing /opt/airflow/dags/py_callables.py took 0.438 seconds
[2023-09-06T04:38:02.009+0000] {processor.py:157} INFO - Started process (PID=621) to work on /opt/airflow/dags/py_callables.py
[2023-09-06T04:38:02.010+0000] {processor.py:826} INFO - Processing file /opt/airflow/dags/py_callables.py for tasks to queue
[2023-09-06T04:38:02.012+0000] {logging_mixin.py:149} INFO - [2023-09-06T04:38:02.012+0000] {dagbag.py:541} INFO - Filling up the DagBag from /opt/airflow/dags/py_callables.py
[2023-09-06T04:38:02.655+0000] {logging_mixin.py:149} INFO - [2023-09-06T04:38:02.652+0000] {base.py:73} INFO - Using connection ID 'postgres' for task execution.
[2023-09-06T04:38:02.734+0000] {processor.py:838} WARNING - No viable dags retrieved from /opt/airflow/dags/py_callables.py
[2023-09-06T04:38:02.741+0000] {processor.py:179} INFO - Processing /opt/airflow/dags/py_callables.py took 0.738 seconds
[2023-09-06T04:38:33.025+0000] {processor.py:157} INFO - Started process (PID=665) to work on /opt/airflow/dags/py_callables.py
[2023-09-06T04:38:33.026+0000] {processor.py:826} INFO - Processing file /opt/airflow/dags/py_callables.py for tasks to queue
[2023-09-06T04:38:33.028+0000] {logging_mixin.py:149} INFO - [2023-09-06T04:38:33.027+0000] {dagbag.py:541} INFO - Filling up the DagBag from /opt/airflow/dags/py_callables.py
[2023-09-06T04:38:33.686+0000] {logging_mixin.py:149} INFO - [2023-09-06T04:38:33.685+0000] {base.py:73} INFO - Using connection ID 'postgres' for task execution.
[2023-09-06T04:38:33.767+0000] {processor.py:838} WARNING - No viable dags retrieved from /opt/airflow/dags/py_callables.py
[2023-09-06T04:38:33.777+0000] {processor.py:179} INFO - Processing /opt/airflow/dags/py_callables.py took 0.757 seconds
[2023-09-06T04:39:04.046+0000] {processor.py:157} INFO - Started process (PID=718) to work on /opt/airflow/dags/py_callables.py
[2023-09-06T04:39:04.047+0000] {processor.py:826} INFO - Processing file /opt/airflow/dags/py_callables.py for tasks to queue
[2023-09-06T04:39:04.048+0000] {logging_mixin.py:149} INFO - [2023-09-06T04:39:04.048+0000] {dagbag.py:541} INFO - Filling up the DagBag from /opt/airflow/dags/py_callables.py
[2023-09-06T04:39:04.418+0000] {logging_mixin.py:149} INFO - [2023-09-06T04:39:04.417+0000] {base.py:73} INFO - Using connection ID 'postgres' for task execution.
[2023-09-06T04:39:04.462+0000] {processor.py:838} WARNING - No viable dags retrieved from /opt/airflow/dags/py_callables.py
[2023-09-06T04:39:04.465+0000] {processor.py:179} INFO - Processing /opt/airflow/dags/py_callables.py took 0.423 seconds
[2023-09-06T04:39:34.719+0000] {processor.py:157} INFO - Started process (PID=762) to work on /opt/airflow/dags/py_callables.py
[2023-09-06T04:39:34.720+0000] {processor.py:826} INFO - Processing file /opt/airflow/dags/py_callables.py for tasks to queue
[2023-09-06T04:39:34.722+0000] {logging_mixin.py:149} INFO - [2023-09-06T04:39:34.722+0000] {dagbag.py:541} INFO - Filling up the DagBag from /opt/airflow/dags/py_callables.py
[2023-09-06T04:39:35.124+0000] {logging_mixin.py:149} INFO - [2023-09-06T04:39:35.122+0000] {base.py:73} INFO - Using connection ID 'postgres' for task execution.
[2023-09-06T04:39:35.169+0000] {processor.py:838} WARNING - No viable dags retrieved from /opt/airflow/dags/py_callables.py
[2023-09-06T04:39:35.173+0000] {processor.py:179} INFO - Processing /opt/airflow/dags/py_callables.py took 0.461 seconds
[2023-09-06T04:40:05.430+0000] {processor.py:157} INFO - Started process (PID=816) to work on /opt/airflow/dags/py_callables.py
[2023-09-06T04:40:05.431+0000] {processor.py:826} INFO - Processing file /opt/airflow/dags/py_callables.py for tasks to queue
[2023-09-06T04:40:05.432+0000] {logging_mixin.py:149} INFO - [2023-09-06T04:40:05.432+0000] {dagbag.py:541} INFO - Filling up the DagBag from /opt/airflow/dags/py_callables.py
[2023-09-06T04:40:05.790+0000] {logging_mixin.py:149} INFO - [2023-09-06T04:40:05.788+0000] {base.py:73} INFO - Using connection ID 'postgres' for task execution.
[2023-09-06T04:40:05.837+0000] {processor.py:838} WARNING - No viable dags retrieved from /opt/airflow/dags/py_callables.py
[2023-09-06T04:40:05.843+0000] {processor.py:179} INFO - Processing /opt/airflow/dags/py_callables.py took 0.416 seconds
[2023-09-06T04:40:36.089+0000] {processor.py:157} INFO - Started process (PID=860) to work on /opt/airflow/dags/py_callables.py
[2023-09-06T04:40:36.090+0000] {processor.py:826} INFO - Processing file /opt/airflow/dags/py_callables.py for tasks to queue
[2023-09-06T04:40:36.091+0000] {logging_mixin.py:149} INFO - [2023-09-06T04:40:36.091+0000] {dagbag.py:541} INFO - Filling up the DagBag from /opt/airflow/dags/py_callables.py
[2023-09-06T04:40:36.478+0000] {logging_mixin.py:149} INFO - [2023-09-06T04:40:36.476+0000] {base.py:73} INFO - Using connection ID 'postgres' for task execution.
[2023-09-06T04:40:36.528+0000] {processor.py:838} WARNING - No viable dags retrieved from /opt/airflow/dags/py_callables.py
[2023-09-06T04:40:36.534+0000] {processor.py:179} INFO - Processing /opt/airflow/dags/py_callables.py took 0.447 seconds
