[2023-08-31T03:53:59.874+0000] {taskinstance.py:1103} INFO - Dependencies all met for dep_context=non-requeueable deps ti=<TaskInstance: process_sale_data.create_result_table manual__2023-08-31T03:53:55.089902+00:00 [queued]>
[2023-08-31T03:53:59.882+0000] {taskinstance.py:1103} INFO - Dependencies all met for dep_context=requeueable deps ti=<TaskInstance: process_sale_data.create_result_table manual__2023-08-31T03:53:55.089902+00:00 [queued]>
[2023-08-31T03:53:59.883+0000] {taskinstance.py:1308} INFO - Starting attempt 1 of 1
[2023-08-31T03:53:59.896+0000] {taskinstance.py:1327} INFO - Executing <Task(PostgresOperator): create_result_table> on 2023-08-31 03:53:55.089902+00:00
[2023-08-31T03:53:59.900+0000] {standard_task_runner.py:57} INFO - Started process 5743 to run task
[2023-08-31T03:53:59.902+0000] {standard_task_runner.py:84} INFO - Running: ['***', 'tasks', 'run', 'process_sale_data', 'create_result_table', 'manual__2023-08-31T03:53:55.089902+00:00', '--job-id', '170', '--raw', '--subdir', 'DAGS_FOLDER/dags.py', '--cfg-path', '/tmp/tmp_1gpj18o']
[2023-08-31T03:53:59.904+0000] {standard_task_runner.py:85} INFO - Job 170: Subtask create_result_table
[2023-08-31T03:53:59.941+0000] {task_command.py:410} INFO - Running <TaskInstance: process_sale_data.create_result_table manual__2023-08-31T03:53:55.089902+00:00 [running]> on host 888526fa4a36
[2023-08-31T03:54:00.010+0000] {taskinstance.py:1547} INFO - Exporting env vars: AIRFLOW_CTX_DAG_OWNER='***' AIRFLOW_CTX_DAG_ID='process_sale_data' AIRFLOW_CTX_TASK_ID='create_result_table' AIRFLOW_CTX_EXECUTION_DATE='2023-08-31T03:53:55.089902+00:00' AIRFLOW_CTX_TRY_NUMBER='1' AIRFLOW_CTX_DAG_RUN_ID='manual__2023-08-31T03:53:55.089902+00:00'
[2023-08-31T03:54:00.011+0000] {sql.py:265} INFO - Executing: CREATE TABLE IF NOT EXISTS consumption_alcoholic_20230831(
                category VARCHAR NOT NULL,
                sub_category  VARCHAR NOT NULL,
                aggregation_date  DATE NOT NULL,
                millions_of_dollar INT NOT NULL,
                pipeline_exc_datetime TIMESTAMP NOT NULL
            );
            CREATE TABLE IF NOT EXISTS consumption_cereals_bakery_20230831(
                category VARCHAR NOT NULL,
                sub_category  VARCHAR NOT NULL,
                aggregation_date  DATE NOT NULL,
                millions_of_dollar INT NOT NULL,
                pipeline_exc_datetime TIMESTAMP NOT NULL
            );
            CREATE TABLE IF NOT EXISTS consumption_meats_poultry_20230831(
                category VARCHAR NOT NULL,
                sub_category  VARCHAR NOT NULL,
                aggregation_date  DATE NOT NULL,
                millions_of_dollar INT NOT NULL,
                pipeline_exc_datetime TIMESTAMP NOT NULL
            );
[2023-08-31T03:54:00.125+0000] {base.py:73} INFO - Using connection ID 'postgres' for task execution.
[2023-08-31T03:54:00.165+0000] {base.py:73} INFO - Using connection ID 'postgres' for task execution.
[2023-08-31T03:54:00.168+0000] {sql.py:375} INFO - Running statement: CREATE TABLE IF NOT EXISTS consumption_alcoholic_20230831(
                category VARCHAR NOT NULL,
                sub_category  VARCHAR NOT NULL,
                aggregation_date  DATE NOT NULL,
                millions_of_dollar INT NOT NULL,
                pipeline_exc_datetime TIMESTAMP NOT NULL
            );
            CREATE TABLE IF NOT EXISTS consumption_cereals_bakery_20230831(
                category VARCHAR NOT NULL,
                sub_category  VARCHAR NOT NULL,
                aggregation_date  DATE NOT NULL,
                millions_of_dollar INT NOT NULL,
                pipeline_exc_datetime TIMESTAMP NOT NULL
            );
            CREATE TABLE IF NOT EXISTS consumption_meats_poultry_20230831(
                category VARCHAR NOT NULL,
                sub_category  VARCHAR NOT NULL,
                aggregation_date  DATE NOT NULL,
                millions_of_dollar INT NOT NULL,
                pipeline_exc_datetime TIMESTAMP NOT NULL
            );, parameters: None
[2023-08-31T03:54:00.190+0000] {taskinstance.py:1350} INFO - Marking task as SUCCESS. dag_id=process_sale_data, task_id=create_result_table, execution_date=20230831T035355, start_date=20230831T035359, end_date=20230831T035400
[2023-08-31T03:54:00.235+0000] {local_task_job_runner.py:225} INFO - Task exited with return code 0
[2023-08-31T03:54:00.270+0000] {taskinstance.py:2653} INFO - 1 downstream tasks scheduled from follow-on schedule check
