[2023-08-30T08:24:10.015+0000] {taskinstance.py:1103} INFO - Dependencies all met for dep_context=non-requeueable deps ti=<TaskInstance: process_sale_data.create_result_table manual__2023-08-30T08:24:06.303905+00:00 [queued]>
[2023-08-30T08:24:10.023+0000] {taskinstance.py:1103} INFO - Dependencies all met for dep_context=requeueable deps ti=<TaskInstance: process_sale_data.create_result_table manual__2023-08-30T08:24:06.303905+00:00 [queued]>
[2023-08-30T08:24:10.024+0000] {taskinstance.py:1308} INFO - Starting attempt 1 of 1
[2023-08-30T08:24:10.035+0000] {taskinstance.py:1327} INFO - Executing <Task(PostgresOperator): create_result_table> on 2023-08-30 08:24:06.303905+00:00
[2023-08-30T08:24:10.039+0000] {standard_task_runner.py:57} INFO - Started process 387 to run task
[2023-08-30T08:24:10.041+0000] {standard_task_runner.py:84} INFO - Running: ['***', 'tasks', 'run', 'process_sale_data', 'create_result_table', 'manual__2023-08-30T08:24:06.303905+00:00', '--job-id', '92', '--raw', '--subdir', 'DAGS_FOLDER/dags.py', '--cfg-path', '/tmp/tmp2_539eds']
[2023-08-30T08:24:10.043+0000] {standard_task_runner.py:85} INFO - Job 92: Subtask create_result_table
[2023-08-30T08:24:10.080+0000] {task_command.py:410} INFO - Running <TaskInstance: process_sale_data.create_result_table manual__2023-08-30T08:24:06.303905+00:00 [running]> on host 888526fa4a36
[2023-08-30T08:24:10.147+0000] {taskinstance.py:1547} INFO - Exporting env vars: AIRFLOW_CTX_DAG_OWNER='***' AIRFLOW_CTX_DAG_ID='process_sale_data' AIRFLOW_CTX_TASK_ID='create_result_table' AIRFLOW_CTX_EXECUTION_DATE='2023-08-30T08:24:06.303905+00:00' AIRFLOW_CTX_TRY_NUMBER='1' AIRFLOW_CTX_DAG_RUN_ID='manual__2023-08-30T08:24:06.303905+00:00'
[2023-08-30T08:24:10.148+0000] {sql.py:265} INFO - Executing: CREATE TABLE IF NOT EXISTS consumption_alcoholic_20230830(
                category VARCHAR NOT NULL,
                sub_category  VARCHAR NOT NULL,
                aggregation_date  DATE NOT NULL,
                millions_of_dollar INT NOT NULL,
                pipeline_exc_datetime DATE NOT NULL
            );
            CREATE TABLE IF NOT EXISTS consumption_cereals_bakery_20230830(
                category VARCHAR NOT NULL,
                sub_category  VARCHAR NOT NULL,
                aggregation_date  DATE NOT NULL,
                millions_of_dollar INT NOT NULL,
                pipeline_exc_datetime DATE NOT NULL
            );
            CREATE TABLE IF NOT EXISTS consumption_meats_poultry_20230830(
                category VARCHAR NOT NULL,
                sub_category  VARCHAR NOT NULL,
                aggregation_date  DATE NOT NULL,
                millions_of_dollar INT NOT NULL,
                pipeline_exc_datetime DATE NOT NULL
            );
[2023-08-30T08:24:10.155+0000] {base.py:73} INFO - Using connection ID 'postgres' for task execution.
[2023-08-30T08:24:10.207+0000] {base.py:73} INFO - Using connection ID 'postgres' for task execution.
[2023-08-30T08:24:10.211+0000] {sql.py:375} INFO - Running statement: CREATE TABLE IF NOT EXISTS consumption_alcoholic_20230830(
                category VARCHAR NOT NULL,
                sub_category  VARCHAR NOT NULL,
                aggregation_date  DATE NOT NULL,
                millions_of_dollar INT NOT NULL,
                pipeline_exc_datetime DATE NOT NULL
            );
            CREATE TABLE IF NOT EXISTS consumption_cereals_bakery_20230830(
                category VARCHAR NOT NULL,
                sub_category  VARCHAR NOT NULL,
                aggregation_date  DATE NOT NULL,
                millions_of_dollar INT NOT NULL,
                pipeline_exc_datetime DATE NOT NULL
            );
            CREATE TABLE IF NOT EXISTS consumption_meats_poultry_20230830(
                category VARCHAR NOT NULL,
                sub_category  VARCHAR NOT NULL,
                aggregation_date  DATE NOT NULL,
                millions_of_dollar INT NOT NULL,
                pipeline_exc_datetime DATE NOT NULL
            );, parameters: None
[2023-08-30T08:24:10.341+0000] {taskinstance.py:1350} INFO - Marking task as SUCCESS. dag_id=process_sale_data, task_id=create_result_table, execution_date=20230830T082406, start_date=20230830T082410, end_date=20230830T082410
[2023-08-30T08:24:10.374+0000] {local_task_job_runner.py:225} INFO - Task exited with return code 0
[2023-08-30T08:24:10.397+0000] {taskinstance.py:2653} INFO - 1 downstream tasks scheduled from follow-on schedule check
